[2023-11-27 00:00:17] Epoch 54/100 | Discriminator Loss: 0.0688 | Generator Loss: 2.1701
[2023-11-27 00:01:03] Epoch 55/100 | Discriminator Loss: 1.1299 | Generator Loss: 7.0911
[2023-11-27 00:01:49] Epoch 56/100 | Discriminator Loss: 0.0017 | Generator Loss: 7.4397
[2023-11-27 00:02:35] Epoch 57/100 | Discriminator Loss: 0.0026 | Generator Loss: 11.9170
[2023-11-27 00:03:21] Epoch 58/100 | Discriminator Loss: 0.0183 | Generator Loss: 6.8535
[2023-11-27 00:04:07] Epoch 59/100 | Discriminator Loss: 0.6384 | Generator Loss: 3.6394
[2023-11-27 00:04:53] Epoch 60/100 | Discriminator Loss: 0.0025 | Generator Loss: 7.4656
[2023-11-27 00:05:40] Epoch 61/100 | Discriminator Loss: 0.9605 | Generator Loss: 4.4138
[2023-11-27 00:06:26] Epoch 62/100 | Discriminator Loss: 0.4428 | Generator Loss: 5.5550
[2023-11-27 00:07:12] Epoch 63/100 | Discriminator Loss: 0.0012 | Generator Loss: 9.4573
[2023-11-27 00:07:58] Epoch 64/100 | Discriminator Loss: 0.2909 | Generator Loss: 4.2495
[2023-11-27 00:08:44] Epoch 65/100 | Discriminator Loss: 0.0860 | Generator Loss: 5.8577
[2023-11-27 00:09:31] Epoch 66/100 | Discriminator Loss: 0.0090 | Generator Loss: 5.3790
[2023-11-27 00:10:17] Epoch 67/100 | Discriminator Loss: 0.2256 | Generator Loss: 2.7932
[2023-11-27 00:11:04] Epoch 68/100 | Discriminator Loss: 0.0602 | Generator Loss: 7.4937
[2023-11-27 00:11:51] Epoch 69/100 | Discriminator Loss: 0.1868 | Generator Loss: 5.1735
[2023-11-27 00:12:37] Epoch 70/100 | Discriminator Loss: 1.1123 | Generator Loss: 14.3485
[2023-11-27 00:13:24] Epoch 71/100 | Discriminator Loss: 0.8838 | Generator Loss: 6.8646
[2023-11-27 00:14:09] Epoch 72/100 | Discriminator Loss: 0.0288 | Generator Loss: 5.1462
[2023-11-27 00:14:55] Epoch 73/100 | Discriminator Loss: 0.0084 | Generator Loss: 6.8816
[2023-11-27 00:15:41] Epoch 74/100 | Discriminator Loss: 0.2714 | Generator Loss: 4.9270
[2023-11-27 00:16:30] Saved latest checkpoint to medium_learn_medium_batch_latest.pth.tar
[2023-11-27 00:16:30] Saved Epoch 75/100 | Discriminator Loss: 0.0636 | Generator Loss: 5.1600
[2023-11-27 00:17:16] Epoch 76/100 | Discriminator Loss: 0.0773 | Generator Loss: 5.6893
[2023-11-27 00:17:30] Termination signal received. Saved checkpoint to medium_learn_medium_batch_terminated.pth.tar. Exiting.

[2023-11-27 00:17:49] Loaded checkpoint with best_loss_d value of 8.972272917162627e-05
[2023-11-27 00:17:52] Saved new best checkpoint to low_learn_small_batch_best.pth.tar
[2023-11-27 00:17:52] Saved Epoch 0/100 | Discriminator Loss: 0.0000 | Generator Loss: 11.9862
[2023-11-27 00:18:01] Saved new best checkpoint to low_learn_small_batch_best.pth.tar
[2023-11-27 00:18:01] Saved Epoch 0/100 | Discriminator Loss: 0.0000 | Generator Loss: 12.2306
[2023-11-27 00:18:40] Epoch 0/100 | Discriminator Loss: 0.0002 | Generator Loss: 8.8554
[2023-11-27 00:19:22] Saved new best checkpoint to low_learn_small_batch_best.pth.tar
[2023-11-27 00:19:22] Saved Epoch 1/100 | Discriminator Loss: 0.0000 | Generator Loss: 12.5382
[2023-11-27 00:19:28] Epoch 1/100 | Discriminator Loss: 0.0003 | Generator Loss: 9.1390
[2023-11-27 00:20:00] Saved new best checkpoint to low_learn_small_batch_best.pth.tar
[2023-11-27 00:20:00] Saved Epoch 2/100 | Discriminator Loss: 0.0000 | Generator Loss: 19.0715
[2023-11-27 00:20:03] Saved new best checkpoint to low_learn_small_batch_best.pth.tar
[2023-11-27 00:20:03] Saved Epoch 2/100 | Discriminator Loss: 0.0000 | Generator Loss: 13.8343
[2023-11-27 00:20:07] Saved new best checkpoint to low_learn_small_batch_best.pth.tar
[2023-11-27 00:20:07] Saved Epoch 2/100 | Discriminator Loss: 0.0000 | Generator Loss: 55.4975
[2023-11-27 00:20:22] Epoch 2/100 | Discriminator Loss: 0.0000 | Generator Loss: 50.9917
[2023-11-27 00:21:07] Epoch 3/100 | Discriminator Loss: 0.0000 | Generator Loss: 50.9225
[2023-11-27 00:21:53] Epoch 4/100 | Discriminator Loss: 0.0000 | Generator Loss: 51.0352
[2023-11-27 00:22:38] Epoch 5/100 | Discriminator Loss: 0.0000 | Generator Loss: 51.0508
[2023-11-27 00:23:24] Epoch 6/100 | Discriminator Loss: 0.0000 | Generator Loss: 51.0445
[2023-11-27 00:24:10] Epoch 7/100 | Discriminator Loss: 0.0000 | Generator Loss: 51.0090
[2023-11-27 00:24:55] Epoch 8/100 | Discriminator Loss: 0.0000 | Generator Loss: 51.0603
[2023-11-27 00:25:41] Epoch 9/100 | Discriminator Loss: 0.0000 | Generator Loss: 51.6736
[2023-11-27 00:26:26] Epoch 10/100 | Discriminator Loss: 0.0000 | Generator Loss: 51.6645
[2023-11-27 00:27:12] Epoch 11/100 | Discriminator Loss: 0.0000 | Generator Loss: 51.6959
[2023-11-27 00:27:57] Epoch 12/100 | Discriminator Loss: 0.0000 | Generator Loss: 51.6867
[2023-11-27 00:28:43] Epoch 13/100 | Discriminator Loss: 0.0000 | Generator Loss: 51.7051
[2023-11-27 00:29:28] Epoch 14/100 | Discriminator Loss: 0.0000 | Generator Loss: 51.6296
[2023-11-27 00:30:14] Epoch 15/100 | Discriminator Loss: 0.0000 | Generator Loss: 51.7044
[2023-11-27 00:30:59] Epoch 16/100 | Discriminator Loss: 0.0000 | Generator Loss: 51.7215
[2023-11-27 00:31:45] Epoch 17/100 | Discriminator Loss: 0.0000 | Generator Loss: 51.7494
[2023-11-27 00:32:30] Epoch 18/100 | Discriminator Loss: 0.0000 | Generator Loss: 51.7373
[2023-11-27 00:33:16] Epoch 19/100 | Discriminator Loss: 0.0000 | Generator Loss: 51.7374
[2023-11-27 00:34:01] Epoch 20/100 | Discriminator Loss: 0.0000 | Generator Loss: 51.6267
[2023-11-27 00:34:46] Epoch 21/100 | Discriminator Loss: 0.0000 | Generator Loss: 51.6694
[2023-11-27 00:35:32] Epoch 22/100 | Discriminator Loss: 0.0000 | Generator Loss: 51.6732
[2023-11-27 00:36:17] Epoch 23/100 | Discriminator Loss: 0.0000 | Generator Loss: 51.7517
[2023-11-27 00:37:02] Epoch 24/100 | Discriminator Loss: 0.0000 | Generator Loss: 51.6672
[2023-11-27 00:37:50] Saved latest checkpoint to low_learn_small_batch_latest.pth.tar
[2023-11-27 00:37:50] Saved Epoch 25/100 | Discriminator Loss: 0.0000 | Generator Loss: 51.6988
[2023-11-27 00:38:35] Epoch 26/100 | Discriminator Loss: 0.0000 | Generator Loss: 51.6454
[2023-11-27 00:39:21] Epoch 27/100 | Discriminator Loss: 0.0000 | Generator Loss: 51.6480
[2023-11-27 00:40:06] Epoch 28/100 | Discriminator Loss: 0.0000 | Generator Loss: 51.6878
[2023-11-27 00:40:51] Epoch 29/100 | Discriminator Loss: 0.0000 | Generator Loss: 51.6866
[2023-11-27 00:41:36] Epoch 30/100 | Discriminator Loss: 0.0000 | Generator Loss: 51.6452
[2023-11-27 00:42:21] Epoch 31/100 | Discriminator Loss: 0.0000 | Generator Loss: 51.6433
[2023-11-27 00:43:07] Epoch 32/100 | Discriminator Loss: 0.0000 | Generator Loss: 51.6448
[2023-11-27 00:43:52] Epoch 33/100 | Discriminator Loss: 0.0000 | Generator Loss: 51.6268
[2023-11-27 00:44:37] Epoch 34/100 | Discriminator Loss: 0.0000 | Generator Loss: 51.6767
[2023-11-27 00:45:22] Epoch 35/100 | Discriminator Loss: 0.0000 | Generator Loss: 51.6475
[2023-11-27 00:46:08] Epoch 36/100 | Discriminator Loss: 0.0000 | Generator Loss: 51.7172
[2023-11-27 00:46:53] Epoch 37/100 | Discriminator Loss: 0.0000 | Generator Loss: 51.7049
[2023-11-27 00:47:38] Epoch 38/100 | Discriminator Loss: 0.0000 | Generator Loss: 51.7318
[2023-11-27 00:48:23] Epoch 39/100 | Discriminator Loss: 0.0000 | Generator Loss: 51.6569
[2023-11-27 00:49:09] Epoch 40/100 | Discriminator Loss: 0.0000 | Generator Loss: 51.6535
[2023-11-27 00:49:54] Epoch 41/100 | Discriminator Loss: 0.0000 | Generator Loss: 51.7127
[2023-11-27 00:50:39] Epoch 42/100 | Discriminator Loss: 0.0000 | Generator Loss: 51.6603
[2023-11-27 00:51:25] Epoch 43/100 | Discriminator Loss: 0.0000 | Generator Loss: 51.5913
[2023-11-27 00:52:10] Epoch 44/100 | Discriminator Loss: 0.0000 | Generator Loss: 51.6904
[2023-11-27 00:52:55] Epoch 45/100 | Discriminator Loss: 0.0000 | Generator Loss: 51.6820
[2023-11-27 00:53:40] Epoch 46/100 | Discriminator Loss: 0.0000 | Generator Loss: 51.6794
[2023-11-27 00:54:25] Epoch 47/100 | Discriminator Loss: 0.0000 | Generator Loss: 51.6401
[2023-11-27 00:55:09] Epoch 48/100 | Discriminator Loss: 0.0000 | Generator Loss: 51.6847
[2023-11-27 00:55:54] Epoch 49/100 | Discriminator Loss: 0.0000 | Generator Loss: 51.6559
[2023-11-27 00:56:41] Saved latest checkpoint to low_learn_small_batch_latest.pth.tar
[2023-11-27 00:56:41] Saved Epoch 50/100 | Discriminator Loss: 0.0000 | Generator Loss: 51.6925
[2023-11-27 00:57:25] Epoch 51/100 | Discriminator Loss: 0.0000 | Generator Loss: 51.6651
[2023-11-27 00:58:10] Epoch 52/100 | Discriminator Loss: 0.0000 | Generator Loss: 51.6471
[2023-11-27 00:58:55] Epoch 53/100 | Discriminator Loss: 0.0000 | Generator Loss: 51.6878
[2023-11-27 00:59:40] Epoch 54/100 | Discriminator Loss: 0.0000 | Generator Loss: 51.6491
[2023-11-27 01:00:25] Epoch 55/100 | Discriminator Loss: 0.0000 | Generator Loss: 51.6659
[2023-11-27 01:01:11] Epoch 56/100 | Discriminator Loss: 0.0000 | Generator Loss: 51.7409
[2023-11-27 01:01:56] Epoch 57/100 | Discriminator Loss: 0.0000 | Generator Loss: 51.6553
[2023-11-27 01:02:41] Epoch 58/100 | Discriminator Loss: 0.0000 | Generator Loss: 51.6822
[2023-11-27 01:03:27] Epoch 59/100 | Discriminator Loss: 0.0000 | Generator Loss: 51.6478
[2023-11-27 01:04:12] Epoch 60/100 | Discriminator Loss: 0.0000 | Generator Loss: 51.6678
[2023-11-27 01:04:57] Epoch 61/100 | Discriminator Loss: 0.0000 | Generator Loss: 51.6831
[2023-11-27 01:05:42] Epoch 62/100 | Discriminator Loss: 0.0000 | Generator Loss: 51.6540
[2023-11-27 01:06:27] Epoch 63/100 | Discriminator Loss: 0.0000 | Generator Loss: 51.6390
[2023-11-27 01:07:13] Epoch 64/100 | Discriminator Loss: 0.0000 | Generator Loss: 51.7401
[2023-11-27 01:07:58] Epoch 65/100 | Discriminator Loss: 0.0000 | Generator Loss: 51.6114
[2023-11-27 01:08:43] Epoch 66/100 | Discriminator Loss: 0.0000 | Generator Loss: 51.6984
[2023-11-27 01:09:29] Epoch 67/100 | Discriminator Loss: 0.0000 | Generator Loss: 51.6870
[2023-11-27 01:10:14] Epoch 68/100 | Discriminator Loss: 0.0000 | Generator Loss: 51.6006
[2023-11-27 01:10:59] Epoch 69/100 | Discriminator Loss: 0.0000 | Generator Loss: 51.6517
[2023-11-27 01:11:44] Epoch 70/100 | Discriminator Loss: 0.0000 | Generator Loss: 51.6145
[2023-11-27 01:12:29] Epoch 71/100 | Discriminator Loss: 0.0000 | Generator Loss: 51.6624
[2023-11-27 01:13:14] Epoch 72/100 | Discriminator Loss: 0.0000 | Generator Loss: 51.6419
[2023-11-27 01:14:00] Epoch 73/100 | Discriminator Loss: 0.0000 | Generator Loss: 51.6710
[2023-11-27 01:14:45] Epoch 74/100 | Discriminator Loss: 0.0000 | Generator Loss: 51.6948
[2023-11-27 01:15:33] Saved latest checkpoint to low_learn_small_batch_latest.pth.tar
[2023-11-27 01:15:33] Saved Epoch 75/100 | Discriminator Loss: 0.0000 | Generator Loss: 51.6527
[2023-11-27 01:16:19] Epoch 76/100 | Discriminator Loss: 0.0000 | Generator Loss: 51.6135
[2023-11-27 01:17:04] Epoch 77/100 | Discriminator Loss: 0.0000 | Generator Loss: 51.6971
[2023-11-27 01:17:48] Termination signal received. Saved checkpoint to low_learn_small_batch_terminated.pth.tar. Exiting.

[2023-11-27 01:18:06] Loaded checkpoint with best_loss_d value of inf
[2023-11-27 01:18:09] Saved new best checkpoint to low_learn_medium_batch_best.pth.tar
[2023-11-27 01:18:09] Saved Epoch 0/100 | Discriminator Loss: 1.4358 | Generator Loss: 12.4153
[2023-11-27 01:18:13] Saved new best checkpoint to low_learn_medium_batch_best.pth.tar
[2023-11-27 01:18:13] Saved Epoch 0/100 | Discriminator Loss: 0.8016 | Generator Loss: 10.5989
[2023-11-27 01:18:17] Saved new best checkpoint to low_learn_medium_batch_best.pth.tar
[2023-11-27 01:18:17] Saved Epoch 0/100 | Discriminator Loss: 0.0400 | Generator Loss: 8.1330
[2023-11-27 01:18:22] Saved new best checkpoint to low_learn_medium_batch_best.pth.tar
[2023-11-27 01:18:22] Saved Epoch 0/100 | Discriminator Loss: 0.0264 | Generator Loss: 5.3323
[2023-11-27 01:18:26] Saved new best checkpoint to low_learn_medium_batch_best.pth.tar
[2023-11-27 01:18:26] Saved Epoch 0/100 | Discriminator Loss: 0.0035 | Generator Loss: 15.8875
[2023-11-27 01:18:32] Saved new best checkpoint to low_learn_medium_batch_best.pth.tar
[2023-11-27 01:18:32] Saved Epoch 0/100 | Discriminator Loss: 0.0005 | Generator Loss: 10.5036
[2023-11-27 01:18:40] Saved new best checkpoint to low_learn_medium_batch_best.pth.tar
[2023-11-27 01:18:40] Saved Epoch 0/100 | Discriminator Loss: 0.0005 | Generator Loss: 15.3141
[2023-11-27 01:18:44] Saved new best checkpoint to low_learn_medium_batch_best.pth.tar
[2023-11-27 01:18:44] Saved Epoch 0/100 | Discriminator Loss: 0.0000 | Generator Loss: 12.7283
[2023-11-27 01:18:49] Saved new best checkpoint to low_learn_medium_batch_best.pth.tar
[2023-11-27 01:18:49] Saved Epoch 0/100 | Discriminator Loss: 0.0000 | Generator Loss: 16.2989
[2023-11-27 01:18:53] Saved new best checkpoint to low_learn_medium_batch_best.pth.tar
[2023-11-27 01:18:53] Saved Epoch 0/100 | Discriminator Loss: 0.0000 | Generator Loss: 15.1868
[2023-11-27 01:19:21] Epoch 0/100 | Discriminator Loss: 0.0112 | Generator Loss: 13.0464
[2023-11-27 01:20:08] Epoch 1/100 | Discriminator Loss: 0.0258 | Generator Loss: 6.2908
[2023-11-27 01:20:54] Epoch 2/100 | Discriminator Loss: 3.6340 | Generator Loss: 5.6763
[2023-11-27 01:21:40] Epoch 3/100 | Discriminator Loss: 4.6841 | Generator Loss: 9.5451
[2023-11-27 01:22:25] Epoch 4/100 | Discriminator Loss: 0.2684 | Generator Loss: 3.6429
[2023-11-27 01:23:11] Epoch 5/100 | Discriminator Loss: 0.3137 | Generator Loss: 4.6940
[2023-11-27 01:23:57] Epoch 6/100 | Discriminator Loss: 0.1640 | Generator Loss: 2.6177
[2023-11-27 01:24:44] Epoch 7/100 | Discriminator Loss: 0.0187 | Generator Loss: 5.3085
[2023-11-27 01:25:30] Epoch 8/100 | Discriminator Loss: 1.9876 | Generator Loss: 2.9001
[2023-11-27 01:26:16] Epoch 9/100 | Discriminator Loss: 0.6029 | Generator Loss: 5.4720
[2023-11-27 01:27:03] Epoch 10/100 | Discriminator Loss: 0.2140 | Generator Loss: 4.1686
[2023-11-27 01:27:50] Epoch 11/100 | Discriminator Loss: 0.0321 | Generator Loss: 7.7780
[2023-11-27 01:28:36] Epoch 12/100 | Discriminator Loss: 0.2017 | Generator Loss: 2.4182
[2023-11-27 01:29:23] Epoch 13/100 | Discriminator Loss: 0.1602 | Generator Loss: 3.3067
[2023-11-27 01:30:09] Epoch 14/100 | Discriminator Loss: 0.0123 | Generator Loss: 5.7208
[2023-11-27 01:30:55] Epoch 15/100 | Discriminator Loss: 0.1432 | Generator Loss: 4.2947
[2023-11-27 01:31:42] Epoch 16/100 | Discriminator Loss: 5.4992 | Generator Loss: 10.0498
[2023-11-27 01:32:28] Epoch 17/100 | Discriminator Loss: 0.3248 | Generator Loss: 2.3405
[2023-11-27 01:33:14] Epoch 18/100 | Discriminator Loss: 0.1096 | Generator Loss: 5.5163
[2023-11-27 01:34:01] Epoch 19/100 | Discriminator Loss: 0.0586 | Generator Loss: 2.9279
[2023-11-27 01:34:47] Epoch 20/100 | Discriminator Loss: 0.0665 | Generator Loss: 4.5937
[2023-11-27 01:35:33] Epoch 21/100 | Discriminator Loss: 0.0225 | Generator Loss: 4.6770
[2023-11-27 01:36:21] Epoch 22/100 | Discriminator Loss: 0.0496 | Generator Loss: 4.2881
[2023-11-27 01:37:06] Epoch 23/100 | Discriminator Loss: 0.2339 | Generator Loss: 5.0021
[2023-11-27 01:37:53] Epoch 24/100 | Discriminator Loss: 0.5236 | Generator Loss: 2.8799
[2023-11-27 01:38:42] Saved latest checkpoint to low_learn_medium_batch_latest.pth.tar
[2023-11-27 01:38:42] Saved Epoch 25/100 | Discriminator Loss: 0.1833 | Generator Loss: 5.2704
[2023-11-27 01:39:29] Epoch 26/100 | Discriminator Loss: 2.0597 | Generator Loss: 0.1930
[2023-11-27 01:40:15] Epoch 27/100 | Discriminator Loss: 0.0231 | Generator Loss: 5.8607
[2023-11-27 01:41:01] Epoch 28/100 | Discriminator Loss: 0.5806 | Generator Loss: 4.2290
[2023-11-27 01:41:47] Epoch 29/100 | Discriminator Loss: 0.3436 | Generator Loss: 6.0087
[2023-11-27 01:42:34] Epoch 30/100 | Discriminator Loss: 0.0815 | Generator Loss: 3.9388
[2023-11-27 01:43:20] Epoch 31/100 | Discriminator Loss: 0.0109 | Generator Loss: 5.8988
[2023-11-27 01:44:08] Epoch 32/100 | Discriminator Loss: 0.0406 | Generator Loss: 4.1441
[2023-11-27 01:44:54] Epoch 33/100 | Discriminator Loss: 0.0094 | Generator Loss: 4.9808
[2023-11-27 01:45:40] Epoch 34/100 | Discriminator Loss: 0.0308 | Generator Loss: 4.5884
[2023-11-27 01:46:27] Epoch 35/100 | Discriminator Loss: 0.1529 | Generator Loss: 4.1137
[2023-11-27 01:47:13] Epoch 36/100 | Discriminator Loss: 4.6679 | Generator Loss: 5.8058
[2023-11-27 01:47:59] Epoch 37/100 | Discriminator Loss: 0.8706 | Generator Loss: 3.9194
[2023-11-27 01:48:45] Epoch 38/100 | Discriminator Loss: 0.0043 | Generator Loss: 6.9593
[2023-11-27 01:49:32] Epoch 39/100 | Discriminator Loss: 0.0498 | Generator Loss: 6.3496
[2023-11-27 01:50:18] Epoch 40/100 | Discriminator Loss: 1.6438 | Generator Loss: 6.4143
[2023-11-27 01:51:05] Epoch 41/100 | Discriminator Loss: 1.4159 | Generator Loss: 1.8580
[2023-11-27 01:51:51] Epoch 42/100 | Discriminator Loss: 4.0851 | Generator Loss: 1.3400
[2023-11-27 01:52:37] Epoch 43/100 | Discriminator Loss: 0.0301 | Generator Loss: 5.2730
[2023-11-27 01:53:23] Epoch 44/100 | Discriminator Loss: 0.2028 | Generator Loss: 5.2346
[2023-11-27 01:54:09] Epoch 45/100 | Discriminator Loss: 0.1031 | Generator Loss: 3.4036
[2023-11-27 01:54:55] Epoch 46/100 | Discriminator Loss: 0.0340 | Generator Loss: 4.5955
[2023-11-27 01:55:42] Epoch 47/100 | Discriminator Loss: 0.0625 | Generator Loss: 4.8697
[2023-11-27 01:56:28] Epoch 48/100 | Discriminator Loss: 0.0389 | Generator Loss: 4.0349
[2023-11-27 01:57:15] Epoch 49/100 | Discriminator Loss: 0.0152 | Generator Loss: 5.8371
[2023-11-27 01:58:04] Saved latest checkpoint to low_learn_medium_batch_latest.pth.tar
[2023-11-27 01:58:04] Saved Epoch 50/100 | Discriminator Loss: 0.0324 | Generator Loss: 4.4780
[2023-11-27 01:58:50] Epoch 51/100 | Discriminator Loss: 0.0255 | Generator Loss: 4.6020
[2023-11-27 01:59:36] Epoch 52/100 | Discriminator Loss: 0.0034 | Generator Loss: 7.3139
[2023-11-27 02:00:23] Epoch 53/100 | Discriminator Loss: 0.0185 | Generator Loss: 5.7779
[2023-11-27 02:01:10] Epoch 54/100 | Discriminator Loss: 0.0107 | Generator Loss: 5.6556
[2023-11-27 02:01:56] Epoch 55/100 | Discriminator Loss: 0.0263 | Generator Loss: 10.7001
[2023-11-27 02:02:43] Epoch 56/100 | Discriminator Loss: 0.0024 | Generator Loss: 6.9307
[2023-11-27 02:03:30] Epoch 57/100 | Discriminator Loss: 0.0487 | Generator Loss: 7.4403
[2023-11-27 02:04:16] Epoch 58/100 | Discriminator Loss: 0.0216 | Generator Loss: 10.4894
[2023-11-27 02:05:02] Epoch 59/100 | Discriminator Loss: 0.0929 | Generator Loss: 11.7282
[2023-11-27 02:05:49] Epoch 60/100 | Discriminator Loss: 0.0037 | Generator Loss: 6.0453
[2023-11-27 02:06:34] Epoch 61/100 | Discriminator Loss: 0.0146 | Generator Loss: 6.4083
[2023-11-27 02:07:20] Epoch 62/100 | Discriminator Loss: 0.0265 | Generator Loss: 5.7131
[2023-11-27 02:08:07] Epoch 63/100 | Discriminator Loss: 7.4115 | Generator Loss: 5.5451
[2023-11-27 02:08:53] Epoch 64/100 | Discriminator Loss: 0.0659 | Generator Loss: 4.0720
[2023-11-27 02:09:40] Epoch 65/100 | Discriminator Loss: 0.1767 | Generator Loss: 3.1914
[2023-11-27 02:10:25] Epoch 66/100 | Discriminator Loss: 0.0146 | Generator Loss: 4.7637
[2023-11-27 02:11:10] Epoch 67/100 | Discriminator Loss: 0.1229 | Generator Loss: 7.1902
[2023-11-27 02:11:55] Epoch 68/100 | Discriminator Loss: 0.0013 | Generator Loss: 8.6589
[2023-11-27 02:12:41] Epoch 69/100 | Discriminator Loss: 0.0066 | Generator Loss: 7.3852
[2023-11-27 02:13:26] Epoch 70/100 | Discriminator Loss: 0.0098 | Generator Loss: 5.2583
[2023-11-27 02:14:11] Epoch 71/100 | Discriminator Loss: 0.0146 | Generator Loss: 6.1225
[2023-11-27 02:14:57] Epoch 72/100 | Discriminator Loss: 0.1357 | Generator Loss: 3.0129
[2023-11-27 02:15:42] Epoch 73/100 | Discriminator Loss: 0.0726 | Generator Loss: 4.6876
[2023-11-27 02:16:28] Epoch 74/100 | Discriminator Loss: 0.0052 | Generator Loss: 7.6647
[2023-11-27 02:17:16] Saved latest checkpoint to low_learn_medium_batch_latest.pth.tar
[2023-11-27 02:17:16] Saved Epoch 75/100 | Discriminator Loss: 0.0042 | Generator Loss: 8.7875
[2023-11-27 02:18:01] Epoch 76/100 | Discriminator Loss: 0.0341 | Generator Loss: 6.1175
[2023-11-27 02:18:04] Termination signal received. Saved checkpoint to low_learn_medium_batch_terminated.pth.tar. Exiting.

[2023-11-27 02:18:26] Loaded checkpoint with best_loss_d value of 0.0
[2023-11-27 02:19:13] Epoch 79/100 | Discriminator Loss: 0.0000 | Generator Loss: 55.5738
[2023-11-27 02:19:58] Epoch 80/100 | Discriminator Loss: 0.0000 | Generator Loss: 55.4698
[2023-11-27 02:20:44] Epoch 81/100 | Discriminator Loss: 0.0000 | Generator Loss: 55.4963
[2023-11-27 02:21:30] Epoch 82/100 | Discriminator Loss: 0.0000 | Generator Loss: 55.6916
[2023-11-27 02:22:16] Epoch 83/100 | Discriminator Loss: 0.0000 | Generator Loss: 55.4061
[2023-11-27 02:23:01] Epoch 84/100 | Discriminator Loss: 0.0000 | Generator Loss: 55.5889
[2023-11-27 02:23:46] Epoch 85/100 | Discriminator Loss: 0.0000 | Generator Loss: 55.4674
[2023-11-27 02:24:31] Epoch 86/100 | Discriminator Loss: 0.0000 | Generator Loss: 55.4612
[2023-11-27 02:25:17] Epoch 87/100 | Discriminator Loss: 0.0000 | Generator Loss: 55.5796
[2023-11-27 02:26:02] Epoch 88/100 | Discriminator Loss: 0.0000 | Generator Loss: 55.3641
[2023-11-27 02:26:47] Epoch 89/100 | Discriminator Loss: 0.0000 | Generator Loss: 55.4131
[2023-11-27 02:27:34] Epoch 90/100 | Discriminator Loss: 0.0000 | Generator Loss: 55.4817
[2023-11-27 02:28:21] Epoch 91/100 | Discriminator Loss: 0.0000 | Generator Loss: 55.4292
[2023-11-27 02:29:07] Epoch 92/100 | Discriminator Loss: 0.0000 | Generator Loss: 55.2258
[2023-11-27 02:29:53] Epoch 93/100 | Discriminator Loss: 0.0000 | Generator Loss: 55.2784
[2023-11-27 02:30:40] Epoch 94/100 | Discriminator Loss: 0.0000 | Generator Loss: 55.6003
[2023-11-27 02:31:26] Epoch 95/100 | Discriminator Loss: 0.0000 | Generator Loss: 55.4086
[2023-11-27 02:32:13] Epoch 96/100 | Discriminator Loss: 0.0000 | Generator Loss: 55.4745
[2023-11-27 02:32:59] Epoch 97/100 | Discriminator Loss: 0.0000 | Generator Loss: 55.3643
[2023-11-27 02:33:46] Epoch 98/100 | Discriminator Loss: 0.0000 | Generator Loss: 55.5200
[2023-11-27 02:34:33] Epoch 99/100 | Discriminator Loss: 0.0000 | Generator Loss: 55.3245
[2023-11-27 02:34:33] Epoch 100/100 | Discriminator Loss: 0.0000 | Generator Loss: 55.3245
[2023-11-27 02:34:35] Saved checkpoint to high_learn_medium_batch_terminated.pth.tar. Exiting train.py as epochs are complete...