000 (55372.000.000) 2023-11-26 23:17:12 Job submitted from host: <140.160.143.130:9618?addrs=140.160.143.130-9618&alias=csci-head.cluster.cs.wwu.edu&noUDP&sock=schedd_1686_08c4>
...
001 (55372.000.000) 2023-11-26 23:17:27 Job executing on host: <140.160.143.174:9618?addrs=140.160.143.174-9618&alias=g-1-2.cluster.cs.wwu.edu&noUDP&sock=startd_3815_59e5>
        SlotName: slot1_1@g-1-2.cluster.cs.wwu.edu
        AvailableGPUs = { GPUs_GPU_d1319fc0,GPUs_GPU_9368d749 }
        CondorScratchDir = "/scratch_ssd/condor/execute/dir_1395182"
        Cpus = 1
        Disk = 3503172
        GPUs = 2
        GPUs_GPU_9368d749 = [ DeviceName = "NVIDIA GeForce RTX 2080 Ti"; DriverVersion = 12.2; ECCEnabled = false; DevicePciBusId = "0000:5E:00.0"; DeviceUuid = "9368d749-39e8-9ebf-d6cf-888cc09d4bf7"; GlobalMemoryMb = 11012; MaxSupportedVersion = 12020; Capability = 7.5; Id = "GPU-9368d749" ]
        GPUs_GPU_d1319fc0 = [ DeviceName = "NVIDIA GeForce RTX 2080 Ti"; DriverVersion = 12.2; ECCEnabled = false; DevicePciBusId = "0000:3B:00.0"; DeviceUuid = "d1319fc0-deb6-6cb0-3eb3-d5cc7e4a4437"; GlobalMemoryMb = 11012; MaxSupportedVersion = 12020; Capability = 7.5; Id = "GPU-d1319fc0" ]
        Memory = 32768
...
006 (55372.000.000) 2023-11-26 23:17:35 Image size of job updated: 3985392
        3646  -  MemoryUsage of job (MB)
        3733424  -  ResidentSetSize of job (KB)
...
006 (55372.000.000) 2023-11-26 23:22:35 Image size of job updated: 7628964
        4093  -  MemoryUsage of job (MB)
        4190912  -  ResidentSetSize of job (KB)
...
006 (55372.000.000) 2023-11-26 23:27:35 Image size of job updated: 8020052
        4151  -  MemoryUsage of job (MB)
        4249648  -  ResidentSetSize of job (KB)
...
006 (55372.000.000) 2023-11-26 23:32:36 Image size of job updated: 8245436
        4151  -  MemoryUsage of job (MB)
        4249648  -  ResidentSetSize of job (KB)
...
006 (55372.000.000) 2023-11-26 23:37:37 Image size of job updated: 8423500
        4261  -  MemoryUsage of job (MB)
        4363148  -  ResidentSetSize of job (KB)
...
006 (55372.000.000) 2023-11-26 23:42:37 Image size of job updated: 8540536
        4659  -  MemoryUsage of job (MB)
        4770208  -  ResidentSetSize of job (KB)
...
006 (55372.000.000) 2023-11-26 23:47:38 Image size of job updated: 8540536
        4665  -  MemoryUsage of job (MB)
        4776352  -  ResidentSetSize of job (KB)
...
006 (55372.000.000) 2023-11-26 23:52:39 Image size of job updated: 8658664
        5571  -  MemoryUsage of job (MB)
        5703892  -  ResidentSetSize of job (KB)
...
006 (55372.000.000) 2023-11-26 23:57:39 Image size of job updated: 8727360
        5579  -  MemoryUsage of job (MB)
        5712084  -  ResidentSetSize of job (KB)
...
006 (55372.000.000) 2023-11-27 00:02:39 Image size of job updated: 10100916
        5579  -  MemoryUsage of job (MB)
        5712084  -  ResidentSetSize of job (KB)
...
006 (55372.000.000) 2023-11-27 00:12:40 Image size of job updated: 10100916
        6213  -  MemoryUsage of job (MB)
        6361708  -  ResidentSetSize of job (KB)
...
006 (55372.000.000) 2023-11-27 00:17:40 Image size of job updated: 10100916
        6219  -  MemoryUsage of job (MB)
        6367852  -  ResidentSetSize of job (KB)
...
006 (55372.000.000) 2023-11-27 00:57:45 Image size of job updated: 10100916
        7311  -  MemoryUsage of job (MB)
        7485940  -  ResidentSetSize of job (KB)
...
006 (55372.000.000) 2023-11-27 01:02:45 Image size of job updated: 10100916
        7317  -  MemoryUsage of job (MB)
        7492084  -  ResidentSetSize of job (KB)
...
006 (55372.000.000) 2023-11-27 01:22:47 Image size of job updated: 12162992
        8811  -  MemoryUsage of job (MB)
        9021592  -  ResidentSetSize of job (KB)
...
006 (55372.000.000) 2023-11-27 01:27:48 Image size of job updated: 12162992
        8817  -  MemoryUsage of job (MB)
        9027736  -  ResidentSetSize of job (KB)
...
006 (55372.000.000) 2023-11-27 01:52:50 Image size of job updated: 12162992
        9494  -  MemoryUsage of job (MB)
        9721700  -  ResidentSetSize of job (KB)
...
006 (55372.000.000) 2023-11-27 01:57:50 Image size of job updated: 12162992
        9500  -  MemoryUsage of job (MB)
        9727844  -  ResidentSetSize of job (KB)
...
006 (55372.000.000) 2023-11-27 02:02:51 Image size of job updated: 12300264
        9500  -  MemoryUsage of job (MB)
        9727844  -  ResidentSetSize of job (KB)
...
006 (55372.000.000) 2023-11-27 02:07:52 Image size of job updated: 13027092
        9500  -  MemoryUsage of job (MB)
        9727844  -  ResidentSetSize of job (KB)
...
006 (55372.000.000) 2023-11-27 02:27:54 Image size of job updated: 13343860
        9500  -  MemoryUsage of job (MB)
        9727844  -  ResidentSetSize of job (KB)
...
006 (55372.000.000) 2023-11-27 02:37:56 Image size of job updated: 35062484
        34241  -  MemoryUsage of job (MB)
        35062484  -  ResidentSetSize of job (KB)
...
006 (55372.000.000) 2023-11-27 02:41:19 Image size of job updated: 57786984
        56433  -  MemoryUsage of job (MB)
        57786856  -  ResidentSetSize of job (KB)
...
006 (55372.000.000) 2023-11-27 02:41:19 Image size of job updated: 57790952
        56437  -  MemoryUsage of job (MB)
        57790952  -  ResidentSetSize of job (KB)
...
005 (55372.000.000) 2023-11-27 02:41:19 Job terminated.
        (1) Normal termination (return value 1)
                Usr 0 02:21:52, Sys 0 00:59:30  -  Run Remote Usage
                Usr 0 00:00:00, Sys 0 00:00:00  -  Run Local Usage
                Usr 0 02:21:52, Sys 0 00:59:30  -  Total Remote Usage
                Usr 0 00:00:00, Sys 0 00:00:00  -  Total Local Usage
        0  -  Run Bytes Sent By Job
        0  -  Run Bytes Received By Job
        0  -  Total Bytes Sent By Job
        0  -  Total Bytes Received By Job
        Partitionable Resources :    Usage  Request Allocated Assigned
           Cpus                 :     1.00        1         1
           Disk (KB)            :     1           1   3503172
           Gpus (Average)       :     0.42        2         2 "GPU-d1319fc0,GPU-9368d749"
           GpusMemory (MB)      :   256
           Memory (MB)          : 56437       32768     32768

        Job terminated of its own accord at 2023-11-27T10:41:19Z with exit-code 1.
...