000 (55398.000.000) 2023-11-27 17:30:27 Job submitted from host: <140.160.143.130:9618?addrs=140.160.143.130-9618&alias=csci-head.cluster.cs.wwu.edu&noUDP&sock=schedd_1686_08c4>
...
001 (55398.000.000) 2023-11-27 17:30:28 Job executing on host: <140.160.143.174:9618?addrs=140.160.143.174-9618&alias=g-1-2.cluster.cs.wwu.edu&noUDP&sock=startd_3815_59e5>
	SlotName: slot1_1@g-1-2.cluster.cs.wwu.edu
	AvailableGPUs = { GPUs_GPU_d1319fc0,GPUs_GPU_9368d749,GPUs_GPU_a1d64d6b }
	CondorScratchDir = "/scratch_ssd/condor/execute/dir_1404788"
	Cpus = 1
	Disk = 3503172
	GPUs = 3
	GPUs_GPU_9368d749 = [ DeviceName = "NVIDIA GeForce RTX 2080 Ti"; DriverVersion = 12.2; ECCEnabled = false; DevicePciBusId = "0000:5E:00.0"; DeviceUuid = "9368d749-39e8-9ebf-d6cf-888cc09d4bf7"; GlobalMemoryMb = 11012; MaxSupportedVersion = 12020; Capability = 7.5; Id = "GPU-9368d749" ]
	GPUs_GPU_a1d64d6b = [ DeviceName = "NVIDIA GeForce RTX 2080 Ti"; DriverVersion = 12.2; ECCEnabled = false; DevicePciBusId = "0000:AF:00.0"; DeviceUuid = "a1d64d6b-5e58-1b2e-f871-5030e18019b7"; GlobalMemoryMb = 11012; MaxSupportedVersion = 12020; Capability = 7.5; Id = "GPU-a1d64d6b" ]
	GPUs_GPU_d1319fc0 = [ DeviceName = "NVIDIA GeForce RTX 2080 Ti"; DriverVersion = 12.2; ECCEnabled = false; DevicePciBusId = "0000:3B:00.0"; DeviceUuid = "d1319fc0-deb6-6cb0-3eb3-d5cc7e4a4437"; GlobalMemoryMb = 11012; MaxSupportedVersion = 12020; Capability = 7.5; Id = "GPU-d1319fc0" ]
	Memory = 40960
...
006 (55398.000.000) 2023-11-27 17:30:36 Image size of job updated: 1599296
	1562  -  MemoryUsage of job (MB)
	1599296  -  ResidentSetSize of job (KB)
...
006 (55398.000.000) 2023-11-27 17:35:36 Image size of job updated: 33370852
	31662  -  MemoryUsage of job (MB)
	32421060  -  ResidentSetSize of job (KB)
...
006 (55398.000.000) 2023-11-27 17:40:37 Image size of job updated: 33795212
	31750  -  MemoryUsage of job (MB)
	32511968  -  ResidentSetSize of job (KB)
...
006 (55398.000.000) 2023-11-27 17:45:38 Image size of job updated: 33957192
	31750  -  MemoryUsage of job (MB)
	32511968  -  ResidentSetSize of job (KB)
...
006 (55398.000.000) 2023-11-27 17:50:38 Image size of job updated: 34238308
	31949  -  MemoryUsage of job (MB)
	32714904  -  ResidentSetSize of job (KB)
...
006 (55398.000.000) 2023-11-27 17:55:39 Image size of job updated: 34272408
	32224  -  MemoryUsage of job (MB)
	32997176  -  ResidentSetSize of job (KB)
...
006 (55398.000.000) 2023-11-27 18:00:40 Image size of job updated: 34753636
	32224  -  MemoryUsage of job (MB)
	32997176  -  ResidentSetSize of job (KB)
...
006 (55398.000.000) 2023-11-27 18:15:41 Image size of job updated: 34948992
	32433  -  MemoryUsage of job (MB)
	33210424  -  ResidentSetSize of job (KB)
...
006 (55398.000.000) 2023-11-27 18:20:41 Image size of job updated: 34948992
	32480  -  MemoryUsage of job (MB)
	33259156  -  ResidentSetSize of job (KB)
...
006 (55398.000.000) 2023-11-27 18:25:41 Image size of job updated: 35345512
	32622  -  MemoryUsage of job (MB)
	33404584  -  ResidentSetSize of job (KB)
...
006 (55398.000.000) 2023-11-27 18:30:42 Image size of job updated: 35497492
	32681  -  MemoryUsage of job (MB)
	33464344  -  ResidentSetSize of job (KB)
...
006 (55398.000.000) 2023-11-27 18:35:43 Image size of job updated: 35920636
	32954  -  MemoryUsage of job (MB)
	33744744  -  ResidentSetSize of job (KB)
...
006 (55398.000.000) 2023-11-27 18:40:43 Image size of job updated: 35920636
	33131  -  MemoryUsage of job (MB)
	33925308  -  ResidentSetSize of job (KB)
...
006 (55398.000.000) 2023-11-27 18:45:44 Image size of job updated: 35958140
	33748  -  MemoryUsage of job (MB)
	34557824  -  ResidentSetSize of job (KB)
...
006 (55398.000.000) 2023-11-27 18:50:45 Image size of job updated: 35958140
	33756  -  MemoryUsage of job (MB)
	34566016  -  ResidentSetSize of job (KB)
...
004 (55398.000.000) 2023-11-27 18:52:18 Job was evicted.
	(0) CPU times
		Usr 0 00:57:58, Sys 0 00:19:22  -  Run Remote Usage
		Usr 0 00:00:00, Sys 0 00:00:00  -  Run Local Usage
	0  -  Run Bytes Sent By Job
	0  -  Run Bytes Received By Job
	Partitionable Resources :    Usage  Request Allocated Assigned
	   Cpus                 :     1.00        1         1 
	   Disk (KB)            :     1           1   3503172 
	   Gpus (Average)       :     0.46        3         3 "GPU-d1319fc0,GPU-9368d749,GPU-a1d64d6b"
	   GpusMemory (MB)      :   256                       
	   Memory (MB)          : 33756       40960     40960 
...
009 (55398.000.000) 2023-11-27 18:52:18 Job was aborted.
	via condor_rm (by user bullara2)
...
