000 (55434.000.000) 2023-11-28 12:43:33 Job submitted from host: <140.160.143.130:9618?addrs=140.160.143.130-9618&alias=csci-head.cluster.cs.wwu.edu&noUDP&sock=schedd_1686_08c4>
...
001 (55434.000.000) 2023-11-28 12:43:33 Job executing on host: <140.160.143.174:9618?addrs=140.160.143.174-9618&alias=g-1-2.cluster.cs.wwu.edu&noUDP&sock=startd_3815_59e5>
	SlotName: slot1_1@g-1-2.cluster.cs.wwu.edu
	AvailableGPUs = { GPUs_GPU_d1319fc0,GPUs_GPU_9368d749,GPUs_GPU_a1d64d6b }
	CondorScratchDir = "/scratch_ssd/condor/execute/dir_135176"
	Cpus = 1
	Disk = 3503172
	GPUs = 3
	GPUs_GPU_9368d749 = [ DeviceName = "NVIDIA GeForce RTX 2080 Ti"; DriverVersion = 12.2; ECCEnabled = false; DevicePciBusId = "0000:5E:00.0"; DeviceUuid = "9368d749-39e8-9ebf-d6cf-888cc09d4bf7"; GlobalMemoryMb = 11012; MaxSupportedVersion = 12020; Capability = 7.5; Id = "GPU-9368d749" ]
	GPUs_GPU_a1d64d6b = [ DeviceName = "NVIDIA GeForce RTX 2080 Ti"; DriverVersion = 12.2; ECCEnabled = false; DevicePciBusId = "0000:AF:00.0"; DeviceUuid = "a1d64d6b-5e58-1b2e-f871-5030e18019b7"; GlobalMemoryMb = 11012; MaxSupportedVersion = 12020; Capability = 7.5; Id = "GPU-a1d64d6b" ]
	GPUs_GPU_d1319fc0 = [ DeviceName = "NVIDIA GeForce RTX 2080 Ti"; DriverVersion = 12.2; ECCEnabled = false; DevicePciBusId = "0000:3B:00.0"; DeviceUuid = "d1319fc0-deb6-6cb0-3eb3-d5cc7e4a4437"; GlobalMemoryMb = 11012; MaxSupportedVersion = 12020; Capability = 7.5; Id = "GPU-d1319fc0" ]
	Memory = 40960
...
006 (55434.000.000) 2023-11-28 12:43:42 Image size of job updated: 1886940
	1843  -  MemoryUsage of job (MB)
	1886940  -  ResidentSetSize of job (KB)
...
006 (55434.000.000) 2023-11-28 12:48:43 Image size of job updated: 33407176
	32333  -  MemoryUsage of job (MB)
	33108244  -  ResidentSetSize of job (KB)
...
006 (55434.000.000) 2023-11-28 12:53:43 Image size of job updated: 37179720
	33205  -  MemoryUsage of job (MB)
	34001176  -  ResidentSetSize of job (KB)
...
006 (55434.000.000) 2023-11-28 12:58:43 Image size of job updated: 37787208
	33205  -  MemoryUsage of job (MB)
	34001176  -  ResidentSetSize of job (KB)
...
006 (55434.000.000) 2023-11-28 13:08:44 Image size of job updated: 38031708
	33205  -  MemoryUsage of job (MB)
	34001176  -  ResidentSetSize of job (KB)
...
006 (55434.000.000) 2023-11-28 13:13:44 Image size of job updated: 38104476
	33205  -  MemoryUsage of job (MB)
	34001176  -  ResidentSetSize of job (KB)
...
006 (55434.000.000) 2023-11-28 13:28:46 Image size of job updated: 38104476
	33580  -  MemoryUsage of job (MB)
	34385688  -  ResidentSetSize of job (KB)
...
006 (55434.000.000) 2023-11-28 13:38:47 Image size of job updated: 38104476
	34073  -  MemoryUsage of job (MB)
	34890532  -  ResidentSetSize of job (KB)
...
006 (55434.000.000) 2023-11-28 13:43:47 Image size of job updated: 38535612
	34073  -  MemoryUsage of job (MB)
	34890532  -  ResidentSetSize of job (KB)
...
006 (55434.000.000) 2023-11-28 13:48:47 Image size of job updated: 38535612
	34746  -  MemoryUsage of job (MB)
	35579876  -  ResidentSetSize of job (KB)
...
006 (55434.000.000) 2023-11-28 13:53:48 Image size of job updated: 38535612
	34753  -  MemoryUsage of job (MB)
	35586276  -  ResidentSetSize of job (KB)
...
005 (55434.000.000) 2023-11-28 14:03:59 Job terminated.
	(1) Normal termination (return value 0)
		Usr 0 00:55:13, Sys 0 00:20:12  -  Run Remote Usage
		Usr 0 00:00:00, Sys 0 00:00:00  -  Run Local Usage
		Usr 0 00:55:13, Sys 0 00:20:12  -  Total Remote Usage
		Usr 0 00:00:00, Sys 0 00:00:00  -  Total Local Usage
	0  -  Run Bytes Sent By Job
	0  -  Run Bytes Received By Job
	0  -  Total Bytes Sent By Job
	0  -  Total Bytes Received By Job
	Partitionable Resources :    Usage  Request Allocated Assigned
	   Cpus                 :     0.99        1         1 
	   Disk (KB)            :     1           1   3503172 
	   Gpus (Average)       :     0.40        3         3 "GPU-d1319fc0,GPU-9368d749,GPU-a1d64d6b"
	   GpusMemory (MB)      :   256                       
	   Memory (MB)          : 34753       40960     40960 

	Job terminated of its own accord at 2023-11-28T22:03:59Z with exit-code 0.
...
