[2023-11-26 23:17:31] Loaded checkpoint with best_loss_d value of inf
[2023-11-26 23:17:35] Saved new best checkpoint to medium_learn_medium_batch_best.pth.tar
[2023-11-26 23:17:35] Saved Epoch 0/100 | Discriminator Loss: 1.3324 | Generator Loss: 14.8073
[2023-11-26 23:17:39] Saved new best checkpoint to medium_learn_medium_batch_best.pth.tar
[2023-11-26 23:17:39] Saved Epoch 0/100 | Discriminator Loss: 0.1807 | Generator Loss: 10.5314
[2023-11-26 23:17:43] Saved new best checkpoint to medium_learn_medium_batch_best.pth.tar
[2023-11-26 23:17:43] Saved Epoch 0/100 | Discriminator Loss: 0.0822 | Generator Loss: 15.7773
[2023-11-26 23:17:47] Saved new best checkpoint to medium_learn_medium_batch_best.pth.tar
[2023-11-26 23:17:47] Saved Epoch 0/100 | Discriminator Loss: 0.0115 | Generator Loss: 15.9113
[2023-11-26 23:17:50] Saved new best checkpoint to medium_learn_medium_batch_best.pth.tar
[2023-11-26 23:17:50] Saved Epoch 0/100 | Discriminator Loss: 0.0026 | Generator Loss: 13.3767
[2023-11-26 23:17:56] Saved new best checkpoint to medium_learn_medium_batch_best.pth.tar
[2023-11-26 23:17:56] Saved Epoch 0/100 | Discriminator Loss: 0.0009 | Generator Loss: 19.9487
[2023-11-26 23:17:59] Saved new best checkpoint to medium_learn_medium_batch_best.pth.tar
[2023-11-26 23:17:59] Saved Epoch 0/100 | Discriminator Loss: 0.0007 | Generator Loss: 18.5402
[2023-11-26 23:18:03] Saved new best checkpoint to medium_learn_medium_batch_best.pth.tar
[2023-11-26 23:18:03] Saved Epoch 0/100 | Discriminator Loss: 0.0001 | Generator Loss: 16.5307
[2023-11-26 23:18:06] Saved new best checkpoint to medium_learn_medium_batch_best.pth.tar
[2023-11-26 23:18:06] Saved Epoch 0/100 | Discriminator Loss: 0.0001 | Generator Loss: 12.0396
[2023-11-26 23:18:11] Saved new best checkpoint to medium_learn_medium_batch_best.pth.tar
[2023-11-26 23:18:11] Saved Epoch 0/100 | Discriminator Loss: 0.0000 | Generator Loss: 15.8160
[2023-11-26 23:18:46] Epoch 0/100 | Discriminator Loss: 0.0003 | Generator Loss: 9.1905
[2023-11-26 23:19:32] Epoch 1/100 | Discriminator Loss: 0.4757 | Generator Loss: 5.0285
[2023-11-26 23:20:18] Epoch 2/100 | Discriminator Loss: 0.0090 | Generator Loss: 7.8368
[2023-11-26 23:21:03] Epoch 3/100 | Discriminator Loss: 0.4075 | Generator Loss: 4.0708
[2023-11-26 23:21:50] Epoch 4/100 | Discriminator Loss: 0.5012 | Generator Loss: 5.5472
[2023-11-26 23:22:36] Epoch 5/100 | Discriminator Loss: 1.3251 | Generator Loss: 2.9154
[2023-11-26 23:23:21] Epoch 6/100 | Discriminator Loss: 0.0830 | Generator Loss: 4.2957
[2023-11-26 23:24:07] Epoch 7/100 | Discriminator Loss: 0.1174 | Generator Loss: 3.3601
[2023-11-26 23:24:53] Epoch 8/100 | Discriminator Loss: 6.0959 | Generator Loss: 3.3146
[2023-11-26 23:25:40] Epoch 9/100 | Discriminator Loss: 0.9224 | Generator Loss: 1.7925
[2023-11-26 23:26:25] Epoch 10/100 | Discriminator Loss: 0.1008 | Generator Loss: 5.9867
[2023-11-26 23:27:12] Epoch 11/100 | Discriminator Loss: 0.2098 | Generator Loss: 4.7605
[2023-11-26 23:27:59] Epoch 12/100 | Discriminator Loss: 0.0772 | Generator Loss: 4.5793
[2023-11-26 23:28:45] Epoch 13/100 | Discriminator Loss: 0.1642 | Generator Loss: 5.3667
[2023-11-26 23:29:31] Epoch 14/100 | Discriminator Loss: 0.1874 | Generator Loss: 3.0384
[2023-11-26 23:30:17] Epoch 15/100 | Discriminator Loss: 1.1665 | Generator Loss: 4.0652
[2023-11-26 23:31:02] Epoch 16/100 | Discriminator Loss: 0.5686 | Generator Loss: 6.2412
[2023-11-26 23:31:48] Epoch 17/100 | Discriminator Loss: 0.7268 | Generator Loss: 5.4568
[2023-11-26 23:32:34] Epoch 18/100 | Discriminator Loss: 0.4527 | Generator Loss: 3.3114
[2023-11-26 23:33:20] Epoch 19/100 | Discriminator Loss: 0.1183 | Generator Loss: 3.9621
[2023-11-26 23:34:05] Epoch 20/100 | Discriminator Loss: 0.6123 | Generator Loss: 1.9184
[2023-11-26 23:34:51] Epoch 21/100 | Discriminator Loss: 0.0426 | Generator Loss: 2.8182
[2023-11-26 23:35:36] Epoch 22/100 | Discriminator Loss: 0.3259 | Generator Loss: 3.5335
[2023-11-26 23:36:22] Epoch 23/100 | Discriminator Loss: 0.0672 | Generator Loss: 5.9353
[2023-11-26 23:37:09] Epoch 24/100 | Discriminator Loss: 1.3868 | Generator Loss: 1.5923
[2023-11-26 23:37:58] Saved latest checkpoint to medium_learn_medium_batch_latest.pth.tar
[2023-11-26 23:37:58] Saved Epoch 25/100 | Discriminator Loss: 0.0336 | Generator Loss: 4.4959
[2023-11-26 23:38:44] Epoch 26/100 | Discriminator Loss: 0.1240 | Generator Loss: 5.0609
[2023-11-26 23:39:30] Epoch 27/100 | Discriminator Loss: 3.8726 | Generator Loss: 3.1408
[2023-11-26 23:40:17] Epoch 28/100 | Discriminator Loss: 0.5219 | Generator Loss: 3.9765
[2023-11-26 23:41:03] Epoch 29/100 | Discriminator Loss: 2.3399 | Generator Loss: 2.8205
[2023-11-26 23:41:49] Epoch 30/100 | Discriminator Loss: 0.2923 | Generator Loss: 5.2903
[2023-11-26 23:42:35] Epoch 31/100 | Discriminator Loss: 0.0362 | Generator Loss: 6.2280
[2023-11-26 23:43:22] Epoch 32/100 | Discriminator Loss: 0.0585 | Generator Loss: 4.8132
[2023-11-26 23:44:08] Epoch 33/100 | Discriminator Loss: 1.0248 | Generator Loss: 2.8545
[2023-11-26 23:44:54] Epoch 34/100 | Discriminator Loss: 0.4091 | Generator Loss: 3.3406
[2023-11-26 23:45:40] Epoch 35/100 | Discriminator Loss: 0.0060 | Generator Loss: 8.7344
[2023-11-26 23:46:26] Epoch 36/100 | Discriminator Loss: 0.0857 | Generator Loss: 8.5135
[2023-11-26 23:47:12] Epoch 37/100 | Discriminator Loss: 0.1502 | Generator Loss: 3.9277
[2023-11-26 23:47:58] Epoch 38/100 | Discriminator Loss: 0.7542 | Generator Loss: 6.0084
[2023-11-26 23:48:45] Epoch 39/100 | Discriminator Loss: 0.1712 | Generator Loss: 3.3340
[2023-11-26 23:49:31] Epoch 40/100 | Discriminator Loss: 0.4484 | Generator Loss: 4.7296
[2023-11-26 23:50:17] Epoch 41/100 | Discriminator Loss: 0.3675 | Generator Loss: 3.0465
[2023-11-26 23:51:04] Epoch 42/100 | Discriminator Loss: 0.1796 | Generator Loss: 1.7036
[2023-11-26 23:51:49] Epoch 43/100 | Discriminator Loss: 0.6244 | Generator Loss: 7.5164
[2023-11-26 23:52:35] Epoch 44/100 | Discriminator Loss: 1.0974 | Generator Loss: 1.1122
[2023-11-26 23:53:21] Epoch 45/100 | Discriminator Loss: 0.0353 | Generator Loss: 3.7854
[2023-11-26 23:54:07] Epoch 46/100 | Discriminator Loss: 0.7744 | Generator Loss: 4.8625
[2023-11-26 23:54:53] Epoch 47/100 | Discriminator Loss: 0.1053 | Generator Loss: 7.2693
[2023-11-26 23:55:39] Epoch 48/100 | Discriminator Loss: 0.1757 | Generator Loss: 4.2865
[2023-11-26 23:56:24] Epoch 49/100 | Discriminator Loss: 0.0481 | Generator Loss: 5.3831
[2023-11-26 23:57:13] Saved latest checkpoint to medium_learn_medium_batch_latest.pth.tar
[2023-11-26 23:57:13] Saved Epoch 50/100 | Discriminator Loss: 2.7847 | Generator Loss: 2.8557
[2023-11-26 23:57:59] Epoch 51/100 | Discriminator Loss: 0.2821 | Generator Loss: 3.7897
[2023-11-26 23:58:45] Epoch 52/100 | Discriminator Loss: 0.0038 | Generator Loss: 9.2063
[2023-11-26 23:59:31] Epoch 53/100 | Discriminator Loss: 0.0741 | Generator Loss: 8.1174
[2023-11-27 00:00:17] Epoch 54/100 | Discriminator Loss: 0.0688 | Generator Loss: 2.1701
[2023-11-27 00:01:03] Epoch 55/100 | Discriminator Loss: 1.1299 | Generator Loss: 7.0911
[2023-11-27 00:01:49] Epoch 56/100 | Discriminator Loss: 0.0017 | Generator Loss: 7.4397
[2023-11-27 00:02:35] Epoch 57/100 | Discriminator Loss: 0.0026 | Generator Loss: 11.9170
[2023-11-27 00:03:21] Epoch 58/100 | Discriminator Loss: 0.0183 | Generator Loss: 6.8535
[2023-11-27 00:04:07] Epoch 59/100 | Discriminator Loss: 0.6384 | Generator Loss: 3.6394
[2023-11-27 00:04:53] Epoch 60/100 | Discriminator Loss: 0.0025 | Generator Loss: 7.4656
[2023-11-27 00:05:40] Epoch 61/100 | Discriminator Loss: 0.9605 | Generator Loss: 4.4138
[2023-11-27 00:06:26] Epoch 62/100 | Discriminator Loss: 0.4428 | Generator Loss: 5.5550
[2023-11-27 00:07:12] Epoch 63/100 | Discriminator Loss: 0.0012 | Generator Loss: 9.4573
[2023-11-27 00:07:58] Epoch 64/100 | Discriminator Loss: 0.2909 | Generator Loss: 4.2495
[2023-11-27 00:08:44] Epoch 65/100 | Discriminator Loss: 0.0860 | Generator Loss: 5.8577
[2023-11-27 00:09:31] Epoch 66/100 | Discriminator Loss: 0.0090 | Generator Loss: 5.3790
[2023-11-27 00:10:17] Epoch 67/100 | Discriminator Loss: 0.2256 | Generator Loss: 2.7932
[2023-11-27 00:11:04] Epoch 68/100 | Discriminator Loss: 0.0602 | Generator Loss: 7.4937
[2023-11-27 00:11:51] Epoch 69/100 | Discriminator Loss: 0.1868 | Generator Loss: 5.1735
[2023-11-27 00:12:37] Epoch 70/100 | Discriminator Loss: 1.1123 | Generator Loss: 14.3485
[2023-11-27 00:13:24] Epoch 71/100 | Discriminator Loss: 0.8838 | Generator Loss: 6.8646
[2023-11-27 00:14:09] Epoch 72/100 | Discriminator Loss: 0.0288 | Generator Loss: 5.1462
[2023-11-27 00:14:55] Epoch 73/100 | Discriminator Loss: 0.0084 | Generator Loss: 6.8816
[2023-11-27 00:15:41] Epoch 74/100 | Discriminator Loss: 0.2714 | Generator Loss: 4.9270
[2023-11-27 00:16:30] Saved latest checkpoint to medium_learn_medium_batch_latest.pth.tar
[2023-11-27 00:16:30] Saved Epoch 75/100 | Discriminator Loss: 0.0636 | Generator Loss: 5.1600
[2023-11-27 00:17:16] Epoch 76/100 | Discriminator Loss: 0.0773 | Generator Loss: 5.6893
[2023-11-27 00:17:30] Termination signal received. Saved checkpoint to medium_learn_medium_batch_terminated.pth.tar. Exiting.
[2023-11-27 13:03:34] Loaded checkpoint with best_loss_d value of 0.0940568670630455
[2023-11-27 13:03:41] Saved new best checkpoint to medium_learn_medium_batch_best.pth.tar
[2023-11-27 13:03:41] Saved Epoch 77/100 | Discriminator Loss: 0.0067 | Generator Loss: 6.5814
[2023-11-27 13:03:49] Saved new best checkpoint to medium_learn_medium_batch_best.pth.tar
[2023-11-27 13:03:49] Saved Epoch 77/100 | Discriminator Loss: 0.0029 | Generator Loss: 6.9211
[2023-11-27 13:06:51] Saved new best checkpoint to medium_learn_medium_batch_best.pth.tar
[2023-11-27 13:06:51] Saved Epoch 77/100 | Discriminator Loss: 0.0003 | Generator Loss: 11.5385
[2023-11-27 13:08:31] Epoch 77/100 | Discriminator Loss: 0.1036 | Generator Loss: 5.6719
[2023-11-27 13:09:17] Epoch 78/100 | Discriminator Loss: 0.0119 | Generator Loss: 5.8764
[2023-11-27 13:09:45] Saved new best checkpoint to medium_learn_medium_batch_best.pth.tar
[2023-11-27 13:09:45] Saved Epoch 79/100 | Discriminator Loss: 0.0001 | Generator Loss: 9.1741
[2023-11-27 13:10:05] Epoch 79/100 | Discriminator Loss: 0.0003 | Generator Loss: 9.7181
[2023-11-27 13:10:50] Epoch 80/100 | Discriminator Loss: 0.0068 | Generator Loss: 6.8023
[2023-11-27 13:11:27] Saved new best checkpoint to medium_learn_medium_batch_best.pth.tar
[2023-11-27 13:11:27] Saved Epoch 81/100 | Discriminator Loss: 0.0000 | Generator Loss: 10.8920
[2023-11-27 13:11:38] Epoch 81/100 | Discriminator Loss: 0.0001 | Generator Loss: 13.6197
[2023-11-27 13:12:23] Epoch 82/100 | Discriminator Loss: 0.0495 | Generator Loss: 9.7626
[2023-11-27 13:12:43] Saved new best checkpoint to medium_learn_medium_batch_best.pth.tar
[2023-11-27 13:12:43] Saved Epoch 83/100 | Discriminator Loss: 0.0000 | Generator Loss: 16.5626
[2023-11-27 13:13:10] Epoch 83/100 | Discriminator Loss: 0.0210 | Generator Loss: 5.2963
[2023-11-27 13:13:55] Epoch 84/100 | Discriminator Loss: 0.3372 | Generator Loss: 3.3454
[2023-11-27 13:14:39] Epoch 85/100 | Discriminator Loss: 0.1581 | Generator Loss: 7.4294
[2023-11-27 13:15:24] Epoch 86/100 | Discriminator Loss: 1.3661 | Generator Loss: 3.1713
[2023-11-27 13:16:09] Epoch 87/100 | Discriminator Loss: 0.1280 | Generator Loss: 5.4652
[2023-11-27 13:16:54] Epoch 88/100 | Discriminator Loss: 0.0665 | Generator Loss: 3.5145
[2023-11-27 13:17:39] Epoch 89/100 | Discriminator Loss: 0.4681 | Generator Loss: 3.1506
[2023-11-27 13:18:23] Epoch 90/100 | Discriminator Loss: 0.2284 | Generator Loss: 6.2811
[2023-11-27 13:19:08] Epoch 91/100 | Discriminator Loss: 0.0132 | Generator Loss: 9.2348
[2023-11-27 13:19:53] Epoch 92/100 | Discriminator Loss: 0.0540 | Generator Loss: 7.5012
[2023-11-27 13:20:37] Epoch 93/100 | Discriminator Loss: 0.0566 | Generator Loss: 7.1254
[2023-11-27 13:21:22] Epoch 94/100 | Discriminator Loss: 0.0020 | Generator Loss: 11.2489
[2023-11-27 13:22:07] Epoch 95/100 | Discriminator Loss: 0.0688 | Generator Loss: 8.6016
[2023-11-27 13:22:53] Epoch 96/100 | Discriminator Loss: 0.0039 | Generator Loss: 9.2866
[2023-11-27 13:23:38] Epoch 97/100 | Discriminator Loss: 0.2120 | Generator Loss: 12.0588
[2023-11-27 13:23:42] Saved new best checkpoint to medium_learn_medium_batch_best.pth.tar
[2023-11-27 13:23:42] Saved Epoch 98/100 | Discriminator Loss: 0.0000 | Generator Loss: 27.0924
[2023-11-27 13:24:25] Epoch 98/100 | Discriminator Loss: 0.5665 | Generator Loss: 5.6951
[2023-11-27 13:25:09] Epoch 99/100 | Discriminator Loss: 0.0116 | Generator Loss: 7.4762
[2023-11-27 13:25:09] Epoch 100/100 | Discriminator Loss: 0.0116 | Generator Loss: 7.4762
[2023-11-27 13:25:12] Saved checkpoint to medium_learn_medium_batch_terminated.pth.tar. Exiting train.py as epochs are complete...
[2023-11-27 14:27:42] Loaded checkpoint with best_loss_d value of 0.01164760161191225
[2023-11-27 14:29:52] Saved new best checkpoint to medium_learn_medium_batch_best.pth.tar
[2023-11-27 14:29:52] Saved Epoch 0/100 | Discriminator Loss: 0.0007 | Generator Loss: 15.0799
[2023-11-27 14:30:32] Saved new best checkpoint to medium_learn_medium_batch_best.pth.tar
[2023-11-27 14:30:32] Saved Epoch 0/100 | Discriminator Loss: 0.0002 | Generator Loss: 8.5147
[2023-11-27 14:32:36] Epoch 0/100 | Discriminator Loss: 0.0661 | Generator Loss: 6.0699
[2023-11-27 14:33:23] Epoch 1/100 | Discriminator Loss: 0.0089 | Generator Loss: 11.8956
[2023-11-27 14:33:44] Saved new best checkpoint to medium_learn_medium_batch_best.pth.tar
[2023-11-27 14:33:44] Saved Epoch 2/100 | Discriminator Loss: 0.0000 | Generator Loss: 13.6772
[2023-11-27 14:33:48] Saved new best checkpoint to medium_learn_medium_batch_best.pth.tar
[2023-11-27 14:33:48] Saved Epoch 2/100 | Discriminator Loss: 0.0000 | Generator Loss: 15.7658
[2023-11-27 14:34:13] Saved new best checkpoint to medium_learn_medium_batch_best.pth.tar
[2023-11-27 14:34:13] Saved Epoch 2/100 | Discriminator Loss: 0.0000 | Generator Loss: 13.0627
[2023-11-27 14:34:17] Epoch 2/100 | Discriminator Loss: 5.9432 | Generator Loss: 0.0442
[2023-11-27 14:34:23] Saved new best checkpoint to medium_learn_medium_batch_best.pth.tar
[2023-11-27 14:34:23] Saved Epoch 3/100 | Discriminator Loss: 0.0000 | Generator Loss: 19.9257
[2023-11-27 14:35:06] Epoch 3/100 | Discriminator Loss: 0.0476 | Generator Loss: 4.1378
[2023-11-27 14:35:52] Epoch 4/100 | Discriminator Loss: 0.0006 | Generator Loss: 8.2362
[2023-11-27 14:36:38] Epoch 5/100 | Discriminator Loss: 0.2781 | Generator Loss: 5.7823
[2023-11-27 14:37:24] Epoch 6/100 | Discriminator Loss: 0.0144 | Generator Loss: 9.6977
[2023-11-27 14:38:10] Epoch 7/100 | Discriminator Loss: 0.0012 | Generator Loss: 8.6434
[2023-11-27 14:38:56] Epoch 8/100 | Discriminator Loss: 0.0631 | Generator Loss: 7.2125
[2023-11-27 14:39:42] Epoch 9/100 | Discriminator Loss: 0.0023 | Generator Loss: 11.9281
[2023-11-27 14:40:28] Epoch 10/100 | Discriminator Loss: 7.9680 | Generator Loss: 2.9713
[2023-11-27 14:41:14] Epoch 11/100 | Discriminator Loss: 0.0090 | Generator Loss: 5.5355
[2023-11-27 14:42:00] Epoch 12/100 | Discriminator Loss: 0.0154 | Generator Loss: 5.0353
[2023-11-27 14:42:46] Epoch 13/100 | Discriminator Loss: 0.0417 | Generator Loss: 5.0389
[2023-11-27 14:43:32] Epoch 14/100 | Discriminator Loss: 0.3911 | Generator Loss: 8.3352
[2023-11-27 14:44:19] Epoch 15/100 | Discriminator Loss: 0.0102 | Generator Loss: 7.4781
[2023-11-27 14:45:06] Epoch 16/100 | Discriminator Loss: 0.1465 | Generator Loss: 5.5980
[2023-11-27 14:45:52] Epoch 17/100 | Discriminator Loss: 0.0253 | Generator Loss: 6.6332
[2023-11-27 14:46:38] Epoch 18/100 | Discriminator Loss: 0.6310 | Generator Loss: 6.9954
[2023-11-27 14:47:24] Epoch 19/100 | Discriminator Loss: 0.2394 | Generator Loss: 8.0177
[2023-11-27 14:48:11] Epoch 20/100 | Discriminator Loss: 0.0217 | Generator Loss: 7.0401
[2023-11-27 14:48:56] Epoch 21/100 | Discriminator Loss: 0.0375 | Generator Loss: 4.6858
[2023-11-27 14:49:42] Epoch 22/100 | Discriminator Loss: 0.0172 | Generator Loss: 5.3045
[2023-11-27 14:50:28] Epoch 23/100 | Discriminator Loss: 0.1195 | Generator Loss: 3.9599
[2023-11-27 14:51:13] Epoch 24/100 | Discriminator Loss: 0.0993 | Generator Loss: 4.2699
[2023-11-27 14:52:02] Saved latest checkpoint to medium_learn_medium_batch_latest.pth.tar
[2023-11-27 14:52:02] Saved Epoch 25/100 | Discriminator Loss: 0.0185 | Generator Loss: 6.9644
[2023-11-27 14:52:48] Epoch 26/100 | Discriminator Loss: 0.0019 | Generator Loss: 9.3147
[2023-11-27 14:53:34] Epoch 27/100 | Discriminator Loss: 0.2809 | Generator Loss: 7.6606
[2023-11-27 14:54:20] Epoch 28/100 | Discriminator Loss: 0.3637 | Generator Loss: 5.3984
[2023-11-27 14:55:06] Epoch 29/100 | Discriminator Loss: 0.0180 | Generator Loss: 6.9621
[2023-11-27 14:55:52] Epoch 30/100 | Discriminator Loss: 0.0862 | Generator Loss: 5.7185
[2023-11-27 14:56:38] Epoch 31/100 | Discriminator Loss: 0.6205 | Generator Loss: 3.7441
[2023-11-27 14:57:24] Epoch 32/100 | Discriminator Loss: 0.0226 | Generator Loss: 5.1018
[2023-11-27 14:58:11] Epoch 33/100 | Discriminator Loss: 0.0126 | Generator Loss: 5.6590
[2023-11-27 14:58:57] Epoch 34/100 | Discriminator Loss: 2.8802 | Generator Loss: 6.2068
[2023-11-27 14:59:43] Epoch 35/100 | Discriminator Loss: 1.9070 | Generator Loss: 4.1447
[2023-11-27 15:00:28] Epoch 36/100 | Discriminator Loss: 0.0002 | Generator Loss: 7.8762
[2023-11-27 15:01:15] Epoch 37/100 | Discriminator Loss: 2.5369 | Generator Loss: 6.4907
[2023-11-27 15:02:00] Epoch 38/100 | Discriminator Loss: 0.0241 | Generator Loss: 6.2806
[2023-11-27 15:02:46] Epoch 39/100 | Discriminator Loss: 0.0004 | Generator Loss: 8.7888
[2023-11-27 15:03:32] Epoch 40/100 | Discriminator Loss: 6.9830 | Generator Loss: 26.5707
[2023-11-27 15:04:18] Epoch 41/100 | Discriminator Loss: 0.0748 | Generator Loss: 14.4834
[2023-11-27 15:05:04] Epoch 42/100 | Discriminator Loss: 0.0208 | Generator Loss: 7.7613
[2023-11-27 15:05:50] Epoch 43/100 | Discriminator Loss: 0.0031 | Generator Loss: 7.7427
[2023-11-27 15:06:36] Epoch 44/100 | Discriminator Loss: 0.0027 | Generator Loss: 9.5990
[2023-11-27 15:07:22] Epoch 45/100 | Discriminator Loss: 0.0143 | Generator Loss: 7.2961
[2023-11-27 15:08:08] Epoch 46/100 | Discriminator Loss: 0.0013 | Generator Loss: 7.7975
[2023-11-27 15:08:55] Epoch 47/100 | Discriminator Loss: 0.0915 | Generator Loss: 5.7101
[2023-11-27 15:09:41] Epoch 48/100 | Discriminator Loss: 0.0188 | Generator Loss: 9.5431
[2023-11-27 15:10:26] Epoch 49/100 | Discriminator Loss: 0.0371 | Generator Loss: 10.3057
[2023-11-27 15:11:15] Saved latest checkpoint to medium_learn_medium_batch_latest.pth.tar
[2023-11-27 15:11:15] Saved Epoch 50/100 | Discriminator Loss: 0.0244 | Generator Loss: 8.0851
[2023-11-27 15:12:01] Epoch 51/100 | Discriminator Loss: 0.2041 | Generator Loss: 10.8590
[2023-11-27 15:12:46] Epoch 52/100 | Discriminator Loss: 0.0029 | Generator Loss: 7.5910
[2023-11-27 15:13:32] Epoch 53/100 | Discriminator Loss: 0.0030 | Generator Loss: 13.5614
[2023-11-27 15:14:18] Epoch 54/100 | Discriminator Loss: 0.0041 | Generator Loss: 6.3922
[2023-11-27 15:15:07] Saved new best checkpoint to medium_learn_medium_batch_best.pth.tar
[2023-11-27 15:15:07] Saved Epoch 55/100 | Discriminator Loss: 0.0000 | Generator Loss: 15.0777
[2023-11-27 15:15:07] Epoch 55/100 | Discriminator Loss: 0.0000 | Generator Loss: 15.0777
[2023-11-27 15:15:54] Epoch 56/100 | Discriminator Loss: 0.0491 | Generator Loss: 7.3952
[2023-11-27 15:16:40] Epoch 57/100 | Discriminator Loss: 0.0061 | Generator Loss: 6.3108
[2023-11-27 15:17:26] Epoch 58/100 | Discriminator Loss: 0.0006 | Generator Loss: 5.9007
[2023-11-27 15:18:12] Epoch 59/100 | Discriminator Loss: 0.0034 | Generator Loss: 6.6640
[2023-11-27 15:18:59] Epoch 60/100 | Discriminator Loss: 0.6335 | Generator Loss: 12.8827
[2023-11-27 15:19:45] Epoch 61/100 | Discriminator Loss: 0.5147 | Generator Loss: 7.3945
[2023-11-27 15:20:31] Epoch 62/100 | Discriminator Loss: 0.0099 | Generator Loss: 5.1096
[2023-11-27 15:21:18] Epoch 63/100 | Discriminator Loss: 0.0124 | Generator Loss: 6.8384
[2023-11-27 15:22:04] Epoch 64/100 | Discriminator Loss: 0.0047 | Generator Loss: 6.9789
[2023-11-27 15:22:50] Epoch 65/100 | Discriminator Loss: 0.0015 | Generator Loss: 8.4695
[2023-11-27 15:23:37] Epoch 66/100 | Discriminator Loss: 2.6228 | Generator Loss: 3.6045
[2023-11-27 15:24:23] Epoch 67/100 | Discriminator Loss: 0.0971 | Generator Loss: 5.8366
[2023-11-27 15:25:10] Epoch 68/100 | Discriminator Loss: 0.0001 | Generator Loss: 10.1053
[2023-11-27 15:25:56] Epoch 69/100 | Discriminator Loss: 0.0083 | Generator Loss: 6.9898
[2023-11-27 15:26:43] Epoch 70/100 | Discriminator Loss: 0.0702 | Generator Loss: 6.2354
[2023-11-27 15:27:30] Termination signal received. Saved checkpoint to medium_learn_medium_batch_terminated.pth.tar.
[2023-11-27 15:27:30] CUDA cache cleared. Exiting train.py...
[2023-11-27 19:22:30] Loaded checkpoint medium_learn_medium_batch.pth.tar in local epoch 71 with best_loss_d value of 0.00017439907242078334
[2023-11-27 19:25:24] Saved new best checkpoint medium_learn_medium_batch_best.pth.tar
[2023-11-27 19:25:24] Saved Epoch 71/100 | Discriminator Loss: 0.000033 | Generator Loss: 13.907619
[2023-11-27 19:27:22] Epoch 71/100 | Discriminator Loss: 0.123023 | Generator Loss: 9.338758
[2023-11-27 19:28:10] Epoch 72/100 | Discriminator Loss: 0.055451 | Generator Loss: 4.644468
[2023-11-27 19:28:58] Epoch 73/100 | Discriminator Loss: 0.033111 | Generator Loss: 5.273969
[2023-11-27 19:29:46] Epoch 74/100 | Discriminator Loss: 0.026982 | Generator Loss: 5.857834
[2023-11-27 19:30:36] Saved latest checkpoint medium_learn_medium_batch_latest.pth.tar
[2023-11-27 19:30:36] Saved Epoch 75/100 | Discriminator Loss: 0.001117 | Generator Loss: 9.737259
[2023-11-27 19:31:23] Epoch 76/100 | Discriminator Loss: 0.035247 | Generator Loss: 4.472752
[2023-11-27 19:32:10] Epoch 77/100 | Discriminator Loss: 0.694334 | Generator Loss: 6.582970
[2023-11-27 19:32:53] Saved new best checkpoint medium_learn_medium_batch_best.pth.tar
[2023-11-27 19:32:53] Saved Epoch 78/100 | Discriminator Loss: 0.000016 | Generator Loss: 13.610329
[2023-11-27 19:33:01] Epoch 78/100 | Discriminator Loss: 0.036493 | Generator Loss: 4.960331
[2023-11-27 19:33:48] Epoch 79/100 | Discriminator Loss: 0.001213 | Generator Loss: 8.362738
[2023-11-27 19:34:36] Epoch 80/100 | Discriminator Loss: 0.244909 | Generator Loss: 8.365439
[2023-11-27 19:35:23] Epoch 81/100 | Discriminator Loss: 0.127711 | Generator Loss: 5.914958
[2023-11-27 19:36:11] Epoch 82/100 | Discriminator Loss: 0.008029 | Generator Loss: 5.351575
[2023-11-27 19:36:58] Epoch 83/100 | Discriminator Loss: 0.390368 | Generator Loss: 6.372980
[2023-11-27 19:37:45] Epoch 84/100 | Discriminator Loss: 0.027267 | Generator Loss: 3.551843
[2023-11-27 19:38:33] Epoch 85/100 | Discriminator Loss: 0.030095 | Generator Loss: 10.152559
[2023-11-27 19:39:20] Epoch 86/100 | Discriminator Loss: 0.064140 | Generator Loss: 5.171959
[2023-11-27 19:40:08] Epoch 87/100 | Discriminator Loss: 0.006221 | Generator Loss: 6.186833
[2023-11-27 19:40:56] Epoch 88/100 | Discriminator Loss: 0.113562 | Generator Loss: 4.704278
[2023-11-27 19:41:44] Epoch 89/100 | Discriminator Loss: 0.007452 | Generator Loss: 5.212818
[2023-11-27 19:42:32] Epoch 90/100 | Discriminator Loss: 0.013409 | Generator Loss: 5.339547
[2023-11-27 19:43:19] Epoch 91/100 | Discriminator Loss: 0.031071 | Generator Loss: 5.650515
[2023-11-27 19:44:02] Saved new best checkpoint medium_learn_medium_batch_best.pth.tar
[2023-11-27 19:44:02] Saved Epoch 92/100 | Discriminator Loss: 0.000013 | Generator Loss: 13.587144
[2023-11-27 19:44:09] Epoch 92/100 | Discriminator Loss: 0.092191 | Generator Loss: 7.423232
[2023-11-27 19:44:52] Saved new best checkpoint medium_learn_medium_batch_best.pth.tar
[2023-11-27 19:44:52] Saved Epoch 93/100 | Discriminator Loss: 0.000008 | Generator Loss: 14.597423
[2023-11-27 19:44:59] Epoch 93/100 | Discriminator Loss: 0.006534 | Generator Loss: 6.915791
[2023-11-27 19:45:45] Epoch 94/100 | Discriminator Loss: 0.013098 | Generator Loss: 7.182150
[2023-11-27 19:46:31] Epoch 95/100 | Discriminator Loss: 0.000624 | Generator Loss: 12.108577
[2023-11-27 19:47:18] Epoch 96/100 | Discriminator Loss: 0.156322 | Generator Loss: 8.765943
[2023-11-27 19:48:05] Epoch 97/100 | Discriminator Loss: 0.068547 | Generator Loss: 0.438426
[2023-11-27 19:48:52] Epoch 98/100 | Discriminator Loss: 0.025060 | Generator Loss: 6.231157
[2023-11-27 19:49:39] Epoch 99/100 | Discriminator Loss: 0.004824 | Generator Loss: 10.622358
[2023-11-27 19:49:39] Epoch 100/100 | Discriminator Loss: 0.004824 | Generator Loss: 10.622358
[2023-11-27 19:49:42] Saved checkpoint medium_learn_medium_batch_terminated.pth.tar.
[2023-11-27 19:49:42] CUDA cache cleared. Exiting train.py...
[2023-11-27 21:26:42] Loaded checkpoint medium_learn_medium_batch.pth.tar in local epoch 0 with best_loss_d value of 0.004824297036975622
[2023-11-27 21:26:52] Saved new best checkpoint medium_learn_medium_batch_best.pth.tar
[2023-11-27 21:26:52] Saved Epoch 0/500 | Discriminator Loss: 0.002802 | Generator Loss: 6.730009
[2023-11-27 21:28:05] Saved new best checkpoint medium_learn_medium_batch_best.pth.tar
[2023-11-27 21:28:05] Saved Epoch 0/500 | Discriminator Loss: 0.001161 | Generator Loss: 11.419428
[2023-11-27 21:29:22] Saved new best checkpoint medium_learn_medium_batch_best.pth.tar
[2023-11-27 21:29:22] Saved Epoch 0/500 | Discriminator Loss: 0.001104 | Generator Loss: 8.246355
[2023-11-27 21:29:42] Saved new best checkpoint medium_learn_medium_batch_best.pth.tar
[2023-11-27 21:29:42] Saved Epoch 0/500 | Discriminator Loss: 0.000744 | Generator Loss: 8.183652
[2023-11-27 21:30:20] Saved new best checkpoint medium_learn_medium_batch_best.pth.tar
[2023-11-27 21:30:20] Saved Epoch 0/500 | Discriminator Loss: 0.000055 | Generator Loss: 11.252218
[2023-11-27 21:32:01] Saved new best checkpoint medium_learn_medium_batch_best.pth.tar
[2023-11-27 21:32:01] Saved Epoch 0/500 | Discriminator Loss: 0.000034 | Generator Loss: 11.719856
[2023-11-27 21:32:10] Epoch 0/500 | Discriminator Loss: 0.061355 | Generator Loss: 11.361332
[2023-11-27 21:32:59] Epoch 1/500 | Discriminator Loss: 0.016223 | Generator Loss: 6.478001
[2023-11-27 21:33:46] Epoch 2/500 | Discriminator Loss: 0.000696 | Generator Loss: 8.361576
[2023-11-27 21:34:23] Saved new best checkpoint medium_learn_medium_batch_best.pth.tar
[2023-11-27 21:34:23] Saved Epoch 3/500 | Discriminator Loss: 0.000028 | Generator Loss: 12.513725
[2023-11-27 21:34:28] Saved new best checkpoint medium_learn_medium_batch_best.pth.tar
[2023-11-27 21:34:28] Saved Epoch 3/500 | Discriminator Loss: 0.000009 | Generator Loss: 13.150751
[2023-11-27 21:34:39] Epoch 3/500 | Discriminator Loss: 0.008621 | Generator Loss: 13.652176
[2023-11-27 21:34:43] Saved new best checkpoint medium_learn_medium_batch_best.pth.tar
[2023-11-27 21:34:43] Saved Epoch 4/500 | Discriminator Loss: 0.000004 | Generator Loss: 13.829606
[2023-11-27 21:35:30] Epoch 4/500 | Discriminator Loss: 0.048148 | Generator Loss: 4.661331
[2023-11-27 21:36:17] Epoch 5/500 | Discriminator Loss: 0.000889 | Generator Loss: 8.270148
[2023-11-27 21:37:05] Epoch 6/500 | Discriminator Loss: 0.016267 | Generator Loss: 5.805868
[2023-11-27 21:37:53] Epoch 7/500 | Discriminator Loss: 0.025738 | Generator Loss: 5.603239
[2023-11-27 21:38:41] Epoch 8/500 | Discriminator Loss: 1.786742 | Generator Loss: 1.713618
[2023-11-27 21:39:28] Epoch 9/500 | Discriminator Loss: 0.062213 | Generator Loss: 3.946542
[2023-11-27 21:40:15] Epoch 10/500 | Discriminator Loss: 6.321071 | Generator Loss: 20.731853
[2023-11-27 21:41:03] Epoch 11/500 | Discriminator Loss: 0.000492 | Generator Loss: 9.449185
[2023-11-27 21:41:50] Epoch 12/500 | Discriminator Loss: 0.011157 | Generator Loss: 10.234274
[2023-11-27 21:42:38] Epoch 13/500 | Discriminator Loss: 0.068150 | Generator Loss: 6.154563
[2023-11-27 21:43:25] Epoch 14/500 | Discriminator Loss: 14.544989 | Generator Loss: 12.739820
[2023-11-27 21:44:13] Epoch 15/500 | Discriminator Loss: 0.000128 | Generator Loss: 9.174866
[2023-11-27 21:45:00] Epoch 16/500 | Discriminator Loss: 0.614492 | Generator Loss: 6.465686
[2023-11-27 21:45:47] Epoch 17/500 | Discriminator Loss: 0.319858 | Generator Loss: 8.666504
[2023-11-27 21:46:33] Epoch 18/500 | Discriminator Loss: 0.015028 | Generator Loss: 5.658528
[2023-11-27 21:47:20] Epoch 19/500 | Discriminator Loss: 0.001574 | Generator Loss: 7.361715
[2023-11-27 21:48:08] Epoch 20/500 | Discriminator Loss: 0.003396 | Generator Loss: 14.272937
[2023-11-27 21:48:14] Saved new best checkpoint medium_learn_medium_batch_best.pth.tar
[2023-11-27 21:48:14] Saved Epoch 21/500 | Discriminator Loss: 0.000004 | Generator Loss: 17.090576
[2023-11-27 21:48:59] Epoch 21/500 | Discriminator Loss: 3.721051 | Generator Loss: 0.000325
[2023-11-27 21:49:46] Epoch 22/500 | Discriminator Loss: 0.006153 | Generator Loss: 5.974116
[2023-11-27 21:50:33] Epoch 23/500 | Discriminator Loss: 2.446502 | Generator Loss: 10.651142
[2023-11-27 21:51:21] Epoch 24/500 | Discriminator Loss: 0.000867 | Generator Loss: 9.261993
[2023-11-27 21:52:10] Saved new best checkpoint medium_learn_medium_batch_best.pth.tar
[2023-11-27 21:52:10] Saved Epoch 25/500 | Discriminator Loss: 0.000003 | Generator Loss: 13.781028
[2023-11-27 21:52:14] Saved latest checkpoint medium_learn_medium_batch_latest.pth.tar
[2023-11-27 21:52:14] Saved Epoch 25/500 | Discriminator Loss: 0.024061 | Generator Loss: 5.790181
[2023-11-27 21:53:02] Epoch 26/500 | Discriminator Loss: 0.012693 | Generator Loss: 5.196918
[2023-11-27 21:53:49] Epoch 27/500 | Discriminator Loss: 0.015505 | Generator Loss: 8.671861
[2023-11-27 21:54:36] Epoch 28/500 | Discriminator Loss: 0.201378 | Generator Loss: 4.682623
[2023-11-27 21:55:24] Epoch 29/500 | Discriminator Loss: 0.026507 | Generator Loss: 6.838644
[2023-11-27 21:56:12] Epoch 30/500 | Discriminator Loss: 0.169608 | Generator Loss: 4.753442
[2023-11-27 21:57:00] Epoch 31/500 | Discriminator Loss: 0.002634 | Generator Loss: 9.919384
[2023-11-27 21:57:47] Epoch 32/500 | Discriminator Loss: 0.046803 | Generator Loss: 6.558355
[2023-11-27 21:58:34] Epoch 33/500 | Discriminator Loss: 0.050989 | Generator Loss: 5.829024
[2023-11-27 21:59:22] Epoch 34/500 | Discriminator Loss: 0.039459 | Generator Loss: 5.872622
[2023-11-27 22:00:09] Epoch 35/500 | Discriminator Loss: 0.071529 | Generator Loss: 5.698606
[2023-11-27 22:00:56] Epoch 36/500 | Discriminator Loss: 0.007662 | Generator Loss: 5.606164
[2023-11-27 22:01:43] Epoch 37/500 | Discriminator Loss: 0.023760 | Generator Loss: 6.282730
[2023-11-27 22:02:31] Epoch 38/500 | Discriminator Loss: 0.006858 | Generator Loss: 6.850866
[2023-11-27 22:03:18] Epoch 39/500 | Discriminator Loss: 0.157752 | Generator Loss: 5.017879
[2023-11-27 22:04:05] Epoch 40/500 | Discriminator Loss: 0.003360 | Generator Loss: 8.475775
[2023-11-27 22:04:52] Epoch 41/500 | Discriminator Loss: 0.000302 | Generator Loss: 8.480273
[2023-11-27 22:05:40] Epoch 42/500 | Discriminator Loss: 0.004604 | Generator Loss: 11.004265
[2023-11-27 22:06:07] Saved new best checkpoint medium_learn_medium_batch_best.pth.tar
[2023-11-27 22:06:07] Saved Epoch 43/500 | Discriminator Loss: 0.000002 | Generator Loss: 16.794701
[2023-11-27 22:06:30] Epoch 43/500 | Discriminator Loss: 0.081302 | Generator Loss: 3.795232
[2023-11-27 22:07:18] Epoch 44/500 | Discriminator Loss: 0.016000 | Generator Loss: 7.989729
[2023-11-27 22:08:06] Epoch 45/500 | Discriminator Loss: 0.005671 | Generator Loss: 7.043932
[2023-11-27 22:08:54] Epoch 46/500 | Discriminator Loss: 0.000125 | Generator Loss: 9.908325
[2023-11-27 22:09:42] Epoch 47/500 | Discriminator Loss: 0.119131 | Generator Loss: 6.445619
[2023-11-27 22:10:00] Saved new best checkpoint medium_learn_medium_batch_best.pth.tar
[2023-11-27 22:10:00] Saved Epoch 48/500 | Discriminator Loss: 0.000001 | Generator Loss: 15.672831
[2023-11-27 22:10:34] Epoch 48/500 | Discriminator Loss: 0.001504 | Generator Loss: 9.765286
[2023-11-27 22:11:22] Epoch 49/500 | Discriminator Loss: 0.008068 | Generator Loss: 6.047254
[2023-11-27 22:12:12] Saved latest checkpoint medium_learn_medium_batch_latest.pth.tar
[2023-11-27 22:12:12] Saved Epoch 50/500 | Discriminator Loss: 0.016138 | Generator Loss: 7.041935
[2023-11-27 22:13:00] Epoch 51/500 | Discriminator Loss: 0.000060 | Generator Loss: 19.034622
[2023-11-27 22:13:47] Epoch 52/500 | Discriminator Loss: 15.833992 | Generator Loss: 17.747269
[2023-11-27 22:14:34] Epoch 53/500 | Discriminator Loss: 0.000124 | Generator Loss: 9.262476
[2023-11-27 22:15:11] Saved new best checkpoint medium_learn_medium_batch_best.pth.tar
[2023-11-27 22:15:11] Saved Epoch 54/500 | Discriminator Loss: 0.000001 | Generator Loss: 17.504616
[2023-11-27 22:15:25] Epoch 54/500 | Discriminator Loss: 0.000309 | Generator Loss: 10.411013
[2023-11-27 22:16:12] Epoch 55/500 | Discriminator Loss: 0.000044 | Generator Loss: 11.250098
[2023-11-27 22:17:00] Epoch 56/500 | Discriminator Loss: 0.000174 | Generator Loss: 10.783813
[2023-11-27 22:17:48] Epoch 57/500 | Discriminator Loss: 0.041239 | Generator Loss: 6.728024
[2023-11-27 22:18:36] Epoch 58/500 | Discriminator Loss: 0.304067 | Generator Loss: 8.288743
[2023-11-27 22:18:50] Saved new best checkpoint medium_learn_medium_batch_best.pth.tar
[2023-11-27 22:18:50] Saved Epoch 59/500 | Discriminator Loss: 0.000001 | Generator Loss: 17.917294
[2023-11-27 22:18:55] Saved new best checkpoint medium_learn_medium_batch_best.pth.tar
[2023-11-27 22:18:55] Saved Epoch 59/500 | Discriminator Loss: 0.000000 | Generator Loss: 20.454918
[2023-11-27 22:19:29] Epoch 59/500 | Discriminator Loss: 0.000063 | Generator Loss: 11.456742
[2023-11-27 22:20:17] Epoch 60/500 | Discriminator Loss: 0.024911 | Generator Loss: 12.713559
[2023-11-27 22:21:04] Epoch 61/500 | Discriminator Loss: 0.226452 | Generator Loss: 2.341380
[2023-11-27 22:21:51] Epoch 62/500 | Discriminator Loss: 0.101393 | Generator Loss: 6.542476
[2023-11-27 22:22:38] Epoch 63/500 | Discriminator Loss: 0.002785 | Generator Loss: 7.240170
[2023-11-27 22:23:25] Epoch 64/500 | Discriminator Loss: 0.002806 | Generator Loss: 6.998987
[2023-11-27 22:24:12] Epoch 65/500 | Discriminator Loss: 0.010394 | Generator Loss: 5.877896
[2023-11-27 22:24:59] Epoch 66/500 | Discriminator Loss: 0.001385 | Generator Loss: 8.983235
[2023-11-27 22:25:47] Epoch 67/500 | Discriminator Loss: 0.004236 | Generator Loss: 6.742525
[2023-11-27 22:26:34] Epoch 68/500 | Discriminator Loss: 0.005932 | Generator Loss: 9.113350
[2023-11-27 22:27:22] Epoch 69/500 | Discriminator Loss: 1.231005 | Generator Loss: 2.906508
[2023-11-27 22:28:09] Epoch 70/500 | Discriminator Loss: 0.003400 | Generator Loss: 4.846739
[2023-11-27 22:28:56] Epoch 71/500 | Discriminator Loss: 0.001451 | Generator Loss: 7.922179
[2023-11-27 22:29:44] Epoch 72/500 | Discriminator Loss: 0.000654 | Generator Loss: 8.347683
[2023-11-27 22:30:30] Epoch 73/500 | Discriminator Loss: 0.004648 | Generator Loss: 5.942696
[2023-11-27 22:31:18] Epoch 74/500 | Discriminator Loss: 0.419507 | Generator Loss: 5.274275
[2023-11-27 22:32:10] Saved latest checkpoint medium_learn_medium_batch_latest.pth.tar
[2023-11-27 22:32:10] Saved Epoch 75/500 | Discriminator Loss: 0.000604 | Generator Loss: 10.186699
[2023-11-27 22:32:57] Epoch 76/500 | Discriminator Loss: 0.002990 | Generator Loss: 9.206948
[2023-11-27 22:33:44] Epoch 77/500 | Discriminator Loss: 0.037025 | Generator Loss: 5.986326
[2023-11-27 22:34:32] Epoch 78/500 | Discriminator Loss: 0.005424 | Generator Loss: 5.626845
[2023-11-27 22:35:20] Epoch 79/500 | Discriminator Loss: 0.005027 | Generator Loss: 6.724618
[2023-11-27 22:36:07] Epoch 80/500 | Discriminator Loss: 0.918667 | Generator Loss: 0.002858
[2023-11-27 22:36:53] Epoch 81/500 | Discriminator Loss: 0.017926 | Generator Loss: 6.074677
[2023-11-27 22:37:41] Epoch 82/500 | Discriminator Loss: 0.002722 | Generator Loss: 7.984415
[2023-11-27 22:38:28] Epoch 83/500 | Discriminator Loss: 0.028900 | Generator Loss: 7.225881
[2023-11-27 22:39:16] Epoch 84/500 | Discriminator Loss: 1.169090 | Generator Loss: 9.934708
[2023-11-27 22:40:03] Epoch 85/500 | Discriminator Loss: 0.000013 | Generator Loss: 12.703659
[2023-11-27 22:40:50] Epoch 86/500 | Discriminator Loss: 0.264291 | Generator Loss: 12.935961
[2023-11-27 22:41:37] Epoch 87/500 | Discriminator Loss: 0.001249 | Generator Loss: 7.740622
[2023-11-27 22:42:25] Epoch 88/500 | Discriminator Loss: 0.026043 | Generator Loss: 5.675008
[2023-11-27 22:43:13] Epoch 89/500 | Discriminator Loss: 0.004401 | Generator Loss: 6.585299
[2023-11-27 22:44:01] Epoch 90/500 | Discriminator Loss: 0.001600 | Generator Loss: 9.850190
[2023-11-27 22:44:48] Epoch 91/500 | Discriminator Loss: 0.002238 | Generator Loss: 8.361162
[2023-11-27 22:45:36] Epoch 92/500 | Discriminator Loss: 2.707094 | Generator Loss: 2.229348
[2023-11-27 22:46:24] Epoch 93/500 | Discriminator Loss: 0.018365 | Generator Loss: 8.443811
[2023-11-27 22:47:13] Epoch 94/500 | Discriminator Loss: 0.007887 | Generator Loss: 6.497785
[2023-11-27 22:48:01] Epoch 95/500 | Discriminator Loss: 0.227297 | Generator Loss: 7.271294
[2023-11-27 22:48:48] Epoch 96/500 | Discriminator Loss: 0.653959 | Generator Loss: 7.313775
[2023-11-27 22:49:35] Epoch 97/500 | Discriminator Loss: 0.025683 | Generator Loss: 5.404830
[2023-11-27 22:50:23] Epoch 98/500 | Discriminator Loss: 0.022535 | Generator Loss: 5.854506
[2023-11-27 22:51:11] Epoch 99/500 | Discriminator Loss: 0.039861 | Generator Loss: 5.406106
[2023-11-27 22:51:58] Epoch 100/500 | Discriminator Loss: 0.000803 | Generator Loss: 8.410801
[2023-11-27 22:52:46] Epoch 101/500 | Discriminator Loss: 0.000320 | Generator Loss: 8.934643
[2023-11-27 22:53:34] Epoch 102/500 | Discriminator Loss: 0.000230 | Generator Loss: 12.800402
[2023-11-27 22:54:21] Epoch 103/500 | Discriminator Loss: 0.000368 | Generator Loss: 9.137764
[2023-11-27 22:55:08] Epoch 104/500 | Discriminator Loss: 0.341276 | Generator Loss: 5.198833
[2023-11-27 22:55:56] Epoch 105/500 | Discriminator Loss: 0.000109 | Generator Loss: 11.816381
[2023-11-27 22:56:43] Epoch 106/500 | Discriminator Loss: 0.004221 | Generator Loss: 7.127773
[2023-11-27 22:57:30] Epoch 107/500 | Discriminator Loss: 0.005034 | Generator Loss: 6.599005
[2023-11-27 22:58:18] Epoch 108/500 | Discriminator Loss: 0.203313 | Generator Loss: 7.053467
[2023-11-27 22:59:05] Epoch 109/500 | Discriminator Loss: 0.007125 | Generator Loss: 5.748517
[2023-11-27 22:59:52] Epoch 110/500 | Discriminator Loss: 0.000791 | Generator Loss: 9.622684
[2023-11-27 23:00:40] Epoch 111/500 | Discriminator Loss: 0.006953 | Generator Loss: 8.407906
[2023-11-27 23:01:28] Epoch 112/500 | Discriminator Loss: 0.014649 | Generator Loss: 5.687054
[2023-11-27 23:02:15] Epoch 113/500 | Discriminator Loss: 0.003221 | Generator Loss: 6.210753
[2023-11-27 23:03:02] Epoch 114/500 | Discriminator Loss: 0.013151 | Generator Loss: 7.280297
[2023-11-27 23:03:50] Epoch 115/500 | Discriminator Loss: 0.005720 | Generator Loss: 5.944087
[2023-11-27 23:04:38] Epoch 116/500 | Discriminator Loss: 0.004146 | Generator Loss: 9.340174
[2023-11-27 23:05:26] Epoch 117/500 | Discriminator Loss: 0.091431 | Generator Loss: 11.357585
[2023-11-27 23:06:14] Epoch 118/500 | Discriminator Loss: 0.007976 | Generator Loss: 5.831256
[2023-11-27 23:07:02] Epoch 119/500 | Discriminator Loss: 0.010740 | Generator Loss: 7.870305
[2023-11-27 23:07:49] Epoch 120/500 | Discriminator Loss: 0.507940 | Generator Loss: 2.750913
[2023-11-27 23:08:36] Epoch 121/500 | Discriminator Loss: 0.000363 | Generator Loss: 7.536553
[2023-11-27 23:09:24] Epoch 122/500 | Discriminator Loss: 0.005628 | Generator Loss: 7.905607
[2023-11-27 23:10:11] Epoch 123/500 | Discriminator Loss: 0.316612 | Generator Loss: 2.886565
[2023-11-27 23:10:59] Epoch 124/500 | Discriminator Loss: 0.002664 | Generator Loss: 11.671255
[2023-11-27 23:11:46] Epoch 125/500 | Discriminator Loss: 5.997933 | Generator Loss: 22.856464
[2023-11-27 23:12:34] Epoch 126/500 | Discriminator Loss: 0.000075 | Generator Loss: 10.206879
[2023-11-27 23:13:22] Epoch 127/500 | Discriminator Loss: 0.004882 | Generator Loss: 6.591791
[2023-11-27 23:14:09] Epoch 128/500 | Discriminator Loss: 0.004909 | Generator Loss: 6.336576
[2023-11-27 23:14:56] Epoch 129/500 | Discriminator Loss: 0.000589 | Generator Loss: 11.474471
[2023-11-27 23:15:44] Epoch 130/500 | Discriminator Loss: 0.016722 | Generator Loss: 6.801132
[2023-11-27 23:16:31] Epoch 131/500 | Discriminator Loss: 0.140449 | Generator Loss: 7.093381
[2023-11-27 23:17:19] Epoch 132/500 | Discriminator Loss: 0.000063 | Generator Loss: 11.183393
[2023-11-27 23:18:06] Epoch 133/500 | Discriminator Loss: 0.000257 | Generator Loss: 11.892825
[2023-11-27 23:18:54] Epoch 134/500 | Discriminator Loss: 0.034605 | Generator Loss: 5.036189
[2023-11-27 23:19:42] Epoch 135/500 | Discriminator Loss: 0.005718 | Generator Loss: 6.842366
[2023-11-27 23:20:30] Epoch 136/500 | Discriminator Loss: 0.042690 | Generator Loss: 6.865548
[2023-11-27 23:21:17] Epoch 137/500 | Discriminator Loss: 0.009609 | Generator Loss: 7.088481
[2023-11-27 23:22:05] Epoch 138/500 | Discriminator Loss: 0.025394 | Generator Loss: 4.758659
[2023-11-27 23:22:53] Epoch 139/500 | Discriminator Loss: 0.000325 | Generator Loss: 8.484889
[2023-11-27 23:23:40] Epoch 140/500 | Discriminator Loss: 0.072738 | Generator Loss: 6.318700
[2023-11-27 23:24:28] Epoch 141/500 | Discriminator Loss: 0.052224 | Generator Loss: 7.956209
[2023-11-27 23:25:15] Epoch 142/500 | Discriminator Loss: 0.011105 | Generator Loss: 7.375757
[2023-11-27 23:26:03] Epoch 143/500 | Discriminator Loss: 4.172193 | Generator Loss: 0.024663
[2023-11-27 23:26:51] Epoch 144/500 | Discriminator Loss: 0.018153 | Generator Loss: 7.051885
[2023-11-27 23:27:38] Epoch 145/500 | Discriminator Loss: 0.005377 | Generator Loss: 6.077879
[2023-11-27 23:28:24] Epoch 146/500 | Discriminator Loss: 0.000202 | Generator Loss: 10.339849
[2023-11-27 23:29:12] Epoch 147/500 | Discriminator Loss: 0.009971 | Generator Loss: 5.332030
[2023-11-27 23:30:00] Epoch 148/500 | Discriminator Loss: 0.049135 | Generator Loss: 6.213034
[2023-11-27 23:30:48] Epoch 149/500 | Discriminator Loss: 0.018097 | Generator Loss: 7.420291
[2023-11-27 23:31:36] Epoch 150/500 | Discriminator Loss: 0.308313 | Generator Loss: 5.114886
[2023-11-27 23:32:23] Epoch 151/500 | Discriminator Loss: 0.971642 | Generator Loss: 20.808340
[2023-11-27 23:32:29] Saved new best checkpoint medium_learn_medium_batch_best.pth.tar
[2023-11-27 23:32:29] Saved Epoch 152/500 | Discriminator Loss: 0.000000 | Generator Loss: 21.571709