[2023-11-28 11:44:02] Loaded checkpoint low_learn_medium_batch.pth.tar in local epoch 77 with best_loss_d value of 0.03405848145484924
[2023-11-28 11:44:11] Saved new best checkpoint low_learn_medium_batch_best.pth.tar
[2023-11-28 11:44:11] Saved Epoch 77/100 | Discriminator Loss: 0.030877 | Generator Loss: 5.052288
[2023-11-28 11:44:51] Saved new best checkpoint low_learn_medium_batch_best.pth.tar
[2023-11-28 11:44:51] Saved Epoch 77/100 | Discriminator Loss: 0.019504 | Generator Loss: 5.335188
[2023-11-28 11:44:59] Saved new best checkpoint low_learn_medium_batch_best.pth.tar
[2023-11-28 11:44:59] Saved Epoch 77/100 | Discriminator Loss: 0.007104 | Generator Loss: 6.968046
[2023-11-28 11:45:13] Saved new best checkpoint low_learn_medium_batch_best.pth.tar
[2023-11-28 11:45:13] Saved Epoch 77/100 | Discriminator Loss: 0.005760 | Generator Loss: 7.671338
[2023-11-28 11:45:34] Saved new best checkpoint low_learn_medium_batch_best.pth.tar
[2023-11-28 11:45:34] Saved Epoch 77/100 | Discriminator Loss: 0.000170 | Generator Loss: 22.140127
[2023-11-28 11:49:23] Epoch 77/100 | Discriminator Loss: 0.016662 | Generator Loss: 5.979227
[2023-11-28 11:50:10] Epoch 78/100 | Discriminator Loss: 0.089032 | Generator Loss: 3.605994
[2023-11-28 11:50:55] Epoch 79/100 | Discriminator Loss: 0.169918 | Generator Loss: 4.877343
[2023-11-28 11:51:41] Epoch 80/100 | Discriminator Loss: 0.063795 | Generator Loss: 4.618958
[2023-11-28 11:52:28] Epoch 81/100 | Discriminator Loss: 0.051870 | Generator Loss: 4.270151
[2023-11-28 11:53:14] Epoch 82/100 | Discriminator Loss: 0.018307 | Generator Loss: 5.619900
[2023-11-28 11:54:00] Epoch 83/100 | Discriminator Loss: 0.015132 | Generator Loss: 6.578094
[2023-11-28 11:54:46] Epoch 84/100 | Discriminator Loss: 0.014843 | Generator Loss: 7.576602
[2023-11-28 11:55:18] Saved new best checkpoint low_learn_medium_batch_best.pth.tar
[2023-11-28 11:55:18] Saved Epoch 85/100 | Discriminator Loss: 0.000149 | Generator Loss: 13.711201
[2023-11-28 11:55:35] Epoch 85/100 | Discriminator Loss: 1.576807 | Generator Loss: 11.481421
[2023-11-28 11:55:41] Saved new best checkpoint low_learn_medium_batch_best.pth.tar
[2023-11-28 11:55:41] Saved Epoch 86/100 | Discriminator Loss: 0.000148 | Generator Loss: 10.099789
[2023-11-28 11:56:25] Epoch 86/100 | Discriminator Loss: 0.081197 | Generator Loss: 1.687166
[2023-11-28 11:57:11] Epoch 87/100 | Discriminator Loss: 0.003662 | Generator Loss: 7.739028
[2023-11-28 11:57:57] Epoch 88/100 | Discriminator Loss: 0.014922 | Generator Loss: 4.555853
[2023-11-28 11:58:44] Epoch 89/100 | Discriminator Loss: 0.019810 | Generator Loss: 4.930725
[2023-11-28 11:59:31] Epoch 90/100 | Discriminator Loss: 0.058017 | Generator Loss: 4.814188
[2023-11-28 11:59:53] Saved new best checkpoint low_learn_medium_batch_best.pth.tar
[2023-11-28 11:59:53] Saved Epoch 91/100 | Discriminator Loss: 0.000093 | Generator Loss: 10.255476
[2023-11-28 12:00:20] Epoch 91/100 | Discriminator Loss: 0.043514 | Generator Loss: 7.046532
[2023-11-28 12:01:06] Epoch 92/100 | Discriminator Loss: 0.115014 | Generator Loss: 4.135927
[2023-11-28 12:01:53] Epoch 93/100 | Discriminator Loss: 0.013450 | Generator Loss: 8.147388
[2023-11-28 12:02:01] Saved new best checkpoint low_learn_medium_batch_best.pth.tar
[2023-11-28 12:02:01] Saved Epoch 94/100 | Discriminator Loss: 0.000011 | Generator Loss: 11.145382
[2023-11-28 12:02:41] Epoch 94/100 | Discriminator Loss: 0.005936 | Generator Loss: 6.256524
[2023-11-28 12:03:27] Epoch 95/100 | Discriminator Loss: 0.259703 | Generator Loss: 8.099253
[2023-11-28 12:04:13] Epoch 96/100 | Discriminator Loss: 0.007292 | Generator Loss: 5.649304
[2023-11-28 12:04:59] Epoch 97/100 | Discriminator Loss: 0.098727 | Generator Loss: 3.138285
[2023-11-28 12:05:46] Epoch 98/100 | Discriminator Loss: 0.007560 | Generator Loss: 6.581823
[2023-11-28 12:06:32] Epoch 99/100 | Discriminator Loss: 0.033829 | Generator Loss: 6.059656
[2023-11-28 12:06:32] Epoch 100/100 | Discriminator Loss: 0.033829 | Generator Loss: 6.059656
[2023-11-28 12:06:35] Saved checkpoint low_learn_medium_batch_terminated.pth.tar.
[2023-11-28 12:06:35] CUDA cache cleared. Exiting train.py...