000 (55385.000.000) 2023-11-27 14:27:26 Job submitted from host: <140.160.143.130:9618?addrs=140.160.143.130-9618&alias=csci-head.cluster.cs.wwu.edu&noUDP&sock=schedd_1686_08c4>
...
001 (55385.000.000) 2023-11-27 14:27:27 Job executing on host: <140.160.143.174:9618?addrs=140.160.143.174-9618&alias=g-1-2.cluster.cs.wwu.edu&noUDP&sock=startd_3815_59e5>
        SlotName: slot1_1@g-1-2.cluster.cs.wwu.edu
        AvailableGPUs = { GPUs_GPU_d1319fc0,GPUs_GPU_9368d749,GPUs_GPU_a1d64d6b }
        CondorScratchDir = "/scratch_ssd/condor/execute/dir_1401137"
        Cpus = 1
        Disk = 3503172
        GPUs = 3
        GPUs_GPU_9368d749 = [ DeviceName = "NVIDIA GeForce RTX 2080 Ti"; DriverVersion = 12.2; ECCEnabled = false; DevicePciBusId = "0000:5E:00.0"; DeviceUuid = "9368d749-39e8-9ebf-d6cf-888cc09d4bf7"; GlobalMemoryMb = 11012; MaxSupportedVersion = 12020; Capability = 7.5; Id = "GPU-9368d749" ]
        GPUs_GPU_a1d64d6b = [ DeviceName = "NVIDIA GeForce RTX 2080 Ti"; DriverVersion = 12.2; ECCEnabled = false; DevicePciBusId = "0000:AF:00.0"; DeviceUuid = "a1d64d6b-5e58-1b2e-f871-5030e18019b7"; GlobalMemoryMb = 11012; MaxSupportedVersion = 12020; Capability = 7.5; Id = "GPU-a1d64d6b" ]
        GPUs_GPU_d1319fc0 = [ DeviceName = "NVIDIA GeForce RTX 2080 Ti"; DriverVersion = 12.2; ECCEnabled = false; DevicePciBusId = "0000:3B:00.0"; DeviceUuid = "d1319fc0-deb6-6cb0-3eb3-d5cc7e4a4437"; GlobalMemoryMb = 11012; MaxSupportedVersion = 12020; Capability = 7.5; Id = "GPU-d1319fc0" ]
        Memory = 40960
...
006 (55385.000.000) 2023-11-27 14:27:35 Image size of job updated: 1671920
        1587  -  MemoryUsage of job (MB)
        1624636  -  ResidentSetSize of job (KB)
...
006 (55385.000.000) 2023-11-27 14:32:35 Image size of job updated: 33838268
        32125  -  MemoryUsage of job (MB)
        32895408  -  ResidentSetSize of job (KB)
...
006 (55385.000.000) 2023-11-27 14:37:36 Image size of job updated: 36899236
        33027  -  MemoryUsage of job (MB)
        33819376  -  ResidentSetSize of job (KB)
...
006 (55385.000.000) 2023-11-27 14:42:36 Image size of job updated: 37032468
        33027  -  MemoryUsage of job (MB)
        33819376  -  ResidentSetSize of job (KB)
...
006 (55385.000.000) 2023-11-27 14:47:36 Image size of job updated: 37335992
        33027  -  MemoryUsage of job (MB)
        33819376  -  ResidentSetSize of job (KB)
...
006 (55385.000.000) 2023-11-27 14:57:38 Image size of job updated: 37423168
        33027  -  MemoryUsage of job (MB)
        33819376  -  ResidentSetSize of job (KB)
...
006 (55385.000.000) 2023-11-27 15:02:38 Image size of job updated: 38207204
        33517  -  MemoryUsage of job (MB)
        34321096  -  ResidentSetSize of job (KB)
...
006 (55385.000.000) 2023-11-27 15:22:40 Image size of job updated: 38207204
        34191  -  MemoryUsage of job (MB)
        35011488  -  ResidentSetSize of job (KB)
...
006 (55385.000.000) 2023-11-27 15:47:43 Image size of job updated: 61489356
        60049  -  MemoryUsage of job (MB)
        61489356  -  ResidentSetSize of job (KB)
...
006 (55385.000.000) 2023-11-27 15:52:04 Image size of job updated: 92745988
        60049  -  MemoryUsage of job (MB)
        61489356  -  ResidentSetSize of job (KB)
...
005 (55385.000.000) 2023-11-27 15:52:04 Job terminated.
        (1) Normal termination (return value 1)
                Usr 0 00:57:05, Sys 0 00:22:45  -  Run Remote Usage
                Usr 0 00:00:00, Sys 0 00:00:00  -  Run Local Usage
                Usr 0 00:57:05, Sys 0 00:22:45  -  Total Remote Usage
                Usr 0 00:00:00, Sys 0 00:00:00  -  Total Local Usage
        0  -  Run Bytes Sent By Job
        0  -  Run Bytes Received By Job
        0  -  Total Bytes Sent By Job
        0  -  Total Bytes Received By Job
        Partitionable Resources :    Usage  Request Allocated Assigned
           Cpus                 :     1.01        1         1
           Disk (KB)            :     1           1   3503172
           Gpus (Average)       :     0.39        3         3 "GPU-d1319fc0,GPU-9368d749,GPU-a1d64d6b"
           GpusMemory (MB)      :   256
           Memory (MB)          : 60049       40960     40960

        Job terminated of its own accord at 2023-11-27T23:52:04Z with exit-code 1.
...