[2024-01-26 00:54:40] World size: 2
[2024-01-26 00:54:40] Found GPU 0: _CudaDeviceProperties(name='NVIDIA GeForce RTX 2080 Ti', major=7, minor=5, total_memory=11011MB, multi_processor_count=68)
[2024-01-26 00:54:40] Found GPU 1: _CudaDeviceProperties(name='NVIDIA GeForce RTX 2080 Ti', major=7, minor=5, total_memory=11011MB, multi_processor_count=68)
[2024-01-26 00:54:41] Setting up 1 of 2
[2024-01-26 00:54:41] Initialized main on device: cuda:1 with rank 1
[2024-01-26 00:54:45] Loaded model ll_lb on rank 1 in local epoch 0 | best_loss_g: inf | best_loss_d_closest_to_half: inf | best_loss_d: inf 
[2024-01-26 00:57:38] GPU 1: Epoch 0/100 | Discriminator Loss: 0.081160 | Generator Loss: 3.531718
[2024-01-26 01:00:17] GPU 1: Epoch 1/100 | Discriminator Loss: 0.026187 | Generator Loss: 1.140595
[2024-01-26 01:02:46] GPU 1: Epoch 2/100 | Discriminator Loss: 0.149655 | Generator Loss: 4.183036
[2024-01-26 01:05:19] GPU 1: Epoch 3/100 | Discriminator Loss: 0.017678 | Generator Loss: 5.232444
[2024-01-26 01:07:48] GPU 1: Epoch 4/100 | Discriminator Loss: 0.108315 | Generator Loss: 4.590901
[2024-01-26 01:10:20] GPU 1: Epoch 5/100 | Discriminator Loss: 0.060813 | Generator Loss: 5.380340
[2024-01-26 01:12:59] GPU 1: Epoch 6/100 | Discriminator Loss: 0.096020 | Generator Loss: 6.313381
[2024-01-26 01:15:39] GPU 1: Epoch 7/100 | Discriminator Loss: 0.049658 | Generator Loss: 4.831371
[2024-01-26 01:18:12] GPU 1: Epoch 8/100 | Discriminator Loss: 0.070392 | Generator Loss: 3.977343
[2024-01-26 01:20:47] GPU 1: Epoch 9/100 | Discriminator Loss: 0.046068 | Generator Loss: 4.958871
[2024-01-26 01:23:21] GPU 1: Epoch 10/100 | Discriminator Loss: 0.016687 | Generator Loss: 5.502481
[2024-01-26 01:26:01] GPU 1: Epoch 11/100 | Discriminator Loss: 0.036648 | Generator Loss: 4.673246
[2024-01-26 01:28:42] GPU 1: Epoch 12/100 | Discriminator Loss: 0.021966 | Generator Loss: 5.379474
[2024-01-26 01:31:23] GPU 1: Epoch 13/100 | Discriminator Loss: 0.010981 | Generator Loss: 5.961807
[2024-01-26 01:33:50] GPU 1: Epoch 14/100 | Discriminator Loss: 0.009540 | Generator Loss: 6.948532
[2024-01-26 01:36:24] GPU 1: Epoch 15/100 | Discriminator Loss: 0.046135 | Generator Loss: 5.056872
[2024-01-26 01:38:55] GPU 1: Epoch 16/100 | Discriminator Loss: 0.011690 | Generator Loss: 6.760892
[2024-01-26 01:41:32] GPU 1: Epoch 17/100 | Discriminator Loss: 0.007369 | Generator Loss: 5.503295
[2024-01-26 01:43:58] GPU 1: Epoch 18/100 | Discriminator Loss: 0.011085 | Generator Loss: 5.518497
[2024-01-26 01:46:32] GPU 1: Epoch 19/100 | Discriminator Loss: 0.011083 | Generator Loss: 5.167850
[2024-01-26 01:49:14] GPU 1: Epoch 20/100 | Discriminator Loss: 0.015024 | Generator Loss: 5.853499
[2024-01-26 01:51:50] GPU 1: Epoch 21/100 | Discriminator Loss: 0.051520 | Generator Loss: 9.879869
[2024-01-26 01:54:21] GPU 1: Epoch 22/100 | Discriminator Loss: 0.011827 | Generator Loss: 5.786586
[2024-01-26 01:56:54] GPU 1: Epoch 23/100 | Discriminator Loss: 0.028644 | Generator Loss: 6.808392
[2024-01-26 01:59:30] GPU 1: Epoch 24/100 | Discriminator Loss: 0.112199 | Generator Loss: 8.580830
[2024-01-26 02:02:02] GPU 1: Epoch 25/100 | Discriminator Loss: 0.003225 | Generator Loss: 6.898406
[2024-01-26 02:04:37] GPU 1: Epoch 26/100 | Discriminator Loss: 0.005790 | Generator Loss: 7.263068
[2024-01-26 02:07:06] GPU 1: Epoch 27/100 | Discriminator Loss: 0.016715 | Generator Loss: 5.232915
[2024-01-26 02:09:44] GPU 1: Epoch 28/100 | Discriminator Loss: 0.005519 | Generator Loss: 8.410798
[2024-01-26 02:12:18] GPU 1: Epoch 29/100 | Discriminator Loss: 0.005532 | Generator Loss: 6.292895
[2024-01-26 02:14:55] GPU 1: Epoch 30/100 | Discriminator Loss: 0.032039 | Generator Loss: 5.589899
[2024-01-26 02:17:30] GPU 1: Epoch 31/100 | Discriminator Loss: 0.001006 | Generator Loss: 7.286826
[2024-01-26 02:20:06] GPU 1: Epoch 32/100 | Discriminator Loss: 0.008378 | Generator Loss: 6.487382
[2024-01-26 02:22:31] GPU 1: Epoch 33/100 | Discriminator Loss: 0.002534 | Generator Loss: 7.012455
[2024-01-26 02:25:05] GPU 1: Epoch 34/100 | Discriminator Loss: 0.228829 | Generator Loss: 13.945540
[2024-01-26 02:27:32] GPU 1: Epoch 35/100 | Discriminator Loss: 0.004176 | Generator Loss: 6.035327
[2024-01-26 02:30:05] GPU 1: Epoch 36/100 | Discriminator Loss: 0.000728 | Generator Loss: 8.007153
[2024-01-26 02:32:42] GPU 1: Epoch 37/100 | Discriminator Loss: 0.028245 | Generator Loss: 4.921806
[2024-01-26 02:35:19] GPU 1: Epoch 38/100 | Discriminator Loss: 0.008492 | Generator Loss: 8.480070
[2024-01-26 02:37:51] GPU 1: Epoch 39/100 | Discriminator Loss: 0.008740 | Generator Loss: 6.896646
[2024-01-26 02:40:26] GPU 1: Epoch 40/100 | Discriminator Loss: 0.005525 | Generator Loss: 12.613307
[2024-01-26 02:42:57] GPU 1: Epoch 41/100 | Discriminator Loss: 0.004573 | Generator Loss: 6.049207
[2024-01-26 02:45:37] GPU 1: Epoch 42/100 | Discriminator Loss: 0.004557 | Generator Loss: 6.160362
[2024-01-26 02:48:15] GPU 1: Epoch 43/100 | Discriminator Loss: 0.223049 | Generator Loss: 8.431065
[2024-01-26 02:50:50] GPU 1: Epoch 44/100 | Discriminator Loss: 0.005016 | Generator Loss: 6.554660
[2024-01-26 02:53:24] GPU 1: Epoch 45/100 | Discriminator Loss: 0.000899 | Generator Loss: 7.553397
[2024-01-26 02:55:53] GPU 1: Epoch 46/100 | Discriminator Loss: 0.011102 | Generator Loss: 6.640714
[2024-01-26 02:58:27] GPU 1: Epoch 47/100 | Discriminator Loss: 0.031845 | Generator Loss: 7.004901
[2024-01-26 03:01:06] GPU 1: Epoch 48/100 | Discriminator Loss: 0.001597 | Generator Loss: 7.021232
[2024-01-26 03:03:45] GPU 1: Epoch 49/100 | Discriminator Loss: 0.005082 | Generator Loss: 6.254083
[2024-01-26 03:06:23] GPU 1: Epoch 50/100 | Discriminator Loss: 0.011949 | Generator Loss: 5.594038
[2024-01-26 03:08:58] GPU 1: Epoch 51/100 | Discriminator Loss: 0.002280 | Generator Loss: 8.014026
[2024-01-26 03:11:33] GPU 1: Epoch 52/100 | Discriminator Loss: 0.009958 | Generator Loss: 6.052164
[2024-01-26 03:14:14] GPU 1: Epoch 53/100 | Discriminator Loss: 0.001706 | Generator Loss: 6.803614
[2024-01-26 03:16:51] GPU 1: Epoch 54/100 | Discriminator Loss: 0.000343 | Generator Loss: 15.620410
[2024-01-26 03:19:24] GPU 1: Epoch 55/100 | Discriminator Loss: 0.002482 | Generator Loss: 8.806796
[2024-01-26 03:22:00] GPU 1: Epoch 56/100 | Discriminator Loss: 0.000268 | Generator Loss: 9.790533
[2024-01-26 03:24:36] GPU 1: Epoch 57/100 | Discriminator Loss: 0.001781 | Generator Loss: 14.478610
[2024-01-26 03:27:07] GPU 1: Epoch 58/100 | Discriminator Loss: 0.000919 | Generator Loss: 7.603082
[2024-01-26 03:29:45] GPU 1: Epoch 59/100 | Discriminator Loss: 0.000021 | Generator Loss: 14.933586
[2024-01-26 03:32:20] GPU 1: Epoch 60/100 | Discriminator Loss: 0.002061 | Generator Loss: 7.529248
[2024-01-26 03:34:56] GPU 1: Epoch 61/100 | Discriminator Loss: 0.001810 | Generator Loss: 7.106399
[2024-01-26 03:37:33] GPU 1: Epoch 62/100 | Discriminator Loss: 0.000963 | Generator Loss: 8.545030
[2024-01-26 03:40:02] GPU 1: Epoch 63/100 | Discriminator Loss: 0.000194 | Generator Loss: 10.512581
[2024-01-26 03:42:32] GPU 1: Epoch 64/100 | Discriminator Loss: 0.000000 | Generator Loss: 51.319763
[2024-01-26 03:45:10] GPU 1: Epoch 65/100 | Discriminator Loss: 0.000000 | Generator Loss: 46.034584
[2024-01-26 03:47:41] GPU 1: Epoch 66/100 | Discriminator Loss: 0.000000 | Generator Loss: 49.225677
[2024-01-26 03:50:14] GPU 1: Epoch 67/100 | Discriminator Loss: 0.000000 | Generator Loss: 46.003078
[2024-01-26 03:52:54] GPU 1: Epoch 68/100 | Discriminator Loss: 0.000000 | Generator Loss: 49.656700
[2024-01-26 03:55:39] GPU 1: Epoch 69/100 | Discriminator Loss: 0.000000 | Generator Loss: 43.332577
[2024-01-26 03:58:15] GPU 1: Epoch 70/100 | Discriminator Loss: 0.000000 | Generator Loss: 51.257580
[2024-01-26 04:00:54] GPU 1: Epoch 71/100 | Discriminator Loss: 0.000038 | Generator Loss: 35.494614
[2024-01-26 04:03:27] GPU 1: Epoch 72/100 | Discriminator Loss: 0.008791 | Generator Loss: 7.420310
[2024-01-26 04:05:58] GPU 1: Epoch 73/100 | Discriminator Loss: 0.005513 | Generator Loss: 10.677862
[2024-01-26 04:08:26] GPU 1: Epoch 74/100 | Discriminator Loss: 0.001198 | Generator Loss: 7.343937
[2024-01-26 04:10:59] GPU 1: Epoch 75/100 | Discriminator Loss: 0.003229 | Generator Loss: 6.501153
[2024-01-26 04:13:35] GPU 1: Epoch 76/100 | Discriminator Loss: 0.000006 | Generator Loss: 19.561832
[2024-01-26 04:16:10] GPU 1: Epoch 77/100 | Discriminator Loss: 0.096966 | Generator Loss: 12.524573
[2024-01-26 04:18:49] GPU 1: Epoch 78/100 | Discriminator Loss: 0.001717 | Generator Loss: 7.946359
[2024-01-26 04:21:18] GPU 1: Epoch 79/100 | Discriminator Loss: 0.002000 | Generator Loss: 9.782634
[2024-01-26 04:23:52] GPU 1: Epoch 80/100 | Discriminator Loss: 0.000170 | Generator Loss: 27.367468
[2024-01-26 04:26:22] GPU 1: Epoch 81/100 | Discriminator Loss: 0.002470 | Generator Loss: 7.315244
[2024-01-26 04:29:07] GPU 1: Epoch 82/100 | Discriminator Loss: 0.004561 | Generator Loss: 6.939495
[2024-01-26 04:31:47] GPU 1: Epoch 83/100 | Discriminator Loss: 0.001233 | Generator Loss: 7.661442
[2024-01-26 04:34:20] GPU 1: Epoch 84/100 | Discriminator Loss: 0.000000 | Generator Loss: 33.660686
[2024-01-26 04:36:53] GPU 1: Epoch 85/100 | Discriminator Loss: 0.002093 | Generator Loss: 12.010286
[2024-01-26 04:39:28] GPU 1: Epoch 86/100 | Discriminator Loss: 0.000875 | Generator Loss: 7.784812
[2024-01-26 04:42:09] GPU 1: Epoch 87/100 | Discriminator Loss: 0.003603 | Generator Loss: 8.100045
[2024-01-26 04:44:52] GPU 1: Epoch 88/100 | Discriminator Loss: 0.000675 | Generator Loss: 8.160115
[2024-01-26 04:47:24] GPU 1: Epoch 89/100 | Discriminator Loss: 0.000256 | Generator Loss: 16.396580
[2024-01-26 04:49:58] GPU 1: Epoch 90/100 | Discriminator Loss: 0.000000 | Generator Loss: 26.254776
[2024-01-26 04:52:30] GPU 1: Epoch 91/100 | Discriminator Loss: 0.000437 | Generator Loss: 8.176048
[2024-01-26 04:55:04] GPU 1: Epoch 92/100 | Discriminator Loss: 0.000097 | Generator Loss: 10.199188
[2024-01-26 04:57:33] GPU 1: Epoch 93/100 | Discriminator Loss: 0.000734 | Generator Loss: 8.393844
[2024-01-26 05:00:00] GPU 1: Epoch 94/100 | Discriminator Loss: 0.000000 | Generator Loss: 57.191174
[2024-01-26 05:02:42] GPU 1: Epoch 95/100 | Discriminator Loss: 0.000000 | Generator Loss: 58.279430
[2024-01-26 05:05:13] GPU 1: Epoch 96/100 | Discriminator Loss: 0.000000 | Generator Loss: 50.079433
[2024-01-26 05:07:45] GPU 1: Epoch 97/100 | Discriminator Loss: 0.000000 | Generator Loss: 60.482864
[2024-01-26 05:10:14] GPU 1: Epoch 98/100 | Discriminator Loss: 0.000000 | Generator Loss: 53.196037
[2024-01-26 05:12:45] GPU 1: Epoch 99/100 | Discriminator Loss: 0.000000 | Generator Loss: 63.128445
[2024-01-26 00:54:41] Setting up 0 of 2
[2024-01-26 00:54:41] Initialized main on device: cuda:0 with rank 0
[2024-01-26 00:54:45] Loaded model ll_lb on rank 0 in local epoch 0 | best_loss_g: inf | best_loss_d_closest_to_half: inf | best_loss_d: inf 
[2024-01-26 00:54:47] Saved new best_loss_g checkpoint ll_lb_best_loss_g.pth.tar
[2024-01-26 00:54:47] Saved Epoch 0/100 | Discriminator Loss: 1.399007 | Generator Loss: 3.459786
[2024-01-26 00:54:47] Saved new best_loss_d checkpoint ll_lb_best_loss_d.pth.tar
[2024-01-26 00:54:47] Saved Epoch 0/100 | Discriminator Loss: 1.399007 | Generator Loss: 3.459786
[2024-01-26 00:54:48] Saved new best_loss_d_closest_to_half checkpoint ll_lb_best_loss_d_closest_to_half.pth.tar
[2024-01-26 00:54:48] Saved Epoch 0/100 | Discriminator Loss: 1.399007 | Generator Loss: 3.459786
[2024-01-26 00:54:49] Saved new best_loss_d checkpoint ll_lb_best_loss_d.pth.tar
[2024-01-26 00:54:49] Saved Epoch 0/100 | Discriminator Loss: 0.258383 | Generator Loss: 4.536174
[2024-01-26 00:54:50] Saved new best_loss_d_closest_to_half checkpoint ll_lb_best_loss_d_closest_to_half.pth.tar
[2024-01-26 00:54:50] Saved Epoch 0/100 | Discriminator Loss: 0.258383 | Generator Loss: 4.536174
[2024-01-26 00:54:51] Saved new best_loss_d checkpoint ll_lb_best_loss_d.pth.tar
[2024-01-26 00:54:51] Saved Epoch 0/100 | Discriminator Loss: 0.095823 | Generator Loss: 4.944681
[2024-01-26 00:54:52] Saved new best_loss_d checkpoint ll_lb_best_loss_d.pth.tar
[2024-01-26 00:54:52] Saved Epoch 0/100 | Discriminator Loss: 0.028463 | Generator Loss: 5.163266
[2024-01-26 00:54:54] Saved new best_loss_d checkpoint ll_lb_best_loss_d.pth.tar
[2024-01-26 00:54:54] Saved Epoch 0/100 | Discriminator Loss: 0.022952 | Generator Loss: 5.273031
[2024-01-26 00:54:56] Saved new best_loss_d checkpoint ll_lb_best_loss_d.pth.tar
[2024-01-26 00:54:56] Saved Epoch 0/100 | Discriminator Loss: 0.017329 | Generator Loss: 5.722668
[2024-01-26 00:54:58] Saved new best_loss_d checkpoint ll_lb_best_loss_d.pth.tar
[2024-01-26 00:54:58] Saved Epoch 0/100 | Discriminator Loss: 0.013731 | Generator Loss: 6.272812
[2024-01-26 00:55:02] Saved new best_loss_d checkpoint ll_lb_best_loss_d.pth.tar
[2024-01-26 00:55:02] Saved Epoch 0/100 | Discriminator Loss: 0.008907 | Generator Loss: 6.766374
[2024-01-26 00:55:04] Saved new best_loss_d checkpoint ll_lb_best_loss_d.pth.tar
[2024-01-26 00:55:04] Saved Epoch 0/100 | Discriminator Loss: 0.005314 | Generator Loss: 7.099593
[2024-01-26 00:55:07] Saved new best_loss_d checkpoint ll_lb_best_loss_d.pth.tar
[2024-01-26 00:55:07] Saved Epoch 0/100 | Discriminator Loss: 0.005001 | Generator Loss: 7.489520
[2024-01-26 00:55:09] Saved new best_loss_d checkpoint ll_lb_best_loss_d.pth.tar
[2024-01-26 00:55:09] Saved Epoch 0/100 | Discriminator Loss: 0.004734 | Generator Loss: 7.171171
[2024-01-26 00:55:11] Saved new best_loss_d checkpoint ll_lb_best_loss_d.pth.tar
[2024-01-26 00:55:11] Saved Epoch 0/100 | Discriminator Loss: 0.004125 | Generator Loss: 8.012445
[2024-01-26 00:55:12] Saved new best_loss_d checkpoint ll_lb_best_loss_d.pth.tar
[2024-01-26 00:55:12] Saved Epoch 0/100 | Discriminator Loss: 0.002779 | Generator Loss: 7.546288
[2024-01-26 00:55:20] Saved new best_loss_d checkpoint ll_lb_best_loss_d.pth.tar
[2024-01-26 00:55:20] Saved Epoch 0/100 | Discriminator Loss: 0.000075 | Generator Loss: 15.872467
[2024-01-26 00:55:21] Saved new best_loss_d checkpoint ll_lb_best_loss_d.pth.tar
[2024-01-26 00:55:21] Saved Epoch 0/100 | Discriminator Loss: 0.000018 | Generator Loss: 16.437435
[2024-01-26 00:55:31] Saved new best_loss_d checkpoint ll_lb_best_loss_d.pth.tar
[2024-01-26 00:55:31] Saved Epoch 0/100 | Discriminator Loss: 0.000015 | Generator Loss: 18.745577
[2024-01-26 00:55:37] Saved new best_loss_d checkpoint ll_lb_best_loss_d.pth.tar
[2024-01-26 00:55:37] Saved Epoch 0/100 | Discriminator Loss: 0.000003 | Generator Loss: 19.311440
[2024-01-26 00:55:38] Saved new best_loss_d checkpoint ll_lb_best_loss_d.pth.tar
[2024-01-26 00:55:38] Saved Epoch 0/100 | Discriminator Loss: 0.000001 | Generator Loss: 19.331081
[2024-01-26 00:55:40] Saved new best_loss_d checkpoint ll_lb_best_loss_d.pth.tar
[2024-01-26 00:55:40] Saved Epoch 0/100 | Discriminator Loss: 0.000001 | Generator Loss: 18.039356
[2024-01-26 00:55:41] Saved new best_loss_d checkpoint ll_lb_best_loss_d.pth.tar
[2024-01-26 00:55:41] Saved Epoch 0/100 | Discriminator Loss: 0.000001 | Generator Loss: 16.532875
[2024-01-26 00:55:45] Saved new best_loss_d_closest_to_half checkpoint ll_lb_best_loss_d_closest_to_half.pth.tar
[2024-01-26 00:55:45] Saved Epoch 0/100 | Discriminator Loss: 0.545944 | Generator Loss: 17.373180
[2024-01-26 00:55:53] Saved new best_loss_d_closest_to_half checkpoint ll_lb_best_loss_d_closest_to_half.pth.tar
[2024-01-26 00:55:53] Saved Epoch 0/100 | Discriminator Loss: 0.503807 | Generator Loss: 15.319659
[2024-01-26 00:55:58] Saved new best_loss_g checkpoint ll_lb_best_loss_g.pth.tar
[2024-01-26 00:55:58] Saved Epoch 0/100 | Discriminator Loss: 0.456371 | Generator Loss: 2.514534
[2024-01-26 00:56:07] Saved new best_loss_g checkpoint ll_lb_best_loss_g.pth.tar
[2024-01-26 00:56:07] Saved Epoch 0/100 | Discriminator Loss: 0.570734 | Generator Loss: 1.857581
[2024-01-26 00:56:20] Saved new best_loss_g checkpoint ll_lb_best_loss_g.pth.tar
[2024-01-26 00:56:20] Saved Epoch 0/100 | Discriminator Loss: 1.606568 | Generator Loss: 0.112493
[2024-01-26 00:57:38] GPU 0: Epoch 0/100 | Discriminator Loss: 0.474909 | Generator Loss: 3.642102
[2024-01-26 01:00:17] GPU 0: Epoch 1/100 | Discriminator Loss: 0.026491 | Generator Loss: 1.173083
[2024-01-26 01:02:11] Saved new best_loss_g checkpoint ll_lb_best_loss_g.pth.tar
[2024-01-26 01:02:11] Saved Epoch 2/100 | Discriminator Loss: 3.467161 | Generator Loss: 0.022465
[2024-01-26 01:02:46] GPU 0: Epoch 2/100 | Discriminator Loss: 0.134142 | Generator Loss: 4.737905
[2024-01-26 01:04:28] Saved new best_loss_g checkpoint ll_lb_best_loss_g.pth.tar
[2024-01-26 01:04:28] Saved Epoch 3/100 | Discriminator Loss: 1.167907 | Generator Loss: 0.018526
[2024-01-26 01:05:19] GPU 0: Epoch 3/100 | Discriminator Loss: 0.020505 | Generator Loss: 4.967305
[2024-01-26 01:07:48] GPU 0: Epoch 4/100 | Discriminator Loss: 0.081815 | Generator Loss: 4.111056
[2024-01-26 01:10:20] GPU 0: Epoch 5/100 | Discriminator Loss: 0.120565 | Generator Loss: 5.049937
[2024-01-26 01:12:59] GPU 0: Epoch 6/100 | Discriminator Loss: 0.180191 | Generator Loss: 6.466987
[2024-01-26 01:14:01] Saved new best_loss_d_closest_to_half checkpoint ll_lb_best_loss_d_closest_to_half.pth.tar
[2024-01-26 01:14:01] Saved Epoch 7/100 | Discriminator Loss: 0.497108 | Generator Loss: 1.394713
[2024-01-26 01:15:39] GPU 0: Epoch 7/100 | Discriminator Loss: 0.036225 | Generator Loss: 4.996792
[2024-01-26 01:18:12] GPU 0: Epoch 8/100 | Discriminator Loss: 0.050506 | Generator Loss: 4.741819
[2024-01-26 01:20:47] GPU 0: Epoch 9/100 | Discriminator Loss: 0.046594 | Generator Loss: 4.895242
[2024-01-26 01:23:22] Saved latest checkpoint ll_lb_latest.pth.tar
[2024-01-26 01:23:22] Saved Epoch 10/100 | Discriminator Loss: 0.010879 | Generator Loss: 5.006209
[2024-01-26 01:26:01] GPU 0: Epoch 11/100 | Discriminator Loss: 0.018424 | Generator Loss: 5.184659
[2024-01-26 01:28:42] GPU 0: Epoch 12/100 | Discriminator Loss: 0.025838 | Generator Loss: 4.759979
[2024-01-26 01:31:23] GPU 0: Epoch 13/100 | Discriminator Loss: 0.016750 | Generator Loss: 5.547477
[2024-01-26 01:33:50] GPU 0: Epoch 14/100 | Discriminator Loss: 0.002720 | Generator Loss: 6.427064
[2024-01-26 01:34:24] Saved new best_loss_g checkpoint ll_lb_best_loss_g.pth.tar
[2024-01-26 01:34:24] Saved Epoch 15/100 | Discriminator Loss: 2.287016 | Generator Loss: 0.000289
[2024-01-26 01:36:24] GPU 0: Epoch 15/100 | Discriminator Loss: 0.019649 | Generator Loss: 6.235293
[2024-01-26 01:37:56] Saved new best_loss_g checkpoint ll_lb_best_loss_g.pth.tar
[2024-01-26 01:37:56] Saved Epoch 16/100 | Discriminator Loss: 3.861078 | Generator Loss: 0.000009
[2024-01-26 01:38:55] GPU 0: Epoch 16/100 | Discriminator Loss: 0.023686 | Generator Loss: 6.056100
[2024-01-26 01:41:32] GPU 0: Epoch 17/100 | Discriminator Loss: 0.021211 | Generator Loss: 4.773830
[2024-01-26 01:43:58] GPU 0: Epoch 18/100 | Discriminator Loss: 0.011507 | Generator Loss: 5.983644
[2024-01-26 01:46:32] GPU 0: Epoch 19/100 | Discriminator Loss: 0.007286 | Generator Loss: 5.411810
[2024-01-26 01:49:15] Saved latest checkpoint ll_lb_latest.pth.tar
[2024-01-26 01:49:15] Saved Epoch 20/100 | Discriminator Loss: 0.003063 | Generator Loss: 6.588201
[2024-01-26 01:51:50] GPU 0: Epoch 21/100 | Discriminator Loss: 0.074218 | Generator Loss: 8.050151
[2024-01-26 01:54:21] GPU 0: Epoch 22/100 | Discriminator Loss: 0.017022 | Generator Loss: 6.069479
[2024-01-26 01:56:54] GPU 0: Epoch 23/100 | Discriminator Loss: 0.029860 | Generator Loss: 6.643734
[2024-01-26 01:59:30] GPU 0: Epoch 24/100 | Discriminator Loss: 0.293114 | Generator Loss: 9.096476
[2024-01-26 02:02:02] GPU 0: Epoch 25/100 | Discriminator Loss: 0.005606 | Generator Loss: 6.578189
[2024-01-26 02:04:37] GPU 0: Epoch 26/100 | Discriminator Loss: 0.007788 | Generator Loss: 5.445934
[2024-01-26 02:07:06] GPU 0: Epoch 27/100 | Discriminator Loss: 0.004773 | Generator Loss: 5.798365
[2024-01-26 02:09:44] GPU 0: Epoch 28/100 | Discriminator Loss: 0.037547 | Generator Loss: 6.839085
[2024-01-26 02:12:18] GPU 0: Epoch 29/100 | Discriminator Loss: 0.011680 | Generator Loss: 5.511915
[2024-01-26 02:14:55] Saved latest checkpoint ll_lb_latest.pth.tar
[2024-01-26 02:14:55] Saved Epoch 30/100 | Discriminator Loss: 0.015317 | Generator Loss: 5.466157
[2024-01-26 02:17:30] GPU 0: Epoch 31/100 | Discriminator Loss: 0.001008 | Generator Loss: 7.407657
[2024-01-26 02:20:06] GPU 0: Epoch 32/100 | Discriminator Loss: 0.027181 | Generator Loss: 6.120939
[2024-01-26 02:22:31] GPU 0: Epoch 33/100 | Discriminator Loss: 0.001954 | Generator Loss: 7.617476
[2024-01-26 02:25:05] GPU 0: Epoch 34/100 | Discriminator Loss: 0.141463 | Generator Loss: 14.526566
[2024-01-26 02:27:32] GPU 0: Epoch 35/100 | Discriminator Loss: 0.004028 | Generator Loss: 6.128254
[2024-01-26 02:30:05] GPU 0: Epoch 36/100 | Discriminator Loss: 0.000837 | Generator Loss: 8.588225
[2024-01-26 02:31:27] Saved new best_loss_d checkpoint ll_lb_best_loss_d.pth.tar
[2024-01-26 02:31:27] Saved Epoch 37/100 | Discriminator Loss: 0.000000 | Generator Loss: 34.102749
[2024-01-26 02:31:29] Saved new best_loss_d checkpoint ll_lb_best_loss_d.pth.tar
[2024-01-26 02:31:29] Saved Epoch 37/100 | Discriminator Loss: 0.000000 | Generator Loss: 31.650013
[2024-01-26 02:32:42] GPU 0: Epoch 37/100 | Discriminator Loss: 0.011040 | Generator Loss: 5.354364
[2024-01-26 02:35:19] GPU 0: Epoch 38/100 | Discriminator Loss: 0.006680 | Generator Loss: 7.437760
[2024-01-26 02:37:51] GPU 0: Epoch 39/100 | Discriminator Loss: 0.007191 | Generator Loss: 6.935682
[2024-01-26 02:40:27] Saved latest checkpoint ll_lb_latest.pth.tar
[2024-01-26 02:40:27] Saved Epoch 40/100 | Discriminator Loss: 0.008689 | Generator Loss: 12.008118
[2024-01-26 02:42:57] GPU 0: Epoch 41/100 | Discriminator Loss: 0.002582 | Generator Loss: 6.826473
[2024-01-26 02:45:37] GPU 0: Epoch 42/100 | Discriminator Loss: 0.002621 | Generator Loss: 6.650446
[2024-01-26 02:48:15] GPU 0: Epoch 43/100 | Discriminator Loss: 0.081491 | Generator Loss: 9.108302
[2024-01-26 02:50:50] GPU 0: Epoch 44/100 | Discriminator Loss: 0.001280 | Generator Loss: 8.610739
[2024-01-26 02:53:24] GPU 0: Epoch 45/100 | Discriminator Loss: 0.001352 | Generator Loss: 7.650153
[2024-01-26 02:55:53] GPU 0: Epoch 46/100 | Discriminator Loss: 0.012325 | Generator Loss: 6.536242
[2024-01-26 02:56:57] Saved new best_loss_g checkpoint ll_lb_best_loss_g.pth.tar
[2024-01-26 02:56:57] Saved Epoch 47/100 | Discriminator Loss: 5.337120 | Generator Loss: 0.000000
[2024-01-26 02:58:27] GPU 0: Epoch 47/100 | Discriminator Loss: 0.068411 | Generator Loss: 7.377279
[2024-01-26 03:01:06] GPU 0: Epoch 48/100 | Discriminator Loss: 0.003430 | Generator Loss: 7.020844
[2024-01-26 03:03:45] GPU 0: Epoch 49/100 | Discriminator Loss: 0.004602 | Generator Loss: 7.055093
[2024-01-26 03:06:24] Saved latest checkpoint ll_lb_latest.pth.tar
[2024-01-26 03:06:24] Saved Epoch 50/100 | Discriminator Loss: 0.007226 | Generator Loss: 5.879535
[2024-01-26 03:08:58] GPU 0: Epoch 51/100 | Discriminator Loss: 0.003766 | Generator Loss: 6.462528
[2024-01-26 03:11:33] GPU 0: Epoch 52/100 | Discriminator Loss: 0.009128 | Generator Loss: 5.636053
[2024-01-26 03:14:14] GPU 0: Epoch 53/100 | Discriminator Loss: 0.002647 | Generator Loss: 6.740245
[2024-01-26 03:16:51] GPU 0: Epoch 54/100 | Discriminator Loss: 0.000079 | Generator Loss: 14.821974
[2024-01-26 03:19:24] GPU 0: Epoch 55/100 | Discriminator Loss: 0.003017 | Generator Loss: 8.948414
[2024-01-26 03:22:00] GPU 0: Epoch 56/100 | Discriminator Loss: 0.000199 | Generator Loss: 10.016828
[2024-01-26 03:24:27] Saved new best_loss_d checkpoint ll_lb_best_loss_d.pth.tar
[2024-01-26 03:24:27] Saved Epoch 57/100 | Discriminator Loss: 0.000000 | Generator Loss: 23.770607
[2024-01-26 03:24:36] GPU 0: Epoch 57/100 | Discriminator Loss: 0.000917 | Generator Loss: 14.041420
[2024-01-26 03:27:07] GPU 0: Epoch 58/100 | Discriminator Loss: 0.001694 | Generator Loss: 7.775938
[2024-01-26 03:29:45] GPU 0: Epoch 59/100 | Discriminator Loss: 0.000020 | Generator Loss: 14.409176
[2024-01-26 03:32:21] Saved latest checkpoint ll_lb_latest.pth.tar
[2024-01-26 03:32:21] Saved Epoch 60/100 | Discriminator Loss: 0.002578 | Generator Loss: 8.416091
[2024-01-26 03:34:56] GPU 0: Epoch 61/100 | Discriminator Loss: 0.002736 | Generator Loss: 6.904041
[2024-01-26 03:37:33] GPU 0: Epoch 62/100 | Discriminator Loss: 0.000187 | Generator Loss: 9.377090
[2024-01-26 03:40:02] GPU 0: Epoch 63/100 | Discriminator Loss: 0.000342 | Generator Loss: 10.226977
[2024-01-26 03:42:32] GPU 0: Epoch 64/100 | Discriminator Loss: 0.000000 | Generator Loss: 49.820938
[2024-01-26 03:45:10] GPU 0: Epoch 65/100 | Discriminator Loss: 0.000000 | Generator Loss: 44.082180
[2024-01-26 03:47:41] GPU 0: Epoch 66/100 | Discriminator Loss: 0.000000 | Generator Loss: 45.805321
[2024-01-26 03:50:14] GPU 0: Epoch 67/100 | Discriminator Loss: 0.000000 | Generator Loss: 42.322777
[2024-01-26 03:52:54] GPU 0: Epoch 68/100 | Discriminator Loss: 0.000000 | Generator Loss: 46.239983
[2024-01-26 03:55:39] GPU 0: Epoch 69/100 | Discriminator Loss: 0.000000 | Generator Loss: 47.474831
[2024-01-26 03:58:16] Saved latest checkpoint ll_lb_latest.pth.tar
[2024-01-26 03:58:16] Saved Epoch 70/100 | Discriminator Loss: 0.000000 | Generator Loss: 40.330154
[2024-01-26 04:00:54] GPU 0: Epoch 71/100 | Discriminator Loss: 0.000484 | Generator Loss: 19.464375
[2024-01-26 04:03:27] GPU 0: Epoch 72/100 | Discriminator Loss: 0.004761 | Generator Loss: 8.262676
[2024-01-26 04:05:58] GPU 0: Epoch 73/100 | Discriminator Loss: 0.000849 | Generator Loss: 10.901541
[2024-01-26 04:08:26] GPU 0: Epoch 74/100 | Discriminator Loss: 0.001486 | Generator Loss: 7.097801
[2024-01-26 04:10:59] GPU 0: Epoch 75/100 | Discriminator Loss: 0.002712 | Generator Loss: 6.856738
[2024-01-26 04:13:35] GPU 0: Epoch 76/100 | Discriminator Loss: 0.000004 | Generator Loss: 18.934414
[2024-01-26 04:16:10] GPU 0: Epoch 77/100 | Discriminator Loss: 0.001858 | Generator Loss: 13.299332
[2024-01-26 04:18:49] GPU 0: Epoch 78/100 | Discriminator Loss: 0.001504 | Generator Loss: 8.000777
[2024-01-26 04:21:18] GPU 0: Epoch 79/100 | Discriminator Loss: 0.000228 | Generator Loss: 11.830578
[2024-01-26 04:23:53] Saved latest checkpoint ll_lb_latest.pth.tar
[2024-01-26 04:23:53] Saved Epoch 80/100 | Discriminator Loss: 0.000541 | Generator Loss: 14.326793
[2024-01-26 04:26:22] GPU 0: Epoch 81/100 | Discriminator Loss: 0.011552 | Generator Loss: 7.193599
[2024-01-26 04:29:07] GPU 0: Epoch 82/100 | Discriminator Loss: 0.004324 | Generator Loss: 10.771828
[2024-01-26 04:31:47] GPU 0: Epoch 83/100 | Discriminator Loss: 0.001646 | Generator Loss: 7.387858
[2024-01-26 04:34:20] GPU 0: Epoch 84/100 | Discriminator Loss: 0.000000 | Generator Loss: 32.092564
[2024-01-26 04:36:53] GPU 0: Epoch 85/100 | Discriminator Loss: 0.000042 | Generator Loss: 11.589989
[2024-01-26 04:39:28] GPU 0: Epoch 86/100 | Discriminator Loss: 0.001948 | Generator Loss: 6.726101
[2024-01-26 04:42:09] GPU 0: Epoch 87/100 | Discriminator Loss: 0.021731 | Generator Loss: 8.035281
[2024-01-26 04:44:52] GPU 0: Epoch 88/100 | Discriminator Loss: 0.000689 | Generator Loss: 7.820750
[2024-01-26 04:47:24] GPU 0: Epoch 89/100 | Discriminator Loss: 0.002673 | Generator Loss: 11.157774
[2024-01-26 04:49:58] Saved latest checkpoint ll_lb_latest.pth.tar
[2024-01-26 04:49:58] Saved Epoch 90/100 | Discriminator Loss: 0.000000 | Generator Loss: 21.525892
[2024-01-26 04:52:30] GPU 0: Epoch 91/100 | Discriminator Loss: 0.000807 | Generator Loss: 7.403985
[2024-01-26 04:55:04] GPU 0: Epoch 92/100 | Discriminator Loss: 0.000482 | Generator Loss: 10.687607
[2024-01-26 04:57:33] GPU 0: Epoch 93/100 | Discriminator Loss: 0.000849 | Generator Loss: 7.726602
[2024-01-26 05:00:00] GPU 0: Epoch 94/100 | Discriminator Loss: 0.002548 | Generator Loss: 60.410107
[2024-01-26 05:02:42] GPU 0: Epoch 95/100 | Discriminator Loss: 0.000415 | Generator Loss: 53.393341
[2024-01-26 05:05:13] GPU 0: Epoch 96/100 | Discriminator Loss: 0.000252 | Generator Loss: 62.748711
[2024-01-26 05:07:45] GPU 0: Epoch 97/100 | Discriminator Loss: 0.000170 | Generator Loss: 58.262493
[2024-01-26 05:10:14] GPU 0: Epoch 98/100 | Discriminator Loss: 0.000122 | Generator Loss: 58.662903
[2024-01-26 05:12:45] GPU 0: Epoch 99/100 | Discriminator Loss: 0.000090 | Generator Loss: 53.160549
[2024-01-26 05:12:45] Epoch 100/100 | Discriminator Loss: 0.000090 | Generator Loss: 53.160549
[2024-01-26 05:12:45] Saved checkpoint ll_lb_terminated.pth.tar.
