[2024-01-27 02:17:23] World size: 2
[2024-01-27 02:17:23] Found GPU 0: _CudaDeviceProperties(name='NVIDIA GeForce RTX 2080 Ti', major=7, minor=5, total_memory=11011MB, multi_processor_count=68)
[2024-01-27 02:17:23] Found GPU 1: _CudaDeviceProperties(name='NVIDIA GeForce RTX 2080 Ti', major=7, minor=5, total_memory=11011MB, multi_processor_count=68)
[2024-01-27 02:17:24] Setting up 1 of 2
[2024-01-27 02:17:24] Initialized main on device: cuda:1 with rank 1
[2024-01-27 02:17:32] Loaded model ml_hb on rank 1 in local epoch 0 | best_loss_g: inf | best_loss_d_closest_to_half: inf | best_loss_d: inf 
[2024-01-27 02:19:32] GPU 1: Epoch 0/100 | Discriminator Loss: 0.056452 | Generator Loss: 4.987258
[2024-01-27 02:21:10] GPU 1: Epoch 1/100 | Discriminator Loss: 0.077237 | Generator Loss: 13.002729
[2024-01-27 02:22:47] GPU 1: Epoch 2/100 | Discriminator Loss: 3.178126 | Generator Loss: 13.802137
[2024-01-27 02:24:23] GPU 1: Epoch 3/100 | Discriminator Loss: 0.192806 | Generator Loss: 10.694193
[2024-01-27 02:26:00] GPU 1: Epoch 4/100 | Discriminator Loss: 0.139349 | Generator Loss: 4.745620
[2024-01-27 02:27:37] GPU 1: Epoch 5/100 | Discriminator Loss: 0.138726 | Generator Loss: 4.420865
[2024-01-27 02:29:16] GPU 1: Epoch 6/100 | Discriminator Loss: 0.083532 | Generator Loss: 3.880735
[2024-01-27 02:30:54] GPU 1: Epoch 7/100 | Discriminator Loss: 0.040832 | Generator Loss: 4.641016
[2024-01-27 02:32:30] GPU 1: Epoch 8/100 | Discriminator Loss: 2.333751 | Generator Loss: 12.163374
[2024-01-27 02:34:07] GPU 1: Epoch 9/100 | Discriminator Loss: 0.113665 | Generator Loss: 5.191134
[2024-01-27 02:35:43] GPU 1: Epoch 10/100 | Discriminator Loss: 0.049532 | Generator Loss: 5.516952
[2024-01-27 02:37:21] GPU 1: Epoch 11/100 | Discriminator Loss: 0.008707 | Generator Loss: 5.843691
[2024-01-27 02:38:56] GPU 1: Epoch 12/100 | Discriminator Loss: 0.031309 | Generator Loss: 5.307980
[2024-01-27 02:40:33] GPU 1: Epoch 13/100 | Discriminator Loss: 0.064569 | Generator Loss: 6.093899
[2024-01-27 02:42:10] GPU 1: Epoch 14/100 | Discriminator Loss: 0.005689 | Generator Loss: 9.717555
[2024-01-27 02:43:46] GPU 1: Epoch 15/100 | Discriminator Loss: 0.021314 | Generator Loss: 6.028625
[2024-01-27 02:45:23] GPU 1: Epoch 16/100 | Discriminator Loss: 0.034514 | Generator Loss: 5.479163
[2024-01-27 02:46:59] GPU 1: Epoch 17/100 | Discriminator Loss: 0.024945 | Generator Loss: 12.849670
[2024-01-27 02:48:35] GPU 1: Epoch 18/100 | Discriminator Loss: 0.023394 | Generator Loss: 1.141697
[2024-01-27 02:50:11] GPU 1: Epoch 19/100 | Discriminator Loss: 0.305523 | Generator Loss: 7.287788
[2024-01-27 02:51:47] GPU 1: Epoch 20/100 | Discriminator Loss: 0.004125 | Generator Loss: 6.709169
[2024-01-27 02:53:25] GPU 1: Epoch 21/100 | Discriminator Loss: 0.028413 | Generator Loss: 6.123338
[2024-01-27 02:55:01] GPU 1: Epoch 22/100 | Discriminator Loss: 0.013245 | Generator Loss: 5.655636
[2024-01-27 02:56:38] GPU 1: Epoch 23/100 | Discriminator Loss: 0.067734 | Generator Loss: 5.671569
[2024-01-27 02:58:15] GPU 1: Epoch 24/100 | Discriminator Loss: 0.010131 | Generator Loss: 6.312009
[2024-01-27 02:59:52] GPU 1: Epoch 25/100 | Discriminator Loss: 0.284490 | Generator Loss: 11.967733
[2024-01-27 03:01:29] GPU 1: Epoch 26/100 | Discriminator Loss: 0.033313 | Generator Loss: 6.058689
[2024-01-27 03:03:05] GPU 1: Epoch 27/100 | Discriminator Loss: 0.013035 | Generator Loss: 23.975073
[2024-01-27 03:04:42] GPU 1: Epoch 28/100 | Discriminator Loss: 0.010155 | Generator Loss: 5.940450
[2024-01-27 03:06:18] GPU 1: Epoch 29/100 | Discriminator Loss: 0.005250 | Generator Loss: 6.270039
[2024-01-27 03:07:55] GPU 1: Epoch 30/100 | Discriminator Loss: 0.008454 | Generator Loss: 6.925773
[2024-01-27 03:09:32] GPU 1: Epoch 31/100 | Discriminator Loss: 0.004845 | Generator Loss: 7.097323
[2024-01-27 03:11:08] GPU 1: Epoch 32/100 | Discriminator Loss: 0.001475 | Generator Loss: 7.330749
[2024-01-27 03:12:44] GPU 1: Epoch 33/100 | Discriminator Loss: 0.015724 | Generator Loss: 5.726787
[2024-01-27 03:14:21] GPU 1: Epoch 34/100 | Discriminator Loss: 0.006538 | Generator Loss: 5.945194
[2024-01-27 03:15:58] GPU 1: Epoch 35/100 | Discriminator Loss: 0.003919 | Generator Loss: 6.346170
[2024-01-27 03:17:35] GPU 1: Epoch 36/100 | Discriminator Loss: 0.002709 | Generator Loss: 6.457872
[2024-01-27 03:19:11] GPU 1: Epoch 37/100 | Discriminator Loss: 0.006217 | Generator Loss: 6.943388
[2024-01-27 03:20:47] GPU 1: Epoch 38/100 | Discriminator Loss: 4.403981 | Generator Loss: 9.926067
[2024-01-27 03:22:23] GPU 1: Epoch 39/100 | Discriminator Loss: 0.002801 | Generator Loss: 7.183259
[2024-01-27 03:23:58] GPU 1: Epoch 40/100 | Discriminator Loss: 0.000447 | Generator Loss: 9.777782
[2024-01-27 03:25:35] GPU 1: Epoch 41/100 | Discriminator Loss: 0.003359 | Generator Loss: 7.789344
[2024-01-27 03:27:11] GPU 1: Epoch 42/100 | Discriminator Loss: 0.008269 | Generator Loss: 5.304147
[2024-01-27 03:28:47] GPU 1: Epoch 43/100 | Discriminator Loss: 0.004126 | Generator Loss: 7.007391
[2024-01-27 03:30:22] GPU 1: Epoch 44/100 | Discriminator Loss: 0.025482 | Generator Loss: 7.952373
[2024-01-27 03:31:59] GPU 1: Epoch 45/100 | Discriminator Loss: 0.027729 | Generator Loss: 7.298967
[2024-01-27 03:33:35] GPU 1: Epoch 46/100 | Discriminator Loss: 0.000744 | Generator Loss: 8.403263
[2024-01-27 03:35:11] GPU 1: Epoch 47/100 | Discriminator Loss: 0.037613 | Generator Loss: 6.584955
[2024-01-27 03:36:47] GPU 1: Epoch 48/100 | Discriminator Loss: 0.002418 | Generator Loss: 7.961337
[2024-01-27 03:38:23] GPU 1: Epoch 49/100 | Discriminator Loss: 0.577876 | Generator Loss: 13.395338
[2024-01-27 03:39:59] GPU 1: Epoch 50/100 | Discriminator Loss: 0.001343 | Generator Loss: 8.664585
[2024-01-27 03:41:35] GPU 1: Epoch 51/100 | Discriminator Loss: 0.002143 | Generator Loss: 8.902552
[2024-01-27 03:43:12] GPU 1: Epoch 52/100 | Discriminator Loss: 0.003707 | Generator Loss: 12.926970
[2024-01-27 03:44:47] GPU 1: Epoch 53/100 | Discriminator Loss: 0.001641 | Generator Loss: 7.630557
[2024-01-27 03:46:24] GPU 1: Epoch 54/100 | Discriminator Loss: 0.001219 | Generator Loss: 7.295590
[2024-01-27 03:48:00] GPU 1: Epoch 55/100 | Discriminator Loss: 0.002917 | Generator Loss: 7.334538
[2024-01-27 03:49:38] GPU 1: Epoch 56/100 | Discriminator Loss: 0.071076 | Generator Loss: 4.727497
[2024-01-27 03:51:15] GPU 1: Epoch 57/100 | Discriminator Loss: 0.007561 | Generator Loss: 7.270138
[2024-01-27 03:52:51] GPU 1: Epoch 58/100 | Discriminator Loss: 0.024494 | Generator Loss: 6.375705
[2024-01-27 03:54:28] GPU 1: Epoch 59/100 | Discriminator Loss: 0.020361 | Generator Loss: 7.357625
[2024-01-27 03:56:04] GPU 1: Epoch 60/100 | Discriminator Loss: 0.017954 | Generator Loss: 5.469494
[2024-01-27 03:57:41] GPU 1: Epoch 61/100 | Discriminator Loss: 0.008629 | Generator Loss: 6.687542
[2024-01-27 03:59:17] GPU 1: Epoch 62/100 | Discriminator Loss: 0.002297 | Generator Loss: 7.558656
[2024-01-27 04:00:53] GPU 1: Epoch 63/100 | Discriminator Loss: 0.002025 | Generator Loss: 7.639555
[2024-01-27 04:02:29] GPU 1: Epoch 64/100 | Discriminator Loss: 0.000781 | Generator Loss: 8.353891
[2024-01-27 04:04:05] GPU 1: Epoch 65/100 | Discriminator Loss: 0.000116 | Generator Loss: 10.451765
[2024-01-27 04:05:42] GPU 1: Epoch 66/100 | Discriminator Loss: 0.006116 | Generator Loss: 6.603341
[2024-01-27 04:07:18] GPU 1: Epoch 67/100 | Discriminator Loss: 0.068379 | Generator Loss: 5.208654
[2024-01-27 04:08:55] GPU 1: Epoch 68/100 | Discriminator Loss: 0.012027 | Generator Loss: 4.287601
[2024-01-27 04:10:31] GPU 1: Epoch 69/100 | Discriminator Loss: 0.070730 | Generator Loss: 6.768822
[2024-01-27 04:12:07] GPU 1: Epoch 70/100 | Discriminator Loss: 0.005704 | Generator Loss: 7.253874
[2024-01-27 04:13:45] GPU 1: Epoch 71/100 | Discriminator Loss: 0.000420 | Generator Loss: 9.817996
[2024-01-27 04:15:21] GPU 1: Epoch 72/100 | Discriminator Loss: 0.002074 | Generator Loss: 8.276428
[2024-01-27 04:16:57] GPU 1: Epoch 73/100 | Discriminator Loss: 0.005899 | Generator Loss: 6.777328
[2024-01-27 04:18:34] GPU 1: Epoch 74/100 | Discriminator Loss: 0.000712 | Generator Loss: 11.144577
[2024-01-27 04:20:12] GPU 1: Epoch 75/100 | Discriminator Loss: 0.000449 | Generator Loss: 11.375830
[2024-01-27 04:21:47] GPU 1: Epoch 76/100 | Discriminator Loss: 0.010099 | Generator Loss: 9.907139
[2024-01-27 04:23:24] GPU 1: Epoch 77/100 | Discriminator Loss: 0.003023 | Generator Loss: 7.155708
[2024-01-27 04:25:02] GPU 1: Epoch 78/100 | Discriminator Loss: 0.001782 | Generator Loss: 8.614029
[2024-01-27 04:26:38] GPU 1: Epoch 79/100 | Discriminator Loss: 0.000568 | Generator Loss: 8.526724
[2024-01-27 04:28:14] GPU 1: Epoch 80/100 | Discriminator Loss: 0.007240 | Generator Loss: 4.624674
[2024-01-27 04:29:52] GPU 1: Epoch 81/100 | Discriminator Loss: 0.013648 | Generator Loss: 7.306175
[2024-01-27 04:31:29] GPU 1: Epoch 82/100 | Discriminator Loss: 0.014801 | Generator Loss: 6.598514
[2024-01-27 04:33:06] GPU 1: Epoch 83/100 | Discriminator Loss: 0.003054 | Generator Loss: 7.954658
[2024-01-27 04:34:42] GPU 1: Epoch 84/100 | Discriminator Loss: 0.003939 | Generator Loss: 7.224188
[2024-01-27 04:36:19] GPU 1: Epoch 85/100 | Discriminator Loss: 0.003964 | Generator Loss: 7.842509
[2024-01-27 04:37:56] GPU 1: Epoch 86/100 | Discriminator Loss: 0.000886 | Generator Loss: 8.207693
[2024-01-27 04:39:33] GPU 1: Epoch 87/100 | Discriminator Loss: 0.005855 | Generator Loss: 14.087879
[2024-01-27 04:41:10] GPU 1: Epoch 88/100 | Discriminator Loss: 0.000113 | Generator Loss: 12.252607
[2024-01-27 04:42:47] GPU 1: Epoch 89/100 | Discriminator Loss: 0.000308 | Generator Loss: 8.760979
[2024-01-27 04:44:23] GPU 1: Epoch 90/100 | Discriminator Loss: 0.001120 | Generator Loss: 7.495347
[2024-01-27 04:46:01] GPU 1: Epoch 91/100 | Discriminator Loss: 0.000456 | Generator Loss: 8.712107
[2024-01-27 04:47:37] GPU 1: Epoch 92/100 | Discriminator Loss: 0.005182 | Generator Loss: 18.119858
[2024-01-27 04:49:17] GPU 1: Epoch 93/100 | Discriminator Loss: 0.000001 | Generator Loss: 25.079964
[2024-01-27 04:50:53] GPU 1: Epoch 94/100 | Discriminator Loss: 0.011302 | Generator Loss: 6.565216
[2024-01-27 04:52:29] GPU 1: Epoch 95/100 | Discriminator Loss: 0.000665 | Generator Loss: 8.961858
[2024-01-27 04:54:05] GPU 1: Epoch 96/100 | Discriminator Loss: 0.001742 | Generator Loss: 11.079200
[2024-01-27 04:55:41] GPU 1: Epoch 97/100 | Discriminator Loss: 0.001142 | Generator Loss: 10.333193
[2024-01-27 04:57:16] GPU 1: Epoch 98/100 | Discriminator Loss: 0.003170 | Generator Loss: 8.240517
[2024-01-27 04:58:52] GPU 1: Epoch 99/100 | Discriminator Loss: 0.009721 | Generator Loss: 7.638512
[2024-01-27 02:17:24] Setting up 0 of 2
[2024-01-27 02:17:24] Initialized main on device: cuda:0 with rank 0
[2024-01-27 02:17:32] Loaded model ml_hb on rank 0 in local epoch 0 | best_loss_g: inf | best_loss_d_closest_to_half: inf | best_loss_d: inf 
[2024-01-27 02:17:34] Saved new best_loss_g checkpoint ml_hb_best_loss_g.pth.tar
[2024-01-27 02:17:34] Saved Epoch 0/100 | Discriminator Loss: 1.380276 | Generator Loss: 4.789519
[2024-01-27 02:17:35] Saved new best_loss_d checkpoint ml_hb_best_loss_d.pth.tar
[2024-01-27 02:17:35] Saved Epoch 0/100 | Discriminator Loss: 1.380276 | Generator Loss: 4.789519
[2024-01-27 02:17:36] Saved new best_loss_d_closest_to_half checkpoint ml_hb_best_loss_d_closest_to_half.pth.tar
[2024-01-27 02:17:36] Saved Epoch 0/100 | Discriminator Loss: 1.380276 | Generator Loss: 4.789519
[2024-01-27 02:17:38] Saved new best_loss_d checkpoint ml_hb_best_loss_d.pth.tar
[2024-01-27 02:17:38] Saved Epoch 0/100 | Discriminator Loss: 0.106598 | Generator Loss: 5.658977
[2024-01-27 02:17:39] Saved new best_loss_d_closest_to_half checkpoint ml_hb_best_loss_d_closest_to_half.pth.tar
[2024-01-27 02:17:39] Saved Epoch 0/100 | Discriminator Loss: 0.106598 | Generator Loss: 5.658977
[2024-01-27 02:17:40] Saved new best_loss_d checkpoint ml_hb_best_loss_d.pth.tar
[2024-01-27 02:17:40] Saved Epoch 0/100 | Discriminator Loss: 0.032259 | Generator Loss: 5.744359
[2024-01-27 02:17:42] Saved new best_loss_d checkpoint ml_hb_best_loss_d.pth.tar
[2024-01-27 02:17:42] Saved Epoch 0/100 | Discriminator Loss: 0.018833 | Generator Loss: 5.830579
[2024-01-27 02:17:46] Saved new best_loss_d_closest_to_half checkpoint ml_hb_best_loss_d_closest_to_half.pth.tar
[2024-01-27 02:17:46] Saved Epoch 0/100 | Discriminator Loss: 0.222659 | Generator Loss: 5.162520
[2024-01-27 02:17:48] Saved new best_loss_d checkpoint ml_hb_best_loss_d.pth.tar
[2024-01-27 02:17:48] Saved Epoch 0/100 | Discriminator Loss: 0.011644 | Generator Loss: 7.412502
[2024-01-27 02:17:49] Saved new best_loss_d checkpoint ml_hb_best_loss_d.pth.tar
[2024-01-27 02:17:49] Saved Epoch 0/100 | Discriminator Loss: 0.006911 | Generator Loss: 6.938477
[2024-01-27 02:17:59] Saved new best_loss_d checkpoint ml_hb_best_loss_d.pth.tar
[2024-01-27 02:17:59] Saved Epoch 0/100 | Discriminator Loss: 0.006432 | Generator Loss: 7.367528
[2024-01-27 02:18:01] Saved new best_loss_d checkpoint ml_hb_best_loss_d.pth.tar
[2024-01-27 02:18:01] Saved Epoch 0/100 | Discriminator Loss: 0.000642 | Generator Loss: 10.540385
[2024-01-27 02:18:08] Saved new best_loss_d checkpoint ml_hb_best_loss_d.pth.tar
[2024-01-27 02:18:08] Saved Epoch 0/100 | Discriminator Loss: 0.000160 | Generator Loss: 10.900680
[2024-01-27 02:18:10] Saved new best_loss_d_closest_to_half checkpoint ml_hb_best_loss_d_closest_to_half.pth.tar
[2024-01-27 02:18:10] Saved Epoch 0/100 | Discriminator Loss: 0.731539 | Generator Loss: 19.821434
[2024-01-27 02:18:13] Saved new best_loss_d checkpoint ml_hb_best_loss_d.pth.tar
[2024-01-27 02:18:13] Saved Epoch 0/100 | Discriminator Loss: 0.000003 | Generator Loss: 21.228924
[2024-01-27 02:18:14] Saved new best_loss_d checkpoint ml_hb_best_loss_d.pth.tar
[2024-01-27 02:18:14] Saved Epoch 0/100 | Discriminator Loss: 0.000001 | Generator Loss: 21.418350
[2024-01-27 02:18:18] Saved new best_loss_d checkpoint ml_hb_best_loss_d.pth.tar
[2024-01-27 02:18:18] Saved Epoch 0/100 | Discriminator Loss: 0.000001 | Generator Loss: 17.020035
[2024-01-27 02:18:37] Saved new best_loss_d_closest_to_half checkpoint ml_hb_best_loss_d_closest_to_half.pth.tar
[2024-01-27 02:18:37] Saved Epoch 0/100 | Discriminator Loss: 0.325772 | Generator Loss: 15.145732
[2024-01-27 02:18:39] Saved new best_loss_g checkpoint ml_hb_best_loss_g.pth.tar
[2024-01-27 02:18:39] Saved Epoch 0/100 | Discriminator Loss: 5.035340 | Generator Loss: 3.145034
[2024-01-27 02:18:51] Saved new best_loss_d_closest_to_half checkpoint ml_hb_best_loss_d_closest_to_half.pth.tar
[2024-01-27 02:18:51] Saved Epoch 0/100 | Discriminator Loss: 0.409758 | Generator Loss: 15.076457
[2024-01-27 02:19:05] Saved new best_loss_d_closest_to_half checkpoint ml_hb_best_loss_d_closest_to_half.pth.tar
[2024-01-27 02:19:05] Saved Epoch 0/100 | Discriminator Loss: 0.514377 | Generator Loss: 11.170675
[2024-01-27 02:19:19] Saved new best_loss_g checkpoint ml_hb_best_loss_g.pth.tar
[2024-01-27 02:19:19] Saved Epoch 0/100 | Discriminator Loss: 0.630478 | Generator Loss: 0.184766
[2024-01-27 02:19:32] GPU 0: Epoch 0/100 | Discriminator Loss: 0.132389 | Generator Loss: 4.547638
[2024-01-27 02:19:37] Saved new best_loss_d_closest_to_half checkpoint ml_hb_best_loss_d_closest_to_half.pth.tar
[2024-01-27 02:19:37] Saved Epoch 1/100 | Discriminator Loss: 0.487111 | Generator Loss: 10.435431
[2024-01-27 02:20:12] Saved new best_loss_d_closest_to_half checkpoint ml_hb_best_loss_d_closest_to_half.pth.tar
[2024-01-27 02:20:12] Saved Epoch 1/100 | Discriminator Loss: 0.495062 | Generator Loss: 4.946631
[2024-01-27 02:21:10] GPU 0: Epoch 1/100 | Discriminator Loss: 0.200924 | Generator Loss: 12.098777
[2024-01-27 02:22:47] GPU 0: Epoch 2/100 | Discriminator Loss: 3.030653 | Generator Loss: 13.501891
[2024-01-27 02:24:23] GPU 0: Epoch 3/100 | Discriminator Loss: 0.288441 | Generator Loss: 10.647200
[2024-01-27 02:26:00] GPU 0: Epoch 4/100 | Discriminator Loss: 0.120558 | Generator Loss: 4.668742
[2024-01-27 02:26:58] Saved new best_loss_d_closest_to_half checkpoint ml_hb_best_loss_d_closest_to_half.pth.tar
[2024-01-27 02:26:59] Saved Epoch 5/100 | Discriminator Loss: 0.501227 | Generator Loss: 2.973290
[2024-01-27 02:27:37] GPU 0: Epoch 5/100 | Discriminator Loss: 0.136935 | Generator Loss: 4.708065
[2024-01-27 02:28:17] Saved new best_loss_g checkpoint ml_hb_best_loss_g.pth.tar
[2024-01-27 02:28:17] Saved Epoch 6/100 | Discriminator Loss: 2.941498 | Generator Loss: 0.026049
[2024-01-27 02:29:16] GPU 0: Epoch 6/100 | Discriminator Loss: 0.151003 | Generator Loss: 4.257412
[2024-01-27 02:29:57] Saved new best_loss_d_closest_to_half checkpoint ml_hb_best_loss_d_closest_to_half.pth.tar
[2024-01-27 02:29:57] Saved Epoch 7/100 | Discriminator Loss: 0.500679 | Generator Loss: 5.284590
[2024-01-27 02:30:54] GPU 0: Epoch 7/100 | Discriminator Loss: 0.039970 | Generator Loss: 4.966279
[2024-01-27 02:32:30] GPU 0: Epoch 8/100 | Discriminator Loss: 1.951020 | Generator Loss: 12.289310
[2024-01-27 02:34:07] GPU 0: Epoch 9/100 | Discriminator Loss: 0.093350 | Generator Loss: 5.316284
[2024-01-27 02:35:44] Saved latest checkpoint ml_hb_latest.pth.tar
[2024-01-27 02:35:44] Saved Epoch 10/100 | Discriminator Loss: 0.066167 | Generator Loss: 3.979549
[2024-01-27 02:37:21] GPU 0: Epoch 11/100 | Discriminator Loss: 0.012084 | Generator Loss: 5.509323
[2024-01-27 02:38:56] GPU 0: Epoch 12/100 | Discriminator Loss: 0.037486 | Generator Loss: 4.996368
[2024-01-27 02:40:33] GPU 0: Epoch 13/100 | Discriminator Loss: 0.057285 | Generator Loss: 6.090796
[2024-01-27 02:42:10] GPU 0: Epoch 14/100 | Discriminator Loss: 0.052528 | Generator Loss: 8.710417
[2024-01-27 02:43:46] GPU 0: Epoch 15/100 | Discriminator Loss: 0.024480 | Generator Loss: 5.370300
[2024-01-27 02:45:23] GPU 0: Epoch 16/100 | Discriminator Loss: 0.055976 | Generator Loss: 4.721969
[2024-01-27 02:46:59] GPU 0: Epoch 17/100 | Discriminator Loss: 0.015714 | Generator Loss: 13.413210
[2024-01-27 02:48:35] GPU 0: Epoch 18/100 | Discriminator Loss: 0.107671 | Generator Loss: 1.767493
[2024-01-27 02:50:11] GPU 0: Epoch 19/100 | Discriminator Loss: 0.079757 | Generator Loss: 5.755762
[2024-01-27 02:51:48] Saved latest checkpoint ml_hb_latest.pth.tar
[2024-01-27 02:51:48] Saved Epoch 20/100 | Discriminator Loss: 0.003060 | Generator Loss: 7.161825
[2024-01-27 02:53:25] GPU 0: Epoch 21/100 | Discriminator Loss: 0.036185 | Generator Loss: 6.558441
[2024-01-27 02:55:01] GPU 0: Epoch 22/100 | Discriminator Loss: 0.013916 | Generator Loss: 5.582407
[2024-01-27 02:56:14] Saved new best_loss_g checkpoint ml_hb_best_loss_g.pth.tar
[2024-01-27 02:56:14] Saved Epoch 23/100 | Discriminator Loss: 0.698844 | Generator Loss: 0.002177
[2024-01-27 02:56:38] GPU 0: Epoch 23/100 | Discriminator Loss: 0.042023 | Generator Loss: 5.204547
[2024-01-27 02:58:15] GPU 0: Epoch 24/100 | Discriminator Loss: 0.019000 | Generator Loss: 6.228587
[2024-01-27 02:59:30] Saved new best_loss_g checkpoint ml_hb_best_loss_g.pth.tar
[2024-01-27 02:59:30] Saved Epoch 25/100 | Discriminator Loss: 3.908865 | Generator Loss: 0.002027
[2024-01-27 02:59:52] GPU 0: Epoch 25/100 | Discriminator Loss: 0.557133 | Generator Loss: 11.522520
[2024-01-27 03:01:29] GPU 0: Epoch 26/100 | Discriminator Loss: 0.081004 | Generator Loss: 5.493636
[2024-01-27 03:03:05] GPU 0: Epoch 27/100 | Discriminator Loss: 0.112039 | Generator Loss: 24.324318
[2024-01-27 03:04:42] GPU 0: Epoch 28/100 | Discriminator Loss: 0.007990 | Generator Loss: 6.639606
[2024-01-27 03:06:18] GPU 0: Epoch 29/100 | Discriminator Loss: 0.002863 | Generator Loss: 6.957633
[2024-01-27 03:07:55] Saved latest checkpoint ml_hb_latest.pth.tar
[2024-01-27 03:07:56] Saved Epoch 30/100 | Discriminator Loss: 0.006330 | Generator Loss: 6.965182
[2024-01-27 03:09:32] GPU 0: Epoch 31/100 | Discriminator Loss: 0.004133 | Generator Loss: 6.459755
[2024-01-27 03:11:08] GPU 0: Epoch 32/100 | Discriminator Loss: 0.002014 | Generator Loss: 7.345435
[2024-01-27 03:12:44] GPU 0: Epoch 33/100 | Discriminator Loss: 0.010915 | Generator Loss: 6.057254
[2024-01-27 03:14:21] GPU 0: Epoch 34/100 | Discriminator Loss: 0.005007 | Generator Loss: 6.311896
[2024-01-27 03:15:58] GPU 0: Epoch 35/100 | Discriminator Loss: 0.002489 | Generator Loss: 6.657727
[2024-01-27 03:17:35] GPU 0: Epoch 36/100 | Discriminator Loss: 0.001653 | Generator Loss: 6.930707
[2024-01-27 03:19:11] GPU 0: Epoch 37/100 | Discriminator Loss: 0.015323 | Generator Loss: 6.559347
[2024-01-27 03:20:47] GPU 0: Epoch 38/100 | Discriminator Loss: 4.722834 | Generator Loss: 8.474503
[2024-01-27 03:22:23] GPU 0: Epoch 39/100 | Discriminator Loss: 0.001980 | Generator Loss: 7.646890
[2024-01-27 03:23:59] Saved latest checkpoint ml_hb_latest.pth.tar
[2024-01-27 03:23:59] Saved Epoch 40/100 | Discriminator Loss: 0.000384 | Generator Loss: 9.900109
[2024-01-27 03:25:35] GPU 0: Epoch 41/100 | Discriminator Loss: 0.007538 | Generator Loss: 7.345533
[2024-01-27 03:27:11] GPU 0: Epoch 42/100 | Discriminator Loss: 0.008938 | Generator Loss: 5.199348
[2024-01-27 03:28:47] GPU 0: Epoch 43/100 | Discriminator Loss: 0.002723 | Generator Loss: 6.998803
[2024-01-27 03:30:22] GPU 0: Epoch 44/100 | Discriminator Loss: 0.039464 | Generator Loss: 6.879354
[2024-01-27 03:31:59] GPU 0: Epoch 45/100 | Discriminator Loss: 0.004657 | Generator Loss: 7.554037
[2024-01-27 03:33:35] GPU 0: Epoch 46/100 | Discriminator Loss: 0.001022 | Generator Loss: 8.187542
[2024-01-27 03:35:11] GPU 0: Epoch 47/100 | Discriminator Loss: 0.027899 | Generator Loss: 6.988843
[2024-01-27 03:36:47] GPU 0: Epoch 48/100 | Discriminator Loss: 0.000883 | Generator Loss: 8.939018
[2024-01-27 03:38:23] GPU 0: Epoch 49/100 | Discriminator Loss: 0.466717 | Generator Loss: 14.488317
[2024-01-27 03:40:00] Saved latest checkpoint ml_hb_latest.pth.tar
[2024-01-27 03:40:00] Saved Epoch 50/100 | Discriminator Loss: 0.000554 | Generator Loss: 8.753649
[2024-01-27 03:41:35] GPU 0: Epoch 51/100 | Discriminator Loss: 0.001358 | Generator Loss: 9.303015
[2024-01-27 03:43:12] GPU 0: Epoch 52/100 | Discriminator Loss: 0.000705 | Generator Loss: 12.617072
[2024-01-27 03:44:47] GPU 0: Epoch 53/100 | Discriminator Loss: 0.001430 | Generator Loss: 7.177443
[2024-01-27 03:46:24] GPU 0: Epoch 54/100 | Discriminator Loss: 0.001070 | Generator Loss: 7.510644
[2024-01-27 03:48:00] GPU 0: Epoch 55/100 | Discriminator Loss: 0.002356 | Generator Loss: 7.348188
[2024-01-27 03:49:15] Saved new best_loss_g checkpoint ml_hb_best_loss_g.pth.tar
[2024-01-27 03:49:15] Saved Epoch 56/100 | Discriminator Loss: 4.216646 | Generator Loss: 0.000001
[2024-01-27 03:49:38] GPU 0: Epoch 56/100 | Discriminator Loss: 0.053021 | Generator Loss: 4.937139
[2024-01-27 03:51:15] GPU 0: Epoch 57/100 | Discriminator Loss: 0.005381 | Generator Loss: 7.319980
[2024-01-27 03:52:51] GPU 0: Epoch 58/100 | Discriminator Loss: 0.013855 | Generator Loss: 6.225269
[2024-01-27 03:54:28] GPU 0: Epoch 59/100 | Discriminator Loss: 0.059503 | Generator Loss: 6.744161
[2024-01-27 03:56:05] Saved latest checkpoint ml_hb_latest.pth.tar
[2024-01-27 03:56:05] Saved Epoch 60/100 | Discriminator Loss: 0.012305 | Generator Loss: 5.946748
[2024-01-27 03:57:41] GPU 0: Epoch 61/100 | Discriminator Loss: 0.011031 | Generator Loss: 6.348113
[2024-01-27 03:59:17] GPU 0: Epoch 62/100 | Discriminator Loss: 0.002223 | Generator Loss: 7.080311
[2024-01-27 04:00:53] GPU 0: Epoch 63/100 | Discriminator Loss: 0.002675 | Generator Loss: 7.622346
[2024-01-27 04:02:29] GPU 0: Epoch 64/100 | Discriminator Loss: 0.001611 | Generator Loss: 7.296509
[2024-01-27 04:04:05] GPU 0: Epoch 65/100 | Discriminator Loss: 0.000191 | Generator Loss: 9.694294
[2024-01-27 04:05:42] GPU 0: Epoch 66/100 | Discriminator Loss: 0.005692 | Generator Loss: 6.826505
[2024-01-27 04:07:18] GPU 0: Epoch 67/100 | Discriminator Loss: 0.047889 | Generator Loss: 5.974576
[2024-01-27 04:08:55] GPU 0: Epoch 68/100 | Discriminator Loss: 0.010292 | Generator Loss: 3.950561
[2024-01-27 04:10:31] GPU 0: Epoch 69/100 | Discriminator Loss: 0.035776 | Generator Loss: 6.895574
[2024-01-27 04:12:08] Saved latest checkpoint ml_hb_latest.pth.tar
[2024-01-27 04:12:09] Saved Epoch 70/100 | Discriminator Loss: 0.005521 | Generator Loss: 6.399734
[2024-01-27 04:13:45] GPU 0: Epoch 71/100 | Discriminator Loss: 0.000396 | Generator Loss: 9.013327
[2024-01-27 04:15:21] GPU 0: Epoch 72/100 | Discriminator Loss: 0.000851 | Generator Loss: 8.136673
[2024-01-27 04:16:57] GPU 0: Epoch 73/100 | Discriminator Loss: 0.005334 | Generator Loss: 6.488975
[2024-01-27 04:18:34] GPU 0: Epoch 74/100 | Discriminator Loss: 0.001160 | Generator Loss: 8.385459
[2024-01-27 04:20:12] GPU 0: Epoch 75/100 | Discriminator Loss: 0.000352 | Generator Loss: 11.682055
[2024-01-27 04:21:47] GPU 0: Epoch 76/100 | Discriminator Loss: 0.006938 | Generator Loss: 7.795284
[2024-01-27 04:23:24] GPU 0: Epoch 77/100 | Discriminator Loss: 0.003938 | Generator Loss: 7.545802
[2024-01-27 04:25:02] GPU 0: Epoch 78/100 | Discriminator Loss: 0.000512 | Generator Loss: 8.530450
[2024-01-27 04:26:38] GPU 0: Epoch 79/100 | Discriminator Loss: 0.000687 | Generator Loss: 8.865737
[2024-01-27 04:28:15] Saved latest checkpoint ml_hb_latest.pth.tar
[2024-01-27 04:28:15] Saved Epoch 80/100 | Discriminator Loss: 0.009637 | Generator Loss: 3.613670
[2024-01-27 04:29:52] GPU 0: Epoch 81/100 | Discriminator Loss: 0.019738 | Generator Loss: 7.032598
[2024-01-27 04:31:29] GPU 0: Epoch 82/100 | Discriminator Loss: 0.014819 | Generator Loss: 7.987392
[2024-01-27 04:33:06] GPU 0: Epoch 83/100 | Discriminator Loss: 0.001961 | Generator Loss: 8.093184
[2024-01-27 04:34:42] GPU 0: Epoch 84/100 | Discriminator Loss: 0.002910 | Generator Loss: 6.945007
[2024-01-27 04:36:19] GPU 0: Epoch 85/100 | Discriminator Loss: 0.002130 | Generator Loss: 7.109787
[2024-01-27 04:37:56] GPU 0: Epoch 86/100 | Discriminator Loss: 0.001004 | Generator Loss: 8.055079
[2024-01-27 04:39:33] GPU 0: Epoch 87/100 | Discriminator Loss: 0.100936 | Generator Loss: 10.671490
[2024-01-27 04:41:10] GPU 0: Epoch 88/100 | Discriminator Loss: 0.000016 | Generator Loss: 12.947967
[2024-01-27 04:42:47] GPU 0: Epoch 89/100 | Discriminator Loss: 0.000102 | Generator Loss: 10.123789
[2024-01-27 04:44:24] Saved latest checkpoint ml_hb_latest.pth.tar
[2024-01-27 04:44:24] Saved Epoch 90/100 | Discriminator Loss: 0.000541 | Generator Loss: 8.320814
[2024-01-27 04:46:01] GPU 0: Epoch 91/100 | Discriminator Loss: 0.000606 | Generator Loss: 8.647264
[2024-01-27 04:47:37] GPU 0: Epoch 92/100 | Discriminator Loss: 0.024545 | Generator Loss: 18.383135
[2024-01-27 04:48:02] Saved new best_loss_d checkpoint ml_hb_best_loss_d.pth.tar
[2024-01-27 04:48:02] Saved Epoch 93/100 | Discriminator Loss: 0.000001 | Generator Loss: 47.588024
[2024-01-27 04:48:08] Saved new best_loss_d checkpoint ml_hb_best_loss_d.pth.tar
[2024-01-27 04:48:08] Saved Epoch 93/100 | Discriminator Loss: 0.000000 | Generator Loss: 46.000912
[2024-01-27 04:48:15] Saved new best_loss_d checkpoint ml_hb_best_loss_d.pth.tar
[2024-01-27 04:48:15] Saved Epoch 93/100 | Discriminator Loss: 0.000000 | Generator Loss: 47.962654
[2024-01-27 04:48:21] Saved new best_loss_d checkpoint ml_hb_best_loss_d.pth.tar
[2024-01-27 04:48:21] Saved Epoch 93/100 | Discriminator Loss: 0.000000 | Generator Loss: 47.451981
[2024-01-27 04:49:17] GPU 0: Epoch 93/100 | Discriminator Loss: 0.000001 | Generator Loss: 24.290298
[2024-01-27 04:50:53] GPU 0: Epoch 94/100 | Discriminator Loss: 0.003975 | Generator Loss: 7.510372
[2024-01-27 04:52:29] GPU 0: Epoch 95/100 | Discriminator Loss: 0.000824 | Generator Loss: 8.657359
[2024-01-27 04:54:05] GPU 0: Epoch 96/100 | Discriminator Loss: 0.000704 | Generator Loss: 9.143032
[2024-01-27 04:55:41] GPU 0: Epoch 97/100 | Discriminator Loss: 0.000250 | Generator Loss: 10.826822
[2024-01-27 04:57:16] GPU 0: Epoch 98/100 | Discriminator Loss: 0.002009 | Generator Loss: 8.585539
[2024-01-27 04:58:52] GPU 0: Epoch 99/100 | Discriminator Loss: 0.003222 | Generator Loss: 7.198852
[2024-01-27 04:58:52] Epoch 100/100 | Discriminator Loss: 0.003222 | Generator Loss: 7.198852
[2024-01-27 04:58:53] Saved checkpoint ml_hb_terminated.pth.tar.
