[2024-01-26 22:28:14] World size: 2
[2024-01-26 22:28:14] Found GPU 0: _CudaDeviceProperties(name='NVIDIA GeForce RTX 2080 Ti', major=7, minor=5, total_memory=11011MB, multi_processor_count=68)
[2024-01-26 22:28:14] Found GPU 1: _CudaDeviceProperties(name='NVIDIA GeForce RTX 2080 Ti', major=7, minor=5, total_memory=11011MB, multi_processor_count=68)
[2024-01-26 22:28:16] Setting up 1 of 2
[2024-01-26 22:28:16] Initialized main on device: cuda:1 with rank 1
[2024-01-26 22:28:24] Loaded model ml_mb on rank 1 in local epoch 0 | best_loss_g: inf | best_loss_d_closest_to_half: inf | best_loss_d: inf 
[2024-01-26 22:30:23] GPU 1: Epoch 0/100 | Discriminator Loss: 0.707407 | Generator Loss: 2.788544
[2024-01-26 22:31:58] GPU 1: Epoch 1/100 | Discriminator Loss: 0.039543 | Generator Loss: 5.049274
[2024-01-26 22:33:36] GPU 1: Epoch 2/100 | Discriminator Loss: 0.035066 | Generator Loss: 5.381461
[2024-01-26 22:35:09] GPU 1: Epoch 3/100 | Discriminator Loss: 0.089435 | Generator Loss: 4.380848
[2024-01-26 22:36:42] GPU 1: Epoch 4/100 | Discriminator Loss: 0.021720 | Generator Loss: 1.806633
[2024-01-26 22:38:16] GPU 1: Epoch 5/100 | Discriminator Loss: 0.367997 | Generator Loss: 3.306824
[2024-01-26 22:39:48] GPU 1: Epoch 6/100 | Discriminator Loss: 0.398702 | Generator Loss: 9.876640
[2024-01-26 22:41:21] GPU 1: Epoch 7/100 | Discriminator Loss: 0.296926 | Generator Loss: 6.293438
[2024-01-26 22:42:54] GPU 1: Epoch 8/100 | Discriminator Loss: 0.008769 | Generator Loss: 9.358024
[2024-01-26 22:44:26] GPU 1: Epoch 9/100 | Discriminator Loss: 0.032562 | Generator Loss: 7.168019
[2024-01-26 22:45:59] GPU 1: Epoch 10/100 | Discriminator Loss: 0.021212 | Generator Loss: 5.675968
[2024-01-26 22:47:33] GPU 1: Epoch 11/100 | Discriminator Loss: 0.022948 | Generator Loss: 6.671897
[2024-01-26 22:49:06] GPU 1: Epoch 12/100 | Discriminator Loss: 0.021667 | Generator Loss: 5.880566
[2024-01-26 22:50:39] GPU 1: Epoch 13/100 | Discriminator Loss: 0.032673 | Generator Loss: 6.086217
[2024-01-26 22:52:13] GPU 1: Epoch 14/100 | Discriminator Loss: 0.021112 | Generator Loss: 6.239750
[2024-01-26 22:53:47] GPU 1: Epoch 15/100 | Discriminator Loss: 0.099613 | Generator Loss: 6.176525
[2024-01-26 22:55:20] GPU 1: Epoch 16/100 | Discriminator Loss: 0.058664 | Generator Loss: 5.513229
[2024-01-26 22:56:54] GPU 1: Epoch 17/100 | Discriminator Loss: 0.021443 | Generator Loss: 6.908590
[2024-01-26 22:58:27] GPU 1: Epoch 18/100 | Discriminator Loss: 0.011065 | Generator Loss: 6.484466
[2024-01-26 23:00:01] GPU 1: Epoch 19/100 | Discriminator Loss: 0.057703 | Generator Loss: 5.008332
[2024-01-26 23:01:35] GPU 1: Epoch 20/100 | Discriminator Loss: 0.019966 | Generator Loss: 5.965224
[2024-01-26 23:03:09] GPU 1: Epoch 21/100 | Discriminator Loss: 0.036146 | Generator Loss: 7.148824
[2024-01-26 23:04:43] GPU 1: Epoch 22/100 | Discriminator Loss: 0.002933 | Generator Loss: 7.650199
[2024-01-26 23:06:16] GPU 1: Epoch 23/100 | Discriminator Loss: 0.002169 | Generator Loss: 7.158569
[2024-01-26 23:07:50] GPU 1: Epoch 24/100 | Discriminator Loss: 0.022209 | Generator Loss: 5.434501
[2024-01-26 23:09:23] GPU 1: Epoch 25/100 | Discriminator Loss: 0.020418 | Generator Loss: 5.706059
[2024-01-26 23:10:57] GPU 1: Epoch 26/100 | Discriminator Loss: 0.004514 | Generator Loss: 6.788651
[2024-01-26 23:12:30] GPU 1: Epoch 27/100 | Discriminator Loss: 0.053422 | Generator Loss: 5.251176
[2024-01-26 23:14:04] GPU 1: Epoch 28/100 | Discriminator Loss: 0.009930 | Generator Loss: 6.086040
[2024-01-26 23:15:38] GPU 1: Epoch 29/100 | Discriminator Loss: 0.001627 | Generator Loss: 8.512944
[2024-01-26 23:17:12] GPU 1: Epoch 30/100 | Discriminator Loss: 0.113270 | Generator Loss: 5.534195
[2024-01-26 23:18:45] GPU 1: Epoch 31/100 | Discriminator Loss: 0.004966 | Generator Loss: 7.121630
[2024-01-26 23:20:18] GPU 1: Epoch 32/100 | Discriminator Loss: 0.007958 | Generator Loss: 14.630138
[2024-01-26 23:21:51] GPU 1: Epoch 33/100 | Discriminator Loss: 0.004865 | Generator Loss: 8.107887
[2024-01-26 23:23:24] GPU 1: Epoch 34/100 | Discriminator Loss: 0.003967 | Generator Loss: 10.836971
[2024-01-26 23:24:57] GPU 1: Epoch 35/100 | Discriminator Loss: 0.000810 | Generator Loss: 9.677434
[2024-01-26 23:26:31] GPU 1: Epoch 36/100 | Discriminator Loss: 0.002646 | Generator Loss: 11.210876
[2024-01-26 23:28:03] GPU 1: Epoch 37/100 | Discriminator Loss: 0.002793 | Generator Loss: 8.928530
[2024-01-26 23:29:36] GPU 1: Epoch 38/100 | Discriminator Loss: 0.002420 | Generator Loss: 8.426958
[2024-01-26 23:31:11] GPU 1: Epoch 39/100 | Discriminator Loss: 0.036435 | Generator Loss: 6.084655
[2024-01-26 23:32:44] GPU 1: Epoch 40/100 | Discriminator Loss: 0.445584 | Generator Loss: 12.494574
[2024-01-26 23:34:19] GPU 1: Epoch 41/100 | Discriminator Loss: 0.190490 | Generator Loss: 7.288076
[2024-01-26 23:35:52] GPU 1: Epoch 42/100 | Discriminator Loss: 0.001476 | Generator Loss: 7.971073
[2024-01-26 23:37:25] GPU 1: Epoch 43/100 | Discriminator Loss: 0.003976 | Generator Loss: 9.539374
[2024-01-26 23:38:58] GPU 1: Epoch 44/100 | Discriminator Loss: 0.036541 | Generator Loss: 10.686880
[2024-01-26 23:40:32] GPU 1: Epoch 45/100 | Discriminator Loss: 0.000610 | Generator Loss: 9.116795
[2024-01-26 23:42:05] GPU 1: Epoch 46/100 | Discriminator Loss: 0.001591 | Generator Loss: 7.595685
[2024-01-26 23:43:38] GPU 1: Epoch 47/100 | Discriminator Loss: 0.001690 | Generator Loss: 7.360992
[2024-01-26 23:45:11] GPU 1: Epoch 48/100 | Discriminator Loss: 0.000761 | Generator Loss: 9.038693
[2024-01-26 23:46:45] GPU 1: Epoch 49/100 | Discriminator Loss: 0.009506 | Generator Loss: 7.297450
[2024-01-26 23:48:18] GPU 1: Epoch 50/100 | Discriminator Loss: 0.002803 | Generator Loss: 11.923809
[2024-01-26 23:49:53] GPU 1: Epoch 51/100 | Discriminator Loss: 0.022321 | Generator Loss: 5.108465
[2024-01-26 23:51:26] GPU 1: Epoch 52/100 | Discriminator Loss: 0.002125 | Generator Loss: 9.049953
[2024-01-26 23:52:59] GPU 1: Epoch 53/100 | Discriminator Loss: 0.017124 | Generator Loss: 4.772409
[2024-01-26 23:54:31] GPU 1: Epoch 54/100 | Discriminator Loss: 0.002612 | Generator Loss: 8.307795
[2024-01-26 23:56:04] GPU 1: Epoch 55/100 | Discriminator Loss: 0.002811 | Generator Loss: 8.798848
[2024-01-26 23:57:37] GPU 1: Epoch 56/100 | Discriminator Loss: 0.093425 | Generator Loss: 7.045595
[2024-01-26 23:59:09] GPU 1: Epoch 57/100 | Discriminator Loss: 0.014307 | Generator Loss: 6.108546
[2024-01-27 00:00:42] GPU 1: Epoch 58/100 | Discriminator Loss: 0.001012 | Generator Loss: 9.487840
[2024-01-27 00:02:15] GPU 1: Epoch 59/100 | Discriminator Loss: 0.010948 | Generator Loss: 7.121065
[2024-01-27 00:03:47] GPU 1: Epoch 60/100 | Discriminator Loss: 0.001008 | Generator Loss: 10.997630
[2024-01-27 00:05:22] GPU 1: Epoch 61/100 | Discriminator Loss: 0.003906 | Generator Loss: 6.685499
[2024-01-27 00:06:55] GPU 1: Epoch 62/100 | Discriminator Loss: 0.041347 | Generator Loss: 11.124344
[2024-01-27 00:08:28] GPU 1: Epoch 63/100 | Discriminator Loss: 0.008069 | Generator Loss: 6.886367
[2024-01-27 00:10:02] GPU 1: Epoch 64/100 | Discriminator Loss: 0.003117 | Generator Loss: 8.805517
[2024-01-27 00:11:36] GPU 1: Epoch 65/100 | Discriminator Loss: 0.000547 | Generator Loss: 9.446750
[2024-01-27 00:13:10] GPU 1: Epoch 66/100 | Discriminator Loss: 0.000220 | Generator Loss: 10.609720
[2024-01-27 00:14:43] GPU 1: Epoch 67/100 | Discriminator Loss: 0.000007 | Generator Loss: 28.197632
[2024-01-27 00:16:16] GPU 1: Epoch 68/100 | Discriminator Loss: 0.007120 | Generator Loss: 7.643028
[2024-01-27 00:17:50] GPU 1: Epoch 69/100 | Discriminator Loss: 0.001290 | Generator Loss: 8.313448
[2024-01-27 00:19:22] GPU 1: Epoch 70/100 | Discriminator Loss: 0.005313 | Generator Loss: 9.016704
[2024-01-27 00:20:56] GPU 1: Epoch 71/100 | Discriminator Loss: 0.001498 | Generator Loss: 8.231549
[2024-01-27 00:22:30] GPU 1: Epoch 72/100 | Discriminator Loss: 0.000276 | Generator Loss: 10.299728
[2024-01-27 00:24:03] GPU 1: Epoch 73/100 | Discriminator Loss: 0.000216 | Generator Loss: 20.612860
[2024-01-27 00:25:35] GPU 1: Epoch 74/100 | Discriminator Loss: 0.001086 | Generator Loss: 8.825706
[2024-01-27 00:27:08] GPU 1: Epoch 75/100 | Discriminator Loss: 0.000622 | Generator Loss: 9.146179
[2024-01-27 00:28:41] GPU 1: Epoch 76/100 | Discriminator Loss: 0.001751 | Generator Loss: 15.981812
[2024-01-27 00:30:14] GPU 1: Epoch 77/100 | Discriminator Loss: 0.000578 | Generator Loss: 8.132949
[2024-01-27 00:31:48] GPU 1: Epoch 78/100 | Discriminator Loss: 0.000014 | Generator Loss: 12.765501
[2024-01-27 00:33:21] GPU 1: Epoch 79/100 | Discriminator Loss: 0.000344 | Generator Loss: 8.993223
[2024-01-27 00:34:54] GPU 1: Epoch 80/100 | Discriminator Loss: 0.000730 | Generator Loss: 8.818339
[2024-01-27 00:36:28] GPU 1: Epoch 81/100 | Discriminator Loss: 0.000201 | Generator Loss: 9.860458
[2024-01-27 00:38:01] GPU 1: Epoch 82/100 | Discriminator Loss: 0.001101 | Generator Loss: 9.960518
[2024-01-27 00:39:34] GPU 1: Epoch 83/100 | Discriminator Loss: 0.000234 | Generator Loss: 42.058678
[2024-01-27 00:41:08] GPU 1: Epoch 84/100 | Discriminator Loss: 0.000059 | Generator Loss: 42.346283
[2024-01-27 00:42:41] GPU 1: Epoch 85/100 | Discriminator Loss: 0.000032 | Generator Loss: 42.102699
[2024-01-27 00:44:14] GPU 1: Epoch 86/100 | Discriminator Loss: 0.000021 | Generator Loss: 42.070610
[2024-01-27 00:45:47] GPU 1: Epoch 87/100 | Discriminator Loss: 0.000015 | Generator Loss: 41.832684
[2024-01-27 00:47:20] GPU 1: Epoch 88/100 | Discriminator Loss: 0.000011 | Generator Loss: 41.789143
[2024-01-27 00:48:53] GPU 1: Epoch 89/100 | Discriminator Loss: 0.000008 | Generator Loss: 41.785770
[2024-01-27 00:50:26] GPU 1: Epoch 90/100 | Discriminator Loss: 0.000007 | Generator Loss: 41.342224
[2024-01-27 00:52:01] GPU 1: Epoch 91/100 | Discriminator Loss: 0.000005 | Generator Loss: 41.525383
[2024-01-27 00:53:34] GPU 1: Epoch 92/100 | Discriminator Loss: 0.000004 | Generator Loss: 41.378746
[2024-01-27 00:55:07] GPU 1: Epoch 93/100 | Discriminator Loss: 0.000004 | Generator Loss: 41.408371
[2024-01-27 00:56:40] GPU 1: Epoch 94/100 | Discriminator Loss: 0.000003 | Generator Loss: 41.439919
[2024-01-27 00:58:13] GPU 1: Epoch 95/100 | Discriminator Loss: 0.000003 | Generator Loss: 41.143761
[2024-01-27 00:59:45] GPU 1: Epoch 96/100 | Discriminator Loss: 0.000002 | Generator Loss: 41.117699
[2024-01-27 01:01:18] GPU 1: Epoch 97/100 | Discriminator Loss: 0.000002 | Generator Loss: 41.126747
[2024-01-27 01:02:50] GPU 1: Epoch 98/100 | Discriminator Loss: 0.000002 | Generator Loss: 40.779778
[2024-01-27 01:04:24] GPU 1: Epoch 99/100 | Discriminator Loss: 0.000001 | Generator Loss: 40.849174
[2024-01-26 22:28:16] Setting up 0 of 2
[2024-01-26 22:28:16] Initialized main on device: cuda:0 with rank 0
[2024-01-26 22:28:24] Loaded model ml_mb on rank 0 in local epoch 0 | best_loss_g: inf | best_loss_d_closest_to_half: inf | best_loss_d: inf 
[2024-01-26 22:28:25] Saved new best_loss_g checkpoint ml_mb_best_loss_g.pth.tar
[2024-01-26 22:28:25] Saved Epoch 0/100 | Discriminator Loss: 1.504285 | Generator Loss: 5.087881
[2024-01-26 22:28:26] Saved new best_loss_d checkpoint ml_mb_best_loss_d.pth.tar
[2024-01-26 22:28:26] Saved Epoch 0/100 | Discriminator Loss: 1.504285 | Generator Loss: 5.087881
[2024-01-26 22:28:27] Saved new best_loss_d_closest_to_half checkpoint ml_mb_best_loss_d_closest_to_half.pth.tar
[2024-01-26 22:28:27] Saved Epoch 0/100 | Discriminator Loss: 1.504285 | Generator Loss: 5.087881
[2024-01-26 22:28:29] Saved new best_loss_d checkpoint ml_mb_best_loss_d.pth.tar
[2024-01-26 22:28:29] Saved Epoch 0/100 | Discriminator Loss: 0.105394 | Generator Loss: 5.790249
[2024-01-26 22:28:30] Saved new best_loss_d_closest_to_half checkpoint ml_mb_best_loss_d_closest_to_half.pth.tar
[2024-01-26 22:28:30] Saved Epoch 0/100 | Discriminator Loss: 0.105394 | Generator Loss: 5.790249
[2024-01-26 22:28:31] Saved new best_loss_d checkpoint ml_mb_best_loss_d.pth.tar
[2024-01-26 22:28:31] Saved Epoch 0/100 | Discriminator Loss: 0.029429 | Generator Loss: 5.938021
[2024-01-26 22:28:32] Saved new best_loss_d checkpoint ml_mb_best_loss_d.pth.tar
[2024-01-26 22:28:32] Saved Epoch 0/100 | Discriminator Loss: 0.023235 | Generator Loss: 5.565691
[2024-01-26 22:28:35] Saved new best_loss_d checkpoint ml_mb_best_loss_d.pth.tar
[2024-01-26 22:28:35] Saved Epoch 0/100 | Discriminator Loss: 0.021618 | Generator Loss: 6.512154
[2024-01-26 22:28:37] Saved new best_loss_d checkpoint ml_mb_best_loss_d.pth.tar
[2024-01-26 22:28:37] Saved Epoch 0/100 | Discriminator Loss: 0.014204 | Generator Loss: 6.657291
[2024-01-26 22:28:38] Saved new best_loss_d_closest_to_half checkpoint ml_mb_best_loss_d_closest_to_half.pth.tar
[2024-01-26 22:28:39] Saved Epoch 0/100 | Discriminator Loss: 0.187804 | Generator Loss: 5.257967
[2024-01-26 22:28:40] Saved new best_loss_d checkpoint ml_mb_best_loss_d.pth.tar
[2024-01-26 22:28:40] Saved Epoch 0/100 | Discriminator Loss: 0.002850 | Generator Loss: 12.391240
[2024-01-26 22:28:42] Saved new best_loss_d checkpoint ml_mb_best_loss_d.pth.tar
[2024-01-26 22:28:42] Saved Epoch 0/100 | Discriminator Loss: 0.001240 | Generator Loss: 10.909058
[2024-01-26 22:28:47] Saved new best_loss_d checkpoint ml_mb_best_loss_d.pth.tar
[2024-01-26 22:28:47] Saved Epoch 0/100 | Discriminator Loss: 0.000614 | Generator Loss: 7.900391
[2024-01-26 22:28:49] Saved new best_loss_d checkpoint ml_mb_best_loss_d.pth.tar
[2024-01-26 22:28:50] Saved Epoch 0/100 | Discriminator Loss: 0.000337 | Generator Loss: 14.742249
[2024-01-26 22:28:54] Saved new best_loss_d_closest_to_half checkpoint ml_mb_best_loss_d_closest_to_half.pth.tar
[2024-01-26 22:28:54] Saved Epoch 0/100 | Discriminator Loss: 0.329503 | Generator Loss: 17.077698
[2024-01-26 22:28:56] Saved new best_loss_d_closest_to_half checkpoint ml_mb_best_loss_d_closest_to_half.pth.tar
[2024-01-26 22:28:56] Saved Epoch 0/100 | Discriminator Loss: 0.417412 | Generator Loss: 18.084005
[2024-01-26 22:28:57] Saved new best_loss_d checkpoint ml_mb_best_loss_d.pth.tar
[2024-01-26 22:28:58] Saved Epoch 0/100 | Discriminator Loss: 0.000008 | Generator Loss: 18.349741
[2024-01-26 22:28:59] Saved new best_loss_d checkpoint ml_mb_best_loss_d.pth.tar
[2024-01-26 22:28:59] Saved Epoch 0/100 | Discriminator Loss: 0.000002 | Generator Loss: 17.002031
[2024-01-26 22:29:01] Saved new best_loss_d checkpoint ml_mb_best_loss_d.pth.tar
[2024-01-26 22:29:01] Saved Epoch 0/100 | Discriminator Loss: 0.000001 | Generator Loss: 14.537320
[2024-01-26 22:29:08] Saved new best_loss_d_closest_to_half checkpoint ml_mb_best_loss_d_closest_to_half.pth.tar
[2024-01-26 22:29:08] Saved Epoch 0/100 | Discriminator Loss: 0.575126 | Generator Loss: 8.952077
[2024-01-26 22:29:19] Saved new best_loss_g checkpoint ml_mb_best_loss_g.pth.tar
[2024-01-26 22:29:19] Saved Epoch 0/100 | Discriminator Loss: 0.033715 | Generator Loss: 4.268858
[2024-01-26 22:29:23] Saved new best_loss_g checkpoint ml_mb_best_loss_g.pth.tar
[2024-01-26 22:29:23] Saved Epoch 0/100 | Discriminator Loss: 0.128662 | Generator Loss: 4.065268
[2024-01-26 22:29:25] Saved new best_loss_g checkpoint ml_mb_best_loss_g.pth.tar
[2024-01-26 22:29:26] Saved Epoch 0/100 | Discriminator Loss: 0.016749 | Generator Loss: 4.027149
[2024-01-26 22:29:33] Saved new best_loss_g checkpoint ml_mb_best_loss_g.pth.tar
[2024-01-26 22:29:33] Saved Epoch 0/100 | Discriminator Loss: 0.308810 | Generator Loss: 3.552214
[2024-01-26 22:29:35] Saved new best_loss_d_closest_to_half checkpoint ml_mb_best_loss_d_closest_to_half.pth.tar
[2024-01-26 22:29:35] Saved Epoch 0/100 | Discriminator Loss: 0.469461 | Generator Loss: 13.181686
[2024-01-26 22:30:23] Saved new best_loss_g checkpoint ml_mb_best_loss_g.pth.tar
[2024-01-26 22:30:24] Saved Epoch 0/100 | Discriminator Loss: 0.883728 | Generator Loss: 2.921010
[2024-01-26 22:30:24] GPU 0: Epoch 0/100 | Discriminator Loss: 0.883728 | Generator Loss: 2.921010
[2024-01-26 22:30:25] Saved new best_loss_g checkpoint ml_mb_best_loss_g.pth.tar
[2024-01-26 22:30:25] Saved Epoch 1/100 | Discriminator Loss: 0.034105 | Generator Loss: 1.685499
[2024-01-26 22:31:58] GPU 0: Epoch 1/100 | Discriminator Loss: 0.039512 | Generator Loss: 4.819507
[2024-01-26 22:32:00] Saved new best_loss_g checkpoint ml_mb_best_loss_g.pth.tar
[2024-01-26 22:32:00] Saved Epoch 2/100 | Discriminator Loss: 2.368212 | Generator Loss: 0.181059
[2024-01-26 22:32:32] Saved new best_loss_d_closest_to_half checkpoint ml_mb_best_loss_d_closest_to_half.pth.tar
[2024-01-26 22:32:32] Saved Epoch 2/100 | Discriminator Loss: 0.478240 | Generator Loss: 2.442697
[2024-01-26 22:32:46] Saved new best_loss_g checkpoint ml_mb_best_loss_g.pth.tar
[2024-01-26 22:32:46] Saved Epoch 2/100 | Discriminator Loss: 0.782518 | Generator Loss: 0.142822
[2024-01-26 22:33:10] Saved new best_loss_d_closest_to_half checkpoint ml_mb_best_loss_d_closest_to_half.pth.tar
[2024-01-26 22:33:10] Saved Epoch 2/100 | Discriminator Loss: 0.502513 | Generator Loss: 9.234015
[2024-01-26 22:33:36] GPU 0: Epoch 2/100 | Discriminator Loss: 0.042285 | Generator Loss: 5.653265
[2024-01-26 22:35:09] GPU 0: Epoch 3/100 | Discriminator Loss: 0.077639 | Generator Loss: 4.615664
[2024-01-26 22:36:38] Saved new best_loss_d_closest_to_half checkpoint ml_mb_best_loss_d_closest_to_half.pth.tar
[2024-01-26 22:36:38] Saved Epoch 4/100 | Discriminator Loss: 0.502203 | Generator Loss: 8.685306
[2024-01-26 22:36:42] GPU 0: Epoch 4/100 | Discriminator Loss: 0.009875 | Generator Loss: 2.900702
[2024-01-26 22:37:48] Saved new best_loss_d_closest_to_half checkpoint ml_mb_best_loss_d_closest_to_half.pth.tar
[2024-01-26 22:37:48] Saved Epoch 5/100 | Discriminator Loss: 0.501048 | Generator Loss: 4.050419
[2024-01-26 22:38:16] GPU 0: Epoch 5/100 | Discriminator Loss: 0.160150 | Generator Loss: 3.420578
[2024-01-26 22:39:48] GPU 0: Epoch 6/100 | Discriminator Loss: 0.343026 | Generator Loss: 10.504786
[2024-01-26 22:41:21] GPU 0: Epoch 7/100 | Discriminator Loss: 0.371042 | Generator Loss: 6.502183
[2024-01-26 22:42:54] GPU 0: Epoch 8/100 | Discriminator Loss: 0.004584 | Generator Loss: 8.948241
[2024-01-26 22:44:26] GPU 0: Epoch 9/100 | Discriminator Loss: 0.099200 | Generator Loss: 7.568035
[2024-01-26 22:46:00] Saved latest checkpoint ml_mb_latest.pth.tar
[2024-01-26 22:46:00] Saved Epoch 10/100 | Discriminator Loss: 0.020730 | Generator Loss: 5.593285
[2024-01-26 22:47:33] GPU 0: Epoch 11/100 | Discriminator Loss: 0.020850 | Generator Loss: 6.244504
[2024-01-26 22:49:06] GPU 0: Epoch 12/100 | Discriminator Loss: 0.068175 | Generator Loss: 5.462328
[2024-01-26 22:50:39] GPU 0: Epoch 13/100 | Discriminator Loss: 0.016535 | Generator Loss: 6.447404
[2024-01-26 22:51:39] Saved new best_loss_g checkpoint ml_mb_best_loss_g.pth.tar
[2024-01-26 22:51:39] Saved Epoch 14/100 | Discriminator Loss: 1.528283 | Generator Loss: 0.000045
[2024-01-26 22:52:13] GPU 0: Epoch 14/100 | Discriminator Loss: 0.010618 | Generator Loss: 5.921569
[2024-01-26 22:53:47] GPU 0: Epoch 15/100 | Discriminator Loss: 0.035630 | Generator Loss: 6.297485
[2024-01-26 22:55:20] GPU 0: Epoch 16/100 | Discriminator Loss: 0.013935 | Generator Loss: 6.523515
[2024-01-26 22:56:54] GPU 0: Epoch 17/100 | Discriminator Loss: 0.057049 | Generator Loss: 5.644212
[2024-01-26 22:58:27] GPU 0: Epoch 18/100 | Discriminator Loss: 0.006914 | Generator Loss: 6.917810
[2024-01-26 23:00:01] GPU 0: Epoch 19/100 | Discriminator Loss: 0.009075 | Generator Loss: 6.614202
[2024-01-26 23:01:36] Saved latest checkpoint ml_mb_latest.pth.tar
[2024-01-26 23:01:36] Saved Epoch 20/100 | Discriminator Loss: 0.011367 | Generator Loss: 6.750751
[2024-01-26 23:03:09] GPU 0: Epoch 21/100 | Discriminator Loss: 0.025547 | Generator Loss: 8.456479
[2024-01-26 23:04:43] GPU 0: Epoch 22/100 | Discriminator Loss: 0.003303 | Generator Loss: 7.043890
[2024-01-26 23:06:16] GPU 0: Epoch 23/100 | Discriminator Loss: 0.001505 | Generator Loss: 7.248878
[2024-01-26 23:07:50] GPU 0: Epoch 24/100 | Discriminator Loss: 0.028435 | Generator Loss: 5.479268
[2024-01-26 23:09:23] GPU 0: Epoch 25/100 | Discriminator Loss: 0.030790 | Generator Loss: 4.977131
[2024-01-26 23:10:57] GPU 0: Epoch 26/100 | Discriminator Loss: 0.002427 | Generator Loss: 8.061089
[2024-01-26 23:12:30] GPU 0: Epoch 27/100 | Discriminator Loss: 0.040934 | Generator Loss: 6.497259
[2024-01-26 23:14:04] GPU 0: Epoch 28/100 | Discriminator Loss: 0.004703 | Generator Loss: 6.213881
[2024-01-26 23:15:38] GPU 0: Epoch 29/100 | Discriminator Loss: 0.000546 | Generator Loss: 8.684702
[2024-01-26 23:17:12] Saved latest checkpoint ml_mb_latest.pth.tar
[2024-01-26 23:17:13] Saved Epoch 30/100 | Discriminator Loss: 0.053448 | Generator Loss: 4.756566
[2024-01-26 23:18:45] GPU 0: Epoch 31/100 | Discriminator Loss: 0.003503 | Generator Loss: 7.072929
[2024-01-26 23:20:18] GPU 0: Epoch 32/100 | Discriminator Loss: 0.008258 | Generator Loss: 13.823792
[2024-01-26 23:21:51] GPU 0: Epoch 33/100 | Discriminator Loss: 0.001178 | Generator Loss: 8.502262
[2024-01-26 23:23:24] GPU 0: Epoch 34/100 | Discriminator Loss: 0.005948 | Generator Loss: 10.362249
[2024-01-26 23:24:57] GPU 0: Epoch 35/100 | Discriminator Loss: 0.000492 | Generator Loss: 9.609511
[2024-01-26 23:26:31] GPU 0: Epoch 36/100 | Discriminator Loss: 0.002814 | Generator Loss: 10.444210
[2024-01-26 23:28:03] GPU 0: Epoch 37/100 | Discriminator Loss: 0.005089 | Generator Loss: 8.265093
[2024-01-26 23:29:36] GPU 0: Epoch 38/100 | Discriminator Loss: 0.000576 | Generator Loss: 8.996881
[2024-01-26 23:30:31] Saved new best_loss_d checkpoint ml_mb_best_loss_d.pth.tar
[2024-01-26 23:30:31] Saved Epoch 39/100 | Discriminator Loss: 0.000000 | Generator Loss: 23.063471
[2024-01-26 23:31:11] GPU 0: Epoch 39/100 | Discriminator Loss: 0.016304 | Generator Loss: 6.870283
[2024-01-26 23:32:45] Saved latest checkpoint ml_mb_latest.pth.tar
[2024-01-26 23:32:45] Saved Epoch 40/100 | Discriminator Loss: 0.108557 | Generator Loss: 12.850753
[2024-01-26 23:34:19] GPU 0: Epoch 41/100 | Discriminator Loss: 0.005206 | Generator Loss: 6.884598
[2024-01-26 23:35:52] GPU 0: Epoch 42/100 | Discriminator Loss: 0.000544 | Generator Loss: 8.614010
[2024-01-26 23:37:25] GPU 0: Epoch 43/100 | Discriminator Loss: 0.002574 | Generator Loss: 9.958493
[2024-01-26 23:38:58] GPU 0: Epoch 44/100 | Discriminator Loss: 0.003872 | Generator Loss: 10.203272
[2024-01-26 23:40:32] GPU 0: Epoch 45/100 | Discriminator Loss: 0.001350 | Generator Loss: 9.189035
[2024-01-26 23:42:05] GPU 0: Epoch 46/100 | Discriminator Loss: 0.003165 | Generator Loss: 6.381952
[2024-01-26 23:43:38] GPU 0: Epoch 47/100 | Discriminator Loss: 0.002765 | Generator Loss: 6.821332
[2024-01-26 23:45:11] GPU 0: Epoch 48/100 | Discriminator Loss: 0.000948 | Generator Loss: 7.594295
[2024-01-26 23:46:45] GPU 0: Epoch 49/100 | Discriminator Loss: 0.000331 | Generator Loss: 9.653601
[2024-01-26 23:48:19] Saved latest checkpoint ml_mb_latest.pth.tar
[2024-01-26 23:48:19] Saved Epoch 50/100 | Discriminator Loss: 0.000810 | Generator Loss: 15.212837
[2024-01-26 23:49:47] Saved new best_loss_d checkpoint ml_mb_best_loss_d.pth.tar
[2024-01-26 23:49:47] Saved Epoch 51/100 | Discriminator Loss: 0.000000 | Generator Loss: 19.924509
[2024-01-26 23:49:53] GPU 0: Epoch 51/100 | Discriminator Loss: 0.009333 | Generator Loss: 18.705389
[2024-01-26 23:51:26] GPU 0: Epoch 52/100 | Discriminator Loss: 0.002174 | Generator Loss: 9.562374
[2024-01-26 23:52:59] GPU 0: Epoch 53/100 | Discriminator Loss: 0.011320 | Generator Loss: 4.975310
[2024-01-26 23:54:31] GPU 0: Epoch 54/100 | Discriminator Loss: 0.000965 | Generator Loss: 8.712836
[2024-01-26 23:56:04] GPU 0: Epoch 55/100 | Discriminator Loss: 0.001460 | Generator Loss: 7.215674
[2024-01-26 23:57:37] GPU 0: Epoch 56/100 | Discriminator Loss: 0.065891 | Generator Loss: 7.725838
[2024-01-26 23:59:09] GPU 0: Epoch 57/100 | Discriminator Loss: 0.018599 | Generator Loss: 5.272956
[2024-01-27 00:00:42] GPU 0: Epoch 58/100 | Discriminator Loss: 0.006921 | Generator Loss: 7.912308
[2024-01-27 00:02:15] GPU 0: Epoch 59/100 | Discriminator Loss: 0.004166 | Generator Loss: 6.750121
[2024-01-27 00:03:48] Saved latest checkpoint ml_mb_latest.pth.tar
[2024-01-27 00:03:49] Saved Epoch 60/100 | Discriminator Loss: 0.000270 | Generator Loss: 10.079559
[2024-01-27 00:05:22] GPU 0: Epoch 61/100 | Discriminator Loss: 0.002007 | Generator Loss: 7.145761
[2024-01-27 00:06:55] GPU 0: Epoch 62/100 | Discriminator Loss: 0.014176 | Generator Loss: 11.549185
[2024-01-27 00:08:28] GPU 0: Epoch 63/100 | Discriminator Loss: 0.005647 | Generator Loss: 6.598505
[2024-01-27 00:10:02] GPU 0: Epoch 64/100 | Discriminator Loss: 0.000347 | Generator Loss: 9.529028
[2024-01-27 00:11:36] GPU 0: Epoch 65/100 | Discriminator Loss: 0.000316 | Generator Loss: 9.952305
[2024-01-27 00:13:10] GPU 0: Epoch 66/100 | Discriminator Loss: 0.000022 | Generator Loss: 12.478292
[2024-01-27 00:14:43] GPU 0: Epoch 67/100 | Discriminator Loss: 0.000019 | Generator Loss: 19.932217
[2024-01-27 00:16:16] GPU 0: Epoch 68/100 | Discriminator Loss: 0.000995 | Generator Loss: 8.350613
[2024-01-27 00:17:50] GPU 0: Epoch 69/100 | Discriminator Loss: 0.002935 | Generator Loss: 7.084369
[2024-01-27 00:19:23] Saved latest checkpoint ml_mb_latest.pth.tar
[2024-01-27 00:19:23] Saved Epoch 70/100 | Discriminator Loss: 0.000653 | Generator Loss: 8.443859
[2024-01-27 00:20:56] GPU 0: Epoch 71/100 | Discriminator Loss: 0.000605 | Generator Loss: 8.465145
[2024-01-27 00:22:30] GPU 0: Epoch 72/100 | Discriminator Loss: 0.000191 | Generator Loss: 11.775889
[2024-01-27 00:24:03] GPU 0: Epoch 73/100 | Discriminator Loss: 0.000053 | Generator Loss: 20.078741
[2024-01-27 00:25:35] GPU 0: Epoch 74/100 | Discriminator Loss: 0.000376 | Generator Loss: 8.408148
[2024-01-27 00:27:08] GPU 0: Epoch 75/100 | Discriminator Loss: 0.000225 | Generator Loss: 10.976595
[2024-01-27 00:28:41] GPU 0: Epoch 76/100 | Discriminator Loss: 0.000016 | Generator Loss: 15.750784
[2024-01-27 00:30:14] GPU 0: Epoch 77/100 | Discriminator Loss: 0.000562 | Generator Loss: 8.160503
[2024-01-27 00:31:48] GPU 0: Epoch 78/100 | Discriminator Loss: 0.000004 | Generator Loss: 12.984591
[2024-01-27 00:33:21] GPU 0: Epoch 79/100 | Discriminator Loss: 0.000324 | Generator Loss: 8.820063
[2024-01-27 00:34:55] Saved latest checkpoint ml_mb_latest.pth.tar
[2024-01-27 00:34:55] Saved Epoch 80/100 | Discriminator Loss: 0.000838 | Generator Loss: 8.575541
[2024-01-27 00:36:28] GPU 0: Epoch 81/100 | Discriminator Loss: 0.000148 | Generator Loss: 9.311520
[2024-01-27 00:38:01] GPU 0: Epoch 82/100 | Discriminator Loss: 0.000055 | Generator Loss: 10.468184
[2024-01-27 00:39:34] GPU 0: Epoch 83/100 | Discriminator Loss: 0.000003 | Generator Loss: 42.522911
[2024-01-27 00:41:08] GPU 0: Epoch 84/100 | Discriminator Loss: 0.000001 | Generator Loss: 42.094070
[2024-01-27 00:42:41] GPU 0: Epoch 85/100 | Discriminator Loss: 0.000001 | Generator Loss: 42.130066
[2024-01-27 00:44:14] GPU 0: Epoch 86/100 | Discriminator Loss: 0.000001 | Generator Loss: 41.895615
[2024-01-27 00:45:47] GPU 0: Epoch 87/100 | Discriminator Loss: 0.000001 | Generator Loss: 41.858665
[2024-01-27 00:47:20] GPU 0: Epoch 88/100 | Discriminator Loss: 0.000000 | Generator Loss: 41.828255
[2024-01-27 00:48:53] GPU 0: Epoch 89/100 | Discriminator Loss: 0.000000 | Generator Loss: 41.638721
[2024-01-27 00:50:27] Saved latest checkpoint ml_mb_latest.pth.tar
[2024-01-27 00:50:27] Saved Epoch 90/100 | Discriminator Loss: 0.000000 | Generator Loss: 41.997444
[2024-01-27 00:52:01] GPU 0: Epoch 91/100 | Discriminator Loss: 0.000000 | Generator Loss: 41.615669
[2024-01-27 00:53:34] GPU 0: Epoch 92/100 | Discriminator Loss: 0.000000 | Generator Loss: 41.844147
[2024-01-27 00:55:07] GPU 0: Epoch 93/100 | Discriminator Loss: 0.000000 | Generator Loss: 41.701233
[2024-01-27 00:56:40] GPU 0: Epoch 94/100 | Discriminator Loss: 0.000000 | Generator Loss: 41.508644
[2024-01-27 00:58:13] GPU 0: Epoch 95/100 | Discriminator Loss: 0.000000 | Generator Loss: 41.390991
[2024-01-27 00:59:45] GPU 0: Epoch 96/100 | Discriminator Loss: 0.000000 | Generator Loss: 41.531708
[2024-01-27 01:01:18] GPU 0: Epoch 97/100 | Discriminator Loss: 0.000000 | Generator Loss: 41.325062
[2024-01-27 01:02:50] GPU 0: Epoch 98/100 | Discriminator Loss: 0.000000 | Generator Loss: 41.260193
[2024-01-27 01:04:24] GPU 0: Epoch 99/100 | Discriminator Loss: 0.000000 | Generator Loss: 40.941544
[2024-01-27 01:04:24] Epoch 100/100 | Discriminator Loss: 0.000000 | Generator Loss: 40.941544
[2024-01-27 01:04:25] Saved checkpoint ml_mb_terminated.pth.tar.
