[2024-04-10 17:44:48] dataset: (1, 'main')
[2024-04-10 17:44:48] Read patterns from py\schematics\dataset\10865.schematic.json_rotation_0.schem into memory
[2024-04-10 17:44:48] Associating 29791 patterns in database.
[2024-04-10 17:48:14] dataset: (1, 'main')
[2024-04-10 17:48:14] Read patterns from py\schematics\dataset\1ZWUPd3BkP-_Fishing_Dock_by_disruptive_builds.schem.json_rotation_0.schem into memory
[2024-04-10 17:48:14] Associating 29791 patterns in database.
[2024-04-10 18:36:07] dataset: (1, 'main')
[2024-04-10 18:41:01] dataset: (1, 'main')
[2024-04-10 18:41:01] Read patterns from py\schematics\dataset\1ZWUPd3BkP-_Fishing_Dock_by_disruptive_builds.schem.json_rotation_0.schem into memory
[2024-04-10 18:41:01] Associating 29791 patterns in database.
[2024-04-10 18:49:45] dataset: (1, 'main')
[2024-04-10 18:49:45] Read patterns from py\schematics\dataset\1ZWUPd3BkP-_Fishing_Dock_by_disruptive_builds.schem.json_rotation_0.schem into memory
[2024-04-10 18:49:45] Associating 29791 patterns in database.
[2024-04-10 18:49:46] processed: 100/29791
[2024-04-10 18:49:46] processed: 200/29791
[2024-04-10 18:49:46] processed: 300/29791
[2024-04-10 18:49:46] processed: 400/29791
[2024-04-10 18:49:47] processed: 500/29791
[2024-04-10 18:49:47] processed: 600/29791
[2024-04-10 18:49:47] processed: 700/29791
[2024-04-10 18:49:48] processed: 800/29791
[2024-04-10 18:49:48] processed: 900/29791
[2024-04-10 18:50:04] processed: 1000/29791
[2024-04-10 18:50:22] processed: 1100/29791
[2024-04-10 18:50:27] processed: 1200/29791
[2024-04-10 18:50:27] processed: 1300/29791
[2024-04-10 18:50:27] processed: 1400/29791
[2024-04-10 18:50:28] processed: 1500/29791
[2024-04-10 18:50:28] processed: 1600/29791
[2024-04-10 18:50:28] processed: 1700/29791
[2024-04-10 18:50:28] processed: 1800/29791
[2024-04-10 18:50:29] processed: 1900/29791
[2024-04-10 18:51:01] processed: 2000/29791
[2024-04-10 18:51:12] processed: 2100/29791
[2024-04-10 18:51:14] processed: 2200/29791
[2024-04-10 18:51:14] processed: 2300/29791
[2024-04-10 18:51:15] processed: 2400/29791
[2024-04-10 18:51:15] processed: 2500/29791
[2024-04-10 18:51:15] processed: 2600/29791
[2024-04-10 18:51:16] processed: 2700/29791
[2024-04-10 18:51:16] processed: 2800/29791
[2024-04-10 18:51:24] processed: 2900/29791
[2024-04-10 18:51:59] processed: 3000/29791
[2024-04-10 18:52:00] processed: 3100/29791
[2024-04-10 18:52:00] processed: 3200/29791
[2024-04-10 18:52:00] processed: 3300/29791
[2024-04-10 18:52:01] processed: 3400/29791
[2024-04-10 18:52:01] processed: 3500/29791
[2024-04-10 18:52:01] processed: 3600/29791
[2024-04-10 18:52:02] processed: 3700/29791
[2024-04-10 18:52:02] processed: 3800/29791
[2024-04-10 18:52:28] processed: 3900/29791
[2024-04-10 18:52:44] processed: 4000/29791
[2024-04-10 18:52:44] processed: 4100/29791
[2024-04-10 18:52:45] processed: 4200/29791
[2024-04-10 18:52:45] processed: 4300/29791
[2024-04-10 18:52:45] processed: 4400/29791
[2024-04-10 18:52:46] processed: 4500/29791
[2024-04-10 18:52:46] processed: 4600/29791
[2024-04-10 18:52:46] processed: 4700/29791
[2024-04-10 18:52:47] processed: 4800/29791
[2024-04-10 18:53:26] processed: 4900/29791
[2024-04-10 18:53:29] processed: 5000/29791
[2024-04-10 18:53:29] processed: 5100/29791
[2024-04-10 18:53:29] processed: 5200/29791
[2024-04-10 18:53:30] processed: 5300/29791
[2024-04-10 18:53:30] processed: 5400/29791
[2024-04-10 18:53:30] processed: 5500/29791
[2024-04-10 18:53:31] processed: 5600/29791
[2024-04-10 18:53:31] processed: 5700/29791
[2024-04-10 18:53:45] processed: 5800/29791
[2024-04-10 18:54:12] processed: 5900/29791
[2024-04-10 18:54:13] processed: 6000/29791
[2024-04-10 18:54:13] processed: 6100/29791
[2024-04-10 18:54:14] processed: 6200/29791
[2024-04-10 18:54:14] processed: 6300/29791
[2024-04-10 18:54:14] processed: 6400/29791
[2024-04-10 18:54:15] processed: 6500/29791
[2024-04-10 18:54:15] processed: 6600/29791
[2024-04-10 18:54:15] processed: 6700/29791
[2024-04-10 18:54:47] processed: 6800/29791
[2024-04-10 18:54:58] processed: 6900/29791
[2024-04-10 18:54:58] processed: 7000/29791
[2024-04-10 18:54:58] processed: 7100/29791
[2024-04-10 18:54:59] processed: 7200/29791
[2024-04-10 18:54:59] processed: 7300/29791
[2024-04-10 18:54:59] processed: 7400/29791
[2024-04-10 18:54:59] processed: 7500/29791
[2024-04-10 18:55:00] processed: 7600/29791
[2024-04-10 18:55:05] processed: 7700/29791
[2024-04-10 18:55:44] processed: 7800/29791
[2024-04-10 18:55:51] processed: 7900/29791
[2024-04-10 18:55:52] processed: 8000/29791
[2024-04-10 18:55:52] processed: 8100/29791
[2024-04-10 18:55:52] processed: 8200/29791
[2024-04-10 18:55:53] processed: 8300/29791
[2024-04-10 18:55:53] processed: 8400/29791
[2024-04-10 18:55:53] processed: 8500/29791
[2024-04-10 18:55:53] processed: 8600/29791
[2024-04-10 18:56:16] processed: 8700/29791
[2024-04-10 18:56:39] processed: 8800/29791
[2024-04-10 18:56:48] processed: 8900/29791
[2024-04-10 18:56:49] processed: 9000/29791
[2024-04-10 18:56:49] processed: 9100/29791
[2024-04-10 18:56:49] processed: 9200/29791
[2024-04-10 18:56:50] processed: 9300/29791
[2024-04-10 18:56:50] processed: 9400/29791
[2024-04-10 18:56:50] processed: 9500/29791
[2024-04-10 18:56:50] processed: 9600/29791
[2024-04-10 18:57:29] processed: 9700/29791
[2024-04-10 18:57:42] processed: 9800/29791
[2024-04-10 18:57:50] processed: 9900/29791
[2024-04-10 18:57:50] processed: 10000/29791
[2024-04-10 18:57:51] processed: 10100/29791
[2024-04-10 18:57:51] processed: 10200/29791
[2024-04-10 18:57:51] processed: 10300/29791
[2024-04-10 18:57:52] processed: 10400/29791
[2024-04-10 18:57:52] processed: 10500/29791
[2024-04-10 18:58:06] processed: 10600/29791
[2024-04-10 18:58:35] processed: 10700/29791
[2024-04-10 18:58:45] processed: 10800/29791
[2024-04-10 18:58:48] processed: 10900/29791
[2024-04-10 18:58:48] processed: 11000/29791
[2024-04-10 18:58:49] processed: 11100/29791
[2024-04-10 18:58:49] processed: 11200/29791
[2024-04-10 18:58:49] processed: 11300/29791
[2024-04-10 18:58:50] processed: 11400/29791
[2024-04-10 18:58:50] processed: 11500/29791
[2024-04-10 18:59:19] processed: 11600/29791
[2024-04-10 18:59:36] processed: 11700/29791
[2024-04-10 18:59:48] processed: 11800/29791
[2024-04-10 18:59:48] processed: 11900/29791
[2024-04-10 18:59:48] processed: 12000/29791
[2024-04-10 18:59:48] processed: 12100/29791
[2024-04-10 18:59:49] processed: 12200/29791
[2024-04-10 18:59:49] processed: 12300/29791
[2024-04-10 18:59:49] processed: 12400/29791
[2024-04-10 18:59:52] processed: 12500/29791
[2024-04-10 19:00:29] processed: 12600/29791
[2024-04-10 19:00:41] processed: 12700/29791
[2024-04-10 19:00:47] processed: 12800/29791
[2024-04-10 19:00:47] processed: 12900/29791
[2024-04-10 19:00:47] processed: 13000/29791
[2024-04-10 19:00:48] processed: 13100/29791
[2024-04-10 19:00:48] processed: 13200/29791
[2024-04-10 19:00:48] processed: 13300/29791
[2024-04-10 19:00:49] processed: 13400/29791
[2024-04-10 19:01:10] processed: 13500/29791
[2024-04-10 19:01:34] processed: 13600/29791
[2024-04-10 19:01:43] processed: 13700/29791
[2024-04-10 19:01:43] processed: 13800/29791
[2024-04-10 19:01:44] processed: 13900/29791
[2024-04-10 19:01:44] processed: 14000/29791
[2024-04-10 19:01:44] processed: 14100/29791
[2024-04-10 19:01:45] processed: 14200/29791
[2024-04-10 19:01:45] processed: 14300/29791
[2024-04-10 19:01:45] processed: 14400/29791
[2024-04-10 19:02:22] processed: 14500/29791
[2024-04-10 19:02:32] processed: 14600/29791
[2024-04-10 19:02:35] processed: 14700/29791
[2024-04-10 19:02:36] processed: 14800/29791
[2024-04-10 19:02:36] processed: 14900/29791
[2024-04-10 19:02:36] processed: 15000/29791
[2024-04-10 19:02:36] processed: 15100/29791
[2024-04-10 19:02:37] processed: 15200/29791
[2024-04-10 19:02:37] processed: 15300/29791
[2024-04-10 19:02:48] processed: 15400/29791
[2024-04-10 19:03:19] processed: 15500/29791
[2024-04-10 19:03:19] processed: 15600/29791
[2024-04-10 19:03:20] processed: 15700/29791
[2024-04-10 19:03:20] processed: 15800/29791
[2024-04-10 19:03:20] processed: 15900/29791
[2024-04-10 19:03:21] processed: 16000/29791
[2024-04-10 19:03:21] processed: 16100/29791
[2024-04-10 19:03:21] processed: 16200/29791
[2024-04-10 19:03:21] processed: 16300/29791
[2024-04-10 19:03:49] processed: 16400/29791
[2024-04-10 19:04:04] processed: 16500/29791
[2024-04-10 19:04:06] processed: 16600/29791
[2024-04-10 19:04:07] processed: 16700/29791
[2024-04-10 19:04:07] processed: 16800/29791
[2024-04-10 19:04:07] processed: 16900/29791
[2024-04-10 19:04:08] processed: 17000/29791
[2024-04-10 19:04:08] processed: 17100/29791
[2024-04-10 19:04:08] processed: 17200/29791
[2024-04-10 19:04:09] processed: 17300/29791
[2024-04-10 19:04:49] processed: 17400/29791
[2024-04-10 19:04:54] processed: 17500/29791
[2024-04-10 19:04:55] processed: 17600/29791
[2024-04-10 19:04:55] processed: 17700/29791
[2024-04-10 19:04:55] processed: 17800/29791
[2024-04-10 19:04:55] processed: 17900/29791
[2024-04-10 19:04:56] processed: 18000/29791
[2024-04-10 19:04:56] processed: 18100/29791
[2024-04-10 19:04:56] processed: 18200/29791
[2024-04-10 19:05:15] processed: 18300/29791
[2024-04-10 19:05:40] processed: 18400/29791
[2024-04-10 19:05:40] processed: 18500/29791
[2024-04-10 19:05:41] processed: 18600/29791
[2024-04-10 19:05:41] processed: 18700/29791
[2024-04-10 19:05:41] processed: 18800/29791
[2024-04-10 19:05:42] processed: 18900/29791
[2024-04-10 19:05:42] processed: 19000/29791
[2024-04-10 19:05:42] processed: 19100/29791
[2024-04-10 19:05:43] processed: 19200/29791
[2024-04-10 19:06:17] processed: 19300/29791
[2024-04-10 19:06:24] processed: 19400/29791
[2024-04-10 19:06:27] processed: 19500/29791
[2024-04-10 19:06:27] processed: 19600/29791
[2024-04-10 19:06:28] processed: 19700/29791
[2024-04-10 19:06:28] processed: 19800/29791
[2024-04-10 19:06:28] processed: 19900/29791
[2024-04-10 19:06:29] processed: 20000/29791
[2024-04-10 19:06:29] processed: 20100/29791
[2024-04-10 19:06:38] processed: 20200/29791
[2024-04-10 19:07:11] processed: 20300/29791
[2024-04-10 19:07:15] processed: 20400/29791
[2024-04-10 19:07:21] processed: 20500/29791
[2024-04-10 19:07:22] processed: 20600/29791
[2024-04-10 19:07:22] processed: 20700/29791
[2024-04-10 19:07:22] processed: 20800/29791
[2024-04-10 19:07:23] processed: 20900/29791
[2024-04-10 19:07:23] processed: 21000/29791
[2024-04-10 19:07:23] processed: 21100/29791
[2024-04-10 19:07:49] processed: 21200/29791
[2024-04-10 19:08:07] processed: 21300/29791
[2024-04-10 19:08:16] processed: 21400/29791
[2024-04-10 19:08:18] processed: 21500/29791
[2024-04-10 19:08:18] processed: 21600/29791
[2024-04-10 19:08:18] processed: 21700/29791
[2024-04-10 19:08:19] processed: 21800/29791
[2024-04-10 19:08:19] processed: 21900/29791
[2024-04-10 19:08:19] processed: 22000/29791
[2024-04-10 19:08:20] processed: 22100/29791
[2024-04-10 19:09:01] processed: 22200/29791
[2024-04-10 19:09:05] processed: 22300/29791
[2024-04-10 19:09:15] processed: 22400/29791
[2024-04-10 19:09:16] processed: 22500/29791
[2024-04-10 19:09:16] processed: 22600/29791
[2024-04-10 19:09:16] processed: 22700/29791
[2024-04-10 19:09:17] processed: 22800/29791
[2024-04-10 19:09:17] processed: 22900/29791
[2024-04-10 19:09:17] processed: 23000/29791
[2024-04-10 19:09:33] processed: 23100/29791
[2024-04-10 19:10:03] processed: 23200/29791
[2024-04-10 19:10:10] processed: 23300/29791
[2024-04-10 19:10:15] processed: 23400/29791
[2024-04-10 19:10:15] processed: 23500/29791
[2024-04-10 19:10:15] processed: 23600/29791
[2024-04-10 19:10:16] processed: 23700/29791
[2024-04-10 19:10:16] processed: 23800/29791
[2024-04-10 19:10:16] processed: 23900/29791
[2024-04-10 19:10:17] processed: 24000/29791
[2024-04-10 19:10:49] processed: 24100/29791
[2024-04-10 19:11:04] processed: 24200/29791
[2024-04-10 19:11:17] processed: 24300/29791
[2024-04-10 19:11:18] processed: 24400/29791
[2024-04-10 19:11:18] processed: 24500/29791
[2024-04-10 19:11:18] processed: 24600/29791
[2024-04-10 19:11:19] processed: 24700/29791
[2024-04-10 19:11:19] processed: 24800/29791
[2024-04-10 19:11:19] processed: 24900/29791
[2024-04-10 19:11:26] processed: 25000/29791
[2024-04-10 19:12:05] processed: 25100/29791
[2024-04-10 19:12:10] processed: 25200/29791
[2024-04-10 19:12:16] processed: 25300/29791
[2024-04-10 19:12:16] processed: 25400/29791
[2024-04-10 19:12:17] processed: 25500/29791
[2024-04-10 19:12:17] processed: 25600/29791
[2024-04-10 19:12:17] processed: 25700/29791
[2024-04-10 19:12:18] processed: 25800/29791
[2024-04-10 19:12:18] processed: 25900/29791
[2024-04-10 19:12:43] processed: 26000/29791
[2024-04-10 19:13:01] processed: 26100/29791
[2024-04-10 19:13:03] processed: 26200/29791
[2024-04-10 19:13:04] processed: 26300/29791
[2024-04-10 19:13:04] processed: 26400/29791
[2024-04-10 19:13:05] processed: 26500/29791
[2024-04-10 19:13:05] processed: 26600/29791
[2024-04-10 19:13:05] processed: 26700/29791
[2024-04-10 19:13:06] processed: 26800/29791
[2024-04-10 19:13:06] processed: 26900/29791
[2024-04-10 19:13:41] processed: 27000/29791
[2024-04-10 19:13:42] processed: 27100/29791
[2024-04-10 19:13:42] processed: 27200/29791
[2024-04-10 19:13:42] processed: 27300/29791
[2024-04-10 19:13:43] processed: 27400/29791
[2024-04-10 19:13:43] processed: 27500/29791
[2024-04-10 19:13:43] processed: 27600/29791
[2024-04-10 19:13:44] processed: 27700/29791
[2024-04-10 19:13:44] processed: 27800/29791
[2024-04-10 19:13:44] processed: 27900/29791
[2024-04-10 19:13:45] processed: 28000/29791
[2024-04-10 19:13:45] processed: 28100/29791
[2024-04-10 19:13:45] processed: 28200/29791
[2024-04-10 19:13:46] processed: 28300/29791
[2024-04-10 19:13:46] processed: 28400/29791
[2024-04-10 19:13:46] processed: 28500/29791
[2024-04-10 19:13:47] processed: 28600/29791
[2024-04-10 19:13:47] processed: 28700/29791
[2024-04-10 19:13:47] processed: 28800/29791
[2024-04-10 19:13:47] processed: 28900/29791
[2024-04-10 19:13:48] processed: 29000/29791
[2024-04-10 19:13:48] processed: 29100/29791
[2024-04-10 19:13:48] processed: 29200/29791
[2024-04-10 19:13:49] processed: 29300/29791
[2024-04-10 19:13:49] processed: 29400/29791
[2024-04-10 19:13:49] processed: 29500/29791
[2024-04-10 19:13:50] processed: 29600/29791
[2024-04-10 19:13:50] processed: 29700/29791
[2024-04-10 19:13:50] Associations complete.
[2024-04-10 19:13:50] Read patterns from py/schematics\ll_mb_wgan_rga2_300epochs\2f0rh1c4v1.schem into memory
[2024-04-10 19:13:50] Associating 29791 patterns in database.
[2024-04-10 19:17:30] Associations complete.
[2024-04-10 20:05:11] dataset: (1, 'main')
[2024-04-10 20:05:11] Read patterns from py\schematics\dataset\1ZWUPd3BkP-_Fishing_Dock_by_disruptive_builds.schem.json_rotation_0.schem into memory
[2024-04-10 20:05:11] Associating 29791 patterns in database.
[2024-04-10 20:05:11] processed: 100/29791
[2024-04-10 20:05:11] processed: 200/29791
[2024-04-10 20:05:12] processed: 300/29791
[2024-04-10 20:05:12] processed: 400/29791
[2024-04-10 20:05:12] processed: 500/29791
[2024-04-10 20:05:13] processed: 600/29791
[2024-04-10 20:05:13] processed: 700/29791
[2024-04-10 20:05:13] processed: 800/29791
[2024-04-10 20:05:13] processed: 900/29791
[2024-04-10 20:05:30] processed: 1000/29791
[2024-04-10 20:05:48] processed: 1100/29791
[2024-04-10 20:05:53] processed: 1200/29791
[2024-04-10 20:05:53] processed: 1300/29791
[2024-04-10 20:05:53] processed: 1400/29791
[2024-04-10 20:05:53] processed: 1500/29791
[2024-04-10 20:05:54] processed: 1600/29791
[2024-04-10 20:05:54] processed: 1700/29791
[2024-04-10 20:05:54] processed: 1800/29791
[2024-04-10 20:05:55] processed: 1900/29791
[2024-04-10 20:06:28] processed: 2000/29791
[2024-04-10 20:06:40] processed: 2100/29791
[2024-04-10 20:06:42] processed: 2200/29791
[2024-04-10 20:06:42] processed: 2300/29791
[2024-04-10 20:06:42] processed: 2400/29791
[2024-04-10 20:06:43] processed: 2500/29791
[2024-04-10 20:06:43] processed: 2600/29791
[2024-04-10 20:06:43] processed: 2700/29791
[2024-04-10 20:06:44] processed: 2800/29791
[2024-04-10 20:06:52] processed: 2900/29791
[2024-04-10 20:07:27] processed: 3000/29791
[2024-04-10 20:07:27] processed: 3100/29791
[2024-04-10 20:07:28] processed: 3200/29791
[2024-04-10 20:07:28] processed: 3300/29791
[2024-04-10 20:07:28] processed: 3400/29791
[2024-04-10 20:07:29] processed: 3500/29791
[2024-04-10 20:07:29] processed: 3600/29791
[2024-04-10 20:07:29] processed: 3700/29791
[2024-04-10 20:07:30] processed: 3800/29791
[2024-04-10 20:07:55] processed: 3900/29791
[2024-04-10 20:08:12] processed: 4000/29791
[2024-04-10 20:08:13] processed: 4100/29791
[2024-04-10 20:08:13] processed: 4200/29791
[2024-04-10 20:08:13] processed: 4300/29791
[2024-04-10 20:08:14] processed: 4400/29791
[2024-04-10 20:08:14] processed: 4500/29791
[2024-04-10 20:08:14] processed: 4600/29791
[2024-04-10 20:08:15] processed: 4700/29791
[2024-04-10 20:08:15] processed: 4800/29791
[2024-04-10 20:08:55] processed: 4900/29791
[2024-04-10 20:08:58] processed: 5000/29791
[2024-04-10 20:08:59] processed: 5100/29791
[2024-04-10 20:08:59] processed: 5200/29791
[2024-04-10 20:08:59] processed: 5300/29791
[2024-04-10 20:09:00] processed: 5400/29791
[2024-04-10 20:09:00] processed: 5500/29791
[2024-04-10 20:09:00] processed: 5600/29791
[2024-04-10 20:09:01] processed: 5700/29791
[2024-04-10 20:09:15] processed: 5800/29791
[2024-04-10 20:09:42] processed: 5900/29791
[2024-04-10 20:09:44] processed: 6000/29791
[2024-04-10 20:09:44] processed: 6100/29791
[2024-04-10 20:09:44] processed: 6200/29791
[2024-04-10 20:09:45] processed: 6300/29791
[2024-04-10 20:09:45] processed: 6400/29791
[2024-04-10 20:09:45] processed: 6500/29791
[2024-04-10 20:09:45] processed: 6600/29791
[2024-04-10 20:09:46] processed: 6700/29791
[2024-04-10 20:10:20] processed: 6800/29791
[2024-04-10 20:10:30] processed: 6900/29791
[2024-04-10 20:10:31] processed: 7000/29791
[2024-04-10 20:10:31] processed: 7100/29791
[2024-04-10 20:10:31] processed: 7200/29791
[2024-04-10 20:10:32] processed: 7300/29791
[2024-04-10 20:10:32] processed: 7400/29791
[2024-04-10 20:10:32] processed: 7500/29791
[2024-04-10 20:10:33] processed: 7600/29791
[2024-04-10 20:10:38] processed: 7700/29791
[2024-04-10 20:11:16] processed: 7800/29791
[2024-04-10 20:11:23] processed: 7900/29791
[2024-04-10 20:11:24] processed: 8000/29791
[2024-04-10 20:11:24] processed: 8100/29791
[2024-04-10 20:11:24] processed: 8200/29791
[2024-04-10 20:11:25] processed: 8300/29791
[2024-04-10 20:11:25] processed: 8400/29791
[2024-04-10 20:11:25] processed: 8500/29791
[2024-04-10 20:11:26] processed: 8600/29791
[2024-04-10 20:11:49] processed: 8700/29791
[2024-04-10 20:12:12] processed: 8800/29791
[2024-04-10 20:12:21] processed: 8900/29791
[2024-04-10 20:12:21] processed: 9000/29791
[2024-04-10 20:12:22] processed: 9100/29791
[2024-04-10 20:12:22] processed: 9200/29791
[2024-04-10 20:12:22] processed: 9300/29791
[2024-04-10 20:12:23] processed: 9400/29791
[2024-04-10 20:12:23] processed: 9500/29791
[2024-04-10 20:12:23] processed: 9600/29791
[2024-04-10 20:13:01] processed: 9700/29791
[2024-04-10 20:13:14] processed: 9800/29791
[2024-04-10 20:13:22] processed: 9900/29791
[2024-04-10 20:13:22] processed: 10000/29791
[2024-04-10 20:13:23] processed: 10100/29791
[2024-04-10 20:13:23] processed: 10200/29791
[2024-04-10 20:13:23] processed: 10300/29791
[2024-04-10 20:13:24] processed: 10400/29791
[2024-04-10 20:13:24] processed: 10500/29791
[2024-04-10 20:13:38] processed: 10600/29791
[2024-04-10 20:14:07] processed: 10700/29791
[2024-04-10 20:14:18] processed: 10800/29791
[2024-04-10 20:14:20] processed: 10900/29791
[2024-04-10 20:14:21] processed: 11000/29791
[2024-04-10 20:14:21] processed: 11100/29791
[2024-04-10 20:14:21] processed: 11200/29791
[2024-04-10 20:14:22] processed: 11300/29791
[2024-04-10 20:14:22] processed: 11400/29791
[2024-04-10 20:14:22] processed: 11500/29791
[2024-04-10 20:14:51] processed: 11600/29791
[2024-04-10 20:15:08] processed: 11700/29791
[2024-04-10 20:15:19] processed: 11800/29791
[2024-04-10 20:15:19] processed: 11900/29791
[2024-04-10 20:15:20] processed: 12000/29791
[2024-04-10 20:15:20] processed: 12100/29791
[2024-04-10 20:15:20] processed: 12200/29791
[2024-04-10 20:15:21] processed: 12300/29791
[2024-04-10 20:15:21] processed: 12400/29791
[2024-04-10 20:15:23] processed: 12500/29791
[2024-04-10 20:16:01] processed: 12600/29791
[2024-04-10 20:16:12] processed: 12700/29791
[2024-04-10 20:16:19] processed: 12800/29791
[2024-04-10 20:16:19] processed: 12900/29791
[2024-04-10 20:16:20] processed: 13000/29791
[2024-04-10 20:16:20] processed: 13100/29791
[2024-04-10 20:16:20] processed: 13200/29791
[2024-04-10 20:16:21] processed: 13300/29791
[2024-04-10 20:16:21] processed: 13400/29791
[2024-04-10 20:16:41] processed: 13500/29791
[2024-04-10 20:17:04] processed: 13600/29791
[2024-04-10 20:17:14] processed: 13700/29791
[2024-04-10 20:17:15] processed: 13800/29791
[2024-04-10 20:17:15] processed: 13900/29791
[2024-04-10 20:17:15] processed: 14000/29791
[2024-04-10 20:17:16] processed: 14100/29791
[2024-04-10 20:17:16] processed: 14200/29791
[2024-04-10 20:17:16] processed: 14300/29791
[2024-04-10 20:17:17] processed: 14400/29791
[2024-04-10 20:17:55] processed: 14500/29791
[2024-04-10 20:18:05] processed: 14600/29791
[2024-04-10 20:18:08] processed: 14700/29791
[2024-04-10 20:18:08] processed: 14800/29791
[2024-04-10 20:18:09] processed: 14900/29791
[2024-04-10 20:18:09] processed: 15000/29791
[2024-04-10 20:18:09] processed: 15100/29791
[2024-04-10 20:18:10] processed: 15200/29791
[2024-04-10 20:18:10] processed: 15300/29791
[2024-04-10 20:18:22] processed: 15400/29791
[2024-04-10 20:18:52] processed: 15500/29791
[2024-04-10 20:18:53] processed: 15600/29791
[2024-04-10 20:18:53] processed: 15700/29791
[2024-04-10 20:18:53] processed: 15800/29791
[2024-04-10 20:18:54] processed: 15900/29791
[2024-04-10 20:18:54] processed: 16000/29791
[2024-04-10 20:18:54] processed: 16100/29791
[2024-04-10 20:18:55] processed: 16200/29791
[2024-04-10 20:18:55] processed: 16300/29791
[2024-04-10 20:19:23] processed: 16400/29791
[2024-04-10 20:19:37] processed: 16500/29791
[2024-04-10 20:19:40] processed: 16600/29791
[2024-04-10 20:19:40] processed: 16700/29791
[2024-04-10 20:19:40] processed: 16800/29791
[2024-04-10 20:19:41] processed: 16900/29791
[2024-04-10 20:19:41] processed: 17000/29791
[2024-04-10 20:19:41] processed: 17100/29791
[2024-04-10 20:19:42] processed: 17200/29791
[2024-04-10 20:19:42] processed: 17300/29791
[2024-04-10 20:20:22] processed: 17400/29791
[2024-04-10 20:20:26] processed: 17500/29791
[2024-04-10 20:20:27] processed: 17600/29791
[2024-04-10 20:20:27] processed: 17700/29791
[2024-04-10 20:20:28] processed: 17800/29791
[2024-04-10 20:20:28] processed: 17900/29791
[2024-04-10 20:20:28] processed: 18000/29791
[2024-04-10 20:20:29] processed: 18100/29791
[2024-04-10 20:20:29] processed: 18200/29791
[2024-04-10 20:20:47] processed: 18300/29791
[2024-04-10 20:21:12] processed: 18400/29791
[2024-04-10 20:21:13] processed: 18500/29791
[2024-04-10 20:21:13] processed: 18600/29791
[2024-04-10 20:21:13] processed: 18700/29791
[2024-04-10 20:21:14] processed: 18800/29791
[2024-04-10 20:21:14] processed: 18900/29791
[2024-04-10 20:21:14] processed: 19000/29791
[2024-04-10 20:21:15] processed: 19100/29791
[2024-04-10 20:21:15] processed: 19200/29791
[2024-04-10 20:21:50] processed: 19300/29791
[2024-04-10 20:21:57] processed: 19400/29791
[2024-04-10 20:22:00] processed: 19500/29791
[2024-04-10 20:22:00] processed: 19600/29791
[2024-04-10 20:22:01] processed: 19700/29791
[2024-04-10 20:22:01] processed: 19800/29791
[2024-04-10 20:22:01] processed: 19900/29791
[2024-04-10 20:22:02] processed: 20000/29791
[2024-04-10 20:22:02] processed: 20100/29791
[2024-04-10 20:22:11] processed: 20200/29791
[2024-04-10 20:22:46] processed: 20300/29791
[2024-04-10 20:22:50] processed: 20400/29791
[2024-04-10 20:22:55] processed: 20500/29791
[2024-04-10 20:22:56] processed: 20600/29791
[2024-04-10 20:22:56] processed: 20700/29791
[2024-04-10 20:22:56] processed: 20800/29791
[2024-04-10 20:22:57] processed: 20900/29791
[2024-04-10 20:22:57] processed: 21000/29791
[2024-04-10 20:22:57] processed: 21100/29791
[2024-04-10 20:23:27] processed: 21200/29791
[2024-04-10 20:23:46] processed: 21300/29791
[2024-04-10 20:23:55] processed: 21400/29791
[2024-04-10 20:23:57] processed: 21500/29791
[2024-04-10 20:23:58] processed: 21600/29791
[2024-04-10 20:23:58] processed: 21700/29791
[2024-04-10 20:23:58] processed: 21800/29791
[2024-04-10 20:23:59] processed: 21900/29791
[2024-04-10 20:23:59] processed: 22000/29791
[2024-04-10 20:23:59] processed: 22100/29791
[2024-04-10 20:24:41] processed: 22200/29791
[2024-04-10 20:24:45] processed: 22300/29791
[2024-04-10 20:24:54] processed: 22400/29791
[2024-04-10 20:24:55] processed: 22500/29791
[2024-04-10 20:24:55] processed: 22600/29791
[2024-04-10 20:24:55] processed: 22700/29791
[2024-04-10 20:24:55] processed: 22800/29791
[2024-04-10 20:24:56] processed: 22900/29791
[2024-04-10 20:24:56] processed: 23000/29791
[2024-04-10 20:25:11] processed: 23100/29791
[2024-04-10 20:25:40] processed: 23200/29791
[2024-04-10 20:25:48] processed: 23300/29791
[2024-04-10 20:25:51] processed: 23400/29791
[2024-04-10 20:25:51] processed: 23500/29791
[2024-04-10 20:25:52] processed: 23600/29791
[2024-04-10 20:25:52] processed: 23700/29791
[2024-04-10 20:25:52] processed: 23800/29791
[2024-04-10 20:25:53] processed: 23900/29791
[2024-04-10 20:25:53] processed: 24000/29791
[2024-04-10 20:26:27] processed: 24100/29791
[2024-04-10 20:26:41] processed: 24200/29791
[2024-04-10 20:26:52] processed: 24300/29791
[2024-04-10 20:26:52] processed: 24400/29791
[2024-04-10 20:26:53] processed: 24500/29791
[2024-04-10 20:26:53] processed: 24600/29791
[2024-04-10 20:26:53] processed: 24700/29791
[2024-04-10 20:26:54] processed: 24800/29791
[2024-04-10 20:26:54] processed: 24900/29791
[2024-04-10 20:27:00] processed: 25000/29791
[2024-04-10 20:27:38] processed: 25100/29791
[2024-04-10 20:27:42] processed: 25200/29791
[2024-04-10 20:27:49] processed: 25300/29791
[2024-04-10 20:27:49] processed: 25400/29791
[2024-04-10 20:27:49] processed: 25500/29791
[2024-04-10 20:27:50] processed: 25600/29791
[2024-04-10 20:27:50] processed: 25700/29791
[2024-04-10 20:27:50] processed: 25800/29791
[2024-04-10 20:27:51] processed: 25900/29791
[2024-04-10 20:28:15] processed: 26000/29791
[2024-04-10 20:28:32] processed: 26100/29791
[2024-04-10 20:28:35] processed: 26200/29791
[2024-04-10 20:28:36] processed: 26300/29791
[2024-04-10 20:28:36] processed: 26400/29791
[2024-04-10 20:28:36] processed: 26500/29791
[2024-04-10 20:28:36] processed: 26600/29791
[2024-04-10 20:28:37] processed: 26700/29791
[2024-04-10 20:28:37] processed: 26800/29791
[2024-04-10 20:28:37] processed: 26900/29791
[2024-04-10 20:29:12] processed: 27000/29791
[2024-04-10 20:29:12] processed: 27100/29791
[2024-04-10 20:29:13] processed: 27200/29791
[2024-04-10 20:29:13] processed: 27300/29791
[2024-04-10 20:29:13] processed: 27400/29791
[2024-04-10 20:29:14] processed: 27500/29791
[2024-04-10 20:29:14] processed: 27600/29791
[2024-04-10 20:29:14] processed: 27700/29791
[2024-04-10 20:29:15] processed: 27800/29791
[2024-04-10 20:29:15] processed: 27900/29791
[2024-04-10 20:29:15] processed: 28000/29791
[2024-04-10 20:29:16] processed: 28100/29791
[2024-04-10 20:29:16] processed: 28200/29791
[2024-04-10 20:29:16] processed: 28300/29791
[2024-04-10 20:29:16] processed: 28400/29791
[2024-04-10 20:29:17] processed: 28500/29791
[2024-04-10 20:29:17] processed: 28600/29791
[2024-04-10 20:29:17] processed: 28700/29791
[2024-04-10 20:29:18] processed: 28800/29791
[2024-04-10 20:29:18] processed: 28900/29791
[2024-04-10 20:29:18] processed: 29000/29791
[2024-04-10 20:29:19] processed: 29100/29791
[2024-04-10 20:29:19] processed: 29200/29791
[2024-04-10 20:29:19] processed: 29300/29791
[2024-04-10 20:29:20] processed: 29400/29791
[2024-04-10 20:29:20] processed: 29500/29791
[2024-04-10 20:29:20] processed: 29600/29791
[2024-04-10 20:29:21] processed: 29700/29791
[2024-04-10 20:29:21] Associations complete.
[2024-04-10 20:29:21] Read patterns from py/schematics\ll_mb_wgan_rga2_300epochs\2f0rh1c4v1.schem into memory
[2024-04-10 20:29:21] Associating 29791 patterns in database.
[2024-04-10 20:33:11] Associations complete.
[2024-04-10 23:05:52] dataset: (1, 'main')
[2024-04-10 23:05:52] Read patterns from py\schematics\dataset\1ZWUPd3BkP-_Fishing_Dock_by_disruptive_builds.schem.json_rotation_0.schem into memory
[2024-04-10 23:05:52] Associating 29791 patterns in database.
[2024-04-10 23:05:52] processed: 100/29791
[2024-04-10 23:05:53] processed: 200/29791
[2024-04-10 23:05:53] processed: 300/29791
[2024-04-10 23:05:53] processed: 400/29791
[2024-04-10 23:05:53] processed: 500/29791
[2024-04-10 23:05:54] processed: 600/29791
[2024-04-10 23:05:54] processed: 700/29791
[2024-04-10 23:05:54] processed: 800/29791
[2024-04-10 23:05:55] processed: 900/29791
[2024-04-10 23:06:14] processed: 1000/29791
[2024-04-10 23:06:30] processed: 1100/29791
[2024-04-10 23:06:34] processed: 1200/29791
[2024-04-10 23:06:35] processed: 1300/29791
[2024-04-10 23:06:35] processed: 1400/29791
[2024-04-10 23:06:35] processed: 1500/29791
[2024-04-10 23:06:36] processed: 1600/29791
[2024-04-10 23:06:36] processed: 1700/29791
[2024-04-10 23:06:36] processed: 1800/29791
[2024-04-10 23:06:37] processed: 1900/29791
[2024-04-10 23:07:10] processed: 2000/29791
[2024-04-10 23:07:23] processed: 2100/29791
[2024-04-10 23:07:25] processed: 2200/29791
[2024-04-10 23:07:25] processed: 2300/29791
[2024-04-10 23:07:26] processed: 2400/29791
[2024-04-10 23:07:26] processed: 2500/29791
[2024-04-10 23:07:27] processed: 2600/29791
[2024-04-10 23:07:27] processed: 2700/29791
[2024-04-10 23:07:27] processed: 2800/29791
[2024-04-10 23:07:35] processed: 2900/29791
[2024-04-10 23:08:08] processed: 3000/29791
[2024-04-10 23:08:09] processed: 3100/29791
[2024-04-10 23:08:10] processed: 3200/29791
[2024-04-10 23:08:10] processed: 3300/29791
[2024-04-10 23:08:10] processed: 3400/29791
[2024-04-10 23:08:11] processed: 3500/29791
[2024-04-10 23:08:11] processed: 3600/29791
[2024-04-10 23:08:11] processed: 3700/29791
[2024-04-10 23:08:12] processed: 3800/29791
[2024-04-10 23:08:39] processed: 3900/29791
[2024-04-10 23:08:56] processed: 4000/29791
[2024-04-10 23:08:57] processed: 4100/29791
[2024-04-10 23:08:57] processed: 4200/29791
[2024-04-10 23:08:57] processed: 4300/29791
[2024-04-10 23:08:57] processed: 4400/29791
[2024-04-10 23:08:58] processed: 4500/29791
[2024-04-10 23:08:58] processed: 4600/29791
[2024-04-10 23:08:58] processed: 4700/29791
[2024-04-10 23:08:59] processed: 4800/29791
[2024-04-10 23:09:43] processed: 4900/29791
[2024-04-10 23:09:46] processed: 5000/29791
[2024-04-10 23:09:47] processed: 5100/29791
[2024-04-10 23:09:47] processed: 5200/29791
[2024-04-10 23:09:47] processed: 5300/29791
[2024-04-10 23:09:48] processed: 5400/29791
[2024-04-10 23:09:48] processed: 5500/29791
[2024-04-10 23:09:48] processed: 5600/29791
[2024-04-10 23:09:49] processed: 5700/29791
[2024-04-10 23:10:04] processed: 5800/29791
[2024-04-10 23:10:33] processed: 5900/29791
[2024-04-10 23:10:35] processed: 6000/29791
[2024-04-10 23:10:35] processed: 6100/29791
[2024-04-10 23:10:35] processed: 6200/29791
[2024-04-10 23:10:36] processed: 6300/29791
[2024-04-10 23:10:36] processed: 6400/29791
[2024-04-10 23:10:36] processed: 6500/29791
[2024-04-10 23:10:37] processed: 6600/29791
[2024-04-10 23:10:37] processed: 6700/29791
[2024-04-10 23:11:11] processed: 6800/29791
[2024-04-10 23:11:22] processed: 6900/29791
[2024-04-10 23:11:22] processed: 7000/29791
[2024-04-10 23:11:23] processed: 7100/29791
[2024-04-10 23:11:23] processed: 7200/29791
[2024-04-10 23:11:24] processed: 7300/29791
[2024-04-10 23:11:24] processed: 7400/29791
[2024-04-10 23:11:24] processed: 7500/29791
[2024-04-10 23:11:25] processed: 7600/29791
[2024-04-10 23:11:30] processed: 7700/29791
[2024-04-10 23:12:09] processed: 7800/29791
[2024-04-10 23:12:17] processed: 7900/29791
[2024-04-10 23:12:18] processed: 8000/29791
[2024-04-10 23:12:18] processed: 8100/29791
[2024-04-10 23:12:18] processed: 8200/29791
[2024-04-10 23:12:19] processed: 8300/29791
[2024-04-10 23:12:19] processed: 8400/29791
[2024-04-10 23:12:19] processed: 8500/29791
[2024-04-10 23:12:20] processed: 8600/29791
[2024-04-10 23:12:42] processed: 8700/29791
[2024-04-10 23:13:04] processed: 8800/29791
[2024-04-10 23:13:13] processed: 8900/29791
[2024-04-10 23:13:14] processed: 9000/29791
[2024-04-10 23:13:14] processed: 9100/29791
[2024-04-10 23:13:14] processed: 9200/29791
[2024-04-10 23:13:15] processed: 9300/29791
[2024-04-10 23:13:15] processed: 9400/29791
[2024-04-10 23:13:15] processed: 9500/29791
[2024-04-10 23:13:16] processed: 9600/29791
[2024-04-10 23:13:53] processed: 9700/29791
[2024-04-10 23:14:05] processed: 9800/29791
[2024-04-10 23:14:13] processed: 9900/29791
[2024-04-10 23:14:13] processed: 10000/29791
[2024-04-10 23:14:13] processed: 10100/29791
[2024-04-10 23:14:14] processed: 10200/29791
[2024-04-10 23:14:14] processed: 10300/29791
[2024-04-10 23:14:14] processed: 10400/29791
[2024-04-10 23:14:15] processed: 10500/29791
[2024-04-10 23:14:28] processed: 10600/29791
[2024-04-10 23:14:55] processed: 10700/29791
[2024-04-10 23:15:06] processed: 10800/29791
[2024-04-10 23:15:08] processed: 10900/29791
[2024-04-10 23:15:09] processed: 11000/29791
[2024-04-10 23:15:09] processed: 11100/29791
[2024-04-10 23:15:09] processed: 11200/29791
[2024-04-10 23:15:10] processed: 11300/29791
[2024-04-10 23:15:10] processed: 11400/29791
[2024-04-10 23:15:10] processed: 11500/29791
[2024-04-10 23:15:38] processed: 11600/29791
[2024-04-10 23:15:54] processed: 11700/29791
[2024-04-10 23:16:05] processed: 11800/29791
[2024-04-10 23:16:05] processed: 11900/29791
[2024-04-10 23:16:05] processed: 12000/29791
[2024-04-10 23:16:06] processed: 12100/29791
[2024-04-10 23:16:06] processed: 12200/29791
[2024-04-10 23:16:06] processed: 12300/29791
[2024-04-10 23:16:07] processed: 12400/29791
[2024-04-10 23:16:09] processed: 12500/29791
[2024-04-10 23:16:44] processed: 12600/29791
[2024-04-10 23:16:56] processed: 12700/29791
[2024-04-10 23:17:02] processed: 12800/29791
[2024-04-10 23:17:02] processed: 12900/29791
[2024-04-10 23:17:02] processed: 13000/29791
[2024-04-10 23:17:03] processed: 13100/29791
[2024-04-10 23:17:03] processed: 13200/29791
[2024-04-10 23:17:03] processed: 13300/29791
[2024-04-10 23:17:04] processed: 13400/29791
[2024-04-10 23:17:24] processed: 13500/29791
[2024-04-10 23:17:47] processed: 13600/29791
[2024-04-10 23:17:56] processed: 13700/29791
[2024-04-10 23:17:57] processed: 13800/29791
[2024-04-10 23:17:57] processed: 13900/29791
[2024-04-10 23:17:57] processed: 14000/29791
[2024-04-10 23:17:58] processed: 14100/29791
[2024-04-10 23:17:58] processed: 14200/29791
[2024-04-10 23:17:58] processed: 14300/29791
[2024-04-10 23:17:59] processed: 14400/29791
[2024-04-10 23:18:34] processed: 14500/29791
[2024-04-10 23:18:43] processed: 14600/29791
[2024-04-10 23:18:46] processed: 14700/29791
[2024-04-10 23:18:46] processed: 14800/29791
[2024-04-10 23:18:47] processed: 14900/29791
[2024-04-10 23:18:47] processed: 15000/29791
[2024-04-10 23:18:47] processed: 15100/29791
[2024-04-10 23:18:48] processed: 15200/29791
[2024-04-10 23:18:48] processed: 15300/29791
[2024-04-10 23:18:59] processed: 15400/29791
[2024-04-10 23:19:27] processed: 15500/29791
[2024-04-10 23:19:28] processed: 15600/29791
[2024-04-10 23:19:28] processed: 15700/29791
[2024-04-10 23:19:28] processed: 15800/29791
[2024-04-10 23:19:29] processed: 15900/29791
[2024-04-10 23:19:29] processed: 16000/29791
[2024-04-10 23:19:29] processed: 16100/29791
[2024-04-10 23:19:30] processed: 16200/29791
[2024-04-10 23:19:30] processed: 16300/29791
[2024-04-10 23:19:56] processed: 16400/29791
[2024-04-10 23:20:09] processed: 16500/29791
[2024-04-10 23:20:12] processed: 16600/29791
[2024-04-10 23:20:12] processed: 16700/29791
[2024-04-10 23:20:12] processed: 16800/29791
[2024-04-10 23:20:13] processed: 16900/29791
[2024-04-10 23:20:13] processed: 17000/29791
[2024-04-10 23:20:13] processed: 17100/29791
[2024-04-10 23:20:14] processed: 17200/29791
[2024-04-10 23:20:14] processed: 17300/29791
[2024-04-10 23:20:51] processed: 17400/29791
[2024-04-10 23:20:55] processed: 17500/29791
[2024-04-10 23:20:56] processed: 17600/29791
[2024-04-10 23:20:57] processed: 17700/29791
[2024-04-10 23:20:57] processed: 17800/29791
[2024-04-10 23:20:57] processed: 17900/29791
[2024-04-10 23:20:58] processed: 18000/29791
[2024-04-10 23:20:58] processed: 18100/29791
[2024-04-10 23:20:58] processed: 18200/29791
[2024-04-10 23:21:15] processed: 18300/29791
[2024-04-10 23:21:39] processed: 18400/29791
[2024-04-10 23:21:39] processed: 18500/29791
[2024-04-10 23:21:40] processed: 18600/29791
[2024-04-10 23:21:40] processed: 18700/29791
[2024-04-10 23:21:40] processed: 18800/29791
[2024-04-10 23:21:41] processed: 18900/29791
[2024-04-10 23:21:41] processed: 19000/29791
[2024-04-10 23:21:41] processed: 19100/29791
[2024-04-10 23:21:42] processed: 19200/29791
[2024-04-10 23:22:14] processed: 19300/29791
[2024-04-10 23:22:21] processed: 19400/29791
[2024-04-10 23:22:23] processed: 19500/29791
[2024-04-10 23:22:24] processed: 19600/29791
[2024-04-10 23:22:24] processed: 19700/29791
[2024-04-10 23:22:24] processed: 19800/29791
[2024-04-10 23:22:25] processed: 19900/29791
[2024-04-10 23:22:25] processed: 20000/29791
[2024-04-10 23:22:25] processed: 20100/29791
[2024-04-10 23:22:34] processed: 20200/29791
[2024-04-10 23:23:05] processed: 20300/29791
[2024-04-10 23:23:08] processed: 20400/29791
[2024-04-10 23:23:14] processed: 20500/29791
[2024-04-10 23:23:14] processed: 20600/29791
[2024-04-10 23:23:15] processed: 20700/29791
[2024-04-10 23:23:15] processed: 20800/29791
[2024-04-10 23:23:15] processed: 20900/29791
[2024-04-10 23:23:16] processed: 21000/29791
[2024-04-10 23:23:16] processed: 21100/29791
[2024-04-10 23:23:41] processed: 21200/29791
[2024-04-10 23:23:58] processed: 21300/29791
[2024-04-10 23:24:06] processed: 21400/29791
[2024-04-10 23:24:08] processed: 21500/29791
[2024-04-10 23:24:09] processed: 21600/29791
[2024-04-10 23:24:09] processed: 21700/29791
[2024-04-10 23:24:09] processed: 21800/29791
[2024-04-10 23:24:10] processed: 21900/29791
[2024-04-10 23:24:10] processed: 22000/29791
[2024-04-10 23:24:10] processed: 22100/29791
[2024-04-10 23:24:48] processed: 22200/29791
[2024-04-10 23:24:52] processed: 22300/29791
[2024-04-10 23:25:01] processed: 22400/29791
[2024-04-10 23:25:01] processed: 22500/29791
[2024-04-10 23:25:01] processed: 22600/29791
[2024-04-10 23:25:02] processed: 22700/29791
[2024-04-10 23:25:02] processed: 22800/29791
[2024-04-10 23:25:02] processed: 22900/29791
[2024-04-10 23:25:03] processed: 23000/29791
[2024-04-10 23:25:16] processed: 23100/29791
[2024-04-10 23:25:43] processed: 23200/29791
[2024-04-10 23:25:50] processed: 23300/29791
[2024-04-10 23:25:53] processed: 23400/29791
[2024-04-10 23:25:53] processed: 23500/29791
[2024-04-10 23:25:54] processed: 23600/29791
[2024-04-10 23:25:54] processed: 23700/29791
[2024-04-10 23:25:54] processed: 23800/29791
[2024-04-10 23:25:55] processed: 23900/29791
[2024-04-10 23:25:55] processed: 24000/29791
[2024-04-10 23:26:25] processed: 24100/29791
[2024-04-10 23:26:38] processed: 24200/29791
[2024-04-10 23:26:48] processed: 24300/29791
[2024-04-10 23:26:48] processed: 24400/29791
[2024-04-10 23:26:48] processed: 24500/29791
[2024-04-10 23:26:49] processed: 24600/29791
[2024-04-10 23:26:49] processed: 24700/29791
[2024-04-10 23:26:49] processed: 24800/29791
[2024-04-10 23:26:50] processed: 24900/29791
[2024-04-10 23:26:56] processed: 25000/29791
[2024-04-10 23:27:30] processed: 25100/29791
[2024-04-10 23:27:35] processed: 25200/29791
[2024-04-10 23:27:40] processed: 25300/29791
[2024-04-10 23:27:41] processed: 25400/29791
[2024-04-10 23:27:41] processed: 25500/29791
[2024-04-10 23:27:41] processed: 25600/29791
[2024-04-10 23:27:42] processed: 25700/29791
[2024-04-10 23:27:42] processed: 25800/29791
[2024-04-10 23:27:42] processed: 25900/29791
[2024-04-10 23:28:05] processed: 26000/29791
[2024-04-10 23:28:21] processed: 26100/29791
[2024-04-10 23:28:23] processed: 26200/29791
[2024-04-10 23:28:24] processed: 26300/29791
[2024-04-10 23:28:24] processed: 26400/29791
[2024-04-10 23:28:25] processed: 26500/29791
[2024-04-10 23:28:25] processed: 26600/29791
[2024-04-10 23:28:25] processed: 26700/29791
[2024-04-10 23:28:25] processed: 26800/29791
[2024-04-10 23:28:26] processed: 26900/29791
[2024-04-10 23:28:57] processed: 27000/29791
[2024-04-10 23:28:58] processed: 27100/29791
[2024-04-10 23:28:58] processed: 27200/29791
[2024-04-10 23:28:58] processed: 27300/29791
[2024-04-10 23:28:59] processed: 27400/29791
[2024-04-10 23:28:59] processed: 27500/29791
[2024-04-10 23:28:59] processed: 27600/29791
[2024-04-10 23:29:00] processed: 27700/29791
[2024-04-10 23:29:00] processed: 27800/29791
[2024-04-10 23:29:00] processed: 27900/29791
[2024-04-10 23:29:01] processed: 28000/29791
[2024-04-10 23:29:01] processed: 28100/29791
[2024-04-10 23:29:01] processed: 28200/29791
[2024-04-10 23:29:02] processed: 28300/29791
[2024-04-10 23:29:02] processed: 28400/29791
[2024-04-10 23:29:02] processed: 28500/29791
[2024-04-10 23:29:03] processed: 28600/29791
[2024-04-10 23:29:03] processed: 28700/29791
[2024-04-10 23:29:03] processed: 28800/29791
[2024-04-10 23:29:04] processed: 28900/29791
[2024-04-10 23:29:04] processed: 29000/29791
[2024-04-10 23:29:04] processed: 29100/29791
[2024-04-10 23:29:05] processed: 29200/29791
[2024-04-10 23:29:05] processed: 29300/29791
[2024-04-10 23:29:05] processed: 29400/29791
[2024-04-10 23:29:06] processed: 29500/29791
[2024-04-10 23:29:06] processed: 29600/29791
[2024-04-10 23:29:06] processed: 29700/29791
[2024-04-10 23:29:06] Associations complete.
[2024-04-10 23:29:07] Read patterns from py/schematics\ll_mb_wgan_rga2_300epochs\2f0rh1c4v1.schem into memory
[2024-04-10 23:29:07] Associating 29791 patterns in database.
[2024-04-10 23:32:14] Associations complete.
[2024-04-10 23:45:10] dataset: (1, 'main')
[2024-04-10 23:45:10] Read patterns from py\schematics\dataset\1ZWUPd3BkP-_Fishing_Dock_by_disruptive_builds.schem.json_rotation_0.schem into memory
[2024-04-10 23:45:10] Associating 29791 patterns in database.
[2024-04-10 23:45:11] processed: 100/29791
[2024-04-10 23:45:11] processed: 200/29791
[2024-04-10 23:45:11] processed: 300/29791
[2024-04-10 23:45:12] processed: 400/29791
[2024-04-10 23:45:12] processed: 500/29791
[2024-04-10 23:45:12] processed: 600/29791
[2024-04-10 23:45:13] processed: 700/29791
[2024-04-10 23:45:13] processed: 800/29791
[2024-04-10 23:45:13] processed: 900/29791
[2024-04-10 23:45:28] processed: 1000/29791
[2024-04-10 23:45:44] processed: 1100/29791
[2024-04-10 23:45:48] processed: 1200/29791
[2024-04-10 23:45:48] processed: 1300/29791
[2024-04-10 23:45:48] processed: 1400/29791
[2024-04-10 23:45:49] processed: 1500/29791
[2024-04-10 23:45:49] processed: 1600/29791
[2024-04-10 23:45:49] processed: 1700/29791
[2024-04-10 23:45:49] processed: 1800/29791
[2024-04-10 23:45:50] processed: 1900/29791
[2024-04-10 23:46:18] processed: 2000/29791
[2024-04-10 23:46:28] processed: 2100/29791
[2024-04-10 23:46:29] processed: 2200/29791
[2024-04-10 23:46:29] processed: 2300/29791
[2024-04-10 23:46:30] processed: 2400/29791
[2024-04-10 23:46:30] processed: 2500/29791
[2024-04-10 23:46:30] processed: 2600/29791
[2024-04-10 23:46:31] processed: 2700/29791
[2024-04-10 23:46:31] processed: 2800/29791
[2024-04-10 23:46:38] processed: 2900/29791
[2024-04-10 23:47:10] processed: 3000/29791
[2024-04-10 23:47:10] processed: 3100/29791
[2024-04-10 23:47:11] processed: 3200/29791
[2024-04-10 23:47:11] processed: 3300/29791
[2024-04-10 23:47:11] processed: 3400/29791
[2024-04-10 23:47:11] processed: 3500/29791
[2024-04-10 23:47:12] processed: 3600/29791
[2024-04-10 23:47:12] processed: 3700/29791
[2024-04-10 23:47:12] processed: 3800/29791
[2024-04-10 23:47:35] processed: 3900/29791
[2024-04-10 23:47:49] processed: 4000/29791
[2024-04-10 23:47:49] processed: 4100/29791
[2024-04-10 23:47:50] processed: 4200/29791
[2024-04-10 23:47:50] processed: 4300/29791
[2024-04-10 23:47:50] processed: 4400/29791
[2024-04-10 23:47:51] processed: 4500/29791
[2024-04-10 23:47:51] processed: 4600/29791
[2024-04-10 23:47:51] processed: 4700/29791
[2024-04-10 23:47:52] processed: 4800/29791
[2024-04-10 23:48:26] processed: 4900/29791
[2024-04-10 23:48:29] processed: 5000/29791
[2024-04-10 23:48:29] processed: 5100/29791
[2024-04-10 23:48:29] processed: 5200/29791
[2024-04-10 23:48:30] processed: 5300/29791
[2024-04-10 23:48:30] processed: 5400/29791
[2024-04-10 23:48:30] processed: 5500/29791
[2024-04-10 23:48:31] processed: 5600/29791
[2024-04-10 23:48:31] processed: 5700/29791
[2024-04-10 23:48:43] processed: 5800/29791
[2024-04-10 23:49:07] processed: 5900/29791
[2024-04-10 23:49:08] processed: 6000/29791
[2024-04-10 23:49:08] processed: 6100/29791
[2024-04-10 23:49:08] processed: 6200/29791
[2024-04-10 23:49:09] processed: 6300/29791
[2024-04-10 23:49:09] processed: 6400/29791
[2024-04-10 23:49:09] processed: 6500/29791
[2024-04-10 23:49:10] processed: 6600/29791
[2024-04-10 23:49:10] processed: 6700/29791
[2024-04-10 23:49:38] processed: 6800/29791
[2024-04-10 23:49:47] processed: 6900/29791
[2024-04-10 23:49:47] processed: 7000/29791
[2024-04-10 23:49:48] processed: 7100/29791
[2024-04-10 23:49:48] processed: 7200/29791
[2024-04-10 23:49:48] processed: 7300/29791
[2024-04-10 23:49:48] processed: 7400/29791
[2024-04-10 23:49:49] processed: 7500/29791
[2024-04-10 23:49:49] processed: 7600/29791
[2024-04-10 23:49:54] processed: 7700/29791
[2024-04-10 23:50:26] processed: 7800/29791
[2024-04-10 23:50:33] processed: 7900/29791
[2024-04-10 23:50:33] processed: 8000/29791
[2024-04-10 23:50:34] processed: 8100/29791
[2024-04-10 23:50:34] processed: 8200/29791
[2024-04-10 23:50:34] processed: 8300/29791
[2024-04-10 23:50:35] processed: 8400/29791
[2024-04-10 23:50:35] processed: 8500/29791
[2024-04-10 23:50:35] processed: 8600/29791
[2024-04-10 23:50:55] processed: 8700/29791
[2024-04-10 23:51:15] processed: 8800/29791
[2024-04-10 23:51:23] processed: 8900/29791
[2024-04-10 23:51:23] processed: 9000/29791
[2024-04-10 23:51:23] processed: 9100/29791
[2024-04-10 23:51:24] processed: 9200/29791
[2024-04-10 23:51:24] processed: 9300/29791
[2024-04-10 23:51:24] processed: 9400/29791
[2024-04-10 23:51:25] processed: 9500/29791
[2024-04-10 23:51:25] processed: 9600/29791
[2024-04-10 23:51:58] processed: 9700/29791
[2024-04-10 23:52:09] processed: 9800/29791
[2024-04-10 23:52:16] processed: 9900/29791
[2024-04-10 23:52:16] processed: 10000/29791
[2024-04-10 23:52:17] processed: 10100/29791
[2024-04-10 23:52:17] processed: 10200/29791
[2024-04-10 23:52:17] processed: 10300/29791
[2024-04-10 23:52:17] processed: 10400/29791
[2024-04-10 23:52:18] processed: 10500/29791
[2024-04-10 23:52:31] processed: 10600/29791
[2024-04-10 23:52:57] processed: 10700/29791
[2024-04-10 23:53:07] processed: 10800/29791
[2024-04-10 23:53:10] processed: 10900/29791
[2024-04-10 23:53:10] processed: 11000/29791
[2024-04-10 23:53:10] processed: 11100/29791
[2024-04-10 23:53:11] processed: 11200/29791
[2024-04-10 23:53:11] processed: 11300/29791
[2024-04-10 23:53:11] processed: 11400/29791
[2024-04-10 23:53:12] processed: 11500/29791
[2024-04-10 23:53:39] processed: 11600/29791
[2024-04-10 23:53:55] processed: 11700/29791
[2024-04-10 23:54:05] processed: 11800/29791
[2024-04-10 23:54:05] processed: 11900/29791
[2024-04-10 23:54:06] processed: 12000/29791
[2024-04-10 23:54:06] processed: 12100/29791
[2024-04-10 23:54:06] processed: 12200/29791
[2024-04-10 23:54:07] processed: 12300/29791
[2024-04-10 23:54:07] processed: 12400/29791
[2024-04-10 23:54:09] processed: 12500/29791
[2024-04-10 23:54:43] processed: 12600/29791
[2024-04-10 23:54:54] processed: 12700/29791
[2024-04-10 23:54:59] processed: 12800/29791
[2024-04-10 23:54:59] processed: 12900/29791
[2024-04-10 23:55:00] processed: 13000/29791
[2024-04-10 23:55:00] processed: 13100/29791
[2024-04-10 23:55:00] processed: 13200/29791
[2024-04-10 23:55:01] processed: 13300/29791
[2024-04-10 23:55:01] processed: 13400/29791
[2024-04-10 23:55:19] processed: 13500/29791
[2024-04-10 23:55:40] processed: 13600/29791
[2024-04-10 23:55:49] processed: 13700/29791
[2024-04-10 23:55:49] processed: 13800/29791
[2024-04-10 23:55:49] processed: 13900/29791
[2024-04-10 23:55:50] processed: 14000/29791
[2024-04-10 23:55:50] processed: 14100/29791
[2024-04-10 23:55:50] processed: 14200/29791
[2024-04-10 23:55:51] processed: 14300/29791
[2024-04-10 23:55:51] processed: 14400/29791
[2024-04-10 23:56:24] processed: 14500/29791
[2024-04-10 23:56:33] processed: 14600/29791
[2024-04-10 23:56:35] processed: 14700/29791
[2024-04-10 23:56:36] processed: 14800/29791
[2024-04-10 23:56:36] processed: 14900/29791
[2024-04-10 23:56:36] processed: 15000/29791
[2024-04-10 23:56:37] processed: 15100/29791
[2024-04-10 23:56:37] processed: 15200/29791
[2024-04-10 23:56:37] processed: 15300/29791
[2024-04-10 23:56:47] processed: 15400/29791
[2024-04-10 23:57:14] processed: 15500/29791
[2024-04-10 23:57:14] processed: 15600/29791
[2024-04-10 23:57:14] processed: 15700/29791
[2024-04-10 23:57:15] processed: 15800/29791
[2024-04-10 23:57:15] processed: 15900/29791
[2024-04-10 23:57:15] processed: 16000/29791
[2024-04-10 23:57:16] processed: 16100/29791
[2024-04-10 23:57:16] processed: 16200/29791
[2024-04-10 23:57:16] processed: 16300/29791
[2024-04-10 23:57:40] processed: 16400/29791
[2024-04-10 23:57:52] processed: 16500/29791
[2024-04-10 23:57:54] processed: 16600/29791
[2024-04-10 23:57:55] processed: 16700/29791
[2024-04-10 23:57:55] processed: 16800/29791
[2024-04-10 23:57:55] processed: 16900/29791
[2024-04-10 23:57:55] processed: 17000/29791
[2024-04-10 23:57:56] processed: 17100/29791
[2024-04-10 23:57:56] processed: 17200/29791
[2024-04-10 23:57:56] processed: 17300/29791
[2024-04-10 23:58:30] processed: 17400/29791
[2024-04-10 23:58:33] processed: 17500/29791
[2024-04-10 23:58:34] processed: 17600/29791
[2024-04-10 23:58:35] processed: 17700/29791
[2024-04-10 23:58:35] processed: 17800/29791
[2024-04-10 23:58:35] processed: 17900/29791
[2024-04-10 23:58:36] processed: 18000/29791
[2024-04-10 23:58:36] processed: 18100/29791
[2024-04-10 23:58:36] processed: 18200/29791
[2024-04-10 23:58:51] processed: 18300/29791
[2024-04-10 23:59:13] processed: 18400/29791
[2024-04-10 23:59:13] processed: 18500/29791
[2024-04-10 23:59:14] processed: 18600/29791
[2024-04-10 23:59:14] processed: 18700/29791
[2024-04-10 23:59:14] processed: 18800/29791
[2024-04-10 23:59:15] processed: 18900/29791
[2024-04-10 23:59:15] processed: 19000/29791
[2024-04-10 23:59:15] processed: 19100/29791
[2024-04-10 23:59:16] processed: 19200/29791
[2024-04-10 23:59:47] processed: 19300/29791
[2024-04-10 23:59:54] processed: 19400/29791
[2024-04-10 23:59:56] processed: 19500/29791
[2024-04-10 23:59:56] processed: 19600/29791
[2024-04-10 23:59:57] processed: 19700/29791
[2024-04-10 23:59:57] processed: 19800/29791
[2024-04-10 23:59:57] processed: 19900/29791
[2024-04-10 23:59:58] processed: 20000/29791
[2024-04-10 23:59:58] processed: 20100/29791
