[2023-12-01 13:43:28] Loaded checkpoint ll_lb.pth.tar in local epoch 0 | best_loss_g: inf | best_loss_d_closest_to_half: inf | best_loss_d: inf 
[2023-12-01 13:43:36] Saved new best_loss_g checkpoint ll_lb_best_loss_g.pth.tar
[2023-12-01 13:43:36] Saved Epoch 0/100 | Discriminator Loss: 1.228267 | Generator Loss: 10.950919
[2023-12-01 13:43:39] Saved new best_loss_d checkpoint ll_lb_best_loss_d.pth.tar
[2023-12-01 13:43:39] Saved Epoch 0/100 | Discriminator Loss: 1.228267 | Generator Loss: 10.950919
[2023-12-01 13:43:42] Saved new best_loss_d checkpoint ll_lb_best_loss_closest_to_half.pth.tar
[2023-12-01 13:43:42] Saved Epoch 0/100 | Discriminator Loss: 1.228267 | Generator Loss: 10.950919
[2023-12-01 13:43:50] Saved new best_loss_g checkpoint ll_lb_best_loss_g.pth.tar
[2023-12-01 13:43:50] Saved Epoch 0/100 | Discriminator Loss: 0.011906 | Generator Loss: 10.524503
[2023-12-01 13:43:53] Saved new best_loss_d checkpoint ll_lb_best_loss_d.pth.tar
[2023-12-01 13:43:53] Saved Epoch 0/100 | Discriminator Loss: 0.011906 | Generator Loss: 10.524503
[2023-12-01 13:43:56] Saved new best_loss_d checkpoint ll_lb_best_loss_closest_to_half.pth.tar
[2023-12-01 13:43:56] Saved Epoch 0/100 | Discriminator Loss: 0.011906 | Generator Loss: 10.524503
[2023-12-01 13:44:04] Saved new best_loss_g checkpoint ll_lb_best_loss_g.pth.tar
[2023-12-01 13:44:04] Saved Epoch 0/100 | Discriminator Loss: 0.005295 | Generator Loss: 9.605937
[2023-12-01 13:44:06] Saved new best_loss_d checkpoint ll_lb_best_loss_d.pth.tar
[2023-12-01 13:44:06] Saved Epoch 0/100 | Discriminator Loss: 0.005295 | Generator Loss: 9.605937
[2023-12-01 13:44:14] Saved new best_loss_g checkpoint ll_lb_best_loss_g.pth.tar
[2023-12-01 13:44:14] Saved Epoch 0/100 | Discriminator Loss: 0.003120 | Generator Loss: 7.806688
[2023-12-01 13:44:17] Saved new best_loss_d checkpoint ll_lb_best_loss_d.pth.tar
[2023-12-01 13:44:17] Saved Epoch 0/100 | Discriminator Loss: 0.003120 | Generator Loss: 7.806688
[2023-12-01 13:44:26] Saved new best_loss_g checkpoint ll_lb_best_loss_g.pth.tar
[2023-12-01 13:44:26] Saved Epoch 0/100 | Discriminator Loss: 0.173395 | Generator Loss: 5.488256
[2023-12-01 13:44:29] Saved new best_loss_d checkpoint ll_lb_best_loss_closest_to_half.pth.tar
[2023-12-01 13:44:29] Saved Epoch 0/100 | Discriminator Loss: 0.173395 | Generator Loss: 5.488256
[2023-12-01 13:44:36] Saved new best_loss_d checkpoint ll_lb_best_loss_closest_to_half.pth.tar
[2023-12-01 13:44:36] Saved Epoch 0/100 | Discriminator Loss: 0.335862 | Generator Loss: 16.538517
[2023-12-01 13:44:45] Saved new best_loss_d checkpoint ll_lb_best_loss_d.pth.tar
[2023-12-01 13:44:45] Saved Epoch 0/100 | Discriminator Loss: 0.000042 | Generator Loss: 18.058004
[2023-12-01 13:45:04] Saved new best_loss_d checkpoint ll_lb_best_loss_d.pth.tar
[2023-12-01 13:45:04] Saved Epoch 0/100 | Discriminator Loss: 0.000016 | Generator Loss: 16.058655
[2023-12-01 13:46:11] Saved new best_loss_d checkpoint ll_lb_best_loss_d.pth.tar
[2023-12-01 13:46:11] Saved Epoch 0/100 | Discriminator Loss: 0.000007 | Generator Loss: 21.425283
[2023-12-01 13:46:40] Saved new best_loss_d checkpoint ll_lb_best_loss_d.pth.tar
[2023-12-01 13:46:40] Saved Epoch 0/100 | Discriminator Loss: 0.000006 | Generator Loss: 18.776543
[2023-12-01 13:46:53] Saved new best_loss_d checkpoint ll_lb_best_loss_d.pth.tar
[2023-12-01 13:46:53] Saved Epoch 0/100 | Discriminator Loss: 0.000001 | Generator Loss: 16.252399
[2023-12-01 13:47:28] Saved new best_loss_d checkpoint ll_lb_best_loss_d.pth.tar
[2023-12-01 13:47:28] Saved Epoch 0/100 | Discriminator Loss: 0.000000 | Generator Loss: 17.671244
[2023-12-01 13:49:20] Saved new best_loss_d checkpoint ll_lb_best_loss_closest_to_half.pth.tar
[2023-12-01 13:49:20] Saved Epoch 0/100 | Discriminator Loss: 0.551484 | Generator Loss: 15.434975
[2023-12-01 13:50:45] Epoch 0/100 | Discriminator Loss: 0.000030 | Generator Loss: 11.440076
[2023-12-01 13:52:03] Saved new best_loss_g checkpoint ll_lb_best_loss_g.pth.tar
[2023-12-01 13:52:03] Saved Epoch 1/100 | Discriminator Loss: 5.180989 | Generator Loss: 4.665282
[2023-12-01 13:52:07] Saved new best_loss_g checkpoint ll_lb_best_loss_g.pth.tar
[2023-12-01 13:52:07] Saved Epoch 1/100 | Discriminator Loss: 0.799407 | Generator Loss: 4.064874
[2023-12-01 13:52:26] Saved new best_loss_g checkpoint ll_lb_best_loss_g.pth.tar
[2023-12-01 13:52:26] Saved Epoch 1/100 | Discriminator Loss: 0.574248 | Generator Loss: 3.949866
[2023-12-01 13:52:42] Saved new best_loss_g checkpoint ll_lb_best_loss_g.pth.tar
[2023-12-01 13:52:42] Saved Epoch 1/100 | Discriminator Loss: 0.557637 | Generator Loss: 3.713092
[2023-12-01 13:52:50] Saved new best_loss_d checkpoint ll_lb_best_loss_closest_to_half.pth.tar
[2023-12-01 13:52:50] Saved Epoch 1/100 | Discriminator Loss: 0.494719 | Generator Loss: 7.982952
[2023-12-01 13:53:05] Saved new best_loss_g checkpoint ll_lb_best_loss_g.pth.tar
[2023-12-01 13:53:05] Saved Epoch 1/100 | Discriminator Loss: 2.967000 | Generator Loss: 1.104949
[2023-12-01 13:53:09] Epoch 1/100 | Discriminator Loss: 1.613693 | Generator Loss: 5.670472
[2023-12-01 13:54:31] Saved new best_loss_g checkpoint ll_lb_best_loss_g.pth.tar
[2023-12-01 13:54:31] Saved Epoch 2/100 | Discriminator Loss: 4.559486 | Generator Loss: 1.094843
[2023-12-01 13:54:59] Saved new best_loss_g checkpoint ll_lb_best_loss_g.pth.tar
[2023-12-01 13:54:59] Saved Epoch 2/100 | Discriminator Loss: 4.656463 | Generator Loss: 0.901247
[2023-12-01 13:55:21] Epoch 2/100 | Discriminator Loss: 0.048816 | Generator Loss: 4.727213
[2023-12-01 13:56:31] Saved new best_loss_g checkpoint ll_lb_best_loss_g.pth.tar
[2023-12-01 13:56:31] Saved Epoch 3/100 | Discriminator Loss: 1.622708 | Generator Loss: 0.610287
[2023-12-01 13:57:32] Epoch 3/100 | Discriminator Loss: 0.050616 | Generator Loss: 9.783422
[2023-12-01 13:57:44] Saved new best_loss_d checkpoint ll_lb_best_loss_closest_to_half.pth.tar
[2023-12-01 13:57:44] Saved Epoch 4/100 | Discriminator Loss: 0.503138 | Generator Loss: 2.723025
[2023-12-01 13:59:39] Saved new best_loss_d checkpoint ll_lb_best_loss_closest_to_half.pth.tar
[2023-12-01 13:59:39] Saved Epoch 4/100 | Discriminator Loss: 0.499326 | Generator Loss: 4.904954
[2023-12-01 13:59:45] Epoch 4/100 | Discriminator Loss: 0.404122 | Generator Loss: 1.929412
[2023-12-01 14:00:17] Saved new best_loss_g checkpoint ll_lb_best_loss_g.pth.tar
[2023-12-01 14:00:17] Saved Epoch 5/100 | Discriminator Loss: 4.348781 | Generator Loss: 0.351224
[2023-12-01 14:01:56] Epoch 5/100 | Discriminator Loss: 0.199619 | Generator Loss: 4.047361
[2023-12-01 14:04:03] Epoch 6/100 | Discriminator Loss: 0.282549 | Generator Loss: 3.239609
[2023-12-01 14:05:04] Saved new best_loss_g checkpoint ll_lb_best_loss_g.pth.tar
[2023-12-01 14:05:04] Saved Epoch 7/100 | Discriminator Loss: 2.478960 | Generator Loss: 0.093918
[2023-12-01 14:05:41] Saved new best_loss_g checkpoint ll_lb_best_loss_g.pth.tar
[2023-12-01 14:05:41] Saved Epoch 7/100 | Discriminator Loss: 1.576018 | Generator Loss: 0.081582
[2023-12-01 14:06:16] Epoch 7/100 | Discriminator Loss: 0.187207 | Generator Loss: 3.611667
[2023-12-01 14:08:24] Epoch 8/100 | Discriminator Loss: 1.720967 | Generator Loss: 5.061683
[2023-12-01 14:10:31] Epoch 9/100 | Discriminator Loss: 0.194590 | Generator Loss: 5.409740
[2023-12-01 14:12:38] Epoch 10/100 | Discriminator Loss: 1.275989 | Generator Loss: 2.437255
[2023-12-01 14:14:45] Epoch 11/100 | Discriminator Loss: 0.060325 | Generator Loss: 5.860634
[2023-12-01 14:16:52] Epoch 12/100 | Discriminator Loss: 0.673580 | Generator Loss: 4.562217
[2023-12-01 14:18:59] Epoch 13/100 | Discriminator Loss: 0.978521 | Generator Loss: 2.725941
[2023-12-01 14:21:06] Epoch 14/100 | Discriminator Loss: 0.156265 | Generator Loss: 4.265305
[2023-12-01 14:23:13] Epoch 15/100 | Discriminator Loss: 0.403677 | Generator Loss: 4.493131
[2023-12-01 14:25:20] Epoch 16/100 | Discriminator Loss: 0.328567 | Generator Loss: 3.891254
[2023-12-01 14:27:27] Epoch 17/100 | Discriminator Loss: 0.440052 | Generator Loss: 3.042036
[2023-12-01 14:29:34] Epoch 18/100 | Discriminator Loss: 0.266770 | Generator Loss: 7.693852
[2023-12-01 14:31:41] Epoch 19/100 | Discriminator Loss: 0.174588 | Generator Loss: 4.425574
[2023-12-01 14:33:48] Epoch 20/100 | Discriminator Loss: 0.557296 | Generator Loss: 4.513298
[2023-12-01 14:35:55] Epoch 21/100 | Discriminator Loss: 2.044296 | Generator Loss: 0.651952
[2023-12-01 14:38:02] Epoch 22/100 | Discriminator Loss: 0.060171 | Generator Loss: 5.481518
[2023-12-01 14:40:09] Epoch 23/100 | Discriminator Loss: 0.594856 | Generator Loss: 6.422403
[2023-12-01 14:42:16] Epoch 24/100 | Discriminator Loss: 0.264090 | Generator Loss: 4.325942
[2023-12-01 14:42:46] Saved new best_loss_g checkpoint ll_lb_best_loss_g.pth.tar
[2023-12-01 14:42:46] Saved Epoch 25/100 | Discriminator Loss: 1.275782 | Generator Loss: 0.047584
[2023-12-01 14:44:28] Saved latest checkpoint ll_lb_latest.pth.tar
[2023-12-01 14:44:28] Saved Epoch 25/100 | Discriminator Loss: 0.148520 | Generator Loss: 4.453255
[2023-12-01 14:46:35] Epoch 26/100 | Discriminator Loss: 0.012304 | Generator Loss: 6.263760
[2023-12-01 14:48:42] Epoch 27/100 | Discriminator Loss: 0.074145 | Generator Loss: 8.767186
[2023-12-01 14:50:49] Epoch 28/100 | Discriminator Loss: 0.004981 | Generator Loss: 6.768691
[2023-12-01 14:52:56] Epoch 29/100 | Discriminator Loss: 0.077710 | Generator Loss: 6.146988
[2023-12-01 14:55:03] Epoch 30/100 | Discriminator Loss: 0.122059 | Generator Loss: 4.470394
[2023-12-01 14:57:10] Epoch 31/100 | Discriminator Loss: 0.026672 | Generator Loss: 5.595553
[2023-12-01 14:59:17] Epoch 32/100 | Discriminator Loss: 0.018552 | Generator Loss: 7.586234
[2023-12-01 15:01:24] Epoch 33/100 | Discriminator Loss: 0.402591 | Generator Loss: 5.401677
[2023-12-01 15:03:31] Epoch 34/100 | Discriminator Loss: 0.014624 | Generator Loss: 5.474432
[2023-12-01 15:05:38] Epoch 35/100 | Discriminator Loss: 0.509716 | Generator Loss: 2.786605
[2023-12-01 15:07:45] Epoch 36/100 | Discriminator Loss: 0.263416 | Generator Loss: 9.304145
[2023-12-01 15:09:52] Epoch 37/100 | Discriminator Loss: 0.113439 | Generator Loss: 6.594961
[2023-12-01 15:12:00] Epoch 38/100 | Discriminator Loss: 0.017701 | Generator Loss: 5.011750
[2023-12-01 15:14:07] Epoch 39/100 | Discriminator Loss: 0.143803 | Generator Loss: 4.899467
[2023-12-01 15:16:15] Epoch 40/100 | Discriminator Loss: 0.012168 | Generator Loss: 7.297962
[2023-12-01 15:18:22] Epoch 41/100 | Discriminator Loss: 0.084363 | Generator Loss: 4.369719
[2023-12-01 15:20:29] Epoch 42/100 | Discriminator Loss: 0.023620 | Generator Loss: 4.801791
[2023-12-01 15:22:37] Epoch 43/100 | Discriminator Loss: 0.030600 | Generator Loss: 6.571995
[2023-12-01 15:24:44] Epoch 44/100 | Discriminator Loss: 0.108854 | Generator Loss: 6.074118
[2023-12-01 15:26:52] Epoch 45/100 | Discriminator Loss: 0.053728 | Generator Loss: 8.275442
[2023-12-01 15:28:59] Epoch 46/100 | Discriminator Loss: 0.030326 | Generator Loss: 4.585656
[2023-12-01 15:31:07] Epoch 47/100 | Discriminator Loss: 0.037280 | Generator Loss: 4.476704
[2023-12-01 15:33:14] Epoch 48/100 | Discriminator Loss: 0.828256 | Generator Loss: 11.973387
[2023-12-01 15:35:22] Epoch 49/100 | Discriminator Loss: 0.571390 | Generator Loss: 8.975183
[2023-12-01 15:37:32] Saved latest checkpoint ll_lb_latest.pth.tar
[2023-12-01 15:37:32] Saved Epoch 50/100 | Discriminator Loss: 0.521801 | Generator Loss: 12.284422
[2023-12-01 15:39:40] Epoch 51/100 | Discriminator Loss: 0.019805 | Generator Loss: 5.895647
[2023-12-01 15:41:47] Epoch 52/100 | Discriminator Loss: 0.055996 | Generator Loss: 5.587703
[2023-12-01 15:43:54] Epoch 53/100 | Discriminator Loss: 0.028666 | Generator Loss: 6.067895
[2023-12-01 15:46:00] Epoch 54/100 | Discriminator Loss: 0.317890 | Generator Loss: 3.300773
[2023-12-01 15:48:07] Epoch 55/100 | Discriminator Loss: 0.059021 | Generator Loss: 4.905670
[2023-12-01 15:50:14] Epoch 56/100 | Discriminator Loss: 0.033659 | Generator Loss: 5.044456
[2023-12-01 15:52:21] Epoch 57/100 | Discriminator Loss: 0.051660 | Generator Loss: 5.248387
[2023-12-01 15:54:28] Epoch 58/100 | Discriminator Loss: 0.061114 | Generator Loss: 5.165041
[2023-12-01 15:56:35] Epoch 59/100 | Discriminator Loss: 0.325121 | Generator Loss: 4.671504
[2023-12-01 15:58:42] Epoch 60/100 | Discriminator Loss: 0.046170 | Generator Loss: 4.857339
[2023-12-01 16:00:49] Epoch 61/100 | Discriminator Loss: 0.026648 | Generator Loss: 6.211608
[2023-12-01 16:02:56] Epoch 62/100 | Discriminator Loss: 0.038488 | Generator Loss: 5.237475
[2023-12-01 16:05:03] Epoch 63/100 | Discriminator Loss: 0.002018 | Generator Loss: 7.459699
[2023-12-01 16:07:10] Epoch 64/100 | Discriminator Loss: 0.002942 | Generator Loss: 7.815442
[2023-12-01 16:09:17] Epoch 65/100 | Discriminator Loss: 0.210775 | Generator Loss: 4.357931
[2023-12-01 16:11:24] Epoch 66/100 | Discriminator Loss: 0.612560 | Generator Loss: 5.426167
[2023-12-01 16:13:31] Epoch 67/100 | Discriminator Loss: 0.099964 | Generator Loss: 5.901667
[2023-12-01 16:14:41] Saved new best_loss_g checkpoint ll_lb_best_loss_g.pth.tar
[2023-12-01 16:14:41] Saved Epoch 68/100 | Discriminator Loss: 2.298437 | Generator Loss: 0.003596
[2023-12-01 16:15:41] Epoch 68/100 | Discriminator Loss: 0.152335 | Generator Loss: 6.551879
[2023-12-01 16:17:48] Epoch 69/100 | Discriminator Loss: 0.025768 | Generator Loss: 6.233309
[2023-12-01 16:19:55] Epoch 70/100 | Discriminator Loss: 0.004831 | Generator Loss: 9.153649
[2023-12-01 16:22:01] Epoch 71/100 | Discriminator Loss: 0.134347 | Generator Loss: 3.027370
[2023-12-01 16:24:08] Epoch 72/100 | Discriminator Loss: 0.013953 | Generator Loss: 6.473510
[2023-12-01 16:26:15] Epoch 73/100 | Discriminator Loss: 0.075842 | Generator Loss: 4.605899
[2023-12-01 16:28:22] Epoch 74/100 | Discriminator Loss: 0.865559 | Generator Loss: 5.768848
[2023-12-01 16:30:32] Saved latest checkpoint ll_lb_latest.pth.tar
[2023-12-01 16:30:32] Saved Epoch 75/100 | Discriminator Loss: 0.183906 | Generator Loss: 5.755445
[2023-12-01 16:32:39] Epoch 76/100 | Discriminator Loss: 0.350351 | Generator Loss: 3.689624
[2023-12-01 16:34:46] Epoch 77/100 | Discriminator Loss: 0.051835 | Generator Loss: 5.369688
[2023-12-01 16:36:53] Epoch 78/100 | Discriminator Loss: 0.473882 | Generator Loss: 3.079715
[2023-12-01 16:39:00] Epoch 79/100 | Discriminator Loss: 0.992210 | Generator Loss: 3.966660
[2023-12-01 16:41:07] Epoch 80/100 | Discriminator Loss: 0.178187 | Generator Loss: 4.897604
[2023-12-01 16:43:14] Epoch 81/100 | Discriminator Loss: 1.989668 | Generator Loss: 0.642509
[2023-12-01 16:45:31] Epoch 82/100 | Discriminator Loss: 0.006196 | Generator Loss: 6.641281
[2023-12-01 16:47:56] Epoch 83/100 | Discriminator Loss: 0.008179 | Generator Loss: 6.875861
[2023-12-01 16:51:31] Epoch 84/100 | Discriminator Loss: 0.037399 | Generator Loss: 4.836215
[2023-12-01 17:03:22] Epoch 85/100 | Discriminator Loss: 0.010468 | Generator Loss: 5.737749
[2023-12-01 17:09:41] Epoch 86/100 | Discriminator Loss: 0.015539 | Generator Loss: 5.955343
[2023-12-01 17:16:01] Epoch 87/100 | Discriminator Loss: 0.078604 | Generator Loss: 4.375909
[2023-12-01 17:19:12] Epoch 88/100 | Discriminator Loss: 0.182872 | Generator Loss: 4.554042
[2023-12-01 17:21:39] Epoch 89/100 | Discriminator Loss: 0.020810 | Generator Loss: 5.490993
[2023-12-01 17:24:05] Epoch 90/100 | Discriminator Loss: 0.077840 | Generator Loss: 5.429562
[2023-12-01 17:26:31] Epoch 91/100 | Discriminator Loss: 0.077011 | Generator Loss: 4.637223
[2023-12-01 17:28:58] Epoch 92/100 | Discriminator Loss: 0.002900 | Generator Loss: 10.032293
[2023-12-01 17:31:26] Epoch 93/100 | Discriminator Loss: 0.126880 | Generator Loss: 5.402236
[2023-12-01 17:33:53] Epoch 94/100 | Discriminator Loss: 1.182033 | Generator Loss: 0.901060
[2023-12-01 17:36:20] Epoch 95/100 | Discriminator Loss: 0.011948 | Generator Loss: 7.789923
[2023-12-01 17:38:46] Epoch 96/100 | Discriminator Loss: 0.020552 | Generator Loss: 5.644255
[2023-12-01 17:41:13] Epoch 97/100 | Discriminator Loss: 0.023455 | Generator Loss: 5.962978
[2023-12-01 17:43:38] Epoch 98/100 | Discriminator Loss: 0.006346 | Generator Loss: 6.488295
[2023-12-01 17:45:51] Epoch 99/100 | Discriminator Loss: 0.044246 | Generator Loss: 5.640933
[2023-12-01 17:45:51] Epoch 100/100 | Discriminator Loss: 0.044246 | Generator Loss: 5.640933
[2023-12-01 17:45:54] Saved checkpoint ll_lb_terminated.pth.tar.
[2023-12-01 17:45:54] CUDA cache cleared. Exiting train.py...
