[2024-01-24 20:00:02] World size: 2
[2024-01-24 20:00:02] Found GPU 0: _CudaDeviceProperties(name='NVIDIA GeForce RTX 2080 Ti', major=7, minor=5, total_memory=11011MB, multi_processor_count=68)
[2024-01-24 20:00:02] Found GPU 1: _CudaDeviceProperties(name='NVIDIA GeForce RTX 2080 Ti', major=7, minor=5, total_memory=11011MB, multi_processor_count=68)
[2024-01-24 20:00:04] Setting up 1 of 2
[2024-01-24 20:00:04] Initialized main on device: cuda:1 with rank 1
[2024-01-24 20:00:12] Loaded model ll_hb on rank 1 in local epoch 0 | best_loss_g: inf | best_loss_d_closest_to_half: inf | best_loss_d: inf 
[2024-01-24 20:01:36] GPU 1: Epoch 0/100 | Discriminator Loss: 0.051048 | Generator Loss: 5.605024
[2024-01-24 20:02:44] GPU 1: Epoch 1/100 | Discriminator Loss: 0.115331 | Generator Loss: 3.464761
[2024-01-24 20:03:46] GPU 1: Epoch 2/100 | Discriminator Loss: 0.070804 | Generator Loss: 5.382307
[2024-01-24 20:04:50] GPU 1: Epoch 3/100 | Discriminator Loss: 0.089142 | Generator Loss: 3.855075
[2024-01-24 20:05:51] GPU 1: Epoch 4/100 | Discriminator Loss: 0.077244 | Generator Loss: 3.939039
[2024-01-24 20:06:54] GPU 1: Epoch 5/100 | Discriminator Loss: 0.039636 | Generator Loss: 4.961249
[2024-01-24 20:07:55] GPU 1: Epoch 6/100 | Discriminator Loss: 0.126701 | Generator Loss: 6.008842
[2024-01-24 20:08:57] GPU 1: Epoch 7/100 | Discriminator Loss: 0.215859 | Generator Loss: 3.962387
[2024-01-24 20:09:59] GPU 1: Epoch 8/100 | Discriminator Loss: 0.064217 | Generator Loss: 14.681686
[2024-01-24 20:11:01] GPU 1: Epoch 9/100 | Discriminator Loss: 0.192424 | Generator Loss: 5.138834
[2024-01-24 20:12:03] GPU 1: Epoch 10/100 | Discriminator Loss: 0.096450 | Generator Loss: 4.800898
[2024-01-24 20:13:06] GPU 1: Epoch 11/100 | Discriminator Loss: 0.042206 | Generator Loss: 4.680389
[2024-01-24 20:14:08] GPU 1: Epoch 12/100 | Discriminator Loss: 0.044605 | Generator Loss: 4.854515
[2024-01-24 20:15:11] GPU 1: Epoch 13/100 | Discriminator Loss: 0.017987 | Generator Loss: 5.033140
[2024-01-24 20:16:12] GPU 1: Epoch 14/100 | Discriminator Loss: 0.013682 | Generator Loss: 9.864663
[2024-01-24 20:17:15] GPU 1: Epoch 15/100 | Discriminator Loss: 0.022224 | Generator Loss: 5.138577
[2024-01-24 20:18:17] GPU 1: Epoch 16/100 | Discriminator Loss: 0.057707 | Generator Loss: 5.779037
[2024-01-24 20:19:18] GPU 1: Epoch 17/100 | Discriminator Loss: 0.036129 | Generator Loss: 5.709635
[2024-01-24 20:20:21] GPU 1: Epoch 18/100 | Discriminator Loss: 0.037151 | Generator Loss: 4.696837
[2024-01-24 20:21:22] GPU 1: Epoch 19/100 | Discriminator Loss: 0.016941 | Generator Loss: 4.827171
[2024-01-24 20:22:25] GPU 1: Epoch 20/100 | Discriminator Loss: 0.020154 | Generator Loss: 5.690462
[2024-01-24 20:23:30] GPU 1: Epoch 21/100 | Discriminator Loss: 0.095016 | Generator Loss: 6.664725
[2024-01-24 20:24:32] GPU 1: Epoch 22/100 | Discriminator Loss: 0.014212 | Generator Loss: 5.284039
[2024-01-24 20:25:34] GPU 1: Epoch 23/100 | Discriminator Loss: 0.035955 | Generator Loss: 4.628883
[2024-01-24 20:26:35] GPU 1: Epoch 24/100 | Discriminator Loss: 0.013767 | Generator Loss: 6.688053
[2024-01-24 20:27:37] GPU 1: Epoch 25/100 | Discriminator Loss: 0.027019 | Generator Loss: 4.864158
[2024-01-24 20:28:39] GPU 1: Epoch 26/100 | Discriminator Loss: 0.015914 | Generator Loss: 6.117762
[2024-01-24 20:29:41] GPU 1: Epoch 27/100 | Discriminator Loss: 0.021586 | Generator Loss: 5.538431
[2024-01-24 20:30:43] GPU 1: Epoch 28/100 | Discriminator Loss: 0.038733 | Generator Loss: 5.485999
[2024-01-24 20:31:45] GPU 1: Epoch 29/100 | Discriminator Loss: 0.021882 | Generator Loss: 5.131979
[2024-01-24 20:32:47] GPU 1: Epoch 30/100 | Discriminator Loss: 0.020902 | Generator Loss: 5.348115
[2024-01-24 20:33:51] GPU 1: Epoch 31/100 | Discriminator Loss: 0.216170 | Generator Loss: 6.872932
[2024-01-24 20:34:52] GPU 1: Epoch 32/100 | Discriminator Loss: 0.022689 | Generator Loss: 5.179546
[2024-01-24 20:35:54] GPU 1: Epoch 33/100 | Discriminator Loss: 0.064866 | Generator Loss: 4.586132
[2024-01-24 20:36:57] GPU 1: Epoch 34/100 | Discriminator Loss: 0.012529 | Generator Loss: 5.917358
[2024-01-24 20:37:59] GPU 1: Epoch 35/100 | Discriminator Loss: 0.002423 | Generator Loss: 7.178733
[2024-01-24 20:39:02] GPU 1: Epoch 36/100 | Discriminator Loss: 0.028494 | Generator Loss: 6.095495
[2024-01-24 20:40:04] GPU 1: Epoch 37/100 | Discriminator Loss: 0.047447 | Generator Loss: 2.366590
[2024-01-24 20:41:07] GPU 1: Epoch 38/100 | Discriminator Loss: 0.020776 | Generator Loss: 6.121816
[2024-01-24 20:42:09] GPU 1: Epoch 39/100 | Discriminator Loss: 0.149898 | Generator Loss: 3.744029
[2024-01-24 20:43:11] GPU 1: Epoch 40/100 | Discriminator Loss: 0.007157 | Generator Loss: 6.450609
[2024-01-24 20:44:14] GPU 1: Epoch 41/100 | Discriminator Loss: 0.087682 | Generator Loss: 5.940300
[2024-01-24 20:45:15] GPU 1: Epoch 42/100 | Discriminator Loss: 0.005529 | Generator Loss: 7.320371
[2024-01-24 20:46:18] GPU 1: Epoch 43/100 | Discriminator Loss: 0.053021 | Generator Loss: 5.102169
[2024-01-24 20:47:19] GPU 1: Epoch 44/100 | Discriminator Loss: 0.014506 | Generator Loss: 6.064700
[2024-01-24 20:48:21] GPU 1: Epoch 45/100 | Discriminator Loss: 0.001405 | Generator Loss: 8.838507
[2024-01-24 20:49:23] GPU 1: Epoch 46/100 | Discriminator Loss: 0.020825 | Generator Loss: 7.182474
[2024-01-24 20:50:26] GPU 1: Epoch 47/100 | Discriminator Loss: 0.050646 | Generator Loss: 8.043102
[2024-01-24 20:51:27] GPU 1: Epoch 48/100 | Discriminator Loss: 0.012610 | Generator Loss: 6.253383
[2024-01-24 20:52:30] GPU 1: Epoch 49/100 | Discriminator Loss: 0.026057 | Generator Loss: 8.128459
[2024-01-24 20:53:32] GPU 1: Epoch 50/100 | Discriminator Loss: 0.033813 | Generator Loss: 5.964078
[2024-01-24 20:54:34] GPU 1: Epoch 51/100 | Discriminator Loss: 0.013009 | Generator Loss: 7.050384
[2024-01-24 20:55:36] GPU 1: Epoch 52/100 | Discriminator Loss: 0.051909 | Generator Loss: 4.765224
[2024-01-24 20:56:38] GPU 1: Epoch 53/100 | Discriminator Loss: 0.018708 | Generator Loss: 7.050575
[2024-01-24 20:57:40] GPU 1: Epoch 54/100 | Discriminator Loss: 0.010782 | Generator Loss: 7.671312
[2024-01-24 20:58:41] GPU 1: Epoch 55/100 | Discriminator Loss: 0.010659 | Generator Loss: 7.410647
[2024-01-24 20:59:43] GPU 1: Epoch 56/100 | Discriminator Loss: 0.006172 | Generator Loss: 6.667014
[2024-01-24 21:00:45] GPU 1: Epoch 57/100 | Discriminator Loss: 0.024774 | Generator Loss: 5.391069
[2024-01-24 21:01:47] GPU 1: Epoch 58/100 | Discriminator Loss: 0.003061 | Generator Loss: 6.082670
[2024-01-24 21:02:49] GPU 1: Epoch 59/100 | Discriminator Loss: 0.009562 | Generator Loss: 6.264374
[2024-01-24 21:03:51] GPU 1: Epoch 60/100 | Discriminator Loss: 0.003321 | Generator Loss: 10.911533
[2024-01-24 21:04:54] GPU 1: Epoch 61/100 | Discriminator Loss: 0.003746 | Generator Loss: 7.104646
[2024-01-24 21:05:55] GPU 1: Epoch 62/100 | Discriminator Loss: 0.015651 | Generator Loss: 7.472040
[2024-01-24 21:06:57] GPU 1: Epoch 63/100 | Discriminator Loss: 0.003454 | Generator Loss: 8.553284
[2024-01-24 21:07:59] GPU 1: Epoch 64/100 | Discriminator Loss: 0.004100 | Generator Loss: 9.718648
[2024-01-24 21:09:02] GPU 1: Epoch 65/100 | Discriminator Loss: 0.089435 | Generator Loss: 7.508989
[2024-01-24 21:10:04] GPU 1: Epoch 66/100 | Discriminator Loss: 0.015019 | Generator Loss: 5.761925
[2024-01-24 21:11:05] GPU 1: Epoch 67/100 | Discriminator Loss: 0.007926 | Generator Loss: 6.232200
[2024-01-24 21:12:07] GPU 1: Epoch 68/100 | Discriminator Loss: 0.010424 | Generator Loss: 6.119606
[2024-01-24 21:13:10] GPU 1: Epoch 69/100 | Discriminator Loss: 0.007398 | Generator Loss: 6.618715
[2024-01-24 21:14:12] GPU 1: Epoch 70/100 | Discriminator Loss: 0.001385 | Generator Loss: 8.405642
[2024-01-24 21:15:15] GPU 1: Epoch 71/100 | Discriminator Loss: 0.002204 | Generator Loss: 7.245863
[2024-01-24 21:16:17] GPU 1: Epoch 72/100 | Discriminator Loss: 0.001519 | Generator Loss: 8.654391
[2024-01-24 21:17:19] GPU 1: Epoch 73/100 | Discriminator Loss: 0.279369 | Generator Loss: 12.846560
[2024-01-24 21:18:22] GPU 1: Epoch 74/100 | Discriminator Loss: 0.005936 | Generator Loss: 6.444481
[2024-01-24 21:19:23] GPU 1: Epoch 75/100 | Discriminator Loss: 0.007195 | Generator Loss: 6.449930
[2024-01-24 21:20:25] GPU 1: Epoch 76/100 | Discriminator Loss: 0.001928 | Generator Loss: 7.682568
[2024-01-24 21:21:27] GPU 1: Epoch 77/100 | Discriminator Loss: 0.000610 | Generator Loss: 8.469077
[2024-01-24 21:22:28] GPU 1: Epoch 78/100 | Discriminator Loss: 0.001089 | Generator Loss: 8.190357
[2024-01-24 21:23:30] GPU 1: Epoch 79/100 | Discriminator Loss: 0.001387 | Generator Loss: 7.717439
[2024-01-24 21:24:31] GPU 1: Epoch 80/100 | Discriminator Loss: 0.000690 | Generator Loss: 7.839012
[2024-01-24 21:25:34] GPU 1: Epoch 81/100 | Discriminator Loss: 0.000268 | Generator Loss: 9.348825
[2024-01-24 21:26:35] GPU 1: Epoch 82/100 | Discriminator Loss: 0.000472 | Generator Loss: 10.337326
[2024-01-24 21:27:41] GPU 1: Epoch 83/100 | Discriminator Loss: 0.002332 | Generator Loss: 8.659420
[2024-01-24 21:28:43] GPU 1: Epoch 84/100 | Discriminator Loss: 2.333720 | Generator Loss: 33.671658
[2024-01-24 21:29:45] GPU 1: Epoch 85/100 | Discriminator Loss: 0.030150 | Generator Loss: 5.787659
[2024-01-24 21:30:47] GPU 1: Epoch 86/100 | Discriminator Loss: 0.005620 | Generator Loss: 7.234481
[2024-01-24 21:31:50] GPU 1: Epoch 87/100 | Discriminator Loss: 0.001500 | Generator Loss: 7.798875
[2024-01-24 21:32:52] GPU 1: Epoch 88/100 | Discriminator Loss: 0.001184 | Generator Loss: 7.921827
[2024-01-24 21:33:53] GPU 1: Epoch 89/100 | Discriminator Loss: 0.000777 | Generator Loss: 9.882611
[2024-01-24 21:34:55] GPU 1: Epoch 90/100 | Discriminator Loss: 0.001967 | Generator Loss: 8.643354
[2024-01-24 21:35:57] GPU 1: Epoch 91/100 | Discriminator Loss: 0.001356 | Generator Loss: 7.582485
[2024-01-24 21:36:59] GPU 1: Epoch 92/100 | Discriminator Loss: 0.000952 | Generator Loss: 7.615553
[2024-01-24 21:38:01] GPU 1: Epoch 93/100 | Discriminator Loss: 0.000792 | Generator Loss: 8.230113
[2024-01-24 21:39:03] GPU 1: Epoch 94/100 | Discriminator Loss: 65.637039 | Generator Loss: 68.908585
[2024-01-24 21:40:06] GPU 1: Epoch 95/100 | Discriminator Loss: 0.001939 | Generator Loss: 8.565372
[2024-01-24 21:41:09] GPU 1: Epoch 96/100 | Discriminator Loss: 0.012188 | Generator Loss: 6.203187
[2024-01-24 21:42:11] GPU 1: Epoch 97/100 | Discriminator Loss: 0.004226 | Generator Loss: 6.751300
[2024-01-24 21:43:12] GPU 1: Epoch 98/100 | Discriminator Loss: 0.000436 | Generator Loss: 10.804556
[2024-01-24 21:44:14] GPU 1: Epoch 99/100 | Discriminator Loss: 0.002563 | Generator Loss: 7.245968
[2024-01-24 20:00:04] Setting up 0 of 2
[2024-01-24 20:00:04] Initialized main on device: cuda:0 with rank 0
[2024-01-24 20:00:12] Loaded model ll_hb on rank 0 in local epoch 0 | best_loss_g: inf | best_loss_d_closest_to_half: inf | best_loss_d: inf 
[2024-01-24 20:00:13] Saved new best_loss_g checkpoint ll_hb_best_loss_g.pth.tar
[2024-01-24 20:00:13] Saved Epoch 0/100 | Discriminator Loss: 1.574888 | Generator Loss: 3.402431
[2024-01-24 20:00:14] Saved new best_loss_d checkpoint ll_hb_best_loss_d.pth.tar
[2024-01-24 20:00:14] Saved Epoch 0/100 | Discriminator Loss: 1.574888 | Generator Loss: 3.402431
[2024-01-24 20:00:15] Saved new best_loss_d_closest_to_half checkpoint ll_hb_best_loss_d_closest_to_half.pth.tar
[2024-01-24 20:00:15] Saved Epoch 0/100 | Discriminator Loss: 1.574888 | Generator Loss: 3.402431
[2024-01-24 20:00:16] Saved new best_loss_d checkpoint ll_hb_best_loss_d.pth.tar
[2024-01-24 20:00:17] Saved Epoch 0/100 | Discriminator Loss: 0.354805 | Generator Loss: 4.123592
[2024-01-24 20:00:17] Saved new best_loss_d_closest_to_half checkpoint ll_hb_best_loss_d_closest_to_half.pth.tar
[2024-01-24 20:00:18] Saved Epoch 0/100 | Discriminator Loss: 0.354805 | Generator Loss: 4.123592
[2024-01-24 20:00:19] Saved new best_loss_d checkpoint ll_hb_best_loss_d.pth.tar
[2024-01-24 20:00:19] Saved Epoch 0/100 | Discriminator Loss: 0.110562 | Generator Loss: 4.346099
[2024-01-24 20:00:20] Saved new best_loss_d checkpoint ll_hb_best_loss_d.pth.tar
[2024-01-24 20:00:20] Saved Epoch 0/100 | Discriminator Loss: 0.053611 | Generator Loss: 4.803344
[2024-01-24 20:00:22] Saved new best_loss_d checkpoint ll_hb_best_loss_d.pth.tar
[2024-01-24 20:00:22] Saved Epoch 0/100 | Discriminator Loss: 0.052835 | Generator Loss: 4.717920
[2024-01-24 20:00:23] Saved new best_loss_d checkpoint ll_hb_best_loss_d.pth.tar
[2024-01-24 20:00:23] Saved Epoch 0/100 | Discriminator Loss: 0.046527 | Generator Loss: 4.915832
[2024-01-24 20:00:24] Saved new best_loss_d checkpoint ll_hb_best_loss_d.pth.tar
[2024-01-24 20:00:24] Saved Epoch 0/100 | Discriminator Loss: 0.037458 | Generator Loss: 5.227198
[2024-01-24 20:00:27] Saved new best_loss_d checkpoint ll_hb_best_loss_d.pth.tar
[2024-01-24 20:00:27] Saved Epoch 0/100 | Discriminator Loss: 0.032245 | Generator Loss: 6.318502
[2024-01-24 20:00:28] Saved new best_loss_d checkpoint ll_hb_best_loss_d.pth.tar
[2024-01-24 20:00:28] Saved Epoch 0/100 | Discriminator Loss: 0.015727 | Generator Loss: 6.465492
[2024-01-24 20:00:29] Saved new best_loss_d checkpoint ll_hb_best_loss_d.pth.tar
[2024-01-24 20:00:30] Saved Epoch 0/100 | Discriminator Loss: 0.013125 | Generator Loss: 5.899700
[2024-01-24 20:00:34] Saved new best_loss_d checkpoint ll_hb_best_loss_d.pth.tar
[2024-01-24 20:00:34] Saved Epoch 0/100 | Discriminator Loss: 0.011892 | Generator Loss: 7.590602
[2024-01-24 20:00:38] Saved new best_loss_d checkpoint ll_hb_best_loss_d.pth.tar
[2024-01-24 20:00:38] Saved Epoch 0/100 | Discriminator Loss: 0.004365 | Generator Loss: 8.743622
[2024-01-24 20:00:44] Saved new best_loss_d_closest_to_half checkpoint ll_hb_best_loss_d_closest_to_half.pth.tar
[2024-01-24 20:00:45] Saved Epoch 0/100 | Discriminator Loss: 0.432986 | Generator Loss: 6.804477
[2024-01-24 20:00:46] Saved new best_loss_d checkpoint ll_hb_best_loss_d.pth.tar
[2024-01-24 20:00:46] Saved Epoch 0/100 | Discriminator Loss: 0.000635 | Generator Loss: 14.629486
[2024-01-24 20:00:52] Saved new best_loss_d_closest_to_half checkpoint ll_hb_best_loss_d_closest_to_half.pth.tar
[2024-01-24 20:00:52] Saved Epoch 0/100 | Discriminator Loss: 0.555699 | Generator Loss: 19.742794
[2024-01-24 20:00:54] Saved new best_loss_d checkpoint ll_hb_best_loss_d.pth.tar
[2024-01-24 20:00:54] Saved Epoch 0/100 | Discriminator Loss: 0.000016 | Generator Loss: 15.178123
[2024-01-24 20:00:55] Saved new best_loss_d checkpoint ll_hb_best_loss_d.pth.tar
[2024-01-24 20:00:55] Saved Epoch 0/100 | Discriminator Loss: 0.000004 | Generator Loss: 13.764983
[2024-01-24 20:01:23] Saved new best_loss_g checkpoint ll_hb_best_loss_g.pth.tar
[2024-01-24 20:01:23] Saved Epoch 0/100 | Discriminator Loss: 0.305000 | Generator Loss: 3.337080
[2024-01-24 20:01:36] GPU 0: Epoch 0/100 | Discriminator Loss: 0.125201 | Generator Loss: 4.437980
[2024-01-24 20:01:40] Saved new best_loss_g checkpoint ll_hb_best_loss_g.pth.tar
[2024-01-24 20:01:40] Saved Epoch 1/100 | Discriminator Loss: 0.416476 | Generator Loss: 2.291450
[2024-01-24 20:01:54] Saved new best_loss_g checkpoint ll_hb_best_loss_g.pth.tar
[2024-01-24 20:01:54] Saved Epoch 1/100 | Discriminator Loss: 0.591070 | Generator Loss: 2.203926
[2024-01-24 20:02:06] Saved new best_loss_g checkpoint ll_hb_best_loss_g.pth.tar
[2024-01-24 20:02:06] Saved Epoch 1/100 | Discriminator Loss: 0.633034 | Generator Loss: 1.447354
[2024-01-24 20:02:18] Saved new best_loss_d_closest_to_half checkpoint ll_hb_best_loss_d_closest_to_half.pth.tar
[2024-01-24 20:02:18] Saved Epoch 1/100 | Discriminator Loss: 0.501038 | Generator Loss: 2.462699
[2024-01-24 20:02:36] Saved new best_loss_g checkpoint ll_hb_best_loss_g.pth.tar
[2024-01-24 20:02:36] Saved Epoch 1/100 | Discriminator Loss: 0.437817 | Generator Loss: 0.448402
[2024-01-24 20:02:44] GPU 0: Epoch 1/100 | Discriminator Loss: 0.200724 | Generator Loss: 3.278834
[2024-01-24 20:03:46] GPU 0: Epoch 2/100 | Discriminator Loss: 0.075280 | Generator Loss: 5.578189
[2024-01-24 20:04:04] Saved new best_loss_g checkpoint ll_hb_best_loss_g.pth.tar
[2024-01-24 20:04:04] Saved Epoch 3/100 | Discriminator Loss: 2.845176 | Generator Loss: 0.120466
[2024-01-24 20:04:41] Saved new best_loss_g checkpoint ll_hb_best_loss_g.pth.tar
[2024-01-24 20:04:41] Saved Epoch 3/100 | Discriminator Loss: 4.048908 | Generator Loss: 0.104599
[2024-01-24 20:04:50] GPU 0: Epoch 3/100 | Discriminator Loss: 0.097631 | Generator Loss: 3.562906
[2024-01-24 20:05:51] GPU 0: Epoch 4/100 | Discriminator Loss: 0.104340 | Generator Loss: 4.017524
[2024-01-24 20:06:54] GPU 0: Epoch 5/100 | Discriminator Loss: 0.039183 | Generator Loss: 4.807759
[2024-01-24 20:07:55] GPU 0: Epoch 6/100 | Discriminator Loss: 0.220813 | Generator Loss: 5.706578
[2024-01-24 20:08:57] GPU 0: Epoch 7/100 | Discriminator Loss: 0.125833 | Generator Loss: 4.204443
[2024-01-24 20:09:59] GPU 0: Epoch 8/100 | Discriminator Loss: 0.073271 | Generator Loss: 15.888179
[2024-01-24 20:11:01] GPU 0: Epoch 9/100 | Discriminator Loss: 0.146339 | Generator Loss: 5.814420
[2024-01-24 20:12:04] Saved latest checkpoint ll_hb_latest.pth.tar
[2024-01-24 20:12:04] Saved Epoch 10/100 | Discriminator Loss: 0.086358 | Generator Loss: 5.226845
[2024-01-24 20:13:06] GPU 0: Epoch 11/100 | Discriminator Loss: 0.031324 | Generator Loss: 5.051780
[2024-01-24 20:14:08] GPU 0: Epoch 12/100 | Discriminator Loss: 0.050876 | Generator Loss: 4.691305
[2024-01-24 20:14:47] Saved new best_loss_g checkpoint ll_hb_best_loss_g.pth.tar
[2024-01-24 20:14:47] Saved Epoch 13/100 | Discriminator Loss: 2.230385 | Generator Loss: 0.016589
[2024-01-24 20:15:11] GPU 0: Epoch 13/100 | Discriminator Loss: 0.038432 | Generator Loss: 4.668494
[2024-01-24 20:16:12] GPU 0: Epoch 14/100 | Discriminator Loss: 0.010783 | Generator Loss: 9.110003
[2024-01-24 20:17:15] GPU 0: Epoch 15/100 | Discriminator Loss: 0.013750 | Generator Loss: 5.500630
[2024-01-24 20:18:17] GPU 0: Epoch 16/100 | Discriminator Loss: 0.026094 | Generator Loss: 5.771828
[2024-01-24 20:19:18] GPU 0: Epoch 17/100 | Discriminator Loss: 0.024363 | Generator Loss: 5.694578
[2024-01-24 20:20:21] GPU 0: Epoch 18/100 | Discriminator Loss: 0.035244 | Generator Loss: 4.819620
[2024-01-24 20:21:22] GPU 0: Epoch 19/100 | Discriminator Loss: 0.017042 | Generator Loss: 5.181109
[2024-01-24 20:22:26] Saved latest checkpoint ll_hb_latest.pth.tar
[2024-01-24 20:22:26] Saved Epoch 20/100 | Discriminator Loss: 0.023490 | Generator Loss: 5.517858
[2024-01-24 20:22:37] Saved new best_loss_g checkpoint ll_hb_best_loss_g.pth.tar
[2024-01-24 20:22:37] Saved Epoch 21/100 | Discriminator Loss: 4.884983 | Generator Loss: 0.006298
[2024-01-24 20:23:30] GPU 0: Epoch 21/100 | Discriminator Loss: 0.058632 | Generator Loss: 6.713576
[2024-01-24 20:24:32] GPU 0: Epoch 22/100 | Discriminator Loss: 0.015231 | Generator Loss: 5.662795
[2024-01-24 20:25:34] GPU 0: Epoch 23/100 | Discriminator Loss: 0.032046 | Generator Loss: 4.731545
[2024-01-24 20:26:35] GPU 0: Epoch 24/100 | Discriminator Loss: 0.056040 | Generator Loss: 6.690949
[2024-01-24 20:27:37] GPU 0: Epoch 25/100 | Discriminator Loss: 0.033220 | Generator Loss: 4.750919
[2024-01-24 20:28:39] GPU 0: Epoch 26/100 | Discriminator Loss: 0.014513 | Generator Loss: 6.709154
[2024-01-24 20:29:41] GPU 0: Epoch 27/100 | Discriminator Loss: 0.014373 | Generator Loss: 5.527785
[2024-01-24 20:30:43] GPU 0: Epoch 28/100 | Discriminator Loss: 0.084647 | Generator Loss: 5.096937
[2024-01-24 20:31:45] GPU 0: Epoch 29/100 | Discriminator Loss: 0.029697 | Generator Loss: 4.678149
[2024-01-24 20:32:48] Saved latest checkpoint ll_hb_latest.pth.tar
[2024-01-24 20:32:48] Saved Epoch 30/100 | Discriminator Loss: 0.024479 | Generator Loss: 5.354210
[2024-01-24 20:33:51] GPU 0: Epoch 31/100 | Discriminator Loss: 0.143769 | Generator Loss: 6.982107
[2024-01-24 20:34:52] GPU 0: Epoch 32/100 | Discriminator Loss: 0.016127 | Generator Loss: 5.563104
[2024-01-24 20:35:54] GPU 0: Epoch 33/100 | Discriminator Loss: 0.041724 | Generator Loss: 4.957757
[2024-01-24 20:36:57] GPU 0: Epoch 34/100 | Discriminator Loss: 0.012583 | Generator Loss: 6.244856
[2024-01-24 20:37:59] GPU 0: Epoch 35/100 | Discriminator Loss: 0.002230 | Generator Loss: 7.222812
[2024-01-24 20:38:49] Saved new best_loss_g checkpoint ll_hb_best_loss_g.pth.tar
[2024-01-24 20:38:49] Saved Epoch 36/100 | Discriminator Loss: 2.463360 | Generator Loss: 0.000106
[2024-01-24 20:39:02] GPU 0: Epoch 36/100 | Discriminator Loss: 0.063684 | Generator Loss: 5.241690
[2024-01-24 20:39:47] Saved new best_loss_d_closest_to_half checkpoint ll_hb_best_loss_d_closest_to_half.pth.tar
[2024-01-24 20:39:47] Saved Epoch 37/100 | Discriminator Loss: 0.499299 | Generator Loss: 16.372282
[2024-01-24 20:40:04] GPU 0: Epoch 37/100 | Discriminator Loss: 0.023158 | Generator Loss: 2.044608
[2024-01-24 20:41:07] GPU 0: Epoch 38/100 | Discriminator Loss: 0.029913 | Generator Loss: 5.831697
[2024-01-24 20:42:09] GPU 0: Epoch 39/100 | Discriminator Loss: 0.068165 | Generator Loss: 3.478438
[2024-01-24 20:43:12] Saved latest checkpoint ll_hb_latest.pth.tar
[2024-01-24 20:43:12] Saved Epoch 40/100 | Discriminator Loss: 0.008671 | Generator Loss: 6.015049
[2024-01-24 20:44:14] GPU 0: Epoch 41/100 | Discriminator Loss: 0.086772 | Generator Loss: 5.269423
[2024-01-24 20:45:15] GPU 0: Epoch 42/100 | Discriminator Loss: 0.011687 | Generator Loss: 6.406895
[2024-01-24 20:46:18] GPU 0: Epoch 43/100 | Discriminator Loss: 0.037813 | Generator Loss: 4.854671
[2024-01-24 20:47:19] GPU 0: Epoch 44/100 | Discriminator Loss: 0.014052 | Generator Loss: 6.032087
[2024-01-24 20:48:21] GPU 0: Epoch 45/100 | Discriminator Loss: 0.002074 | Generator Loss: 9.856081
[2024-01-24 20:49:23] GPU 0: Epoch 46/100 | Discriminator Loss: 0.002797 | Generator Loss: 7.442277
[2024-01-24 20:50:26] GPU 0: Epoch 47/100 | Discriminator Loss: 0.030242 | Generator Loss: 7.925746
[2024-01-24 20:51:27] GPU 0: Epoch 48/100 | Discriminator Loss: 0.007394 | Generator Loss: 6.279451
[2024-01-24 20:52:30] GPU 0: Epoch 49/100 | Discriminator Loss: 0.006154 | Generator Loss: 7.536956
[2024-01-24 20:53:33] Saved latest checkpoint ll_hb_latest.pth.tar
[2024-01-24 20:53:33] Saved Epoch 50/100 | Discriminator Loss: 0.041529 | Generator Loss: 5.855239
[2024-01-24 20:54:34] GPU 0: Epoch 51/100 | Discriminator Loss: 0.019941 | Generator Loss: 5.784048
[2024-01-24 20:55:36] GPU 0: Epoch 52/100 | Discriminator Loss: 0.040960 | Generator Loss: 5.239502
[2024-01-24 20:56:38] GPU 0: Epoch 53/100 | Discriminator Loss: 0.025789 | Generator Loss: 6.653420
[2024-01-24 20:57:40] GPU 0: Epoch 54/100 | Discriminator Loss: 0.016368 | Generator Loss: 7.983448
[2024-01-24 20:58:41] GPU 0: Epoch 55/100 | Discriminator Loss: 0.010173 | Generator Loss: 7.809373
[2024-01-24 20:59:43] GPU 0: Epoch 56/100 | Discriminator Loss: 0.007775 | Generator Loss: 5.874240
[2024-01-24 21:00:45] GPU 0: Epoch 57/100 | Discriminator Loss: 0.021578 | Generator Loss: 5.591161
[2024-01-24 21:01:47] GPU 0: Epoch 58/100 | Discriminator Loss: 0.002223 | Generator Loss: 6.225248
[2024-01-24 21:02:49] GPU 0: Epoch 59/100 | Discriminator Loss: 0.015109 | Generator Loss: 5.814075
[2024-01-24 21:03:52] Saved latest checkpoint ll_hb_latest.pth.tar
[2024-01-24 21:03:52] Saved Epoch 60/100 | Discriminator Loss: 0.008521 | Generator Loss: 10.278727
[2024-01-24 21:04:54] GPU 0: Epoch 61/100 | Discriminator Loss: 0.003902 | Generator Loss: 7.129176
[2024-01-24 21:05:55] GPU 0: Epoch 62/100 | Discriminator Loss: 0.015548 | Generator Loss: 7.354850
[2024-01-24 21:06:57] GPU 0: Epoch 63/100 | Discriminator Loss: 0.004977 | Generator Loss: 8.707221
[2024-01-24 21:07:59] GPU 0: Epoch 64/100 | Discriminator Loss: 0.003005 | Generator Loss: 11.158416
[2024-01-24 21:09:02] GPU 0: Epoch 65/100 | Discriminator Loss: 0.082727 | Generator Loss: 6.522178
[2024-01-24 21:10:04] GPU 0: Epoch 66/100 | Discriminator Loss: 0.016480 | Generator Loss: 5.783063
[2024-01-24 21:11:05] GPU 0: Epoch 67/100 | Discriminator Loss: 0.008819 | Generator Loss: 6.536181
[2024-01-24 21:12:07] GPU 0: Epoch 68/100 | Discriminator Loss: 0.009194 | Generator Loss: 6.424274
[2024-01-24 21:13:10] GPU 0: Epoch 69/100 | Discriminator Loss: 0.010909 | Generator Loss: 6.159337
[2024-01-24 21:14:13] Saved latest checkpoint ll_hb_latest.pth.tar
[2024-01-24 21:14:13] Saved Epoch 70/100 | Discriminator Loss: 0.001438 | Generator Loss: 8.808300
[2024-01-24 21:15:15] GPU 0: Epoch 71/100 | Discriminator Loss: 0.002809 | Generator Loss: 7.229240
[2024-01-24 21:16:17] GPU 0: Epoch 72/100 | Discriminator Loss: 0.001639 | Generator Loss: 8.621852
[2024-01-24 21:17:19] GPU 0: Epoch 73/100 | Discriminator Loss: 0.210166 | Generator Loss: 12.279383
[2024-01-24 21:18:22] GPU 0: Epoch 74/100 | Discriminator Loss: 0.004820 | Generator Loss: 6.454704
[2024-01-24 21:19:23] GPU 0: Epoch 75/100 | Discriminator Loss: 0.007225 | Generator Loss: 6.803672
[2024-01-24 21:20:25] GPU 0: Epoch 76/100 | Discriminator Loss: 0.001590 | Generator Loss: 8.666996
[2024-01-24 21:21:27] GPU 0: Epoch 77/100 | Discriminator Loss: 0.000384 | Generator Loss: 8.932957
[2024-01-24 21:22:28] GPU 0: Epoch 78/100 | Discriminator Loss: 0.000727 | Generator Loss: 8.214283
[2024-01-24 21:23:30] GPU 0: Epoch 79/100 | Discriminator Loss: 0.000698 | Generator Loss: 8.317126
[2024-01-24 21:24:32] Saved latest checkpoint ll_hb_latest.pth.tar
[2024-01-24 21:24:32] Saved Epoch 80/100 | Discriminator Loss: 0.000803 | Generator Loss: 7.783451
[2024-01-24 21:25:34] GPU 0: Epoch 81/100 | Discriminator Loss: 0.000203 | Generator Loss: 9.914032
[2024-01-24 21:26:35] GPU 0: Epoch 82/100 | Discriminator Loss: 0.000426 | Generator Loss: 9.533686
[2024-01-24 21:26:53] Saved new best_loss_d checkpoint ll_hb_best_loss_d.pth.tar
[2024-01-24 21:26:53] Saved Epoch 83/100 | Discriminator Loss: 0.000004 | Generator Loss: 13.455482
[2024-01-24 21:26:56] Saved new best_loss_d checkpoint ll_hb_best_loss_d.pth.tar
[2024-01-24 21:26:56] Saved Epoch 83/100 | Discriminator Loss: 0.000003 | Generator Loss: 15.012359
[2024-01-24 21:26:57] Saved new best_loss_d checkpoint ll_hb_best_loss_d.pth.tar
[2024-01-24 21:26:57] Saved Epoch 83/100 | Discriminator Loss: 0.000001 | Generator Loss: 16.773361
[2024-01-24 21:27:41] GPU 0: Epoch 83/100 | Discriminator Loss: 0.000494 | Generator Loss: 8.755783
[2024-01-24 21:28:43] GPU 0: Epoch 84/100 | Discriminator Loss: 3.963496 | Generator Loss: 30.104214
[2024-01-24 21:29:45] GPU 0: Epoch 85/100 | Discriminator Loss: 0.014712 | Generator Loss: 8.611716
[2024-01-24 21:30:47] GPU 0: Epoch 86/100 | Discriminator Loss: 0.004175 | Generator Loss: 7.797716
[2024-01-24 21:31:50] GPU 0: Epoch 87/100 | Discriminator Loss: 0.002179 | Generator Loss: 7.473303
[2024-01-24 21:32:52] GPU 0: Epoch 88/100 | Discriminator Loss: 0.000529 | Generator Loss: 8.499945
[2024-01-24 21:33:53] GPU 0: Epoch 89/100 | Discriminator Loss: 0.000635 | Generator Loss: 8.980366
[2024-01-24 21:34:56] Saved latest checkpoint ll_hb_latest.pth.tar
[2024-01-24 21:34:56] Saved Epoch 90/100 | Discriminator Loss: 0.002128 | Generator Loss: 9.518604
[2024-01-24 21:35:57] GPU 0: Epoch 91/100 | Discriminator Loss: 0.000971 | Generator Loss: 8.126673
[2024-01-24 21:36:59] GPU 0: Epoch 92/100 | Discriminator Loss: 0.000793 | Generator Loss: 8.136469
[2024-01-24 21:38:01] GPU 0: Epoch 93/100 | Discriminator Loss: 0.000911 | Generator Loss: 7.919092
[2024-01-24 21:39:03] GPU 0: Epoch 94/100 | Discriminator Loss: 63.616943 | Generator Loss: 66.143349
[2024-01-24 21:39:23] Saved new best_loss_g checkpoint ll_hb_best_loss_g.pth.tar
[2024-01-24 21:39:23] Saved Epoch 95/100 | Discriminator Loss: 14.104957 | Generator Loss: 0.000000
[2024-01-24 21:40:06] GPU 0: Epoch 95/100 | Discriminator Loss: 0.002261 | Generator Loss: 11.358105
[2024-01-24 21:40:25] Saved new best_loss_d checkpoint ll_hb_best_loss_d.pth.tar
[2024-01-24 21:40:25] Saved Epoch 96/100 | Discriminator Loss: 0.000000 | Generator Loss: 21.244961
[2024-01-24 21:41:09] GPU 0: Epoch 96/100 | Discriminator Loss: 0.009580 | Generator Loss: 5.720523
[2024-01-24 21:42:11] GPU 0: Epoch 97/100 | Discriminator Loss: 0.003899 | Generator Loss: 6.731051
[2024-01-24 21:43:12] GPU 0: Epoch 98/100 | Discriminator Loss: 0.001311 | Generator Loss: 10.762251
[2024-01-24 21:44:14] GPU 0: Epoch 99/100 | Discriminator Loss: 0.003784 | Generator Loss: 7.058153
[2024-01-24 21:44:14] Epoch 100/100 | Discriminator Loss: 0.003784 | Generator Loss: 7.058153
[2024-01-24 21:44:15] Saved checkpoint ll_hb_terminated.pth.tar.
