[2024-01-24 17:19:31] World size: 2
[2024-01-24 17:19:31] Found GPU 0: _CudaDeviceProperties(name='NVIDIA GeForce RTX 2080 Ti', major=7, minor=5, total_memory=11011MB, multi_processor_count=68)
[2024-01-24 17:19:31] Found GPU 1: _CudaDeviceProperties(name='NVIDIA GeForce RTX 2080 Ti', major=7, minor=5, total_memory=11011MB, multi_processor_count=68)
[2024-01-24 17:19:33] Setting up 1 of 2
[2024-01-24 17:19:34] Initialized main on device: cuda:1 with rank 1
[2024-01-24 17:19:42] Loaded model ml_mb on rank 1 in local epoch 0 | best_loss_g: inf | best_loss_d_closest_to_half: inf | best_loss_d: inf 
[2024-01-24 17:21:12] GPU 1: Epoch 0/100 | Discriminator Loss: 0.009810 | Generator Loss: 5.583362
[2024-01-24 17:22:18] GPU 1: Epoch 1/100 | Discriminator Loss: 0.264319 | Generator Loss: 4.707832
[2024-01-24 17:23:21] GPU 1: Epoch 2/100 | Discriminator Loss: 0.155091 | Generator Loss: 3.676970
[2024-01-24 17:24:23] GPU 1: Epoch 3/100 | Discriminator Loss: 0.136715 | Generator Loss: 5.270162
[2024-01-24 17:25:25] GPU 1: Epoch 4/100 | Discriminator Loss: 0.175713 | Generator Loss: 10.174164
[2024-01-24 17:26:27] GPU 1: Epoch 5/100 | Discriminator Loss: 0.095267 | Generator Loss: 3.087865
[2024-01-24 17:27:29] GPU 1: Epoch 6/100 | Discriminator Loss: 0.035240 | Generator Loss: 5.606620
[2024-01-24 17:28:31] GPU 1: Epoch 7/100 | Discriminator Loss: 0.104028 | Generator Loss: 4.488134
[2024-01-24 17:29:33] GPU 1: Epoch 8/100 | Discriminator Loss: 0.047557 | Generator Loss: 5.100906
[2024-01-24 17:30:35] GPU 1: Epoch 9/100 | Discriminator Loss: 0.038361 | Generator Loss: 5.171498
[2024-01-24 17:31:39] GPU 1: Epoch 10/100 | Discriminator Loss: 0.042469 | Generator Loss: 6.100809
[2024-01-24 17:32:43] GPU 1: Epoch 11/100 | Discriminator Loss: 0.015798 | Generator Loss: 5.087245
[2024-01-24 17:33:45] GPU 1: Epoch 12/100 | Discriminator Loss: 0.017806 | Generator Loss: 5.287770
[2024-01-24 17:34:47] GPU 1: Epoch 13/100 | Discriminator Loss: 0.024577 | Generator Loss: 4.461438
[2024-01-24 17:35:49] GPU 1: Epoch 14/100 | Discriminator Loss: 0.171797 | Generator Loss: 6.589240
[2024-01-24 17:36:50] GPU 1: Epoch 15/100 | Discriminator Loss: 0.096469 | Generator Loss: 4.943679
[2024-01-24 17:37:52] GPU 1: Epoch 16/100 | Discriminator Loss: 0.016762 | Generator Loss: 6.624061
[2024-01-24 17:38:54] GPU 1: Epoch 17/100 | Discriminator Loss: 0.019637 | Generator Loss: 5.428522
[2024-01-24 17:39:57] GPU 1: Epoch 18/100 | Discriminator Loss: 0.068584 | Generator Loss: 5.518444
[2024-01-24 17:40:59] GPU 1: Epoch 19/100 | Discriminator Loss: 0.248821 | Generator Loss: 12.768972
[2024-01-24 17:42:01] GPU 1: Epoch 20/100 | Discriminator Loss: 0.053789 | Generator Loss: 6.166093
[2024-01-24 17:43:05] GPU 1: Epoch 21/100 | Discriminator Loss: 0.098634 | Generator Loss: 6.590597
[2024-01-24 17:44:06] GPU 1: Epoch 22/100 | Discriminator Loss: 0.003896 | Generator Loss: 6.430759
[2024-01-24 17:45:09] GPU 1: Epoch 23/100 | Discriminator Loss: 0.027875 | Generator Loss: 5.484330
[2024-01-24 17:46:11] GPU 1: Epoch 24/100 | Discriminator Loss: 0.025466 | Generator Loss: 7.608072
[2024-01-24 17:47:13] GPU 1: Epoch 25/100 | Discriminator Loss: 0.015199 | Generator Loss: 5.333020
[2024-01-24 17:48:15] GPU 1: Epoch 26/100 | Discriminator Loss: 0.034467 | Generator Loss: 6.486301
[2024-01-24 17:49:18] GPU 1: Epoch 27/100 | Discriminator Loss: 0.033821 | Generator Loss: 4.623365
[2024-01-24 17:50:20] GPU 1: Epoch 28/100 | Discriminator Loss: 0.054327 | Generator Loss: 5.534864
[2024-01-24 17:51:21] GPU 1: Epoch 29/100 | Discriminator Loss: 0.017949 | Generator Loss: 5.962291
[2024-01-24 17:52:23] GPU 1: Epoch 30/100 | Discriminator Loss: 0.154829 | Generator Loss: 6.061729
[2024-01-24 17:53:26] GPU 1: Epoch 31/100 | Discriminator Loss: 0.021521 | Generator Loss: 5.078318
[2024-01-24 17:54:28] GPU 1: Epoch 32/100 | Discriminator Loss: 0.030042 | Generator Loss: 5.022413
[2024-01-24 17:55:32] GPU 1: Epoch 33/100 | Discriminator Loss: 0.052127 | Generator Loss: 5.129921
[2024-01-24 17:56:33] GPU 1: Epoch 34/100 | Discriminator Loss: 0.023979 | Generator Loss: 5.518640
[2024-01-24 17:57:35] GPU 1: Epoch 35/100 | Discriminator Loss: 0.030591 | Generator Loss: 5.159957
[2024-01-24 17:58:37] GPU 1: Epoch 36/100 | Discriminator Loss: 0.103036 | Generator Loss: 4.502851
[2024-01-24 17:59:39] GPU 1: Epoch 37/100 | Discriminator Loss: 0.080739 | Generator Loss: 6.729644
[2024-01-24 18:00:41] GPU 1: Epoch 38/100 | Discriminator Loss: 0.002158 | Generator Loss: 9.910300
[2024-01-24 18:01:43] GPU 1: Epoch 39/100 | Discriminator Loss: 0.009360 | Generator Loss: 9.387840
[2024-01-24 18:02:44] GPU 1: Epoch 40/100 | Discriminator Loss: 0.034442 | Generator Loss: 6.610792
[2024-01-24 18:03:48] GPU 1: Epoch 41/100 | Discriminator Loss: 0.008362 | Generator Loss: 6.164963
[2024-01-24 18:04:49] GPU 1: Epoch 42/100 | Discriminator Loss: 0.006864 | Generator Loss: 6.407957
[2024-01-24 18:05:51] GPU 1: Epoch 43/100 | Discriminator Loss: 0.083836 | Generator Loss: 5.999626
[2024-01-24 18:06:54] GPU 1: Epoch 44/100 | Discriminator Loss: 0.011737 | Generator Loss: 6.294945
[2024-01-24 18:07:56] GPU 1: Epoch 45/100 | Discriminator Loss: 0.011210 | Generator Loss: 6.424384
[2024-01-24 18:08:58] GPU 1: Epoch 46/100 | Discriminator Loss: 0.016937 | Generator Loss: 3.655873
[2024-01-24 18:10:01] GPU 1: Epoch 47/100 | Discriminator Loss: 0.095770 | Generator Loss: 4.987554
[2024-01-24 18:11:03] GPU 1: Epoch 48/100 | Discriminator Loss: 0.013325 | Generator Loss: 5.285577
[2024-01-24 18:12:05] GPU 1: Epoch 49/100 | Discriminator Loss: 0.004687 | Generator Loss: 6.309310
[2024-01-24 18:13:07] GPU 1: Epoch 50/100 | Discriminator Loss: 0.050533 | Generator Loss: 4.863379
[2024-01-24 18:14:10] GPU 1: Epoch 51/100 | Discriminator Loss: 0.007347 | Generator Loss: 6.246706
[2024-01-24 18:15:11] GPU 1: Epoch 52/100 | Discriminator Loss: 0.748443 | Generator Loss: 23.455063
[2024-01-24 18:16:13] GPU 1: Epoch 53/100 | Discriminator Loss: 0.005427 | Generator Loss: 6.758069
[2024-01-24 18:17:15] GPU 1: Epoch 54/100 | Discriminator Loss: 0.074794 | Generator Loss: 9.179157
[2024-01-24 18:18:18] GPU 1: Epoch 55/100 | Discriminator Loss: 0.030939 | Generator Loss: 5.513849
[2024-01-24 18:19:20] GPU 1: Epoch 56/100 | Discriminator Loss: 0.004431 | Generator Loss: 6.682210
[2024-01-24 18:20:22] GPU 1: Epoch 57/100 | Discriminator Loss: 0.019420 | Generator Loss: 5.217159
[2024-01-24 18:21:24] GPU 1: Epoch 58/100 | Discriminator Loss: 0.012602 | Generator Loss: 6.078875
[2024-01-24 18:22:26] GPU 1: Epoch 59/100 | Discriminator Loss: 0.011835 | Generator Loss: 5.986709
[2024-01-24 18:23:29] GPU 1: Epoch 60/100 | Discriminator Loss: 0.005060 | Generator Loss: 6.727783
[2024-01-24 18:24:31] GPU 1: Epoch 61/100 | Discriminator Loss: 0.005819 | Generator Loss: 6.892138
[2024-01-24 18:25:33] GPU 1: Epoch 62/100 | Discriminator Loss: 0.003320 | Generator Loss: 9.324759
[2024-01-24 18:26:35] GPU 1: Epoch 63/100 | Discriminator Loss: 0.002268 | Generator Loss: 9.562806
[2024-01-24 18:27:37] GPU 1: Epoch 64/100 | Discriminator Loss: 0.000608 | Generator Loss: 7.943960
[2024-01-24 18:28:39] GPU 1: Epoch 65/100 | Discriminator Loss: 0.000004 | Generator Loss: 16.263874
[2024-01-24 18:29:41] GPU 1: Epoch 66/100 | Discriminator Loss: 0.001486 | Generator Loss: 8.104148
[2024-01-24 18:30:43] GPU 1: Epoch 67/100 | Discriminator Loss: 0.000055 | Generator Loss: 11.286953
[2024-01-24 18:31:45] GPU 1: Epoch 68/100 | Discriminator Loss: 0.002821 | Generator Loss: 7.536176
[2024-01-24 18:32:49] GPU 1: Epoch 69/100 | Discriminator Loss: 0.000347 | Generator Loss: 10.236820
[2024-01-24 18:33:50] GPU 1: Epoch 70/100 | Discriminator Loss: 0.002403 | Generator Loss: 6.802467
[2024-01-24 18:34:55] GPU 1: Epoch 71/100 | Discriminator Loss: 0.000012 | Generator Loss: 22.704094
[2024-01-24 18:35:57] GPU 1: Epoch 72/100 | Discriminator Loss: 0.000548 | Generator Loss: 8.339636
[2024-01-24 18:36:59] GPU 1: Epoch 73/100 | Discriminator Loss: 0.001899 | Generator Loss: 7.241619
[2024-01-24 18:38:01] GPU 1: Epoch 74/100 | Discriminator Loss: 0.000614 | Generator Loss: 8.150142
[2024-01-24 18:39:03] GPU 1: Epoch 75/100 | Discriminator Loss: 0.000525 | Generator Loss: 8.423671
[2024-01-24 18:40:06] GPU 1: Epoch 76/100 | Discriminator Loss: 0.000882 | Generator Loss: 7.928751
[2024-01-24 18:41:08] GPU 1: Epoch 77/100 | Discriminator Loss: 0.000441 | Generator Loss: 8.147322
[2024-01-24 18:42:10] GPU 1: Epoch 78/100 | Discriminator Loss: 0.001095 | Generator Loss: 7.609247
[2024-01-24 18:43:13] GPU 1: Epoch 79/100 | Discriminator Loss: 0.000065 | Generator Loss: 10.034819
[2024-01-24 18:44:16] GPU 1: Epoch 80/100 | Discriminator Loss: 0.000037 | Generator Loss: 10.699371
[2024-01-24 18:45:20] GPU 1: Epoch 81/100 | Discriminator Loss: 0.000020 | Generator Loss: 11.238079
[2024-01-24 18:46:23] GPU 1: Epoch 82/100 | Discriminator Loss: 0.000123 | Generator Loss: 9.626773
[2024-01-24 18:47:25] GPU 1: Epoch 83/100 | Discriminator Loss: 0.000086 | Generator Loss: 10.462675
[2024-01-24 18:48:27] GPU 1: Epoch 84/100 | Discriminator Loss: 0.000051 | Generator Loss: 10.172944
[2024-01-24 18:49:30] GPU 1: Epoch 85/100 | Discriminator Loss: 0.000169 | Generator Loss: 9.232454
[2024-01-24 18:50:33] GPU 1: Epoch 86/100 | Discriminator Loss: 0.000062 | Generator Loss: 10.136707
[2024-01-24 18:51:35] GPU 1: Epoch 87/100 | Discriminator Loss: 0.000144 | Generator Loss: 9.639664
[2024-01-24 18:52:38] GPU 1: Epoch 88/100 | Discriminator Loss: 0.000028 | Generator Loss: 11.118739
[2024-01-24 18:53:40] GPU 1: Epoch 89/100 | Discriminator Loss: 0.000044 | Generator Loss: 10.874222
[2024-01-24 18:54:41] GPU 1: Epoch 90/100 | Discriminator Loss: 0.000031 | Generator Loss: 11.359894
[2024-01-24 18:55:45] GPU 1: Epoch 91/100 | Discriminator Loss: 0.000217 | Generator Loss: 10.217960
[2024-01-24 18:56:47] GPU 1: Epoch 92/100 | Discriminator Loss: 0.000016 | Generator Loss: 11.854198
[2024-01-24 18:57:50] GPU 1: Epoch 93/100 | Discriminator Loss: 0.000015 | Generator Loss: 11.497241
[2024-01-24 18:58:52] GPU 1: Epoch 94/100 | Discriminator Loss: 0.000006 | Generator Loss: 12.646986
[2024-01-24 18:59:54] GPU 1: Epoch 95/100 | Discriminator Loss: 0.000004 | Generator Loss: 13.591006
[2024-01-24 19:00:56] GPU 1: Epoch 96/100 | Discriminator Loss: 0.000003 | Generator Loss: 13.170410
[2024-01-24 19:01:59] GPU 1: Epoch 97/100 | Discriminator Loss: 0.000006 | Generator Loss: 12.616913
[2024-01-24 19:03:02] GPU 1: Epoch 98/100 | Discriminator Loss: 0.000088 | Generator Loss: 10.836548
[2024-01-24 19:04:05] GPU 1: Epoch 99/100 | Discriminator Loss: 0.000013 | Generator Loss: 15.329414
[2024-01-24 17:19:33] Setting up 0 of 2
[2024-01-24 17:19:34] Initialized main on device: cuda:0 with rank 0
[2024-01-24 17:19:42] Loaded model ml_mb on rank 0 in local epoch 0 | best_loss_g: inf | best_loss_d_closest_to_half: inf | best_loss_d: inf 
[2024-01-24 17:19:43] Saved new best_loss_g checkpoint ml_mb_best_loss_g.pth.tar
[2024-01-24 17:19:43] Saved Epoch 0/100 | Discriminator Loss: 1.421202 | Generator Loss: 5.009397
[2024-01-24 17:19:44] Saved new best_loss_d checkpoint ml_mb_best_loss_d.pth.tar
[2024-01-24 17:19:44] Saved Epoch 0/100 | Discriminator Loss: 1.421202 | Generator Loss: 5.009397
[2024-01-24 17:19:45] Saved new best_loss_d_closest_to_half checkpoint ml_mb_best_loss_d_closest_to_half.pth.tar
[2024-01-24 17:19:45] Saved Epoch 0/100 | Discriminator Loss: 1.421202 | Generator Loss: 5.009397
[2024-01-24 17:19:46] Saved new best_loss_d checkpoint ml_mb_best_loss_d.pth.tar
[2024-01-24 17:19:46] Saved Epoch 0/100 | Discriminator Loss: 0.121633 | Generator Loss: 5.640769
[2024-01-24 17:19:47] Saved new best_loss_d_closest_to_half checkpoint ml_mb_best_loss_d_closest_to_half.pth.tar
[2024-01-24 17:19:47] Saved Epoch 0/100 | Discriminator Loss: 0.121633 | Generator Loss: 5.640769
[2024-01-24 17:19:48] Saved new best_loss_d checkpoint ml_mb_best_loss_d.pth.tar
[2024-01-24 17:19:48] Saved Epoch 0/100 | Discriminator Loss: 0.036796 | Generator Loss: 5.850627
[2024-01-24 17:19:50] Saved new best_loss_d checkpoint ml_mb_best_loss_d.pth.tar
[2024-01-24 17:19:50] Saved Epoch 0/100 | Discriminator Loss: 0.014702 | Generator Loss: 5.877202
[2024-01-24 17:19:52] Saved new best_loss_d checkpoint ml_mb_best_loss_d.pth.tar
[2024-01-24 17:19:52] Saved Epoch 0/100 | Discriminator Loss: 0.014556 | Generator Loss: 6.873334
[2024-01-24 17:19:53] Saved new best_loss_d checkpoint ml_mb_best_loss_d.pth.tar
[2024-01-24 17:19:53] Saved Epoch 0/100 | Discriminator Loss: 0.013063 | Generator Loss: 6.605474
[2024-01-24 17:19:54] Saved new best_loss_d checkpoint ml_mb_best_loss_d.pth.tar
[2024-01-24 17:19:54] Saved Epoch 0/100 | Discriminator Loss: 0.012501 | Generator Loss: 6.578115
[2024-01-24 17:19:56] Saved new best_loss_d_closest_to_half checkpoint ml_mb_best_loss_d_closest_to_half.pth.tar
[2024-01-24 17:19:56] Saved Epoch 0/100 | Discriminator Loss: 0.134866 | Generator Loss: 5.689426
[2024-01-24 17:19:57] Saved new best_loss_d checkpoint ml_mb_best_loss_d.pth.tar
[2024-01-24 17:19:58] Saved Epoch 0/100 | Discriminator Loss: 0.001817 | Generator Loss: 10.014073
[2024-01-24 17:19:59] Saved new best_loss_d checkpoint ml_mb_best_loss_d.pth.tar
[2024-01-24 17:19:59] Saved Epoch 0/100 | Discriminator Loss: 0.001568 | Generator Loss: 9.574490
[2024-01-24 17:20:00] Saved new best_loss_d checkpoint ml_mb_best_loss_d.pth.tar
[2024-01-24 17:20:00] Saved Epoch 0/100 | Discriminator Loss: 0.001150 | Generator Loss: 8.086301
[2024-01-24 17:20:06] Saved new best_loss_d_closest_to_half checkpoint ml_mb_best_loss_d_closest_to_half.pth.tar
[2024-01-24 17:20:06] Saved Epoch 0/100 | Discriminator Loss: 0.358631 | Generator Loss: 16.885422
[2024-01-24 17:20:08] Saved new best_loss_d checkpoint ml_mb_best_loss_d.pth.tar
[2024-01-24 17:20:08] Saved Epoch 0/100 | Discriminator Loss: 0.000148 | Generator Loss: 16.150158
[2024-01-24 17:20:09] Saved new best_loss_d checkpoint ml_mb_best_loss_d.pth.tar
[2024-01-24 17:20:09] Saved Epoch 0/100 | Discriminator Loss: 0.000002 | Generator Loss: 15.107681
[2024-01-24 17:20:12] Saved new best_loss_d_closest_to_half checkpoint ml_mb_best_loss_d_closest_to_half.pth.tar
[2024-01-24 17:20:12] Saved Epoch 0/100 | Discriminator Loss: 0.602184 | Generator Loss: 17.823900
[2024-01-24 17:20:14] Saved new best_loss_d_closest_to_half checkpoint ml_mb_best_loss_d_closest_to_half.pth.tar
[2024-01-24 17:20:14] Saved Epoch 0/100 | Discriminator Loss: 0.398086 | Generator Loss: 16.152142
[2024-01-24 17:20:19] Saved new best_loss_d_closest_to_half checkpoint ml_mb_best_loss_d_closest_to_half.pth.tar
[2024-01-24 17:20:19] Saved Epoch 0/100 | Discriminator Loss: 0.532568 | Generator Loss: 14.334152
[2024-01-24 17:20:25] Saved new best_loss_g checkpoint ml_mb_best_loss_g.pth.tar
[2024-01-24 17:20:25] Saved Epoch 0/100 | Discriminator Loss: 0.157970 | Generator Loss: 4.903950
[2024-01-24 17:20:27] Saved new best_loss_g checkpoint ml_mb_best_loss_g.pth.tar
[2024-01-24 17:20:27] Saved Epoch 0/100 | Discriminator Loss: 0.133380 | Generator Loss: 4.423958
[2024-01-24 17:20:29] Saved new best_loss_g checkpoint ml_mb_best_loss_g.pth.tar
[2024-01-24 17:20:29] Saved Epoch 0/100 | Discriminator Loss: 1.124790 | Generator Loss: 2.974001
[2024-01-24 17:20:30] Saved new best_loss_g checkpoint ml_mb_best_loss_g.pth.tar
[2024-01-24 17:20:30] Saved Epoch 0/100 | Discriminator Loss: 0.069230 | Generator Loss: 2.762817
[2024-01-24 17:20:57] Saved new best_loss_g checkpoint ml_mb_best_loss_g.pth.tar
[2024-01-24 17:20:57] Saved Epoch 0/100 | Discriminator Loss: 0.710368 | Generator Loss: 2.725412
[2024-01-24 17:21:10] Saved new best_loss_g checkpoint ml_mb_best_loss_g.pth.tar
[2024-01-24 17:21:10] Saved Epoch 0/100 | Discriminator Loss: 0.041738 | Generator Loss: 1.494017
[2024-01-24 17:21:12] GPU 0: Epoch 0/100 | Discriminator Loss: 0.027708 | Generator Loss: 6.409880
[2024-01-24 17:21:22] Saved new best_loss_g checkpoint ml_mb_best_loss_g.pth.tar
[2024-01-24 17:21:22] Saved Epoch 1/100 | Discriminator Loss: 0.972428 | Generator Loss: 0.740043
[2024-01-24 17:21:41] Saved new best_loss_d_closest_to_half checkpoint ml_mb_best_loss_d_closest_to_half.pth.tar
[2024-01-24 17:21:41] Saved Epoch 1/100 | Discriminator Loss: 0.487343 | Generator Loss: 7.312093
[2024-01-24 17:21:46] Saved new best_loss_d_closest_to_half checkpoint ml_mb_best_loss_d_closest_to_half.pth.tar
[2024-01-24 17:21:46] Saved Epoch 1/100 | Discriminator Loss: 0.495634 | Generator Loss: 7.012495
[2024-01-24 17:22:12] Saved new best_loss_g checkpoint ml_mb_best_loss_g.pth.tar
[2024-01-24 17:22:12] Saved Epoch 1/100 | Discriminator Loss: 1.240570 | Generator Loss: 0.007652
[2024-01-24 17:22:18] GPU 0: Epoch 1/100 | Discriminator Loss: 0.335866 | Generator Loss: 5.136491
[2024-01-24 17:23:09] Saved new best_loss_d_closest_to_half checkpoint ml_mb_best_loss_d_closest_to_half.pth.tar
[2024-01-24 17:23:09] Saved Epoch 2/100 | Discriminator Loss: 0.498292 | Generator Loss: 3.595433
[2024-01-24 17:23:21] GPU 0: Epoch 2/100 | Discriminator Loss: 0.212479 | Generator Loss: 3.374174
[2024-01-24 17:24:23] GPU 0: Epoch 3/100 | Discriminator Loss: 0.172135 | Generator Loss: 5.685966
[2024-01-24 17:25:25] GPU 0: Epoch 4/100 | Discriminator Loss: 0.325735 | Generator Loss: 9.849691
[2024-01-24 17:26:27] GPU 0: Epoch 5/100 | Discriminator Loss: 0.125056 | Generator Loss: 3.468428
[2024-01-24 17:27:29] GPU 0: Epoch 6/100 | Discriminator Loss: 0.146621 | Generator Loss: 5.669364
[2024-01-24 17:28:31] GPU 0: Epoch 7/100 | Discriminator Loss: 0.098808 | Generator Loss: 4.865709
[2024-01-24 17:29:33] GPU 0: Epoch 8/100 | Discriminator Loss: 0.037520 | Generator Loss: 4.624561
[2024-01-24 17:30:35] GPU 0: Epoch 9/100 | Discriminator Loss: 0.027696 | Generator Loss: 4.571397
[2024-01-24 17:30:49] Saved new best_loss_g checkpoint ml_mb_best_loss_g.pth.tar
[2024-01-24 17:30:49] Saved Epoch 10/100 | Discriminator Loss: 2.385850 | Generator Loss: 0.000686
[2024-01-24 17:31:40] Saved latest checkpoint ml_mb_latest.pth.tar
[2024-01-24 17:31:40] Saved Epoch 10/100 | Discriminator Loss: 0.011469 | Generator Loss: 6.754449
[2024-01-24 17:32:43] GPU 0: Epoch 11/100 | Discriminator Loss: 0.019579 | Generator Loss: 4.907653
[2024-01-24 17:33:45] GPU 0: Epoch 12/100 | Discriminator Loss: 0.018177 | Generator Loss: 5.395176
[2024-01-24 17:34:47] GPU 0: Epoch 13/100 | Discriminator Loss: 0.019289 | Generator Loss: 4.515642
[2024-01-24 17:35:49] GPU 0: Epoch 14/100 | Discriminator Loss: 0.062795 | Generator Loss: 6.083778
[2024-01-24 17:36:50] GPU 0: Epoch 15/100 | Discriminator Loss: 0.036408 | Generator Loss: 5.020954
[2024-01-24 17:37:52] GPU 0: Epoch 16/100 | Discriminator Loss: 0.037220 | Generator Loss: 5.677532
[2024-01-24 17:38:54] GPU 0: Epoch 17/100 | Discriminator Loss: 0.016270 | Generator Loss: 4.886094
[2024-01-24 17:39:57] GPU 0: Epoch 18/100 | Discriminator Loss: 0.057928 | Generator Loss: 5.349959
[2024-01-24 17:40:59] GPU 0: Epoch 19/100 | Discriminator Loss: 0.290692 | Generator Loss: 13.417178
[2024-01-24 17:42:02] Saved latest checkpoint ml_mb_latest.pth.tar
[2024-01-24 17:42:02] Saved Epoch 20/100 | Discriminator Loss: 0.034415 | Generator Loss: 6.370552
[2024-01-24 17:43:05] GPU 0: Epoch 21/100 | Discriminator Loss: 0.015399 | Generator Loss: 5.514697
[2024-01-24 17:44:06] GPU 0: Epoch 22/100 | Discriminator Loss: 0.005781 | Generator Loss: 6.245684
[2024-01-24 17:45:09] GPU 0: Epoch 23/100 | Discriminator Loss: 0.023150 | Generator Loss: 5.808949
[2024-01-24 17:46:11] GPU 0: Epoch 24/100 | Discriminator Loss: 0.044280 | Generator Loss: 4.888536
[2024-01-24 17:47:13] GPU 0: Epoch 25/100 | Discriminator Loss: 0.088332 | Generator Loss: 5.383337
[2024-01-24 17:48:15] GPU 0: Epoch 26/100 | Discriminator Loss: 0.050960 | Generator Loss: 5.516634
[2024-01-24 17:48:34] Saved new best_loss_d_closest_to_half checkpoint ml_mb_best_loss_d_closest_to_half.pth.tar
[2024-01-24 17:48:34] Saved Epoch 27/100 | Discriminator Loss: 0.501187 | Generator Loss: 8.796722
[2024-01-24 17:49:18] GPU 0: Epoch 27/100 | Discriminator Loss: 0.034988 | Generator Loss: 4.464999
[2024-01-24 17:50:20] GPU 0: Epoch 28/100 | Discriminator Loss: 0.045930 | Generator Loss: 5.177502
[2024-01-24 17:51:21] GPU 0: Epoch 29/100 | Discriminator Loss: 0.029046 | Generator Loss: 6.115006
[2024-01-24 17:52:23] Saved latest checkpoint ml_mb_latest.pth.tar
[2024-01-24 17:52:24] Saved Epoch 30/100 | Discriminator Loss: 0.035990 | Generator Loss: 9.779904
[2024-01-24 17:53:26] GPU 0: Epoch 31/100 | Discriminator Loss: 0.048166 | Generator Loss: 4.500523
[2024-01-24 17:54:28] GPU 0: Epoch 32/100 | Discriminator Loss: 0.051600 | Generator Loss: 4.715787
[2024-01-24 17:54:49] Saved new best_loss_d_closest_to_half checkpoint ml_mb_best_loss_d_closest_to_half.pth.tar
[2024-01-24 17:54:49] Saved Epoch 33/100 | Discriminator Loss: 0.500665 | Generator Loss: 3.345933
[2024-01-24 17:55:32] GPU 0: Epoch 33/100 | Discriminator Loss: 0.050575 | Generator Loss: 5.460164
[2024-01-24 17:56:33] GPU 0: Epoch 34/100 | Discriminator Loss: 0.037971 | Generator Loss: 5.704754
[2024-01-24 17:57:35] GPU 0: Epoch 35/100 | Discriminator Loss: 0.019035 | Generator Loss: 5.478153
[2024-01-24 17:58:37] GPU 0: Epoch 36/100 | Discriminator Loss: 0.025062 | Generator Loss: 4.418322
[2024-01-24 17:59:39] GPU 0: Epoch 37/100 | Discriminator Loss: 0.008597 | Generator Loss: 6.439861
[2024-01-24 18:00:41] GPU 0: Epoch 38/100 | Discriminator Loss: 0.001469 | Generator Loss: 9.346920
[2024-01-24 18:01:43] GPU 0: Epoch 39/100 | Discriminator Loss: 0.038504 | Generator Loss: 7.134286
[2024-01-24 18:02:45] Saved latest checkpoint ml_mb_latest.pth.tar
[2024-01-24 18:02:45] Saved Epoch 40/100 | Discriminator Loss: 0.013902 | Generator Loss: 6.770620
[2024-01-24 18:03:48] GPU 0: Epoch 41/100 | Discriminator Loss: 0.012594 | Generator Loss: 5.693349
[2024-01-24 18:04:49] GPU 0: Epoch 42/100 | Discriminator Loss: 0.004841 | Generator Loss: 6.191432
[2024-01-24 18:05:51] GPU 0: Epoch 43/100 | Discriminator Loss: 0.105664 | Generator Loss: 7.671714
[2024-01-24 18:06:54] GPU 0: Epoch 44/100 | Discriminator Loss: 0.019934 | Generator Loss: 5.461627
[2024-01-24 18:07:56] GPU 0: Epoch 45/100 | Discriminator Loss: 0.002716 | Generator Loss: 7.075649
[2024-01-24 18:08:58] GPU 0: Epoch 46/100 | Discriminator Loss: 0.009778 | Generator Loss: 4.881008
[2024-01-24 18:10:01] GPU 0: Epoch 47/100 | Discriminator Loss: 0.037312 | Generator Loss: 4.059310
[2024-01-24 18:11:03] GPU 0: Epoch 48/100 | Discriminator Loss: 0.006180 | Generator Loss: 5.868224
[2024-01-24 18:12:05] GPU 0: Epoch 49/100 | Discriminator Loss: 0.002490 | Generator Loss: 6.740312
[2024-01-24 18:13:08] Saved latest checkpoint ml_mb_latest.pth.tar
[2024-01-24 18:13:08] Saved Epoch 50/100 | Discriminator Loss: 0.058463 | Generator Loss: 5.801851
[2024-01-24 18:14:10] GPU 0: Epoch 51/100 | Discriminator Loss: 0.009983 | Generator Loss: 5.966639
[2024-01-24 18:15:11] GPU 0: Epoch 52/100 | Discriminator Loss: 1.571974 | Generator Loss: 22.675232
[2024-01-24 18:16:13] GPU 0: Epoch 53/100 | Discriminator Loss: 0.005284 | Generator Loss: 7.121467
[2024-01-24 18:17:15] GPU 0: Epoch 54/100 | Discriminator Loss: 0.003338 | Generator Loss: 8.605709
[2024-01-24 18:18:18] GPU 0: Epoch 55/100 | Discriminator Loss: 0.009788 | Generator Loss: 6.391696
[2024-01-24 18:19:20] GPU 0: Epoch 56/100 | Discriminator Loss: 0.005824 | Generator Loss: 6.294523
[2024-01-24 18:20:22] GPU 0: Epoch 57/100 | Discriminator Loss: 0.012179 | Generator Loss: 5.961995
[2024-01-24 18:21:24] GPU 0: Epoch 58/100 | Discriminator Loss: 0.006749 | Generator Loss: 8.092891
[2024-01-24 18:22:26] GPU 0: Epoch 59/100 | Discriminator Loss: 0.009201 | Generator Loss: 5.913988
[2024-01-24 18:23:30] Saved latest checkpoint ml_mb_latest.pth.tar
[2024-01-24 18:23:30] Saved Epoch 60/100 | Discriminator Loss: 0.006306 | Generator Loss: 7.021667
[2024-01-24 18:24:31] GPU 0: Epoch 61/100 | Discriminator Loss: 0.003230 | Generator Loss: 7.466854
[2024-01-24 18:25:33] GPU 0: Epoch 62/100 | Discriminator Loss: 0.001522 | Generator Loss: 8.713420
[2024-01-24 18:26:35] GPU 0: Epoch 63/100 | Discriminator Loss: 0.002607 | Generator Loss: 9.517596
[2024-01-24 18:27:37] GPU 0: Epoch 64/100 | Discriminator Loss: 0.000566 | Generator Loss: 8.432215
[2024-01-24 18:28:14] Saved new best_loss_d checkpoint ml_mb_best_loss_d.pth.tar
[2024-01-24 18:28:14] Saved Epoch 65/100 | Discriminator Loss: 0.000000 | Generator Loss: 36.103626
[2024-01-24 18:28:39] GPU 0: Epoch 65/100 | Discriminator Loss: 0.000099 | Generator Loss: 15.805759
[2024-01-24 18:29:41] GPU 0: Epoch 66/100 | Discriminator Loss: 0.001607 | Generator Loss: 8.243444
[2024-01-24 18:30:43] GPU 0: Epoch 67/100 | Discriminator Loss: 0.002188 | Generator Loss: 10.006123
[2024-01-24 18:31:45] GPU 0: Epoch 68/100 | Discriminator Loss: 0.009914 | Generator Loss: 7.707662
[2024-01-24 18:32:22] Saved new best_loss_d checkpoint ml_mb_best_loss_d.pth.tar
[2024-01-24 18:32:22] Saved Epoch 69/100 | Discriminator Loss: 0.000000 | Generator Loss: 17.453943
[2024-01-24 18:32:49] GPU 0: Epoch 69/100 | Discriminator Loss: 0.000207 | Generator Loss: 14.628238
[2024-01-24 18:33:51] Saved latest checkpoint ml_mb_latest.pth.tar
[2024-01-24 18:33:51] Saved Epoch 70/100 | Discriminator Loss: 0.002143 | Generator Loss: 7.057987
[2024-01-24 18:34:51] Saved new best_loss_d checkpoint ml_mb_best_loss_d.pth.tar
[2024-01-24 18:34:51] Saved Epoch 71/100 | Discriminator Loss: 0.000000 | Generator Loss: 31.647440
[2024-01-24 18:34:55] GPU 0: Epoch 71/100 | Discriminator Loss: 0.005606 | Generator Loss: 14.034416
[2024-01-24 18:35:57] GPU 0: Epoch 72/100 | Discriminator Loss: 0.001247 | Generator Loss: 7.520593
[2024-01-24 18:36:59] GPU 0: Epoch 73/100 | Discriminator Loss: 0.002626 | Generator Loss: 7.142133
[2024-01-24 18:38:01] GPU 0: Epoch 74/100 | Discriminator Loss: 0.000670 | Generator Loss: 8.480200
[2024-01-24 18:39:03] GPU 0: Epoch 75/100 | Discriminator Loss: 0.000447 | Generator Loss: 8.931654
[2024-01-24 18:40:06] GPU 0: Epoch 76/100 | Discriminator Loss: 0.001489 | Generator Loss: 7.948822
[2024-01-24 18:41:08] GPU 0: Epoch 77/100 | Discriminator Loss: 0.000544 | Generator Loss: 8.059520
[2024-01-24 18:42:10] GPU 0: Epoch 78/100 | Discriminator Loss: 0.001368 | Generator Loss: 7.448268
[2024-01-24 18:43:13] GPU 0: Epoch 79/100 | Discriminator Loss: 0.000205 | Generator Loss: 9.516592
[2024-01-24 18:44:17] Saved latest checkpoint ml_mb_latest.pth.tar
[2024-01-24 18:44:17] Saved Epoch 80/100 | Discriminator Loss: 0.000126 | Generator Loss: 11.468132
[2024-01-24 18:45:20] GPU 0: Epoch 81/100 | Discriminator Loss: 0.000072 | Generator Loss: 11.457907
[2024-01-24 18:46:23] GPU 0: Epoch 82/100 | Discriminator Loss: 0.000171 | Generator Loss: 9.932510
[2024-01-24 18:47:25] GPU 0: Epoch 83/100 | Discriminator Loss: 0.000148 | Generator Loss: 10.423650
[2024-01-24 18:48:27] GPU 0: Epoch 84/100 | Discriminator Loss: 0.000078 | Generator Loss: 10.301859
[2024-01-24 18:49:30] GPU 0: Epoch 85/100 | Discriminator Loss: 0.000194 | Generator Loss: 9.316262
[2024-01-24 18:50:33] GPU 0: Epoch 86/100 | Discriminator Loss: 0.000064 | Generator Loss: 10.105778
[2024-01-24 18:51:35] GPU 0: Epoch 87/100 | Discriminator Loss: 0.000144 | Generator Loss: 9.736174
[2024-01-24 18:52:38] GPU 0: Epoch 88/100 | Discriminator Loss: 0.000047 | Generator Loss: 10.638059
[2024-01-24 18:53:40] GPU 0: Epoch 89/100 | Discriminator Loss: 0.000079 | Generator Loss: 10.628885
[2024-01-24 18:54:42] Saved latest checkpoint ml_mb_latest.pth.tar
[2024-01-24 18:54:42] Saved Epoch 90/100 | Discriminator Loss: 0.000079 | Generator Loss: 10.208828
[2024-01-24 18:55:45] GPU 0: Epoch 91/100 | Discriminator Loss: 0.000251 | Generator Loss: 10.081602
[2024-01-24 18:56:47] GPU 0: Epoch 92/100 | Discriminator Loss: 0.000012 | Generator Loss: 11.664324
[2024-01-24 18:57:50] GPU 0: Epoch 93/100 | Discriminator Loss: 0.000013 | Generator Loss: 11.641105
[2024-01-24 18:58:52] GPU 0: Epoch 94/100 | Discriminator Loss: 0.000005 | Generator Loss: 12.498047
[2024-01-24 18:59:54] GPU 0: Epoch 95/100 | Discriminator Loss: 0.000004 | Generator Loss: 13.079860
[2024-01-24 19:00:56] GPU 0: Epoch 96/100 | Discriminator Loss: 0.000005 | Generator Loss: 12.989349
[2024-01-24 19:01:59] GPU 0: Epoch 97/100 | Discriminator Loss: 0.000004 | Generator Loss: 12.711319
[2024-01-24 19:02:41] Saved new best_loss_g checkpoint ml_mb_best_loss_g.pth.tar
[2024-01-24 19:02:41] Saved Epoch 98/100 | Discriminator Loss: 100.000000 | Generator Loss: 0.000000
[2024-01-24 19:03:02] GPU 0: Epoch 98/100 | Discriminator Loss: 0.000112 | Generator Loss: 9.316305
[2024-01-24 19:04:05] GPU 0: Epoch 99/100 | Discriminator Loss: 0.000117 | Generator Loss: 10.821277
[2024-01-24 19:04:05] Epoch 100/100 | Discriminator Loss: 0.000117 | Generator Loss: 10.821277
[2024-01-24 19:04:06] Saved checkpoint ml_mb_terminated.pth.tar.
