000 (55687.000.000) 2023-12-04 13:25:32 Job submitted from host: <140.160.143.130:9618?addrs=140.160.143.130-9618&alias=csci-head.cluster.cs.wwu.edu&noUDP&sock=schedd_1686_08c4>
...
001 (55687.000.000) 2023-12-04 13:25:51 Job executing on host: <140.160.143.173:9618?addrs=140.160.143.173-9618&alias=g-1-1.cluster.cs.wwu.edu&noUDP&sock=startd_2231_dbe1>
	SlotName: slot1_1@g-1-1.cluster.cs.wwu.edu
	AvailableGPUs = { GPUs_GPU_d05ad345,GPUs_GPU_90c00377 }
	CondorScratchDir = "/scratch_ssd/condor/execute/dir_2001483"
	Cpus = 1
	Disk = 3503172
	GPUs = 2
	GPUs_GPU_90c00377 = [ DeviceName = "NVIDIA GeForce RTX 2080 Ti"; DriverVersion = 12.2; ECCEnabled = false; DevicePciBusId = "0000:5E:00.0"; DeviceUuid = "90c00377-2a9b-670f-10c8-70efaef8ba73"; GlobalMemoryMb = 11012; MaxSupportedVersion = 12020; Capability = 7.5; Id = "GPU-90c00377" ]
	GPUs_GPU_d05ad345 = [ DeviceName = "NVIDIA GeForce RTX 2080 Ti"; DriverVersion = 12.2; ECCEnabled = false; DevicePciBusId = "0000:3B:00.0"; DeviceUuid = "d05ad345-d434-a171-a33e-3a891d7f08b0"; GlobalMemoryMb = 11012; MaxSupportedVersion = 12020; Capability = 7.5; Id = "GPU-d05ad345" ]
	Memory = 40960
...
006 (55687.000.000) 2023-12-04 13:26:00 Image size of job updated: 1968896
	1923  -  MemoryUsage of job (MB)
	1968896  -  ResidentSetSize of job (KB)
...
006 (55687.000.000) 2023-12-04 13:31:01 Image size of job updated: 33909756
	31933  -  MemoryUsage of job (MB)
	32698848  -  ResidentSetSize of job (KB)
...
006 (55687.000.000) 2023-12-04 13:36:01 Image size of job updated: 49877464
	46889  -  MemoryUsage of job (MB)
	48013324  -  ResidentSetSize of job (KB)
...
006 (55687.000.000) 2023-12-04 13:41:01 Image size of job updated: 51862208
	46893  -  MemoryUsage of job (MB)
	48017420  -  ResidentSetSize of job (KB)
...
006 (55687.000.000) 2023-12-04 13:56:03 Image size of job updated: 52477952
	46893  -  MemoryUsage of job (MB)
	48017420  -  ResidentSetSize of job (KB)
...
006 (55687.000.000) 2023-12-04 15:01:10 Image size of job updated: 52477952
	48553  -  MemoryUsage of job (MB)
	49717328  -  ResidentSetSize of job (KB)
...
005 (55687.000.000) 2023-12-04 15:21:01 Job terminated.
	(1) Normal termination (return value 0)
		Usr 0 01:16:07, Sys 0 00:31:29  -  Run Remote Usage
		Usr 0 00:00:00, Sys 0 00:00:00  -  Run Local Usage
		Usr 0 01:16:07, Sys 0 00:31:29  -  Total Remote Usage
		Usr 0 00:00:00, Sys 0 00:00:00  -  Total Local Usage
	0  -  Run Bytes Sent By Job
	0  -  Run Bytes Received By Job
	0  -  Total Bytes Sent By Job
	0  -  Total Bytes Received By Job
	Partitionable Resources :    Usage  Request Allocated Assigned
	   Cpus                 :     1.00        1         1 
	   Disk (KB)            :     1           1   3503172 
	   Gpus (Average)       :     0.40        2         2 "GPU-d05ad345,GPU-90c00377"
	   GpusMemory (MB)      :   256                       
	   Memory (MB)          : 48553       40960     40960 

	Job terminated of its own accord at 2023-12-04T23:21:01Z with exit-code 0.
...
