[2023-11-27 19:22:30] Loaded checkpoint medium_learn_medium_batch.pth.tar in local epoch 71 with best_loss_d value of 0.00017439907242078334
[2023-11-27 19:25:24] Saved new best checkpoint medium_learn_medium_batch_best.pth.tar
[2023-11-27 19:25:24] Saved Epoch 71/100 | Discriminator Loss: 0.000033 | Generator Loss: 13.907619
[2023-11-27 19:27:22] Epoch 71/100 | Discriminator Loss: 0.123023 | Generator Loss: 9.338758
[2023-11-27 19:28:10] Epoch 72/100 | Discriminator Loss: 0.055451 | Generator Loss: 4.644468
[2023-11-27 19:28:58] Epoch 73/100 | Discriminator Loss: 0.033111 | Generator Loss: 5.273969
[2023-11-27 19:29:46] Epoch 74/100 | Discriminator Loss: 0.026982 | Generator Loss: 5.857834
[2023-11-27 19:30:36] Saved latest checkpoint medium_learn_medium_batch_latest.pth.tar
[2023-11-27 19:30:36] Saved Epoch 75/100 | Discriminator Loss: 0.001117 | Generator Loss: 9.737259
[2023-11-27 19:31:23] Epoch 76/100 | Discriminator Loss: 0.035247 | Generator Loss: 4.472752
[2023-11-27 19:32:10] Epoch 77/100 | Discriminator Loss: 0.694334 | Generator Loss: 6.582970
[2023-11-27 19:32:53] Saved new best checkpoint medium_learn_medium_batch_best.pth.tar
[2023-11-27 19:32:53] Saved Epoch 78/100 | Discriminator Loss: 0.000016 | Generator Loss: 13.610329
[2023-11-27 19:33:01] Epoch 78/100 | Discriminator Loss: 0.036493 | Generator Loss: 4.960331
[2023-11-27 19:33:48] Epoch 79/100 | Discriminator Loss: 0.001213 | Generator Loss: 8.362738
[2023-11-27 19:34:36] Epoch 80/100 | Discriminator Loss: 0.244909 | Generator Loss: 8.365439
[2023-11-27 19:35:23] Epoch 81/100 | Discriminator Loss: 0.127711 | Generator Loss: 5.914958
[2023-11-27 19:36:11] Epoch 82/100 | Discriminator Loss: 0.008029 | Generator Loss: 5.351575
[2023-11-27 19:36:58] Epoch 83/100 | Discriminator Loss: 0.390368 | Generator Loss: 6.372980
[2023-11-27 19:37:45] Epoch 84/100 | Discriminator Loss: 0.027267 | Generator Loss: 3.551843
[2023-11-27 19:38:33] Epoch 85/100 | Discriminator Loss: 0.030095 | Generator Loss: 10.152559
[2023-11-27 19:39:20] Epoch 86/100 | Discriminator Loss: 0.064140 | Generator Loss: 5.171959
[2023-11-27 19:40:08] Epoch 87/100 | Discriminator Loss: 0.006221 | Generator Loss: 6.186833
[2023-11-27 19:40:56] Epoch 88/100 | Discriminator Loss: 0.113562 | Generator Loss: 4.704278
[2023-11-27 19:41:44] Epoch 89/100 | Discriminator Loss: 0.007452 | Generator Loss: 5.212818
[2023-11-27 19:42:32] Epoch 90/100 | Discriminator Loss: 0.013409 | Generator Loss: 5.339547
[2023-11-27 19:43:19] Epoch 91/100 | Discriminator Loss: 0.031071 | Generator Loss: 5.650515
[2023-11-27 19:44:02] Saved new best checkpoint medium_learn_medium_batch_best.pth.tar
[2023-11-27 19:44:02] Saved Epoch 92/100 | Discriminator Loss: 0.000013 | Generator Loss: 13.587144
[2023-11-27 19:44:09] Epoch 92/100 | Discriminator Loss: 0.092191 | Generator Loss: 7.423232
[2023-11-27 19:44:52] Saved new best checkpoint medium_learn_medium_batch_best.pth.tar
[2023-11-27 19:44:52] Saved Epoch 93/100 | Discriminator Loss: 0.000008 | Generator Loss: 14.597423
[2023-11-27 19:44:59] Epoch 93/100 | Discriminator Loss: 0.006534 | Generator Loss: 6.915791
[2023-11-27 19:45:45] Epoch 94/100 | Discriminator Loss: 0.013098 | Generator Loss: 7.182150
[2023-11-27 19:46:31] Epoch 95/100 | Discriminator Loss: 0.000624 | Generator Loss: 12.108577
[2023-11-27 19:47:18] Epoch 96/100 | Discriminator Loss: 0.156322 | Generator Loss: 8.765943
[2023-11-27 19:48:05] Epoch 97/100 | Discriminator Loss: 0.068547 | Generator Loss: 0.438426
[2023-11-27 19:48:52] Epoch 98/100 | Discriminator Loss: 0.025060 | Generator Loss: 6.231157
[2023-11-27 19:49:39] Epoch 99/100 | Discriminator Loss: 0.004824 | Generator Loss: 10.622358
[2023-11-27 19:49:39] Epoch 100/100 | Discriminator Loss: 0.004824 | Generator Loss: 10.622358
[2023-11-27 19:49:42] Saved checkpoint medium_learn_medium_batch_terminated.pth.tar.
[2023-11-27 19:49:42] CUDA cache cleared. Exiting train.py...
