[2023-12-09 12:26:41] World size: 2
[2023-12-09 12:26:41] Found GPU 0: NVIDIA GeForce RTX 2080 Ti
[2023-12-09 12:26:41] Found GPU 1: NVIDIA GeForce RTX 2080 Ti
[2023-12-09 12:31:24] World size: 2
[2023-12-09 12:31:24] Found GPU 0: NVIDIA GeForce RTX 2080 Ti
[2023-12-09 12:31:24] Found GPU 1: NVIDIA GeForce RTX 2080 Ti
[2023-12-09 12:31:25] Initialized main on device: 0
[2023-12-09 12:31:25] Initialized main on device: 0
[2023-12-09 12:31:37] Loaded model ll_lb in local epoch 6 | best_loss_g: 6.135235889814794e-05 | best_loss_d_closest_to_half: 0.4965551197528839 | best_loss_d: 1.8676164472708479e-06 
[2023-12-09 12:37:21] World size: 2
[2023-12-09 12:37:21] Found GPU 0: _CudaDeviceProperties(name='NVIDIA GeForce RTX 2080 Ti', major=7, minor=5, total_memory=11011MB, multi_processor_count=68)
[2023-12-09 12:37:21] Found GPU 1: _CudaDeviceProperties(name='NVIDIA GeForce RTX 2080 Ti', major=7, minor=5, total_memory=11011MB, multi_processor_count=68)
[2023-12-09 12:37:22] Initialized main on device: cuda:0
[2023-12-09 12:37:22] Initialized main on device: cuda:1
[2023-12-09 12:37:28] Loaded model ll_lb in local epoch 6 | best_loss_g: 6.135235889814794e-05 | best_loss_d_closest_to_half: 0.4965551197528839 | best_loss_d: 1.8676164472708479e-06 
[2023-12-09 12:46:27] World size: 2
[2023-12-09 12:46:27] Found GPU 0: _CudaDeviceProperties(name='NVIDIA GeForce RTX 2080 Ti', major=7, minor=5, total_memory=11011MB, multi_processor_count=68)
[2023-12-09 12:46:27] Found GPU 1: _CudaDeviceProperties(name='NVIDIA GeForce RTX 2080 Ti', major=7, minor=5, total_memory=11011MB, multi_processor_count=68)
[2023-12-09 12:46:28] Initialized main on device: cuda:0
[2023-12-09 12:46:28] Initialized main on device: cuda:1
[2023-12-09 12:46:38] Loaded model ll_lb in local epoch 6 | best_loss_g: 6.135235889814794e-05 | best_loss_d_closest_to_half: 0.4965551197528839 | best_loss_d: 1.8676164472708479e-06 
[2023-12-09 13:11:10] World size: 2
[2023-12-09 13:11:10] Found GPU 0: _CudaDeviceProperties(name='NVIDIA GeForce RTX 2080 Ti', major=7, minor=5, total_memory=11011MB, multi_processor_count=68)
[2023-12-09 13:11:10] Found GPU 1: _CudaDeviceProperties(name='NVIDIA GeForce RTX 2080 Ti', major=7, minor=5, total_memory=11011MB, multi_processor_count=68)
[2023-12-09 13:12:40] World size: 2
[2023-12-09 13:12:40] Found GPU 0: _CudaDeviceProperties(name='NVIDIA GeForce RTX 2080 Ti', major=7, minor=5, total_memory=11011MB, multi_processor_count=68)
[2023-12-09 13:12:40] Found GPU 1: _CudaDeviceProperties(name='NVIDIA GeForce RTX 2080 Ti', major=7, minor=5, total_memory=11011MB, multi_processor_count=68)
[2023-12-09 13:12:41] Initialized main on device: cuda:0 with rank 0
[2023-12-09 13:12:41] Initialized main on device: cuda:1 with rank 1
[2023-12-09 13:13:40] World size: 2
[2023-12-09 13:13:40] Found GPU 0: _CudaDeviceProperties(name='NVIDIA GeForce RTX 2080 Ti', major=7, minor=5, total_memory=11011MB, multi_processor_count=68)
[2023-12-09 13:13:40] Found GPU 1: _CudaDeviceProperties(name='NVIDIA GeForce RTX 2080 Ti', major=7, minor=5, total_memory=11011MB, multi_processor_count=68)
[2023-12-09 13:13:41] Initialized main on device: cuda:0 with rank 0
[2023-12-09 13:13:41] Initialized main on device: cuda:1 with rank 1
[2023-12-09 13:18:32] World size: 2
[2023-12-09 13:18:32] Found GPU 0: _CudaDeviceProperties(name='NVIDIA GeForce RTX 2080 Ti', major=7, minor=5, total_memory=11011MB, multi_processor_count=68)
[2023-12-09 13:18:32] Found GPU 1: _CudaDeviceProperties(name='NVIDIA GeForce RTX 2080 Ti', major=7, minor=5, total_memory=11011MB, multi_processor_count=68)
[2023-12-09 13:18:33] Initialized main on device: cuda:0 with rank 0
[2023-12-09 13:18:33] Initialized main on device: cuda:1 with rank 1
[2023-12-09 13:24:28] World size: 2
[2023-12-09 13:24:28] Found GPU 0: _CudaDeviceProperties(name='NVIDIA GeForce RTX 2080 Ti', major=7, minor=5, total_memory=11011MB, multi_processor_count=68)
[2023-12-09 13:24:28] Found GPU 1: _CudaDeviceProperties(name='NVIDIA GeForce RTX 2080 Ti', major=7, minor=5, total_memory=11011MB, multi_processor_count=68)
[2023-12-09 13:24:29] Initialized main on device: cuda:0 with rank 0
[2023-12-09 13:24:29] Initialized main on device: cuda:1 with rank 1
[2023-12-09 13:24:40] Loaded model ll_lb in local epoch 6 | best_loss_g: 6.135235889814794e-05 | best_loss_d_closest_to_half: 0.4965551197528839 | best_loss_d: 1.8676164472708479e-06 
[2023-12-09 14:47:27] World size: 2
[2023-12-09 14:47:27] Found GPU 0: _CudaDeviceProperties(name='NVIDIA GeForce RTX 2080 Ti', major=7, minor=5, total_memory=11011MB, multi_processor_count=68)
[2023-12-09 14:47:27] Found GPU 1: _CudaDeviceProperties(name='NVIDIA GeForce RTX 2080 Ti', major=7, minor=5, total_memory=11011MB, multi_processor_count=68)
[2023-12-09 14:47:28] Initialized main on device: cuda:0 with rank 0
[2023-12-09 14:47:28] Initialized main on device: cuda:1 with rank 1
[2023-12-09 17:07:22] World size: 2
[2023-12-09 17:07:22] Found GPU 0: _CudaDeviceProperties(name='NVIDIA GeForce RTX 2080 Ti', major=7, minor=5, total_memory=11011MB, multi_processor_count=68)
[2023-12-09 17:07:22] Found GPU 1: _CudaDeviceProperties(name='NVIDIA GeForce RTX 2080 Ti', major=7, minor=5, total_memory=11011MB, multi_processor_count=68)
[2023-12-09 17:07:23] Initialized main on device: cuda:0 with rank 0
[2023-12-09 17:07:23] Initialized main on device: cuda:1 with rank 1
[2023-12-09 17:07:40] Loaded model ll_lb on rank 1 in local epoch 6 | best_loss_g: 6.135235889814794e-05 | best_loss_d_closest_to_half: 0.4965551197528839 | best_loss_d: 1.8676164472708479e-06 
[2023-12-09 17:07:40] Loaded model ll_lb on rank 0 in local epoch 6 | best_loss_g: 6.135235889814794e-05 | best_loss_d_closest_to_half: 0.4965551197528839 | best_loss_d: 1.8676164472708479e-06 
[2023-12-09 17:16:20] World size: 2
[2023-12-09 17:16:20] Found GPU 0: _CudaDeviceProperties(name='NVIDIA GeForce RTX 2080 Ti', major=7, minor=5, total_memory=11011MB, multi_processor_count=68)
[2023-12-09 17:16:20] Found GPU 1: _CudaDeviceProperties(name='NVIDIA GeForce RTX 2080 Ti', major=7, minor=5, total_memory=11011MB, multi_processor_count=68)
[2023-12-09 17:16:20] Initialized main on device: cuda:0 with rank 0
[2023-12-09 17:16:20] Initialized main on device: cuda:1 with rank 1
[2023-12-09 17:16:32] Loaded model ll_lb on rank 1 in local epoch 6 | best_loss_g: 6.135235889814794e-05 | best_loss_d_closest_to_half: 0.4965551197528839 | best_loss_d: 1.8676164472708479e-06 
[2023-12-09 17:16:32] Loaded model ll_lb on rank 0 in local epoch 6 | best_loss_g: 6.135235889814794e-05 | best_loss_d_closest_to_half: 0.4965551197528839 | best_loss_d: 1.8676164472708479e-06 
[2023-12-09 17:21:39] World size: 2
[2023-12-09 17:21:39] Found GPU 0: _CudaDeviceProperties(name='NVIDIA GeForce RTX 2080 Ti', major=7, minor=5, total_memory=11011MB, multi_processor_count=68)
[2023-12-09 17:21:39] Found GPU 1: _CudaDeviceProperties(name='NVIDIA GeForce RTX 2080 Ti', major=7, minor=5, total_memory=11011MB, multi_processor_count=68)
[2023-12-09 17:21:40] Initialized main on device: cuda:0 with rank 0
[2023-12-09 17:21:40] Initialized main on device: cuda:1 with rank 1
[2023-12-09 17:21:52] Loaded model ll_lb on rank 1 in local epoch 6 | best_loss_g: 6.135235889814794e-05 | best_loss_d_closest_to_half: 0.4965551197528839 | best_loss_d: 1.8676164472708479e-06 
[2023-12-09 17:21:52] Loaded model ll_lb on rank 0 in local epoch 6 | best_loss_g: 6.135235889814794e-05 | best_loss_d_closest_to_half: 0.4965551197528839 | best_loss_d: 1.8676164472708479e-06 
[2023-12-09 20:11:14] Epoch 6/100 | Discriminator Loss: 0.078026 | Generator Loss: 5.331935
[2023-12-09 20:11:14] Epoch 6/100 | Discriminator Loss: 0.116640 | Generator Loss: 4.523715
[2023-12-09 23:00:35] Epoch 7/100 | Discriminator Loss: 0.567397 | Generator Loss: 4.486863
[2023-12-09 23:00:35] Epoch 7/100 | Discriminator Loss: 0.149686 | Generator Loss: 4.961640
