[2024-01-01 00:48:43] Saved new best_loss_g checkpoint ll_mb_best_loss_g.pth.tar
[2024-01-01 00:48:43] Saved Epoch 2/100 | Discriminator Loss: 0.001772 | Generator Loss: 3.103353
[2024-01-01 01:44:42] GPU 0: Epoch 2/100 | Discriminator Loss: 0.033572 | Generator Loss: 7.194319
[2024-01-01 01:44:42] GPU 1: Epoch 2/100 | Discriminator Loss: 0.118937 | Generator Loss: 6.339434
[2024-01-01 01:58:11] Saved new best_loss_d_closest_to_half checkpoint ll_mb_best_loss_d_closest_to_half.pth.tar
[2024-01-01 01:58:11] Saved Epoch 3/100 | Discriminator Loss: 0.420277 | Generator Loss: 16.005762
[2024-01-01 02:03:32] Saved new best_loss_g checkpoint ll_mb_best_loss_g.pth.tar
[2024-01-01 02:03:32] Saved Epoch 3/100 | Discriminator Loss: 0.012283 | Generator Loss: 2.191460
[2024-01-01 04:11:53] GPU 1: Epoch 3/100 | Discriminator Loss: 0.028688 | Generator Loss: 6.214134
[2024-01-01 04:11:53] GPU 0: Epoch 3/100 | Discriminator Loss: 0.036688 | Generator Loss: 6.000881
[2024-01-01 04:52:07] Saved new best_loss_d_closest_to_half checkpoint ll_mb_best_loss_d_closest_to_half.pth.tar
[2024-01-01 04:52:07] Saved Epoch 4/100 | Discriminator Loss: 0.461110 | Generator Loss: 12.209696
[2024-01-01 09:45:32] World size: 2
[2024-01-01 09:45:32] Found GPU 0: _CudaDeviceProperties(name='NVIDIA GeForce RTX 2080 Ti', major=7, minor=5, total_memory=11011MB, multi_processor_count=68)
[2024-01-01 09:45:32] Found GPU 1: _CudaDeviceProperties(name='NVIDIA GeForce RTX 2080 Ti', major=7, minor=5, total_memory=11011MB, multi_processor_count=68)
[2024-01-01 09:45:33] Setting up 1 of 2
[2024-01-01 09:45:33] Setting up 0 of 2
[2024-01-01 09:45:33] Initialized main on device: cuda:0 with rank 0
[2024-01-01 09:45:33] Initialized main on device: cuda:1 with rank 1
[2024-01-01 09:45:43] Loaded model ll_mb on rank 0 in local epoch 0 | best_loss_g: inf | best_loss_d_closest_to_half: inf | best_loss_d: inf 
[2024-01-01 09:45:43] Loaded model ll_mb on rank 1 in local epoch 0 | best_loss_g: inf | best_loss_d_closest_to_half: inf | best_loss_d: inf 
[2024-01-01 09:48:11] Saved new best_loss_g checkpoint ll_mb_best_loss_g.pth.tar
[2024-01-01 09:48:11] Saved Epoch 0/100 | Discriminator Loss: 1.560874 | Generator Loss: 3.593243
[2024-01-01 09:48:12] Saved new best_loss_d checkpoint ll_mb_best_loss_d.pth.tar
[2024-01-01 09:48:12] Saved Epoch 0/100 | Discriminator Loss: 1.560874 | Generator Loss: 3.593243
[2024-01-01 09:48:13] Saved new best_loss_d_closest_to_half checkpoint ll_mb_best_loss_d_closest_to_half.pth.tar
[2024-01-01 09:48:13] Saved Epoch 0/100 | Discriminator Loss: 1.560874 | Generator Loss: 3.593243
[2024-01-01 09:50:43] Saved new best_loss_d checkpoint ll_mb_best_loss_d.pth.tar
[2024-01-01 09:50:43] Saved Epoch 0/100 | Discriminator Loss: 0.209639 | Generator Loss: 4.481255
[2024-01-01 09:50:45] Saved new best_loss_d_closest_to_half checkpoint ll_mb_best_loss_d_closest_to_half.pth.tar
[2024-01-01 09:50:45] Saved Epoch 0/100 | Discriminator Loss: 0.209639 | Generator Loss: 4.481255
[2024-01-01 09:53:13] Saved new best_loss_d checkpoint ll_mb_best_loss_d.pth.tar
[2024-01-01 09:53:13] Saved Epoch 0/100 | Discriminator Loss: 0.069004 | Generator Loss: 4.791300
[2024-01-01 09:55:45] Saved new best_loss_d checkpoint ll_mb_best_loss_d.pth.tar
[2024-01-01 09:55:45] Saved Epoch 0/100 | Discriminator Loss: 0.034246 | Generator Loss: 5.028933
[2024-01-01 10:05:58] Saved new best_loss_d checkpoint ll_mb_best_loss_d.pth.tar
[2024-01-01 10:05:58] Saved Epoch 0/100 | Discriminator Loss: 0.024326 | Generator Loss: 5.435842
[2024-01-01 10:16:21] Saved new best_loss_d checkpoint ll_mb_best_loss_d.pth.tar
[2024-01-01 10:16:21] Saved Epoch 0/100 | Discriminator Loss: 0.019672 | Generator Loss: 6.015118
[2024-01-01 10:32:00] Saved new best_loss_d checkpoint ll_mb_best_loss_d.pth.tar
[2024-01-01 10:32:00] Saved Epoch 0/100 | Discriminator Loss: 0.016530 | Generator Loss: 6.779188
[2024-01-01 10:34:35] Saved new best_loss_d checkpoint ll_mb_best_loss_d.pth.tar
[2024-01-01 10:34:35] Saved Epoch 0/100 | Discriminator Loss: 0.013159 | Generator Loss: 6.651721
[2024-01-01 10:39:44] Saved new best_loss_d checkpoint ll_mb_best_loss_d.pth.tar
[2024-01-01 10:39:44] Saved Epoch 0/100 | Discriminator Loss: 0.010832 | Generator Loss: 6.779960
[2024-01-01 10:42:17] Saved new best_loss_d checkpoint ll_mb_best_loss_d.pth.tar
[2024-01-01 10:42:17] Saved Epoch 0/100 | Discriminator Loss: 0.010115 | Generator Loss: 6.799895
[2024-01-01 10:55:11] Saved new best_loss_d checkpoint ll_mb_best_loss_d.pth.tar
[2024-01-01 10:55:11] Saved Epoch 0/100 | Discriminator Loss: 0.008990 | Generator Loss: 7.720720
[2024-01-01 10:57:47] Saved new best_loss_d checkpoint ll_mb_best_loss_d.pth.tar
[2024-01-01 10:57:47] Saved Epoch 0/100 | Discriminator Loss: 0.008547 | Generator Loss: 7.779607
[2024-01-01 11:07:59] Saved new best_loss_d checkpoint ll_mb_best_loss_d.pth.tar
[2024-01-01 11:07:59] Saved Epoch 0/100 | Discriminator Loss: 0.008360 | Generator Loss: 7.673738
[2024-01-01 11:13:07] Saved new best_loss_d checkpoint ll_mb_best_loss_d.pth.tar
[2024-01-01 11:13:07] Saved Epoch 0/100 | Discriminator Loss: 0.007430 | Generator Loss: 7.860967
[2024-01-01 11:20:42] Saved new best_loss_d checkpoint ll_mb_best_loss_d.pth.tar
[2024-01-01 11:20:42] Saved Epoch 0/100 | Discriminator Loss: 0.006881 | Generator Loss: 7.840078
[2024-01-01 11:23:13] Saved new best_loss_d checkpoint ll_mb_best_loss_d.pth.tar
[2024-01-01 11:23:13] Saved Epoch 0/100 | Discriminator Loss: 0.004917 | Generator Loss: 7.734781
[2024-01-01 12:05:44] GPU 1: Epoch 0/100 | Discriminator Loss: 0.008571 | Generator Loss: 7.130380
[2024-01-01 12:05:44] GPU 0: Epoch 0/100 | Discriminator Loss: 0.055264 | Generator Loss: 7.263943
[2024-01-01 12:10:49] Saved new best_loss_d checkpoint ll_mb_best_loss_d.pth.tar
[2024-01-01 12:10:49] Saved Epoch 1/100 | Discriminator Loss: 0.000825 | Generator Loss: 15.687910
[2024-01-01 12:20:49] Saved new best_loss_d checkpoint ll_mb_best_loss_d.pth.tar
[2024-01-01 12:20:49] Saved Epoch 1/100 | Discriminator Loss: 0.000200 | Generator Loss: 14.032857
[2024-01-01 13:12:42] Saved new best_loss_d checkpoint ll_mb_best_loss_d.pth.tar
[2024-01-01 13:12:42] Saved Epoch 1/100 | Discriminator Loss: 0.000026 | Generator Loss: 18.855659
[2024-01-01 13:15:10] Saved new best_loss_d checkpoint ll_mb_best_loss_d.pth.tar
[2024-01-01 13:15:10] Saved Epoch 1/100 | Discriminator Loss: 0.000024 | Generator Loss: 17.480564
[2024-01-01 13:20:05] Saved new best_loss_d checkpoint ll_mb_best_loss_d.pth.tar
[2024-01-01 13:20:05] Saved Epoch 1/100 | Discriminator Loss: 0.000011 | Generator Loss: 13.048711
[2024-01-01 13:47:10] Saved new best_loss_d_closest_to_half checkpoint ll_mb_best_loss_d_closest_to_half.pth.tar
[2024-01-01 13:47:10] Saved Epoch 1/100 | Discriminator Loss: 0.549884 | Generator Loss: 14.152836
[2024-01-01 14:21:45] GPU 1: Epoch 1/100 | Discriminator Loss: 0.027050 | Generator Loss: 6.661797
[2024-01-01 14:21:45] GPU 0: Epoch 1/100 | Discriminator Loss: 0.004554 | Generator Loss: 6.745138
[2024-01-01 15:38:48] Saved new best_loss_g checkpoint ll_mb_best_loss_g.pth.tar
[2024-01-01 15:38:48] Saved Epoch 2/100 | Discriminator Loss: 0.229589 | Generator Loss: 3.273988
[2024-01-01 16:37:32] GPU 1: Epoch 2/100 | Discriminator Loss: 0.416609 | Generator Loss: 8.331490
[2024-01-01 16:37:32] GPU 0: Epoch 2/100 | Discriminator Loss: 0.024579 | Generator Loss: 9.056391
[2024-01-01 16:54:50] Saved new best_loss_d_closest_to_half checkpoint ll_mb_best_loss_d_closest_to_half.pth.tar
[2024-01-01 16:54:50] Saved Epoch 3/100 | Discriminator Loss: 0.528010 | Generator Loss: 7.791654
[2024-01-01 18:03:35] Saved new best_loss_g checkpoint ll_mb_best_loss_g.pth.tar
[2024-01-01 18:03:35] Saved Epoch 3/100 | Discriminator Loss: 0.898245 | Generator Loss: 0.964987
[2024-01-01 18:52:36] GPU 1: Epoch 3/100 | Discriminator Loss: 0.014525 | Generator Loss: 8.266529
[2024-01-01 18:52:36] GPU 0: Epoch 3/100 | Discriminator Loss: 0.000895 | Generator Loss: 8.223608
[2024-01-01 21:07:43] GPU 1: Epoch 4/100 | Discriminator Loss: 0.058592 | Generator Loss: 5.181783
[2024-01-01 21:07:43] GPU 0: Epoch 4/100 | Discriminator Loss: 0.134127 | Generator Loss: 5.017174
[2024-01-01 23:20:35] Saved new best_loss_d_closest_to_half checkpoint ll_mb_best_loss_d_closest_to_half.pth.tar
[2024-01-01 23:20:35] Saved Epoch 5/100 | Discriminator Loss: 0.482341 | Generator Loss: 3.339199
[2024-01-01 23:22:53] GPU 0: Epoch 5/100 | Discriminator Loss: 0.220205 | Generator Loss: 9.747290
[2024-01-01 23:22:54] GPU 1: Epoch 5/100 | Discriminator Loss: 0.085769 | Generator Loss: 8.847268
