[2024-01-23 14:35:51] World size: 2
[2024-01-23 14:35:51] Found GPU 0: _CudaDeviceProperties(name='NVIDIA GeForce RTX 2080 Ti', major=7, minor=5, total_memory=11011MB, multi_processor_count=68)
[2024-01-23 14:35:51] Found GPU 1: _CudaDeviceProperties(name='NVIDIA GeForce RTX 2080 Ti', major=7, minor=5, total_memory=11011MB, multi_processor_count=68)
[2024-01-23 14:35:52] Setting up 0 of 2
[2024-01-23 14:35:52] Setting up 1 of 2
[2024-01-23 14:35:52] Initialized main on device: cuda:0 with rank 0
[2024-01-23 14:35:52] Initialized main on device: cuda:1 with rank 1
[2024-01-23 14:36:01] Loaded model ll_lb on rank 1 in local epoch 0 | best_loss_g: 6.389165878295898 | best_loss_d_closest_to_half: 0.09774284809827805 | best_loss_d: 0.0 
[2024-01-23 14:36:01] Loaded model ll_lb on rank 0 in local epoch 0 | best_loss_g: 6.389165878295898 | best_loss_d_closest_to_half: 0.09774284809827805 | best_loss_d: 0.0 
[2024-01-23 14:38:02] GPU 1: Epoch 0/100 | Discriminator Loss: 0.000000 | Generator Loss: 57.163982
[2024-01-23 14:38:02] GPU 0: Epoch 0/100 | Discriminator Loss: 0.000000 | Generator Loss: 57.165977
[2024-01-23 14:40:00] GPU 0: Epoch 1/100 | Discriminator Loss: 0.000000 | Generator Loss: 57.165306
[2024-01-23 14:40:00] GPU 1: Epoch 1/100 | Discriminator Loss: 0.000000 | Generator Loss: 57.165085
[2024-01-23 14:41:04] World size: 2
[2024-01-23 14:41:04] Found GPU 0: _CudaDeviceProperties(name='NVIDIA GeForce RTX 2080 Ti', major=7, minor=5, total_memory=11011MB, multi_processor_count=68)
[2024-01-23 14:41:04] Found GPU 1: _CudaDeviceProperties(name='NVIDIA GeForce RTX 2080 Ti', major=7, minor=5, total_memory=11011MB, multi_processor_count=68)
[2024-01-23 14:41:05] Setting up 1 of 2
[2024-01-23 14:41:05] Setting up 0 of 2
[2024-01-23 14:41:06] Initialized main on device: cuda:0 with rank 0
[2024-01-23 14:41:06] Initialized main on device: cuda:1 with rank 1
[2024-01-23 14:41:11] Loaded model ll_lb on rank 0 in local epoch 0 | best_loss_g: inf | best_loss_d_closest_to_half: inf | best_loss_d: inf 
[2024-01-23 14:41:11] Loaded model ll_lb on rank 1 in local epoch 0 | best_loss_g: inf | best_loss_d_closest_to_half: inf | best_loss_d: inf 
[2024-01-23 14:41:12] Saved new best_loss_g checkpoint ll_lb_best_loss_g.pth.tar
[2024-01-23 14:41:12] Saved Epoch 0/100 | Discriminator Loss: 1.717076 | Generator Loss: 3.129881
[2024-01-23 14:41:13] Saved new best_loss_d checkpoint ll_lb_best_loss_d.pth.tar
[2024-01-23 14:41:13] Saved Epoch 0/100 | Discriminator Loss: 1.717076 | Generator Loss: 3.129881
[2024-01-23 14:41:14] Saved new best_loss_d_closest_to_half checkpoint ll_lb_best_loss_d_closest_to_half.pth.tar
[2024-01-23 14:41:14] Saved Epoch 0/100 | Discriminator Loss: 1.717076 | Generator Loss: 3.129881
[2024-01-23 14:41:15] Saved new best_loss_d checkpoint ll_lb_best_loss_d.pth.tar
[2024-01-23 14:41:15] Saved Epoch 0/100 | Discriminator Loss: 0.335319 | Generator Loss: 4.255367
[2024-01-23 14:41:16] Saved new best_loss_d_closest_to_half checkpoint ll_lb_best_loss_d_closest_to_half.pth.tar
[2024-01-23 14:41:16] Saved Epoch 0/100 | Discriminator Loss: 0.335319 | Generator Loss: 4.255367
[2024-01-23 14:41:16] Saved new best_loss_d checkpoint ll_lb_best_loss_d.pth.tar
[2024-01-23 14:41:16] Saved Epoch 0/100 | Discriminator Loss: 0.097389 | Generator Loss: 4.675573
[2024-01-23 14:41:17] Saved new best_loss_d checkpoint ll_lb_best_loss_d.pth.tar
[2024-01-23 14:41:17] Saved Epoch 0/100 | Discriminator Loss: 0.064929 | Generator Loss: 4.585613
[2024-01-23 14:41:18] Saved new best_loss_d checkpoint ll_lb_best_loss_d.pth.tar
[2024-01-23 14:41:18] Saved Epoch 0/100 | Discriminator Loss: 0.027711 | Generator Loss: 5.179291
[2024-01-23 14:41:19] Saved new best_loss_d checkpoint ll_lb_best_loss_d.pth.tar
[2024-01-23 14:41:19] Saved Epoch 0/100 | Discriminator Loss: 0.021103 | Generator Loss: 5.184957
[2024-01-23 14:41:22] Saved new best_loss_d checkpoint ll_lb_best_loss_d.pth.tar
[2024-01-23 14:41:22] Saved Epoch 0/100 | Discriminator Loss: 0.021028 | Generator Loss: 5.674967
[2024-01-23 14:41:24] Saved new best_loss_d checkpoint ll_lb_best_loss_d.pth.tar
[2024-01-23 14:41:24] Saved Epoch 0/100 | Discriminator Loss: 0.011006 | Generator Loss: 6.158258
[2024-01-23 14:41:26] Saved new best_loss_d checkpoint ll_lb_best_loss_d.pth.tar
[2024-01-23 14:41:26] Saved Epoch 0/100 | Discriminator Loss: 0.010562 | Generator Loss: 6.712345
[2024-01-23 14:41:29] Saved new best_loss_d checkpoint ll_lb_best_loss_d.pth.tar
[2024-01-23 14:41:29] Saved Epoch 0/100 | Discriminator Loss: 0.007578 | Generator Loss: 6.653913
[2024-01-23 14:41:31] Saved new best_loss_d checkpoint ll_lb_best_loss_d.pth.tar
[2024-01-23 14:41:31] Saved Epoch 0/100 | Discriminator Loss: 0.004526 | Generator Loss: 7.176231
[2024-01-23 14:41:37] Saved new best_loss_d checkpoint ll_lb_best_loss_d.pth.tar
[2024-01-23 14:41:37] Saved Epoch 0/100 | Discriminator Loss: 0.002666 | Generator Loss: 8.384770
[2024-01-23 14:41:43] Saved new best_loss_d checkpoint ll_lb_best_loss_d.pth.tar
[2024-01-23 14:41:43] Saved Epoch 0/100 | Discriminator Loss: 0.000165 | Generator Loss: 17.646418
[2024-01-23 14:41:45] Saved new best_loss_d checkpoint ll_lb_best_loss_d.pth.tar
[2024-01-23 14:41:45] Saved Epoch 0/100 | Discriminator Loss: 0.000156 | Generator Loss: 18.095566
[2024-01-23 14:41:47] Saved new best_loss_d checkpoint ll_lb_best_loss_d.pth.tar
[2024-01-23 14:41:47] Saved Epoch 0/100 | Discriminator Loss: 0.000130 | Generator Loss: 17.689259
[2024-01-23 14:41:50] Saved new best_loss_d checkpoint ll_lb_best_loss_d.pth.tar
[2024-01-23 14:41:50] Saved Epoch 0/100 | Discriminator Loss: 0.000037 | Generator Loss: 13.707870
[2024-01-23 14:41:59] Saved new best_loss_d checkpoint ll_lb_best_loss_d.pth.tar
[2024-01-23 14:42:00] Saved Epoch 0/100 | Discriminator Loss: 0.000004 | Generator Loss: 12.683470
[2024-01-23 14:42:02] Saved new best_loss_d_closest_to_half checkpoint ll_lb_best_loss_d_closest_to_half.pth.tar
[2024-01-23 14:42:02] Saved Epoch 0/100 | Discriminator Loss: 0.358340 | Generator Loss: 16.554165
[2024-01-23 14:42:17] Saved new best_loss_g checkpoint ll_lb_best_loss_g.pth.tar
[2024-01-23 14:42:17] Saved Epoch 0/100 | Discriminator Loss: 3.717451 | Generator Loss: 0.000011
[2024-01-23 14:42:50] Saved new best_loss_d_closest_to_half checkpoint ll_lb_best_loss_d_closest_to_half.pth.tar
[2024-01-23 14:42:50] Saved Epoch 0/100 | Discriminator Loss: 0.476457 | Generator Loss: 14.548786
[2024-01-23 14:43:16] Saved new best_loss_d_closest_to_half checkpoint ll_lb_best_loss_d_closest_to_half.pth.tar
[2024-01-23 14:43:16] Saved Epoch 0/100 | Discriminator Loss: 0.500690 | Generator Loss: 2.462742
[2024-01-23 14:43:30] GPU 0: Epoch 0/100 | Discriminator Loss: 0.008268 | Generator Loss: 13.346489
[2024-01-23 14:43:30] GPU 1: Epoch 0/100 | Discriminator Loss: 0.002044 | Generator Loss: 9.349709
[2024-01-23 14:45:29] GPU 1: Epoch 1/100 | Discriminator Loss: 0.025356 | Generator Loss: 4.891606
[2024-01-23 14:45:29] GPU 0: Epoch 1/100 | Discriminator Loss: 0.040019 | Generator Loss: 4.525846
[2024-01-23 14:47:23] GPU 0: Epoch 2/100 | Discriminator Loss: 0.081312 | Generator Loss: 4.225273
[2024-01-23 14:47:23] GPU 1: Epoch 2/100 | Discriminator Loss: 0.084659 | Generator Loss: 4.280143
[2024-01-23 14:49:21] GPU 0: Epoch 3/100 | Discriminator Loss: 0.221347 | Generator Loss: 3.153655
[2024-01-23 14:49:21] GPU 1: Epoch 3/100 | Discriminator Loss: 0.210975 | Generator Loss: 3.813262
[2024-01-23 14:51:19] GPU 1: Epoch 4/100 | Discriminator Loss: 0.045616 | Generator Loss: 5.307721
[2024-01-23 14:51:19] GPU 0: Epoch 4/100 | Discriminator Loss: 0.065459 | Generator Loss: 4.763055
[2024-01-23 14:53:15] GPU 1: Epoch 5/100 | Discriminator Loss: 0.011483 | Generator Loss: 5.541660
[2024-01-23 14:53:15] GPU 0: Epoch 5/100 | Discriminator Loss: 0.028416 | Generator Loss: 4.781341
[2024-01-23 14:55:03] GPU 1: Epoch 6/100 | Discriminator Loss: 0.043193 | Generator Loss: 4.349211
[2024-01-23 14:55:03] GPU 0: Epoch 6/100 | Discriminator Loss: 0.018068 | Generator Loss: 4.841735
[2024-01-23 14:57:00] GPU 1: Epoch 7/100 | Discriminator Loss: 0.024344 | Generator Loss: 6.714126
[2024-01-23 14:57:00] GPU 0: Epoch 7/100 | Discriminator Loss: 0.024882 | Generator Loss: 6.387786
[2024-01-23 14:58:58] GPU 1: Epoch 8/100 | Discriminator Loss: 0.075902 | Generator Loss: 5.607944
[2024-01-23 14:58:58] GPU 0: Epoch 8/100 | Discriminator Loss: 0.100360 | Generator Loss: 5.199164
[2024-01-23 15:00:57] GPU 1: Epoch 9/100 | Discriminator Loss: 0.019768 | Generator Loss: 6.245402
[2024-01-23 15:00:57] GPU 0: Epoch 9/100 | Discriminator Loss: 0.016183 | Generator Loss: 5.678100
[2024-01-23 15:03:02] GPU 1: Epoch 10/100 | Discriminator Loss: 0.084974 | Generator Loss: 4.739744
[2024-01-23 15:03:03] Saved latest checkpoint ll_lb_latest.pth.tar
[2024-01-23 15:03:03] Saved Epoch 10/100 | Discriminator Loss: 0.036468 | Generator Loss: 5.198504
[2024-01-23 15:05:04] GPU 1: Epoch 11/100 | Discriminator Loss: 0.202201 | Generator Loss: 6.122410
[2024-01-23 15:05:04] GPU 0: Epoch 11/100 | Discriminator Loss: 0.077786 | Generator Loss: 6.556814
[2024-01-23 15:07:03] GPU 1: Epoch 12/100 | Discriminator Loss: 0.964605 | Generator Loss: 7.760715
[2024-01-23 15:07:03] GPU 0: Epoch 12/100 | Discriminator Loss: 0.631313 | Generator Loss: 7.677349
[2024-01-23 15:09:06] GPU 1: Epoch 13/100 | Discriminator Loss: 0.005989 | Generator Loss: 6.556974
[2024-01-23 15:09:06] GPU 0: Epoch 13/100 | Discriminator Loss: 0.004278 | Generator Loss: 6.109045
[2024-01-23 15:10:59] GPU 0: Epoch 14/100 | Discriminator Loss: 0.016922 | Generator Loss: 5.009633
[2024-01-23 15:10:59] GPU 1: Epoch 14/100 | Discriminator Loss: 0.017425 | Generator Loss: 5.400396
[2024-01-23 15:13:00] GPU 1: Epoch 15/100 | Discriminator Loss: 0.078886 | Generator Loss: 5.917238
[2024-01-23 15:13:00] GPU 0: Epoch 15/100 | Discriminator Loss: 0.069799 | Generator Loss: 5.896809
[2024-01-23 15:15:03] GPU 1: Epoch 16/100 | Discriminator Loss: 0.019424 | Generator Loss: 8.496716
[2024-01-23 15:15:03] GPU 0: Epoch 16/100 | Discriminator Loss: 0.010853 | Generator Loss: 7.757755
[2024-01-23 15:16:56] GPU 0: Epoch 17/100 | Discriminator Loss: 0.011719 | Generator Loss: 5.426538
[2024-01-23 15:16:56] GPU 1: Epoch 17/100 | Discriminator Loss: 0.008914 | Generator Loss: 5.583803
[2024-01-23 15:18:55] GPU 1: Epoch 18/100 | Discriminator Loss: 0.005569 | Generator Loss: 7.037159
[2024-01-23 15:18:55] GPU 0: Epoch 18/100 | Discriminator Loss: 0.007015 | Generator Loss: 6.746727
[2024-01-23 15:20:52] GPU 0: Epoch 19/100 | Discriminator Loss: 0.003301 | Generator Loss: 7.335152
[2024-01-23 15:20:52] GPU 1: Epoch 19/100 | Discriminator Loss: 0.008736 | Generator Loss: 6.151931
[2024-01-23 15:22:47] GPU 1: Epoch 20/100 | Discriminator Loss: 0.007378 | Generator Loss: 6.429272
[2024-01-23 15:22:48] Saved latest checkpoint ll_lb_latest.pth.tar
[2024-01-23 15:22:48] Saved Epoch 20/100 | Discriminator Loss: 0.005765 | Generator Loss: 6.449411
[2024-01-23 15:24:49] GPU 1: Epoch 21/100 | Discriminator Loss: 0.114233 | Generator Loss: 6.627205
[2024-01-23 15:24:49] GPU 0: Epoch 21/100 | Discriminator Loss: 0.057593 | Generator Loss: 7.109581
[2024-01-23 15:26:42] GPU 0: Epoch 22/100 | Discriminator Loss: 0.033496 | Generator Loss: 5.446513
[2024-01-23 15:26:42] GPU 1: Epoch 22/100 | Discriminator Loss: 0.040836 | Generator Loss: 5.072698
[2024-01-23 15:28:38] GPU 1: Epoch 23/100 | Discriminator Loss: 0.036108 | Generator Loss: 9.425742
[2024-01-23 15:28:38] GPU 0: Epoch 23/100 | Discriminator Loss: 0.435615 | Generator Loss: 9.672453
[2024-01-23 15:30:38] GPU 0: Epoch 24/100 | Discriminator Loss: 0.042947 | Generator Loss: 6.187035
[2024-01-23 15:30:38] GPU 1: Epoch 24/100 | Discriminator Loss: 0.061749 | Generator Loss: 6.425415
[2024-01-23 15:32:38] GPU 1: Epoch 25/100 | Discriminator Loss: 0.041104 | Generator Loss: 7.174287
[2024-01-23 15:32:38] GPU 0: Epoch 25/100 | Discriminator Loss: 0.033623 | Generator Loss: 6.745798
[2024-01-23 15:34:41] GPU 1: Epoch 26/100 | Discriminator Loss: 0.007776 | Generator Loss: 8.501902
[2024-01-23 15:34:41] GPU 0: Epoch 26/100 | Discriminator Loss: 0.020391 | Generator Loss: 7.514228
[2024-01-23 15:36:47] GPU 1: Epoch 27/100 | Discriminator Loss: 0.007570 | Generator Loss: 7.275500
[2024-01-23 15:36:47] GPU 0: Epoch 27/100 | Discriminator Loss: 0.007444 | Generator Loss: 7.511207
[2024-01-23 15:38:48] GPU 0: Epoch 28/100 | Discriminator Loss: 0.012332 | Generator Loss: 5.464651
[2024-01-23 15:38:48] GPU 1: Epoch 28/100 | Discriminator Loss: 0.025918 | Generator Loss: 5.264189
[2024-01-23 15:40:58] GPU 0: Epoch 29/100 | Discriminator Loss: 0.016401 | Generator Loss: 5.341664
[2024-01-23 15:40:58] GPU 1: Epoch 29/100 | Discriminator Loss: 0.009586 | Generator Loss: 5.693948
[2024-01-23 15:42:57] GPU 1: Epoch 30/100 | Discriminator Loss: 0.021586 | Generator Loss: 5.166458
[2024-01-23 15:42:58] Saved latest checkpoint ll_lb_latest.pth.tar
[2024-01-23 15:42:58] Saved Epoch 30/100 | Discriminator Loss: 0.013070 | Generator Loss: 5.329450
[2024-01-23 15:45:01] GPU 1: Epoch 31/100 | Discriminator Loss: 0.009101 | Generator Loss: 7.866371
[2024-01-23 15:45:01] GPU 0: Epoch 31/100 | Discriminator Loss: 0.633539 | Generator Loss: 8.081576
[2024-01-23 15:46:12] Saved new best_loss_d checkpoint ll_lb_best_loss_d.pth.tar
[2024-01-23 15:46:12] Saved Epoch 32/100 | Discriminator Loss: 0.000003 | Generator Loss: 14.984360
[2024-01-23 15:46:59] GPU 0: Epoch 32/100 | Discriminator Loss: 0.025047 | Generator Loss: 4.753064
[2024-01-23 15:46:59] GPU 1: Epoch 32/100 | Discriminator Loss: 0.019595 | Generator Loss: 5.109275
[2024-01-23 15:49:05] GPU 1: Epoch 33/100 | Discriminator Loss: 0.010969 | Generator Loss: 6.731786
[2024-01-23 15:49:05] GPU 0: Epoch 33/100 | Discriminator Loss: 0.019721 | Generator Loss: 7.489320
[2024-01-23 15:50:56] GPU 0: Epoch 34/100 | Discriminator Loss: 0.007389 | Generator Loss: 5.812989
[2024-01-23 15:50:56] GPU 1: Epoch 34/100 | Discriminator Loss: 0.005928 | Generator Loss: 5.854936
[2024-01-23 15:52:53] GPU 0: Epoch 35/100 | Discriminator Loss: 0.010739 | Generator Loss: 5.862113
[2024-01-23 15:52:53] GPU 1: Epoch 35/100 | Discriminator Loss: 0.008069 | Generator Loss: 6.373685
[2024-01-23 15:54:52] GPU 0: Epoch 36/100 | Discriminator Loss: 0.008310 | Generator Loss: 4.845544
[2024-01-23 15:54:52] GPU 1: Epoch 36/100 | Discriminator Loss: 0.003554 | Generator Loss: 5.673946
[2024-01-23 15:56:55] GPU 1: Epoch 37/100 | Discriminator Loss: 0.028313 | Generator Loss: 6.640371
[2024-01-23 15:56:55] GPU 0: Epoch 37/100 | Discriminator Loss: 0.078036 | Generator Loss: 6.814832
[2024-01-23 15:58:52] GPU 1: Epoch 38/100 | Discriminator Loss: 0.017102 | Generator Loss: 5.353300
[2024-01-23 15:58:52] GPU 0: Epoch 38/100 | Discriminator Loss: 0.012724 | Generator Loss: 6.019172
[2024-01-23 16:00:54] GPU 1: Epoch 39/100 | Discriminator Loss: 0.030915 | Generator Loss: 5.656394
[2024-01-23 16:00:54] GPU 0: Epoch 39/100 | Discriminator Loss: 0.032133 | Generator Loss: 6.187121
[2024-01-23 16:02:52] GPU 1: Epoch 40/100 | Discriminator Loss: 0.296913 | Generator Loss: 9.195899
[2024-01-23 16:02:53] Saved latest checkpoint ll_lb_latest.pth.tar
[2024-01-23 16:02:53] Saved Epoch 40/100 | Discriminator Loss: 0.305042 | Generator Loss: 7.555305
[2024-01-23 16:04:50] GPU 1: Epoch 41/100 | Discriminator Loss: 0.005736 | Generator Loss: 6.139526
[2024-01-23 16:04:50] GPU 0: Epoch 41/100 | Discriminator Loss: 0.003438 | Generator Loss: 6.134889
[2024-01-23 16:06:44] GPU 0: Epoch 42/100 | Discriminator Loss: 0.009867 | Generator Loss: 5.264494
[2024-01-23 16:06:44] GPU 1: Epoch 42/100 | Discriminator Loss: 0.011247 | Generator Loss: 5.439940
[2024-01-23 16:08:42] GPU 1: Epoch 43/100 | Discriminator Loss: 0.021234 | Generator Loss: 5.424556
[2024-01-23 16:08:42] GPU 0: Epoch 43/100 | Discriminator Loss: 0.014720 | Generator Loss: 5.912075
[2024-01-23 16:10:44] GPU 0: Epoch 44/100 | Discriminator Loss: 0.023913 | Generator Loss: 5.309085
[2024-01-23 16:10:44] GPU 1: Epoch 44/100 | Discriminator Loss: 0.009354 | Generator Loss: 6.418579
[2024-01-23 16:11:33] Saved new best_loss_d checkpoint ll_lb_best_loss_d.pth.tar
[2024-01-23 16:11:33] Saved Epoch 45/100 | Discriminator Loss: 0.000001 | Generator Loss: 16.661285
[2024-01-23 16:12:45] GPU 0: Epoch 45/100 | Discriminator Loss: 0.018466 | Generator Loss: 5.877416
[2024-01-23 16:12:45] GPU 1: Epoch 45/100 | Discriminator Loss: 0.020939 | Generator Loss: 5.404723
[2024-01-23 16:14:54] GPU 1: Epoch 46/100 | Discriminator Loss: 0.002691 | Generator Loss: 7.512622
[2024-01-23 16:14:54] GPU 0: Epoch 46/100 | Discriminator Loss: 0.005240 | Generator Loss: 6.036733
[2024-01-23 16:16:47] GPU 1: Epoch 47/100 | Discriminator Loss: 0.008407 | Generator Loss: 5.288971
[2024-01-23 16:16:47] GPU 0: Epoch 47/100 | Discriminator Loss: 0.009369 | Generator Loss: 5.477942
[2024-01-23 16:18:43] GPU 0: Epoch 48/100 | Discriminator Loss: 0.020029 | Generator Loss: 5.664285
[2024-01-23 16:18:43] GPU 1: Epoch 48/100 | Discriminator Loss: 0.011452 | Generator Loss: 5.780898
[2024-01-23 16:20:39] GPU 0: Epoch 49/100 | Discriminator Loss: 0.005036 | Generator Loss: 6.213917
[2024-01-23 16:20:39] GPU 1: Epoch 49/100 | Discriminator Loss: 0.020976 | Generator Loss: 5.409973
[2024-01-23 16:22:34] GPU 1: Epoch 50/100 | Discriminator Loss: 0.003143 | Generator Loss: 6.198114
[2024-01-23 16:22:35] Saved latest checkpoint ll_lb_latest.pth.tar
[2024-01-23 16:22:35] Saved Epoch 50/100 | Discriminator Loss: 0.001018 | Generator Loss: 7.691581
[2024-01-23 16:24:30] GPU 1: Epoch 51/100 | Discriminator Loss: 0.003077 | Generator Loss: 6.951718
[2024-01-23 16:24:30] GPU 0: Epoch 51/100 | Discriminator Loss: 0.003929 | Generator Loss: 6.642178
[2024-01-23 16:26:33] GPU 0: Epoch 52/100 | Discriminator Loss: 0.007053 | Generator Loss: 5.855445
[2024-01-23 16:26:33] GPU 1: Epoch 52/100 | Discriminator Loss: 0.009677 | Generator Loss: 5.556476
[2024-01-23 16:28:35] GPU 0: Epoch 53/100 | Discriminator Loss: 0.004595 | Generator Loss: 8.478270
[2024-01-23 16:28:35] GPU 1: Epoch 53/100 | Discriminator Loss: 0.006612 | Generator Loss: 8.316004
[2024-01-23 16:30:35] GPU 0: Epoch 54/100 | Discriminator Loss: 0.000645 | Generator Loss: 8.539286
[2024-01-23 16:30:35] GPU 1: Epoch 54/100 | Discriminator Loss: 0.001762 | Generator Loss: 8.641129
[2024-01-23 16:32:33] GPU 1: Epoch 55/100 | Discriminator Loss: 0.007922 | Generator Loss: 6.541706
[2024-01-23 16:32:33] GPU 0: Epoch 55/100 | Discriminator Loss: 0.002200 | Generator Loss: 7.535657
[2024-01-23 16:34:39] GPU 1: Epoch 56/100 | Discriminator Loss: 0.000350 | Generator Loss: 8.404675
[2024-01-23 16:34:39] GPU 0: Epoch 56/100 | Discriminator Loss: 0.000287 | Generator Loss: 8.577534
[2024-01-23 16:36:34] GPU 1: Epoch 57/100 | Discriminator Loss: 0.000249 | Generator Loss: 9.067412
[2024-01-23 16:36:34] GPU 0: Epoch 57/100 | Discriminator Loss: 0.000415 | Generator Loss: 8.888210
[2024-01-23 16:37:55] Saved new best_loss_d checkpoint ll_lb_best_loss_d.pth.tar
[2024-01-23 16:37:55] Saved Epoch 58/100 | Discriminator Loss: 0.000000 | Generator Loss: 15.271969
[2024-01-23 16:38:16] Saved new best_loss_d checkpoint ll_lb_best_loss_d.pth.tar
[2024-01-23 16:38:16] Saved Epoch 58/100 | Discriminator Loss: 0.000000 | Generator Loss: 38.757614
[2024-01-23 16:38:40] GPU 0: Epoch 58/100 | Discriminator Loss: 0.004686 | Generator Loss: 6.860147
[2024-01-23 16:38:40] GPU 1: Epoch 58/100 | Discriminator Loss: 0.005164 | Generator Loss: 7.098447
[2024-01-23 16:40:39] GPU 1: Epoch 59/100 | Discriminator Loss: 0.000490 | Generator Loss: 8.440309
[2024-01-23 16:40:39] GPU 0: Epoch 59/100 | Discriminator Loss: 0.000930 | Generator Loss: 7.991252
[2024-01-23 16:42:38] GPU 1: Epoch 60/100 | Discriminator Loss: 0.009020 | Generator Loss: 6.263434
[2024-01-23 16:42:39] Saved latest checkpoint ll_lb_latest.pth.tar
[2024-01-23 16:42:39] Saved Epoch 60/100 | Discriminator Loss: 0.007337 | Generator Loss: 6.399491
[2024-01-23 16:44:37] GPU 1: Epoch 61/100 | Discriminator Loss: 0.000332 | Generator Loss: 8.516541
[2024-01-23 16:44:37] GPU 0: Epoch 61/100 | Discriminator Loss: 0.000651 | Generator Loss: 8.070437
[2024-01-23 16:46:39] GPU 0: Epoch 62/100 | Discriminator Loss: 0.001974 | Generator Loss: 7.599052
[2024-01-23 16:46:39] GPU 1: Epoch 62/100 | Discriminator Loss: 0.002609 | Generator Loss: 7.631262
[2024-01-23 16:48:41] GPU 1: Epoch 63/100 | Discriminator Loss: 0.001667 | Generator Loss: 7.381410
[2024-01-23 16:48:41] GPU 0: Epoch 63/100 | Discriminator Loss: 0.001439 | Generator Loss: 7.247884
[2024-01-23 16:50:40] GPU 1: Epoch 64/100 | Discriminator Loss: 0.000786 | Generator Loss: 7.323515
[2024-01-23 16:50:40] GPU 0: Epoch 64/100 | Discriminator Loss: 0.018079 | Generator Loss: 8.310808
[2024-01-23 16:52:45] GPU 1: Epoch 65/100 | Discriminator Loss: 0.000150 | Generator Loss: 10.726257
[2024-01-23 16:52:45] GPU 0: Epoch 65/100 | Discriminator Loss: 0.000236 | Generator Loss: 9.234509
[2024-01-23 16:54:45] GPU 1: Epoch 66/100 | Discriminator Loss: 0.000727 | Generator Loss: 7.603689
[2024-01-23 16:54:45] GPU 0: Epoch 66/100 | Discriminator Loss: 0.000785 | Generator Loss: 7.321159
[2024-01-23 16:56:46] GPU 1: Epoch 67/100 | Discriminator Loss: 0.002036 | Generator Loss: 7.920860
[2024-01-23 16:56:46] GPU 0: Epoch 67/100 | Discriminator Loss: 0.001307 | Generator Loss: 6.987455
[2024-01-23 16:58:43] GPU 1: Epoch 68/100 | Discriminator Loss: 0.008822 | Generator Loss: 10.559596
[2024-01-23 16:58:43] GPU 0: Epoch 68/100 | Discriminator Loss: 0.006745 | Generator Loss: 10.614826
[2024-01-23 17:00:48] GPU 1: Epoch 69/100 | Discriminator Loss: 0.000176 | Generator Loss: 11.650475
[2024-01-23 17:00:48] GPU 0: Epoch 69/100 | Discriminator Loss: 0.000334 | Generator Loss: 10.939102
[2024-01-23 17:02:48] GPU 1: Epoch 70/100 | Discriminator Loss: 0.012092 | Generator Loss: 7.261685
[2024-01-23 17:02:49] Saved latest checkpoint ll_lb_latest.pth.tar
[2024-01-23 17:02:49] Saved Epoch 70/100 | Discriminator Loss: 0.010925 | Generator Loss: 6.388542
[2024-01-23 17:04:49] GPU 1: Epoch 71/100 | Discriminator Loss: 0.002161 | Generator Loss: 6.531162
[2024-01-23 17:04:49] GPU 0: Epoch 71/100 | Discriminator Loss: 0.002053 | Generator Loss: 8.564640
[2024-01-23 17:06:56] GPU 1: Epoch 72/100 | Discriminator Loss: 0.002878 | Generator Loss: 6.881561
[2024-01-23 17:06:56] GPU 0: Epoch 72/100 | Discriminator Loss: 0.005632 | Generator Loss: 5.977238
[2024-01-23 17:09:02] GPU 1: Epoch 73/100 | Discriminator Loss: 0.003450 | Generator Loss: 6.108698
[2024-01-23 17:09:02] GPU 0: Epoch 73/100 | Discriminator Loss: 0.001859 | Generator Loss: 6.894304
[2024-01-23 17:11:01] GPU 0: Epoch 74/100 | Discriminator Loss: 0.000649 | Generator Loss: 8.530512
[2024-01-23 17:11:01] GPU 1: Epoch 74/100 | Discriminator Loss: 0.000757 | Generator Loss: 7.770400
[2024-01-23 17:13:05] GPU 1: Epoch 75/100 | Discriminator Loss: 0.001280 | Generator Loss: 7.225861
[2024-01-23 17:13:05] GPU 0: Epoch 75/100 | Discriminator Loss: 0.001671 | Generator Loss: 7.194667
[2024-01-23 17:15:08] GPU 1: Epoch 76/100 | Discriminator Loss: 0.000186 | Generator Loss: 9.159933
[2024-01-23 17:15:08] GPU 0: Epoch 76/100 | Discriminator Loss: 0.000237 | Generator Loss: 8.749834
[2024-01-23 17:17:06] GPU 1: Epoch 77/100 | Discriminator Loss: 0.000671 | Generator Loss: 7.860205
[2024-01-23 17:17:06] GPU 0: Epoch 77/100 | Discriminator Loss: 0.000851 | Generator Loss: 7.563386
[2024-01-23 17:19:05] GPU 1: Epoch 78/100 | Discriminator Loss: 0.003307 | Generator Loss: 7.071856
[2024-01-23 17:19:05] GPU 0: Epoch 78/100 | Discriminator Loss: 0.001147 | Generator Loss: 7.914860
[2024-01-23 17:21:08] GPU 1: Epoch 79/100 | Discriminator Loss: 0.000066 | Generator Loss: 10.400906
[2024-01-23 17:21:08] GPU 0: Epoch 79/100 | Discriminator Loss: 0.000239 | Generator Loss: 10.067098
[2024-01-23 17:23:07] GPU 1: Epoch 80/100 | Discriminator Loss: 0.000557 | Generator Loss: 7.686517
[2024-01-23 17:23:08] Saved latest checkpoint ll_lb_latest.pth.tar
[2024-01-23 17:23:08] Saved Epoch 80/100 | Discriminator Loss: 0.000841 | Generator Loss: 7.327914
[2024-01-23 17:25:05] GPU 0: Epoch 81/100 | Discriminator Loss: 0.001328 | Generator Loss: 6.913444
[2024-01-23 17:25:05] GPU 1: Epoch 81/100 | Discriminator Loss: 0.001004 | Generator Loss: 7.502505
[2024-01-23 17:27:00] GPU 0: Epoch 82/100 | Discriminator Loss: 0.000091 | Generator Loss: 10.066472
[2024-01-23 17:27:00] GPU 1: Epoch 82/100 | Discriminator Loss: 0.000080 | Generator Loss: 10.046810
[2024-01-23 17:28:54] GPU 1: Epoch 83/100 | Discriminator Loss: 0.000225 | Generator Loss: 9.101044
[2024-01-23 17:28:54] GPU 0: Epoch 83/100 | Discriminator Loss: 0.000275 | Generator Loss: 9.044365
[2024-01-23 17:30:53] GPU 1: Epoch 84/100 | Discriminator Loss: 0.000141 | Generator Loss: 10.038906
[2024-01-23 17:30:53] GPU 0: Epoch 84/100 | Discriminator Loss: 0.000034 | Generator Loss: 12.132626
[2024-01-23 17:32:55] GPU 0: Epoch 85/100 | Discriminator Loss: 0.000133 | Generator Loss: 9.663188
[2024-01-23 17:32:55] GPU 1: Epoch 85/100 | Discriminator Loss: 0.000176 | Generator Loss: 9.504448
[2024-01-23 17:34:57] GPU 1: Epoch 86/100 | Discriminator Loss: 0.000046 | Generator Loss: 11.107089
[2024-01-23 17:34:57] GPU 0: Epoch 86/100 | Discriminator Loss: 0.000132 | Generator Loss: 10.309149
[2024-01-23 17:36:51] GPU 0: Epoch 87/100 | Discriminator Loss: 0.003618 | Generator Loss: 7.040642
[2024-01-23 17:36:51] GPU 1: Epoch 87/100 | Discriminator Loss: 0.003346 | Generator Loss: 7.005254
[2024-01-23 17:38:50] GPU 1: Epoch 88/100 | Discriminator Loss: 0.001142 | Generator Loss: 8.232993
[2024-01-23 17:38:50] GPU 0: Epoch 88/100 | Discriminator Loss: 0.003133 | Generator Loss: 7.281873
[2024-01-23 17:40:52] GPU 1: Epoch 89/100 | Discriminator Loss: 0.000418 | Generator Loss: 8.684361
[2024-01-23 17:40:52] GPU 0: Epoch 89/100 | Discriminator Loss: 0.002741 | Generator Loss: 8.092226
[2024-01-23 17:42:50] GPU 1: Epoch 90/100 | Discriminator Loss: 0.000303 | Generator Loss: 8.956269
[2024-01-23 17:42:51] Saved latest checkpoint ll_lb_latest.pth.tar
[2024-01-23 17:42:51] Saved Epoch 90/100 | Discriminator Loss: 0.000075 | Generator Loss: 11.926325
[2024-01-23 17:44:56] GPU 1: Epoch 91/100 | Discriminator Loss: 0.000221 | Generator Loss: 9.650759
[2024-01-23 17:44:56] GPU 0: Epoch 91/100 | Discriminator Loss: 0.000203 | Generator Loss: 10.660217
[2024-01-23 17:46:54] GPU 1: Epoch 92/100 | Discriminator Loss: 0.000914 | Generator Loss: 7.779934
[2024-01-23 17:46:54] GPU 0: Epoch 92/100 | Discriminator Loss: 0.000682 | Generator Loss: 8.173826
[2024-01-23 17:48:56] GPU 1: Epoch 93/100 | Discriminator Loss: 0.000213 | Generator Loss: 8.862423
[2024-01-23 17:48:56] GPU 0: Epoch 93/100 | Discriminator Loss: 0.000293 | Generator Loss: 8.646732
[2024-01-23 17:50:59] GPU 0: Epoch 94/100 | Discriminator Loss: 0.000065 | Generator Loss: 11.348190
[2024-01-23 17:50:59] GPU 1: Epoch 94/100 | Discriminator Loss: 0.000101 | Generator Loss: 10.454111
[2024-01-23 17:52:59] GPU 1: Epoch 95/100 | Discriminator Loss: 0.000029 | Generator Loss: 11.312018
[2024-01-23 17:52:59] GPU 0: Epoch 95/100 | Discriminator Loss: 0.000018 | Generator Loss: 11.379791
[2024-01-23 17:54:53] GPU 1: Epoch 96/100 | Discriminator Loss: 0.000033 | Generator Loss: 10.763133
[2024-01-23 17:54:53] GPU 0: Epoch 96/100 | Discriminator Loss: 0.000044 | Generator Loss: 10.776950
[2024-01-23 17:56:51] GPU 1: Epoch 97/100 | Discriminator Loss: 0.000032 | Generator Loss: 11.212219
[2024-01-23 17:56:51] GPU 0: Epoch 97/100 | Discriminator Loss: 0.000038 | Generator Loss: 10.868060
[2024-01-23 17:58:54] GPU 1: Epoch 98/100 | Discriminator Loss: 0.000142 | Generator Loss: 11.501399
[2024-01-23 17:58:54] GPU 0: Epoch 98/100 | Discriminator Loss: 0.000027 | Generator Loss: 13.593013
[2024-01-23 18:00:52] GPU 1: Epoch 99/100 | Discriminator Loss: 0.000935 | Generator Loss: 9.936205
[2024-01-23 18:00:52] GPU 0: Epoch 99/100 | Discriminator Loss: 0.000450 | Generator Loss: 8.790940
[2024-01-23 18:00:52] Epoch 100/100 | Discriminator Loss: 0.000450 | Generator Loss: 8.790940
[2024-01-23 18:00:53] Saved checkpoint ll_lb_terminated.pth.tar.
