[2023-12-04 13:26:04] Loaded checkpoint hl_hb.pth.tar in local epoch 0 | best_loss_g: inf | best_loss_d_closest_to_half: inf | best_loss_d: inf 
[2023-12-04 13:26:14] Saved new best_loss_g checkpoint hl_hb_best_loss_g.pth.tar
[2023-12-04 13:26:14] Saved Epoch 0/100 | Discriminator Loss: 1.384430 | Generator Loss: 16.934870
[2023-12-04 13:26:16] Saved new best_loss_d checkpoint hl_hb_best_loss_d.pth.tar
[2023-12-04 13:26:16] Saved Epoch 0/100 | Discriminator Loss: 1.384430 | Generator Loss: 16.934870
[2023-12-04 13:26:19] Saved new best_loss_d_closest_to_half checkpoint hl_hb_best_loss_closest_to_half.pth.tar
[2023-12-04 13:26:19] Saved Epoch 0/100 | Discriminator Loss: 1.384430 | Generator Loss: 16.934870
[2023-12-04 13:26:29] Saved new best_loss_g checkpoint hl_hb_best_loss_g.pth.tar
[2023-12-04 13:26:29] Saved Epoch 0/100 | Discriminator Loss: 0.000024 | Generator Loss: 15.329406
[2023-12-04 13:26:31] Saved new best_loss_d checkpoint hl_hb_best_loss_d.pth.tar
[2023-12-04 13:26:31] Saved Epoch 0/100 | Discriminator Loss: 0.000024 | Generator Loss: 15.329406
[2023-12-04 13:26:34] Saved new best_loss_d_closest_to_half checkpoint hl_hb_best_loss_closest_to_half.pth.tar
[2023-12-04 13:26:34] Saved Epoch 0/100 | Discriminator Loss: 0.000024 | Generator Loss: 15.329406
[2023-12-04 13:26:44] Saved new best_loss_g checkpoint hl_hb_best_loss_g.pth.tar
[2023-12-04 13:26:44] Saved Epoch 0/100 | Discriminator Loss: 0.000036 | Generator Loss: 12.134479
[2023-12-04 13:26:46] Saved new best_loss_d_closest_to_half checkpoint hl_hb_best_loss_closest_to_half.pth.tar
[2023-12-04 13:26:46] Saved Epoch 0/100 | Discriminator Loss: 0.000036 | Generator Loss: 12.134479
[2023-12-04 13:26:57] Saved new best_loss_g checkpoint hl_hb_best_loss_g.pth.tar
[2023-12-04 13:26:57] Saved Epoch 0/100 | Discriminator Loss: 0.549485 | Generator Loss: 3.270962
[2023-12-04 13:27:00] Saved new best_loss_d_closest_to_half checkpoint hl_hb_best_loss_closest_to_half.pth.tar
[2023-12-04 13:27:00] Saved Epoch 0/100 | Discriminator Loss: 0.549485 | Generator Loss: 3.270962
[2023-12-04 13:27:50] Saved new best_loss_d checkpoint hl_hb_best_loss_d.pth.tar
[2023-12-04 13:27:50] Saved Epoch 0/100 | Discriminator Loss: 0.000009 | Generator Loss: 12.391984
[2023-12-04 13:33:24] Epoch 0/100 | Discriminator Loss: 1.791056 | Generator Loss: 12.171274
[2023-12-04 13:34:06] Saved new best_loss_d_closest_to_half checkpoint hl_hb_best_loss_closest_to_half.pth.tar
[2023-12-04 13:34:06] Saved Epoch 1/100 | Discriminator Loss: 0.456838 | Generator Loss: 6.863561
[2023-12-04 13:34:20] Saved new best_loss_g checkpoint hl_hb_best_loss_g.pth.tar
[2023-12-04 13:34:20] Saved Epoch 1/100 | Discriminator Loss: 2.221201 | Generator Loss: 2.770344
[2023-12-04 13:34:26] Saved new best_loss_g checkpoint hl_hb_best_loss_g.pth.tar
[2023-12-04 13:34:26] Saved Epoch 1/100 | Discriminator Loss: 0.607093 | Generator Loss: 1.630836
[2023-12-04 13:34:39] Epoch 1/100 | Discriminator Loss: 0.276632 | Generator Loss: 6.402576
[2023-12-04 13:34:44] Saved new best_loss_g checkpoint hl_hb_best_loss_g.pth.tar
[2023-12-04 13:34:44] Saved Epoch 2/100 | Discriminator Loss: 3.992075 | Generator Loss: 1.440089
[2023-12-04 13:34:52] Saved new best_loss_g checkpoint hl_hb_best_loss_g.pth.tar
[2023-12-04 13:34:52] Saved Epoch 2/100 | Discriminator Loss: 2.456701 | Generator Loss: 1.245896
[2023-12-04 13:35:10] Saved new best_loss_d_closest_to_half checkpoint hl_hb_best_loss_closest_to_half.pth.tar
[2023-12-04 13:35:10] Saved Epoch 2/100 | Discriminator Loss: 0.514557 | Generator Loss: 4.465191
[2023-12-04 13:35:17] Saved new best_loss_d_closest_to_half checkpoint hl_hb_best_loss_closest_to_half.pth.tar
[2023-12-04 13:35:17] Saved Epoch 2/100 | Discriminator Loss: 0.492691 | Generator Loss: 4.635823
[2023-12-04 13:35:30] Saved new best_loss_g checkpoint hl_hb_best_loss_g.pth.tar
[2023-12-04 13:35:30] Saved Epoch 2/100 | Discriminator Loss: 5.378730 | Generator Loss: 0.179794
[2023-12-04 13:35:58] Epoch 2/100 | Discriminator Loss: 0.194316 | Generator Loss: 4.820129
[2023-12-04 13:36:25] Saved new best_loss_g checkpoint hl_hb_best_loss_g.pth.tar
[2023-12-04 13:36:25] Saved Epoch 3/100 | Discriminator Loss: 4.632967 | Generator Loss: 0.164493
[2023-12-04 13:37:06] Epoch 3/100 | Discriminator Loss: 0.846629 | Generator Loss: 4.494014
[2023-12-04 13:38:12] Epoch 4/100 | Discriminator Loss: 0.013746 | Generator Loss: 7.583400
[2023-12-04 13:39:17] Epoch 5/100 | Discriminator Loss: 0.000306 | Generator Loss: 9.295166
[2023-12-04 13:40:22] Epoch 6/100 | Discriminator Loss: 0.001086 | Generator Loss: 7.220792
[2023-12-04 13:41:28] Epoch 7/100 | Discriminator Loss: 0.003159 | Generator Loss: 6.520981
[2023-12-04 13:42:32] Epoch 8/100 | Discriminator Loss: 0.000646 | Generator Loss: 8.887368
[2023-12-04 13:43:38] Epoch 9/100 | Discriminator Loss: 0.000491 | Generator Loss: 8.126527
[2023-12-04 13:44:42] Epoch 10/100 | Discriminator Loss: 0.000761 | Generator Loss: 7.803954
[2023-12-04 13:45:47] Epoch 11/100 | Discriminator Loss: 0.000728 | Generator Loss: 7.839910
[2023-12-04 13:46:51] Epoch 12/100 | Discriminator Loss: 0.000295 | Generator Loss: 8.474189
[2023-12-04 13:47:58] Epoch 13/100 | Discriminator Loss: 0.000183 | Generator Loss: 8.856970
[2023-12-04 13:49:02] Epoch 14/100 | Discriminator Loss: 0.000357 | Generator Loss: 8.386046
[2023-12-04 13:50:07] Epoch 15/100 | Discriminator Loss: 0.001101 | Generator Loss: 7.854851
[2023-12-04 13:51:13] Epoch 16/100 | Discriminator Loss: 0.000192 | Generator Loss: 8.854233
[2023-12-04 13:52:18] Epoch 17/100 | Discriminator Loss: 0.000283 | Generator Loss: 8.644288
[2023-12-04 13:53:23] Epoch 18/100 | Discriminator Loss: 0.000485 | Generator Loss: 8.197765
[2023-12-04 13:54:28] Epoch 19/100 | Discriminator Loss: 0.000369 | Generator Loss: 8.237963
[2023-12-04 13:55:27] Saved new best_loss_d checkpoint hl_hb_best_loss_d.pth.tar
[2023-12-04 13:55:27] Saved Epoch 20/100 | Discriminator Loss: 0.000008 | Generator Loss: 11.871601
[2023-12-04 13:55:36] Epoch 20/100 | Discriminator Loss: 0.000871 | Generator Loss: 10.741120
[2023-12-04 13:56:40] Epoch 21/100 | Discriminator Loss: 0.000311 | Generator Loss: 8.538774
[2023-12-04 13:57:44] Epoch 22/100 | Discriminator Loss: 0.000230 | Generator Loss: 8.844012
[2023-12-04 13:58:48] Epoch 23/100 | Discriminator Loss: 0.000084 | Generator Loss: 9.554399
[2023-12-04 13:59:49] Saved new best_loss_d checkpoint hl_hb_best_loss_d.pth.tar
[2023-12-04 13:59:49] Saved Epoch 24/100 | Discriminator Loss: 0.000004 | Generator Loss: 12.436103
[2023-12-04 13:59:55] Epoch 24/100 | Discriminator Loss: 0.028512 | Generator Loss: 8.220369
[2023-12-04 14:01:01] Saved latest checkpoint hl_hb_latest.pth.tar
[2023-12-04 14:01:01] Saved Epoch 25/100 | Discriminator Loss: 0.000349 | Generator Loss: 9.828976
[2023-12-04 14:02:06] Epoch 26/100 | Discriminator Loss: 0.000071 | Generator Loss: 9.716310
[2023-12-04 14:03:10] Epoch 27/100 | Discriminator Loss: 0.000101 | Generator Loss: 9.371268
[2023-12-04 14:04:14] Epoch 28/100 | Discriminator Loss: 0.000063 | Generator Loss: 9.818694
[2023-12-04 14:05:19] Epoch 29/100 | Discriminator Loss: 0.000057 | Generator Loss: 9.905708
[2023-12-04 14:06:24] Epoch 30/100 | Discriminator Loss: 0.000070 | Generator Loss: 10.588825
[2023-12-04 14:07:28] Epoch 31/100 | Discriminator Loss: 0.000032 | Generator Loss: 10.773992
[2023-12-04 14:07:49] Saved new best_loss_d checkpoint hl_hb_best_loss_d.pth.tar
[2023-12-04 14:07:49] Saved Epoch 32/100 | Discriminator Loss: 0.000002 | Generator Loss: 13.854259
[2023-12-04 14:08:36] Epoch 32/100 | Discriminator Loss: 0.000020 | Generator Loss: 11.017215
[2023-12-04 14:09:40] Epoch 33/100 | Discriminator Loss: 0.000041 | Generator Loss: 10.388202
[2023-12-04 14:10:02] Saved new best_loss_d checkpoint hl_hb_best_loss_d.pth.tar
[2023-12-04 14:10:02] Saved Epoch 34/100 | Discriminator Loss: 0.000002 | Generator Loss: 16.868147
[2023-12-04 14:10:47] Epoch 34/100 | Discriminator Loss: 0.000034 | Generator Loss: 10.558292
[2023-12-04 14:11:35] Saved new best_loss_d checkpoint hl_hb_best_loss_d.pth.tar
[2023-12-04 14:11:35] Saved Epoch 35/100 | Discriminator Loss: 0.000001 | Generator Loss: 13.744449
[2023-12-04 14:11:55] Epoch 35/100 | Discriminator Loss: 0.000293 | Generator Loss: 8.998209
[2023-12-04 14:13:00] Epoch 36/100 | Discriminator Loss: 0.000095 | Generator Loss: 11.430943
[2023-12-04 14:14:04] Epoch 37/100 | Discriminator Loss: 0.000058 | Generator Loss: 10.402864
[2023-12-04 14:15:08] Epoch 38/100 | Discriminator Loss: 0.000119 | Generator Loss: 10.662032
[2023-12-04 14:16:13] Epoch 39/100 | Discriminator Loss: 0.000298 | Generator Loss: 10.991988
[2023-12-04 14:17:19] Saved new best_loss_d checkpoint hl_hb_best_loss_d.pth.tar
[2023-12-04 14:17:19] Saved Epoch 40/100 | Discriminator Loss: 0.000001 | Generator Loss: 18.284863
[2023-12-04 14:17:19] Epoch 40/100 | Discriminator Loss: 0.000001 | Generator Loss: 18.284863
[2023-12-04 14:18:23] Epoch 41/100 | Discriminator Loss: 0.000065 | Generator Loss: 10.123588
[2023-12-04 14:19:27] Epoch 42/100 | Discriminator Loss: 0.000025 | Generator Loss: 11.061092
[2023-12-04 14:20:31] Epoch 43/100 | Discriminator Loss: 0.000039 | Generator Loss: 10.637010
[2023-12-04 14:21:35] Epoch 44/100 | Discriminator Loss: 0.000038 | Generator Loss: 10.709925
[2023-12-04 14:22:39] Epoch 45/100 | Discriminator Loss: 0.000019 | Generator Loss: 11.133989
[2023-12-04 14:23:42] Epoch 46/100 | Discriminator Loss: 0.000014 | Generator Loss: 11.394566
[2023-12-04 14:24:47] Epoch 47/100 | Discriminator Loss: 0.000020 | Generator Loss: 10.995934
[2023-12-04 14:25:50] Epoch 48/100 | Discriminator Loss: 0.000015 | Generator Loss: 11.430094
[2023-12-04 14:26:56] Saved new best_loss_d checkpoint hl_hb_best_loss_d.pth.tar
[2023-12-04 14:26:56] Saved Epoch 49/100 | Discriminator Loss: 0.000001 | Generator Loss: 14.349817
[2023-12-04 14:26:57] Epoch 49/100 | Discriminator Loss: 0.000003 | Generator Loss: 13.062782
[2023-12-04 14:28:03] Saved latest checkpoint hl_hb_latest.pth.tar
[2023-12-04 14:28:03] Saved Epoch 50/100 | Discriminator Loss: 0.000147 | Generator Loss: 11.199487
[2023-12-04 14:28:31] Saved new best_loss_d checkpoint hl_hb_best_loss_d.pth.tar
[2023-12-04 14:28:31] Saved Epoch 51/100 | Discriminator Loss: 0.000001 | Generator Loss: 14.153793
[2023-12-04 14:29:10] Epoch 51/100 | Discriminator Loss: 0.000007 | Generator Loss: 12.021018
[2023-12-04 14:30:14] Epoch 52/100 | Discriminator Loss: 0.000017 | Generator Loss: 11.093582
[2023-12-04 14:31:18] Epoch 53/100 | Discriminator Loss: 0.000006 | Generator Loss: 12.224243
[2023-12-04 14:32:21] Epoch 54/100 | Discriminator Loss: 0.000016 | Generator Loss: 11.224131
[2023-12-04 14:33:27] Epoch 55/100 | Discriminator Loss: 0.000066 | Generator Loss: 10.572489
[2023-12-04 14:34:31] Epoch 56/100 | Discriminator Loss: 0.000004 | Generator Loss: 12.536847
[2023-12-04 14:35:35] Epoch 57/100 | Discriminator Loss: 0.000178 | Generator Loss: 12.010535
[2023-12-04 14:36:38] Epoch 58/100 | Discriminator Loss: 0.000017 | Generator Loss: 11.156488
[2023-12-04 14:37:43] Epoch 59/100 | Discriminator Loss: 0.000016 | Generator Loss: 11.809008
[2023-12-04 14:38:47] Epoch 60/100 | Discriminator Loss: 0.000008 | Generator Loss: 11.915300
[2023-12-04 14:39:51] Epoch 61/100 | Discriminator Loss: 0.000020 | Generator Loss: 11.109382
[2023-12-04 14:40:56] Epoch 62/100 | Discriminator Loss: 0.000030 | Generator Loss: 10.868622
[2023-12-04 14:42:00] Epoch 63/100 | Discriminator Loss: 0.000068 | Generator Loss: 10.479485
[2023-12-04 14:43:04] Epoch 64/100 | Discriminator Loss: 0.000049 | Generator Loss: 10.880166
[2023-12-04 14:44:08] Epoch 65/100 | Discriminator Loss: 0.000188 | Generator Loss: 11.998760
[2023-12-04 14:45:13] Epoch 66/100 | Discriminator Loss: 0.000069 | Generator Loss: 11.186363
[2023-12-04 14:46:18] Epoch 67/100 | Discriminator Loss: 0.000042 | Generator Loss: 11.532703
[2023-12-04 14:47:22] Epoch 68/100 | Discriminator Loss: 0.000142 | Generator Loss: 10.022475
[2023-12-04 14:48:27] Epoch 69/100 | Discriminator Loss: 0.001311 | Generator Loss: 10.885673
[2023-12-04 14:49:31] Epoch 70/100 | Discriminator Loss: 0.000005 | Generator Loss: 12.670389
[2023-12-04 14:50:35] Epoch 71/100 | Discriminator Loss: 0.000011 | Generator Loss: 11.631418
[2023-12-04 14:51:39] Saved new best_loss_d checkpoint hl_hb_best_loss_d.pth.tar
[2023-12-04 14:51:39] Saved Epoch 72/100 | Discriminator Loss: 0.000001 | Generator Loss: 14.421869
[2023-12-04 14:51:42] Epoch 72/100 | Discriminator Loss: 0.000004 | Generator Loss: 12.475845
[2023-12-04 14:52:01] Saved new best_loss_d checkpoint hl_hb_best_loss_d.pth.tar
[2023-12-04 14:52:01] Saved Epoch 73/100 | Discriminator Loss: 0.000000 | Generator Loss: 15.287354
[2023-12-04 14:52:06] Saved new best_loss_d checkpoint hl_hb_best_loss_d.pth.tar
[2023-12-04 14:52:06] Saved Epoch 73/100 | Discriminator Loss: 0.000000 | Generator Loss: 15.246058
[2023-12-04 14:52:52] Epoch 73/100 | Discriminator Loss: 0.000213 | Generator Loss: 11.577410
[2023-12-04 14:53:57] Epoch 74/100 | Discriminator Loss: 0.000006 | Generator Loss: 13.575425
[2023-12-04 14:55:04] Saved latest checkpoint hl_hb_latest.pth.tar
[2023-12-04 14:55:04] Saved Epoch 75/100 | Discriminator Loss: 0.000003 | Generator Loss: 14.129316
[2023-12-04 14:56:11] Saved new best_loss_d checkpoint hl_hb_best_loss_d.pth.tar
[2023-12-04 14:56:11] Saved Epoch 76/100 | Discriminator Loss: 0.000000 | Generator Loss: 15.432154
[2023-12-04 14:56:11] Epoch 76/100 | Discriminator Loss: 0.000719 | Generator Loss: 14.321148
[2023-12-04 14:57:16] Epoch 77/100 | Discriminator Loss: 0.000001 | Generator Loss: 14.852096
[2023-12-04 14:58:20] Epoch 78/100 | Discriminator Loss: 0.000007 | Generator Loss: 12.662952
[2023-12-04 14:59:24] Epoch 79/100 | Discriminator Loss: 0.000007 | Generator Loss: 12.731556
[2023-12-04 14:59:55] Saved new best_loss_d checkpoint hl_hb_best_loss_d.pth.tar
[2023-12-04 14:59:55] Saved Epoch 80/100 | Discriminator Loss: 0.000000 | Generator Loss: 16.985495
[2023-12-04 15:00:30] Epoch 80/100 | Discriminator Loss: 0.000003 | Generator Loss: 12.913173
[2023-12-04 15:01:35] Epoch 81/100 | Discriminator Loss: 0.000002 | Generator Loss: 13.123314
[2023-12-04 15:02:39] Epoch 82/100 | Discriminator Loss: 0.000006 | Generator Loss: 14.706939
[2023-12-04 15:03:44] Epoch 83/100 | Discriminator Loss: 0.000006 | Generator Loss: 12.329652
[2023-12-04 15:04:06] Saved new best_loss_d checkpoint hl_hb_best_loss_d.pth.tar
[2023-12-04 15:04:06] Saved Epoch 84/100 | Discriminator Loss: 0.000000 | Generator Loss: 16.346109
[2023-12-04 15:04:50] Epoch 84/100 | Discriminator Loss: 0.000004 | Generator Loss: 12.882634
[2023-12-04 15:05:54] Epoch 85/100 | Discriminator Loss: 0.000003 | Generator Loss: 12.914318
[2023-12-04 15:06:24] Saved new best_loss_d checkpoint hl_hb_best_loss_d.pth.tar
[2023-12-04 15:06:24] Saved Epoch 86/100 | Discriminator Loss: 0.000000 | Generator Loss: 15.915885
[2023-12-04 15:06:28] Saved new best_loss_d checkpoint hl_hb_best_loss_d.pth.tar
[2023-12-04 15:06:28] Saved Epoch 86/100 | Discriminator Loss: 0.000000 | Generator Loss: 17.642273
[2023-12-04 15:07:03] Epoch 86/100 | Discriminator Loss: 0.000001 | Generator Loss: 14.109217
[2023-12-04 15:08:08] Epoch 87/100 | Discriminator Loss: 0.000002 | Generator Loss: 13.824780
[2023-12-04 15:09:12] Epoch 88/100 | Discriminator Loss: 0.000007 | Generator Loss: 12.290985
[2023-12-04 15:10:16] Epoch 89/100 | Discriminator Loss: 0.000003 | Generator Loss: 14.586052
[2023-12-04 15:11:21] Epoch 90/100 | Discriminator Loss: 0.000197 | Generator Loss: 12.781546
[2023-12-04 15:12:25] Epoch 91/100 | Discriminator Loss: 0.000005 | Generator Loss: 12.614716
[2023-12-04 15:13:30] Epoch 92/100 | Discriminator Loss: 0.000006 | Generator Loss: 12.505244
[2023-12-04 15:14:33] Epoch 93/100 | Discriminator Loss: 0.000002 | Generator Loss: 13.324486
[2023-12-04 15:15:38] Epoch 94/100 | Discriminator Loss: 0.000010 | Generator Loss: 12.346056
[2023-12-04 15:16:41] Epoch 95/100 | Discriminator Loss: 0.000005 | Generator Loss: 12.566660
[2023-12-04 15:17:46] Epoch 96/100 | Discriminator Loss: 0.000005 | Generator Loss: 12.827595
[2023-12-04 15:18:49] Epoch 97/100 | Discriminator Loss: 0.000062 | Generator Loss: 14.011830
[2023-12-04 15:19:54] Epoch 98/100 | Discriminator Loss: 0.000000 | Generator Loss: 15.777909
[2023-12-04 15:20:57] Epoch 99/100 | Discriminator Loss: 0.000007 | Generator Loss: 12.514587
[2023-12-04 15:20:57] Epoch 100/100 | Discriminator Loss: 0.000007 | Generator Loss: 12.514587
[2023-12-04 15:21:00] Saved checkpoint hl_hb_terminated.pth.tar.
[2023-12-04 15:21:00] CUDA cache cleared. Exiting train.py...
