[2023-12-03 16:53:46] Loaded checkpoint hl_lb.pth.tar in local epoch 0 | best_loss_g: inf | best_loss_d_closest_to_half: inf | best_loss_d: inf 
[2023-12-03 16:53:54] Saved new best_loss_g checkpoint hl_lb_best_loss_g.pth.tar
[2023-12-03 16:53:54] Saved Epoch 0/100 | Discriminator Loss: 1.502500 | Generator Loss: 17.773199
[2023-12-03 16:53:57] Saved new best_loss_d checkpoint hl_lb_best_loss_d.pth.tar
[2023-12-03 16:53:57] Saved Epoch 0/100 | Discriminator Loss: 1.502500 | Generator Loss: 17.773199
[2023-12-03 16:53:59] Saved new best_loss_d_closest_to_half checkpoint hl_lb_best_loss_closest_to_half.pth.tar
[2023-12-03 16:53:59] Saved Epoch 0/100 | Discriminator Loss: 1.502500 | Generator Loss: 17.773199
[2023-12-03 16:54:07] Saved new best_loss_g checkpoint hl_lb_best_loss_g.pth.tar
[2023-12-03 16:54:07] Saved Epoch 0/100 | Discriminator Loss: 0.513871 | Generator Loss: 12.711802
[2023-12-03 16:54:10] Saved new best_loss_d checkpoint hl_lb_best_loss_d.pth.tar
[2023-12-03 16:54:10] Saved Epoch 0/100 | Discriminator Loss: 0.513871 | Generator Loss: 12.711802
[2023-12-03 16:54:13] Saved new best_loss_d_closest_to_half checkpoint hl_lb_best_loss_closest_to_half.pth.tar
[2023-12-03 16:54:13] Saved Epoch 0/100 | Discriminator Loss: 0.513871 | Generator Loss: 12.711802
[2023-12-03 16:54:20] Saved new best_loss_g checkpoint hl_lb_best_loss_g.pth.tar
[2023-12-03 16:54:20] Saved Epoch 0/100 | Discriminator Loss: 0.003931 | Generator Loss: 7.565262
[2023-12-03 16:54:23] Saved new best_loss_d checkpoint hl_lb_best_loss_d.pth.tar
[2023-12-03 16:54:23] Saved Epoch 0/100 | Discriminator Loss: 0.003931 | Generator Loss: 7.565262
[2023-12-03 16:54:46] Saved new best_loss_d checkpoint hl_lb_best_loss_d.pth.tar
[2023-12-03 16:54:46] Saved Epoch 0/100 | Discriminator Loss: 0.000006 | Generator Loss: 18.069647
[2023-12-03 16:54:54] Saved new best_loss_d checkpoint hl_lb_best_loss_d.pth.tar
[2023-12-03 16:54:54] Saved Epoch 0/100 | Discriminator Loss: 0.000002 | Generator Loss: 13.297302
[2023-12-03 16:55:58] Saved new best_loss_g checkpoint hl_lb_best_loss_g.pth.tar
[2023-12-03 16:55:58] Saved Epoch 0/100 | Discriminator Loss: 0.007916 | Generator Loss: 5.768037
[2023-12-03 16:57:12] Saved new best_loss_g checkpoint hl_lb_best_loss_g.pth.tar
[2023-12-03 16:57:12] Saved Epoch 0/100 | Discriminator Loss: 0.058392 | Generator Loss: 5.470244
[2023-12-03 16:58:47] Saved new best_loss_d_closest_to_half checkpoint hl_lb_best_loss_closest_to_half.pth.tar
[2023-12-03 16:58:47] Saved Epoch 0/100 | Discriminator Loss: 0.510316 | Generator Loss: 7.374317
[2023-12-03 16:59:05] Saved new best_loss_g checkpoint hl_lb_best_loss_g.pth.tar
[2023-12-03 16:59:05] Saved Epoch 0/100 | Discriminator Loss: 0.222991 | Generator Loss: 5.079847
[2023-12-03 16:59:12] Saved new best_loss_g checkpoint hl_lb_best_loss_g.pth.tar
[2023-12-03 16:59:12] Saved Epoch 0/100 | Discriminator Loss: 0.038292 | Generator Loss: 4.182657
[2023-12-03 17:00:18] Saved new best_loss_g checkpoint hl_lb_best_loss_g.pth.tar
[2023-12-03 17:00:18] Saved Epoch 0/100 | Discriminator Loss: 10.350390 | Generator Loss: 2.325072
[2023-12-03 17:02:48] Saved new best_loss_g checkpoint hl_lb_best_loss_g.pth.tar
[2023-12-03 17:02:48] Saved Epoch 0/100 | Discriminator Loss: 6.612289 | Generator Loss: 1.492172
[2023-12-03 17:03:10] Epoch 0/100 | Discriminator Loss: 0.061810 | Generator Loss: 6.262736
[2023-12-03 17:05:53] Saved new best_loss_d_closest_to_half checkpoint hl_lb_best_loss_closest_to_half.pth.tar
[2023-12-03 17:05:53] Saved Epoch 1/100 | Discriminator Loss: 0.491628 | Generator Loss: 2.642499
[2023-12-03 17:06:06] Saved new best_loss_g checkpoint hl_lb_best_loss_g.pth.tar
[2023-12-03 17:06:06] Saved Epoch 1/100 | Discriminator Loss: 2.267560 | Generator Loss: 1.136027
[2023-12-03 17:06:10] Epoch 1/100 | Discriminator Loss: 0.154102 | Generator Loss: 5.053105
[2023-12-03 17:08:10] Saved new best_loss_g checkpoint hl_lb_best_loss_g.pth.tar
[2023-12-03 17:08:10] Saved Epoch 2/100 | Discriminator Loss: 1.931260 | Generator Loss: 0.406870
[2023-12-03 17:09:03] Saved new best_loss_g checkpoint hl_lb_best_loss_g.pth.tar
[2023-12-03 17:09:03] Saved Epoch 2/100 | Discriminator Loss: 2.114818 | Generator Loss: 0.175300
[2023-12-03 17:09:10] Epoch 2/100 | Discriminator Loss: 0.277497 | Generator Loss: 3.456601
[2023-12-03 17:09:18] Saved new best_loss_d_closest_to_half checkpoint hl_lb_best_loss_closest_to_half.pth.tar
[2023-12-03 17:09:18] Saved Epoch 3/100 | Discriminator Loss: 0.502798 | Generator Loss: 4.185078
[2023-12-03 17:12:08] Epoch 3/100 | Discriminator Loss: 0.255334 | Generator Loss: 4.735518
[2023-12-03 17:15:03] Epoch 4/100 | Discriminator Loss: 0.009274 | Generator Loss: 9.903270
[2023-12-03 17:15:12] Saved new best_loss_g checkpoint hl_lb_best_loss_g.pth.tar
[2023-12-03 17:15:12] Saved Epoch 5/100 | Discriminator Loss: 2.753511 | Generator Loss: 0.048816
[2023-12-03 17:18:01] Epoch 5/100 | Discriminator Loss: 0.106441 | Generator Loss: 2.797647
[2023-12-03 17:20:56] Epoch 6/100 | Discriminator Loss: 0.088822 | Generator Loss: 3.138018
[2023-12-03 17:22:48] Saved new best_loss_d_closest_to_half checkpoint hl_lb_best_loss_closest_to_half.pth.tar
[2023-12-03 17:22:48] Saved Epoch 7/100 | Discriminator Loss: 0.499705 | Generator Loss: 6.793435
[2023-12-03 17:23:55] Epoch 7/100 | Discriminator Loss: 0.145697 | Generator Loss: 7.369871
[2023-12-03 17:26:50] Epoch 8/100 | Discriminator Loss: 0.333069 | Generator Loss: 2.657964
[2023-12-03 17:29:44] Epoch 9/100 | Discriminator Loss: 0.037761 | Generator Loss: 4.328113
[2023-12-03 17:32:40] Epoch 10/100 | Discriminator Loss: 0.523890 | Generator Loss: 3.698219
[2023-12-03 17:35:35] Epoch 11/100 | Discriminator Loss: 0.215282 | Generator Loss: 6.445891
[2023-12-03 17:36:11] Saved new best_loss_g checkpoint hl_lb_best_loss_g.pth.tar
[2023-12-03 17:36:11] Saved Epoch 12/100 | Discriminator Loss: 4.172554 | Generator Loss: 0.028358
[2023-12-03 17:36:49] Saved new best_loss_d_closest_to_half checkpoint hl_lb_best_loss_closest_to_half.pth.tar
[2023-12-03 17:36:49] Saved Epoch 12/100 | Discriminator Loss: 0.499860 | Generator Loss: 2.874757
[2023-12-03 17:38:36] Epoch 12/100 | Discriminator Loss: 1.143456 | Generator Loss: 0.199093
[2023-12-03 17:41:31] Epoch 13/100 | Discriminator Loss: 1.045266 | Generator Loss: 1.244943
[2023-12-03 17:44:27] Epoch 14/100 | Discriminator Loss: 0.180347 | Generator Loss: 5.060611
[2023-12-03 17:47:22] Epoch 15/100 | Discriminator Loss: 0.061785 | Generator Loss: 5.132657
[2023-12-03 17:50:17] Epoch 16/100 | Discriminator Loss: 0.280922 | Generator Loss: 6.353947
[2023-12-03 17:50:34] Saved new best_loss_g checkpoint hl_lb_best_loss_g.pth.tar
[2023-12-03 17:50:34] Saved Epoch 17/100 | Discriminator Loss: 3.295770 | Generator Loss: 0.001105
[2023-12-03 17:53:15] Epoch 17/100 | Discriminator Loss: 0.100919 | Generator Loss: 3.368043
[2023-12-03 17:56:10] Epoch 18/100 | Discriminator Loss: 1.475937 | Generator Loss: 2.395951
[2023-12-03 17:59:05] Epoch 19/100 | Discriminator Loss: 1.046071 | Generator Loss: 11.865082
[2023-12-03 18:02:00] Epoch 20/100 | Discriminator Loss: 0.276456 | Generator Loss: 3.738518
[2023-12-03 18:04:56] Epoch 21/100 | Discriminator Loss: 2.123217 | Generator Loss: 5.264783
[2023-12-03 18:07:51] Epoch 22/100 | Discriminator Loss: 0.584679 | Generator Loss: 1.056702
[2023-12-03 18:10:46] Epoch 23/100 | Discriminator Loss: 0.308923 | Generator Loss: 3.487346
[2023-12-03 18:13:41] Epoch 24/100 | Discriminator Loss: 1.060156 | Generator Loss: 0.426770
[2023-12-03 18:16:39] Saved latest checkpoint hl_lb_latest.pth.tar
[2023-12-03 18:16:39] Saved Epoch 25/100 | Discriminator Loss: 0.263396 | Generator Loss: 4.463379
[2023-12-03 18:19:34] Epoch 26/100 | Discriminator Loss: 0.268907 | Generator Loss: 5.969913
[2023-12-03 18:22:29] Epoch 27/100 | Discriminator Loss: 0.056165 | Generator Loss: 5.023409
[2023-12-03 18:25:25] Epoch 28/100 | Discriminator Loss: 0.135151 | Generator Loss: 5.901918
[2023-12-03 18:28:20] Epoch 29/100 | Discriminator Loss: 5.988593 | Generator Loss: 4.927293
[2023-12-03 18:31:15] Epoch 30/100 | Discriminator Loss: 0.108040 | Generator Loss: 4.808316
[2023-12-03 18:34:10] Epoch 31/100 | Discriminator Loss: 0.251511 | Generator Loss: 10.346504
[2023-12-03 18:37:06] Epoch 32/100 | Discriminator Loss: 0.782583 | Generator Loss: 0.537834
[2023-12-03 18:40:01] Epoch 33/100 | Discriminator Loss: 0.337841 | Generator Loss: 6.822138
[2023-12-03 18:42:56] Epoch 34/100 | Discriminator Loss: 3.542312 | Generator Loss: 5.443517
[2023-12-03 18:45:51] Epoch 35/100 | Discriminator Loss: 0.167961 | Generator Loss: 8.108131
[2023-12-03 18:48:46] Epoch 36/100 | Discriminator Loss: 0.047441 | Generator Loss: 5.250566
[2023-12-03 18:51:41] Epoch 37/100 | Discriminator Loss: 0.000635 | Generator Loss: 9.978816
[2023-12-03 18:54:37] Epoch 38/100 | Discriminator Loss: 0.420828 | Generator Loss: 5.272380
[2023-12-03 18:57:32] Epoch 39/100 | Discriminator Loss: 0.025494 | Generator Loss: 5.258057
[2023-12-03 19:00:27] Epoch 40/100 | Discriminator Loss: 0.049166 | Generator Loss: 5.078727
[2023-12-03 19:03:22] Epoch 41/100 | Discriminator Loss: 0.210868 | Generator Loss: 6.019901
[2023-12-03 19:06:17] Epoch 42/100 | Discriminator Loss: 0.020258 | Generator Loss: 5.460088
[2023-12-03 19:09:12] Epoch 43/100 | Discriminator Loss: 0.012034 | Generator Loss: 5.815758
[2023-12-03 19:12:07] Epoch 44/100 | Discriminator Loss: 0.325081 | Generator Loss: 5.774527
[2023-12-03 19:15:02] Epoch 45/100 | Discriminator Loss: 0.011425 | Generator Loss: 6.041453
[2023-12-03 19:17:57] Epoch 46/100 | Discriminator Loss: 0.007735 | Generator Loss: 6.997008
[2023-12-03 19:20:52] Epoch 47/100 | Discriminator Loss: 0.154053 | Generator Loss: 1.767215
[2023-12-03 19:23:47] Epoch 48/100 | Discriminator Loss: 0.027460 | Generator Loss: 5.184492
[2023-12-03 19:26:42] Epoch 49/100 | Discriminator Loss: 0.723683 | Generator Loss: 11.966936
[2023-12-03 19:29:39] Saved latest checkpoint hl_lb_latest.pth.tar
[2023-12-03 19:29:39] Saved Epoch 50/100 | Discriminator Loss: 0.035608 | Generator Loss: 4.840643
[2023-12-03 19:32:34] Epoch 51/100 | Discriminator Loss: 0.035775 | Generator Loss: 5.475221
[2023-12-03 19:35:29] Epoch 52/100 | Discriminator Loss: 0.572484 | Generator Loss: 16.124828
[2023-12-03 19:38:23] Epoch 53/100 | Discriminator Loss: 0.005130 | Generator Loss: 8.373621
[2023-12-03 19:41:17] Epoch 54/100 | Discriminator Loss: 0.005836 | Generator Loss: 5.733379
[2023-12-03 19:44:12] Epoch 55/100 | Discriminator Loss: 0.006530 | Generator Loss: 6.333107
[2023-12-03 19:47:07] Epoch 56/100 | Discriminator Loss: 0.312461 | Generator Loss: 5.648815
[2023-12-03 19:50:02] Epoch 57/100 | Discriminator Loss: 15.437447 | Generator Loss: 9.204998
[2023-12-03 19:51:32] Saved new best_loss_d checkpoint hl_lb_best_loss_d.pth.tar
[2023-12-03 19:51:32] Saved Epoch 58/100 | Discriminator Loss: 0.000001 | Generator Loss: 28.942717
[2023-12-03 19:51:38] Saved new best_loss_d checkpoint hl_lb_best_loss_d.pth.tar
[2023-12-03 19:51:38] Saved Epoch 58/100 | Discriminator Loss: 0.000000 | Generator Loss: 27.248062
[2023-12-03 19:53:03] Epoch 58/100 | Discriminator Loss: 0.124699 | Generator Loss: 10.688250
[2023-12-03 19:55:58] Epoch 59/100 | Discriminator Loss: 0.003869 | Generator Loss: 30.261845
[2023-12-03 19:58:53] Epoch 60/100 | Discriminator Loss: 0.007463 | Generator Loss: 9.152414
[2023-12-03 20:01:48] Epoch 61/100 | Discriminator Loss: 0.003558 | Generator Loss: 7.927784
[2023-12-03 20:04:43] Epoch 62/100 | Discriminator Loss: 5.054732 | Generator Loss: 2.423731
[2023-12-03 20:07:38] Epoch 63/100 | Discriminator Loss: 0.008020 | Generator Loss: 8.331474
[2023-12-03 20:10:33] Epoch 64/100 | Discriminator Loss: 0.001204 | Generator Loss: 8.660648
[2023-12-03 20:13:28] Epoch 65/100 | Discriminator Loss: 1.748144 | Generator Loss: 3.621299
[2023-12-03 20:16:23] Epoch 66/100 | Discriminator Loss: 0.009874 | Generator Loss: 6.736891
[2023-12-03 20:19:18] Epoch 67/100 | Discriminator Loss: 0.016991 | Generator Loss: 4.504646
[2023-12-03 20:22:13] Epoch 68/100 | Discriminator Loss: 0.002181 | Generator Loss: 7.901962
[2023-12-03 20:25:07] Epoch 69/100 | Discriminator Loss: 0.017807 | Generator Loss: 5.098808
[2023-12-03 20:28:03] Epoch 70/100 | Discriminator Loss: 0.091021 | Generator Loss: 4.915526
[2023-12-03 20:30:58] Epoch 71/100 | Discriminator Loss: 0.018740 | Generator Loss: 5.007367
[2023-12-03 20:33:53] Epoch 72/100 | Discriminator Loss: 0.041125 | Generator Loss: 5.468348
[2023-12-03 20:36:48] Epoch 73/100 | Discriminator Loss: 2.070866 | Generator Loss: 10.626049
[2023-12-03 20:39:43] Epoch 74/100 | Discriminator Loss: 0.008134 | Generator Loss: 6.283198
[2023-12-03 20:42:41] Saved latest checkpoint hl_lb_latest.pth.tar
[2023-12-03 20:42:41] Saved Epoch 75/100 | Discriminator Loss: 0.053127 | Generator Loss: 5.023467
[2023-12-03 20:45:36] Epoch 76/100 | Discriminator Loss: 0.003459 | Generator Loss: 7.624505
[2023-12-03 20:48:31] Epoch 77/100 | Discriminator Loss: 0.002912 | Generator Loss: 7.316672
[2023-12-03 20:51:26] Epoch 78/100 | Discriminator Loss: 0.000808 | Generator Loss: 15.872690
[2023-12-03 20:54:21] Epoch 79/100 | Discriminator Loss: 0.228677 | Generator Loss: 9.108685
[2023-12-03 20:57:16] Epoch 80/100 | Discriminator Loss: 0.005204 | Generator Loss: 7.227373
[2023-12-03 21:00:11] Epoch 81/100 | Discriminator Loss: 0.015056 | Generator Loss: 8.676754
[2023-12-03 21:03:06] Epoch 82/100 | Discriminator Loss: 0.037620 | Generator Loss: 4.462123
[2023-12-03 21:06:01] Epoch 83/100 | Discriminator Loss: 0.001093 | Generator Loss: 7.854864
[2023-12-03 21:08:56] Epoch 84/100 | Discriminator Loss: 0.377981 | Generator Loss: 5.161615
[2023-12-03 21:11:51] Epoch 85/100 | Discriminator Loss: 0.003833 | Generator Loss: 7.529997
[2023-12-03 21:14:47] Epoch 86/100 | Discriminator Loss: 0.003452 | Generator Loss: 6.831341
[2023-12-03 21:17:42] Epoch 87/100 | Discriminator Loss: 0.015589 | Generator Loss: 10.587574
[2023-12-03 21:20:37] Epoch 88/100 | Discriminator Loss: 0.001927 | Generator Loss: 7.523154
[2023-12-03 21:23:32] Epoch 89/100 | Discriminator Loss: 0.089548 | Generator Loss: 4.167998
[2023-12-03 21:26:28] Epoch 90/100 | Discriminator Loss: 0.104639 | Generator Loss: 9.824013
[2023-12-03 21:29:22] Epoch 91/100 | Discriminator Loss: 0.023489 | Generator Loss: 4.930807
[2023-12-03 21:32:17] Epoch 92/100 | Discriminator Loss: 0.011063 | Generator Loss: 12.337362
[2023-12-03 21:35:12] Epoch 93/100 | Discriminator Loss: 0.050855 | Generator Loss: 4.859927
[2023-12-03 21:38:07] Epoch 94/100 | Discriminator Loss: 0.091135 | Generator Loss: 4.811599
[2023-12-03 21:41:02] Epoch 95/100 | Discriminator Loss: 0.360568 | Generator Loss: 16.767088
[2023-12-03 21:43:57] Epoch 96/100 | Discriminator Loss: 0.051429 | Generator Loss: 5.173403
[2023-12-03 21:46:52] Epoch 97/100 | Discriminator Loss: 0.001360 | Generator Loss: 7.531807
[2023-12-03 21:49:47] Epoch 98/100 | Discriminator Loss: 0.008260 | Generator Loss: 8.471601
[2023-12-03 21:52:42] Epoch 99/100 | Discriminator Loss: 0.023156 | Generator Loss: 6.579631
[2023-12-03 21:52:42] Epoch 100/100 | Discriminator Loss: 0.023156 | Generator Loss: 6.579631
[2023-12-03 21:52:45] Saved checkpoint hl_lb_terminated.pth.tar.
[2023-12-03 21:52:45] CUDA cache cleared. Exiting train.py...
