[2023-12-04 00:03:53] Loaded checkpoint hl_mb.pth.tar in local epoch 0 | best_loss_g: inf | best_loss_d_closest_to_half: inf | best_loss_d: inf 
[2023-12-04 00:04:02] Saved new best_loss_g checkpoint hl_mb_best_loss_g.pth.tar
[2023-12-04 00:04:02] Saved Epoch 0/100 | Discriminator Loss: 1.443439 | Generator Loss: 16.994087
[2023-12-04 00:04:05] Saved new best_loss_d checkpoint hl_mb_best_loss_d.pth.tar
[2023-12-04 00:04:05] Saved Epoch 0/100 | Discriminator Loss: 1.443439 | Generator Loss: 16.994087
[2023-12-04 00:04:08] Saved new best_loss_d_closest_to_half checkpoint hl_mb_best_loss_closest_to_half.pth.tar
[2023-12-04 00:04:08] Saved Epoch 0/100 | Discriminator Loss: 1.443439 | Generator Loss: 16.994087
[2023-12-04 00:04:17] Saved new best_loss_g checkpoint hl_mb_best_loss_g.pth.tar
[2023-12-04 00:04:17] Saved Epoch 0/100 | Discriminator Loss: 0.035089 | Generator Loss: 14.174430
[2023-12-04 00:04:20] Saved new best_loss_d checkpoint hl_mb_best_loss_d.pth.tar
[2023-12-04 00:04:20] Saved Epoch 0/100 | Discriminator Loss: 0.035089 | Generator Loss: 14.174430
[2023-12-04 00:04:23] Saved new best_loss_d_closest_to_half checkpoint hl_mb_best_loss_closest_to_half.pth.tar
[2023-12-04 00:04:23] Saved Epoch 0/100 | Discriminator Loss: 0.035089 | Generator Loss: 14.174430
[2023-12-04 00:04:32] Saved new best_loss_g checkpoint hl_mb_best_loss_g.pth.tar
[2023-12-04 00:04:32] Saved Epoch 0/100 | Discriminator Loss: 0.000400 | Generator Loss: 8.562783
[2023-12-04 00:04:34] Saved new best_loss_d checkpoint hl_mb_best_loss_d.pth.tar
[2023-12-04 00:04:34] Saved Epoch 0/100 | Discriminator Loss: 0.000400 | Generator Loss: 8.562783
[2023-12-04 00:04:49] Saved new best_loss_d_closest_to_half checkpoint hl_mb_best_loss_closest_to_half.pth.tar
[2023-12-04 00:04:49] Saved Epoch 0/100 | Discriminator Loss: 0.542652 | Generator Loss: 22.384197
[2023-12-04 00:05:06] Saved new best_loss_d checkpoint hl_mb_best_loss_d.pth.tar
[2023-12-04 00:05:06] Saved Epoch 0/100 | Discriminator Loss: 0.000096 | Generator Loss: 19.220375
[2023-12-04 00:05:16] Saved new best_loss_d checkpoint hl_mb_best_loss_d.pth.tar
[2023-12-04 00:05:16] Saved Epoch 0/100 | Discriminator Loss: 0.000013 | Generator Loss: 16.086674
[2023-12-04 00:05:25] Saved new best_loss_g checkpoint hl_mb_best_loss_g.pth.tar
[2023-12-04 00:05:25] Saved Epoch 0/100 | Discriminator Loss: 0.001777 | Generator Loss: 6.688303
[2023-12-04 00:07:20] Saved new best_loss_g checkpoint hl_mb_best_loss_g.pth.tar
[2023-12-04 00:07:20] Saved Epoch 0/100 | Discriminator Loss: 0.011400 | Generator Loss: 6.571567
[2023-12-04 00:07:29] Saved new best_loss_g checkpoint hl_mb_best_loss_g.pth.tar
[2023-12-04 00:07:29] Saved Epoch 0/100 | Discriminator Loss: 0.123228 | Generator Loss: 6.230583
[2023-12-04 00:08:19] Saved new best_loss_g checkpoint hl_mb_best_loss_g.pth.tar
[2023-12-04 00:08:19] Saved Epoch 0/100 | Discriminator Loss: 0.047318 | Generator Loss: 5.549209
[2023-12-04 00:08:39] Saved new best_loss_g checkpoint hl_mb_best_loss_g.pth.tar
[2023-12-04 00:08:39] Saved Epoch 0/100 | Discriminator Loss: 0.001549 | Generator Loss: 5.237933
[2023-12-04 00:08:48] Saved new best_loss_d_closest_to_half checkpoint hl_mb_best_loss_closest_to_half.pth.tar
[2023-12-04 00:08:48] Saved Epoch 0/100 | Discriminator Loss: 0.524580 | Generator Loss: 5.647714
[2023-12-04 00:09:09] Saved new best_loss_g checkpoint hl_mb_best_loss_g.pth.tar
[2023-12-04 00:09:09] Saved Epoch 0/100 | Discriminator Loss: 0.056338 | Generator Loss: 5.216174
[2023-12-04 00:12:05] Epoch 0/100 | Discriminator Loss: 0.002980 | Generator Loss: 8.291982
[2023-12-04 00:12:21] Saved new best_loss_g checkpoint hl_mb_best_loss_g.pth.tar
[2023-12-04 00:12:21] Saved Epoch 1/100 | Discriminator Loss: 7.211648 | Generator Loss: 3.100673
[2023-12-04 00:13:38] Saved new best_loss_g checkpoint hl_mb_best_loss_g.pth.tar
[2023-12-04 00:13:38] Saved Epoch 1/100 | Discriminator Loss: 2.468707 | Generator Loss: 0.295019
[2023-12-04 00:17:03] Saved new best_loss_d_closest_to_half checkpoint hl_mb_best_loss_closest_to_half.pth.tar
[2023-12-04 00:17:03] Saved Epoch 1/100 | Discriminator Loss: 0.492626 | Generator Loss: 6.694072
[2023-12-04 00:17:34] Epoch 1/100 | Discriminator Loss: 0.068040 | Generator Loss: 4.209392
[2023-12-04 00:21:53] Epoch 2/100 | Discriminator Loss: 0.000484 | Generator Loss: 13.690798
[2023-12-04 00:26:37] Epoch 3/100 | Discriminator Loss: 0.029309 | Generator Loss: 9.323702
[2023-12-04 00:27:45] Saved new best_loss_d_closest_to_half checkpoint hl_mb_best_loss_closest_to_half.pth.tar
[2023-12-04 00:27:45] Saved Epoch 4/100 | Discriminator Loss: 0.495079 | Generator Loss: 1.821288
[2023-12-04 00:31:19] Epoch 4/100 | Discriminator Loss: 0.203159 | Generator Loss: 4.006609
[2023-12-04 00:35:48] Epoch 5/100 | Discriminator Loss: 3.235738 | Generator Loss: 11.068115
[2023-12-04 00:40:17] Epoch 6/100 | Discriminator Loss: 0.020030 | Generator Loss: 4.816933
[2023-12-04 00:40:32] Saved new best_loss_g checkpoint hl_mb_best_loss_g.pth.tar
[2023-12-04 00:40:32] Saved Epoch 7/100 | Discriminator Loss: 3.026087 | Generator Loss: 0.171890
[2023-12-04 00:45:03] Epoch 7/100 | Discriminator Loss: 0.000465 | Generator Loss: 8.797394
[2023-12-04 00:45:59] Saved new best_loss_g checkpoint hl_mb_best_loss_g.pth.tar
[2023-12-04 00:45:59] Saved Epoch 8/100 | Discriminator Loss: 2.591611 | Generator Loss: 0.017722
[2023-12-04 00:49:36] Epoch 8/100 | Discriminator Loss: 0.001773 | Generator Loss: 12.595369
[2023-12-04 00:54:42] Epoch 9/100 | Discriminator Loss: 0.024052 | Generator Loss: 4.453403
[2023-12-04 01:01:47] Epoch 10/100 | Discriminator Loss: 0.001477 | Generator Loss: 15.251037
[2023-12-04 01:03:53] Saved new best_loss_g checkpoint hl_mb_best_loss_g.pth.tar
[2023-12-04 01:03:53] Saved Epoch 11/100 | Discriminator Loss: 4.169109 | Generator Loss: 0.015320
[2023-12-04 01:04:49] Saved new best_loss_d_closest_to_half checkpoint hl_mb_best_loss_closest_to_half.pth.tar
[2023-12-04 01:04:49] Saved Epoch 11/100 | Discriminator Loss: 0.500786 | Generator Loss: 2.785234
[2023-12-04 01:07:08] Epoch 11/100 | Discriminator Loss: 0.027997 | Generator Loss: 4.728884
[2023-12-04 01:11:51] Epoch 12/100 | Discriminator Loss: 0.000602 | Generator Loss: 9.369392
[2023-12-04 01:16:30] Epoch 13/100 | Discriminator Loss: 0.003060 | Generator Loss: 7.902996
[2023-12-04 01:21:09] Epoch 14/100 | Discriminator Loss: 0.086126 | Generator Loss: 12.560966
[2023-12-04 01:25:44] Epoch 15/100 | Discriminator Loss: 0.019326 | Generator Loss: 7.021268
[2023-12-04 01:30:35] Epoch 16/100 | Discriminator Loss: 0.045591 | Generator Loss: 3.660853
[2023-12-04 01:35:21] Epoch 17/100 | Discriminator Loss: 2.361956 | Generator Loss: 3.102067
[2023-12-04 01:41:47] Epoch 18/100 | Discriminator Loss: 0.045932 | Generator Loss: 4.404636
[2023-12-04 01:49:10] Epoch 19/100 | Discriminator Loss: 0.017770 | Generator Loss: 7.737114
[2023-12-04 01:54:21] Epoch 20/100 | Discriminator Loss: 1.621869 | Generator Loss: 1.327264
[2023-12-04 01:58:50] Epoch 21/100 | Discriminator Loss: 0.492195 | Generator Loss: 3.750390
[2023-12-04 02:03:32] Epoch 22/100 | Discriminator Loss: 0.008136 | Generator Loss: 6.509329
[2023-12-04 02:09:51] Epoch 23/100 | Discriminator Loss: 0.006890 | Generator Loss: 7.511738
[2023-12-04 02:13:59] Saved new best_loss_g checkpoint hl_mb_best_loss_g.pth.tar
[2023-12-04 02:13:59] Saved Epoch 24/100 | Discriminator Loss: 2.424536 | Generator Loss: 0.004241
[2023-12-04 02:15:14] Epoch 24/100 | Discriminator Loss: 0.398418 | Generator Loss: 5.508282
[2023-12-04 02:19:51] Saved latest checkpoint hl_mb_latest.pth.tar
[2023-12-04 02:19:51] Saved Epoch 25/100 | Discriminator Loss: 2.202441 | Generator Loss: 0.004974
[2023-12-04 02:24:26] Epoch 26/100 | Discriminator Loss: 0.132272 | Generator Loss: 2.125876
[2023-12-04 02:29:50] Epoch 27/100 | Discriminator Loss: 0.407277 | Generator Loss: 2.706729
[2023-12-04 02:34:35] Saved new best_loss_d_closest_to_half checkpoint hl_mb_best_loss_closest_to_half.pth.tar
[2023-12-04 02:34:35] Saved Epoch 28/100 | Discriminator Loss: 0.499391 | Generator Loss: 4.673532
[2023-12-04 02:36:01] Epoch 28/100 | Discriminator Loss: 0.132680 | Generator Loss: 5.589198
[2023-12-04 02:42:23] Epoch 29/100 | Discriminator Loss: 0.027468 | Generator Loss: 6.732232
[2023-12-04 02:47:49] Epoch 30/100 | Discriminator Loss: 0.048897 | Generator Loss: 3.166943
[2023-12-04 02:52:33] Epoch 31/100 | Discriminator Loss: 0.071433 | Generator Loss: 9.834677
[2023-12-04 02:57:12] Epoch 32/100 | Discriminator Loss: 0.098010 | Generator Loss: 12.382704
[2023-12-04 03:03:07] Epoch 33/100 | Discriminator Loss: 0.725197 | Generator Loss: 1.378669
[2023-12-04 03:08:28] Epoch 34/100 | Discriminator Loss: 1.411479 | Generator Loss: 0.112397
[2023-12-04 03:13:03] Epoch 35/100 | Discriminator Loss: 6.259367 | Generator Loss: 15.351982
[2023-12-04 03:17:38] Epoch 36/100 | Discriminator Loss: 0.350912 | Generator Loss: 4.192926
[2023-12-04 03:22:14] Epoch 37/100 | Discriminator Loss: 0.284571 | Generator Loss: 5.370852
[2023-12-04 03:26:49] Epoch 38/100 | Discriminator Loss: 0.157630 | Generator Loss: 5.691660
[2023-12-04 03:31:32] Epoch 39/100 | Discriminator Loss: 0.117456 | Generator Loss: 4.882142
[2023-12-04 03:36:16] Epoch 40/100 | Discriminator Loss: 0.021976 | Generator Loss: 4.798577
[2023-12-04 03:43:19] Epoch 41/100 | Discriminator Loss: 0.034988 | Generator Loss: 4.514440
[2023-12-04 03:49:14] Epoch 42/100 | Discriminator Loss: 0.080374 | Generator Loss: 4.861504
[2023-12-04 03:54:42] Epoch 43/100 | Discriminator Loss: 0.166181 | Generator Loss: 3.322826
[2023-12-04 03:58:37] Saved new best_loss_d_closest_to_half checkpoint hl_mb_best_loss_closest_to_half.pth.tar
[2023-12-04 03:58:37] Saved Epoch 44/100 | Discriminator Loss: 0.500021 | Generator Loss: 1.067887
[2023-12-04 03:59:19] Epoch 44/100 | Discriminator Loss: 2.005317 | Generator Loss: 0.033912
[2023-12-04 04:05:09] Epoch 45/100 | Discriminator Loss: 0.203859 | Generator Loss: 3.428517
[2023-12-04 04:10:45] Epoch 46/100 | Discriminator Loss: 0.379839 | Generator Loss: 2.467284
[2023-12-04 04:17:16] Epoch 47/100 | Discriminator Loss: 2.200057 | Generator Loss: 1.368634
[2023-12-04 04:23:34] Epoch 48/100 | Discriminator Loss: 2.399553 | Generator Loss: 9.144864
[2023-12-04 04:28:44] Epoch 49/100 | Discriminator Loss: 1.429794 | Generator Loss: 10.000017
[2023-12-04 04:35:42] Saved latest checkpoint hl_mb_latest.pth.tar
[2023-12-04 04:35:42] Saved Epoch 50/100 | Discriminator Loss: 1.717057 | Generator Loss: 0.230081
[2023-12-04 04:42:09] Epoch 51/100 | Discriminator Loss: 1.384776 | Generator Loss: 0.416446
[2023-12-04 04:47:18] Epoch 52/100 | Discriminator Loss: 0.007248 | Generator Loss: 5.890749
[2023-12-04 04:51:52] Epoch 53/100 | Discriminator Loss: 1.869707 | Generator Loss: 0.145299
[2023-12-04 04:56:29] Epoch 54/100 | Discriminator Loss: 0.092620 | Generator Loss: 8.019943
[2023-12-04 05:02:44] Epoch 55/100 | Discriminator Loss: 0.061958 | Generator Loss: 4.920642
[2023-12-04 05:08:02] Epoch 56/100 | Discriminator Loss: 0.419274 | Generator Loss: 5.948476
[2023-12-04 05:12:33] Epoch 57/100 | Discriminator Loss: 0.020259 | Generator Loss: 5.617033
[2023-12-04 05:16:57] Epoch 58/100 | Discriminator Loss: 1.130841 | Generator Loss: 0.017438
[2023-12-04 05:21:35] Epoch 59/100 | Discriminator Loss: 0.975134 | Generator Loss: 0.071783
[2023-12-04 05:26:10] Epoch 60/100 | Discriminator Loss: 0.159615 | Generator Loss: 5.496527
[2023-12-04 05:30:56] Epoch 61/100 | Discriminator Loss: 0.103035 | Generator Loss: 5.909760
[2023-12-04 05:36:18] Epoch 62/100 | Discriminator Loss: 0.229548 | Generator Loss: 5.042831
[2023-12-04 05:42:14] Epoch 63/100 | Discriminator Loss: 0.143425 | Generator Loss: 3.359693
[2023-12-04 05:47:01] Epoch 64/100 | Discriminator Loss: 2.807709 | Generator Loss: 0.333051
[2023-12-04 05:51:35] Epoch 65/100 | Discriminator Loss: 0.411044 | Generator Loss: 2.964274
[2023-12-04 05:56:08] Epoch 66/100 | Discriminator Loss: 0.649193 | Generator Loss: 3.815823
[2023-12-04 06:00:54] Epoch 67/100 | Discriminator Loss: 0.302666 | Generator Loss: 4.481366
[2023-12-04 06:05:32] Epoch 68/100 | Discriminator Loss: 5.513624 | Generator Loss: 0.965517
[2023-12-04 06:10:07] Epoch 69/100 | Discriminator Loss: 2.093057 | Generator Loss: 0.161322
[2023-12-04 06:14:45] Epoch 70/100 | Discriminator Loss: 1.696517 | Generator Loss: 4.916588
[2023-12-04 06:19:29] Epoch 71/100 | Discriminator Loss: 1.402965 | Generator Loss: 9.599960
[2023-12-04 06:24:06] Epoch 72/100 | Discriminator Loss: 0.510407 | Generator Loss: 16.365635
[2023-12-04 06:28:42] Epoch 73/100 | Discriminator Loss: 1.166068 | Generator Loss: 0.600808
[2023-12-04 06:33:56] Epoch 74/100 | Discriminator Loss: 0.353924 | Generator Loss: 0.703394
[2023-12-04 06:40:25] Saved latest checkpoint hl_mb_latest.pth.tar
[2023-12-04 06:40:25] Saved Epoch 75/100 | Discriminator Loss: 0.399372 | Generator Loss: 2.271889
[2023-12-04 06:45:29] Epoch 76/100 | Discriminator Loss: 0.163056 | Generator Loss: 5.129405
[2023-12-04 06:52:49] Epoch 77/100 | Discriminator Loss: 5.303236 | Generator Loss: 0.168543
[2023-12-04 06:57:57] Epoch 78/100 | Discriminator Loss: 5.673779 | Generator Loss: 0.570110
[2023-12-04 07:02:33] Epoch 79/100 | Discriminator Loss: 0.797886 | Generator Loss: 3.241598
[2023-12-04 07:07:03] Epoch 80/100 | Discriminator Loss: 1.555107 | Generator Loss: 5.741552
[2023-12-04 07:13:59] Epoch 81/100 | Discriminator Loss: 0.042205 | Generator Loss: 4.833332
[2023-12-04 07:21:00] Epoch 82/100 | Discriminator Loss: 0.451603 | Generator Loss: 7.583702
[2023-12-04 07:27:35] Epoch 83/100 | Discriminator Loss: 1.279763 | Generator Loss: 18.990990
[2023-12-04 07:32:53] Epoch 84/100 | Discriminator Loss: 6.096051 | Generator Loss: 0.017018
[2023-12-04 07:37:22] Epoch 85/100 | Discriminator Loss: 11.642034 | Generator Loss: 5.606802
[2023-12-04 07:42:04] Epoch 86/100 | Discriminator Loss: 1.432203 | Generator Loss: 0.461418
[2023-12-04 07:48:16] Epoch 87/100 | Discriminator Loss: 0.224289 | Generator Loss: 11.720720
[2023-12-04 07:54:21] Epoch 88/100 | Discriminator Loss: 0.000177 | Generator Loss: 13.622175
[2023-12-04 08:00:30] Saved new best_loss_d checkpoint hl_mb_best_loss_d.pth.tar
[2023-12-04 08:00:30] Saved Epoch 89/100 | Discriminator Loss: 0.000005 | Generator Loss: 18.064655
[2023-12-04 08:00:30] Epoch 89/100 | Discriminator Loss: 0.788890 | Generator Loss: 14.442990
[2023-12-04 08:00:47] Saved new best_loss_d checkpoint hl_mb_best_loss_d.pth.tar
[2023-12-04 08:00:47] Saved Epoch 90/100 | Discriminator Loss: 0.000001 | Generator Loss: 25.794304
[2023-12-04 08:00:53] Saved new best_loss_d checkpoint hl_mb_best_loss_d.pth.tar
[2023-12-04 08:00:53] Saved Epoch 90/100 | Discriminator Loss: 0.000000 | Generator Loss: 25.650337
[2023-12-04 08:06:34] Epoch 90/100 | Discriminator Loss: 0.000017 | Generator Loss: 20.090590
[2023-12-04 08:11:43] Epoch 91/100 | Discriminator Loss: 0.000006 | Generator Loss: 13.696957
[2023-12-04 08:16:15] Epoch 92/100 | Discriminator Loss: 0.000012 | Generator Loss: 28.825125
[2023-12-04 08:20:50] Epoch 93/100 | Discriminator Loss: 0.018167 | Generator Loss: 19.652065
[2023-12-04 08:25:22] Epoch 94/100 | Discriminator Loss: 0.001904 | Generator Loss: 16.862736
[2023-12-04 08:29:54] Epoch 95/100 | Discriminator Loss: 0.000068 | Generator Loss: 20.580257
[2023-12-04 08:34:22] Epoch 96/100 | Discriminator Loss: 0.000202 | Generator Loss: 9.805012
[2023-12-04 08:39:00] Epoch 97/100 | Discriminator Loss: 0.000080 | Generator Loss: 10.898052
[2023-12-04 08:43:33] Epoch 98/100 | Discriminator Loss: 0.000133 | Generator Loss: 37.636375
[2023-12-04 08:48:08] Epoch 99/100 | Discriminator Loss: 0.000020 | Generator Loss: 25.380436
[2023-12-04 08:48:08] Epoch 100/100 | Discriminator Loss: 0.000020 | Generator Loss: 25.380436
[2023-12-04 08:48:11] Saved checkpoint hl_mb_terminated.pth.tar.
[2023-12-04 08:48:11] CUDA cache cleared. Exiting train.py...
