[2024-02-19 23:57:40] Added 3 entries from structure 166. Total: 133985/200000
[2024-02-19 23:57:51] Loading established probabilities...
[2024-02-19 23:58:13] Loaded existing dataset info:
[2024-02-19 23:58:13] current_occurrences: defaultdict(<class 'int'>, {'minecraft:air': 304, 'minecraft:oak_log[axis=y]': 6689, 'minecraft:oak_slab[type=top,waterlogged=false]': 8318, 'minecraft:oak_stairs[facing=west,half=bottom,shape=straight,waterlogged=false]': 10726, 'minecraft:oak_stairs[facing=north,half=bottom,shape=straight,waterlogged=false]': 10864, 'minecraft:oak_slab[type=bottom,waterlogged=false]': 11936, 'minecraft:glass': 10165, 'minecraft:oak_stairs[facing=south,half=bottom,shape=straight,waterlogged=false]': 10968, 'minecraft:oak_stairs[facing=east,half=bottom,shape=straight,waterlogged=false]': 10847, 'minecraft:cobblestone': 8241, 'minecraft:stone': 7877, 'minecraft:dirt': 4205, 'minecraft:oak_log[axis=z]': 7803, 'minecraft:oak_log[axis=x]': 8510, 'minecraft:oak_planks': 4157, 'minecraft:stone_bricks': 5358, 'minecraft:white_wool': 7017}), len(existing_samples): 133985, added_entries: 133985, checkpoint_next: 150000
[2024-02-19 23:58:13] Added 60 entries from structure 0. Total: 134045/200000
[2024-02-19 23:58:14] Added 69 entries from structure 1. Total: 134114/200000
[2024-02-19 23:58:15] Added 69 entries from structure 2. Total: 134183/200000
[2024-02-19 23:58:16] Added 80 entries from structure 3. Total: 134263/200000
[2024-02-19 23:58:16] Added 75 entries from structure 4. Total: 134338/200000
[2024-02-19 23:58:16] Added 60 entries from structure 5. Total: 134398/200000
[2024-02-19 23:58:17] Added 75 entries from structure 6. Total: 134473/200000
[2024-02-19 23:58:17] Added 79 entries from structure 7. Total: 134552/200000
[2024-02-19 23:58:21] Added 32 entries from structure 8. Total: 134584/200000
[2024-02-19 23:58:24] Added 32 entries from structure 9. Total: 134616/200000
[2024-02-19 23:58:27] Added 31 entries from structure 10. Total: 134647/200000
[2024-02-19 23:58:30] Added 33 entries from structure 11. Total: 134680/200000
[2024-02-19 23:58:31] Added 64 entries from structure 12. Total: 134744/200000
[2024-02-19 23:58:31] Added 71 entries from structure 13. Total: 134815/200000
[2024-02-19 23:58:32] Added 73 entries from structure 14. Total: 134888/200000
[2024-02-19 23:58:33] Added 74 entries from structure 15. Total: 134962/200000
[2024-02-19 23:58:34] Added 50 entries from structure 16. Total: 135012/200000
[2024-02-19 23:58:35] Added 52 entries from structure 17. Total: 135064/200000
[2024-02-19 23:58:36] Added 65 entries from structure 18. Total: 135129/200000
[2024-02-19 23:58:37] Added 62 entries from structure 19. Total: 135191/200000
[2024-02-19 23:58:37] Added 72 entries from structure 20. Total: 135263/200000
[2024-02-19 23:58:38] Added 75 entries from structure 21. Total: 135338/200000
[2024-02-19 23:58:39] Added 75 entries from structure 22. Total: 135413/200000
[2024-02-19 23:58:39] Added 68 entries from structure 23. Total: 135481/200000
[2024-02-19 23:58:40] Added 110 entries from structure 24. Total: 135591/200000
[2024-02-19 23:58:40] Added 94 entries from structure 25. Total: 135685/200000
[2024-02-19 23:58:40] Added 102 entries from structure 26. Total: 135787/200000
[2024-02-19 23:58:41] Added 85 entries from structure 27. Total: 135872/200000
[2024-02-19 23:58:41] Added 67 entries from structure 28. Total: 135939/200000
[2024-02-19 23:58:42] Added 79 entries from structure 29. Total: 136018/200000
[2024-02-19 23:58:42] Added 72 entries from structure 30. Total: 136090/200000
[2024-02-19 23:58:43] Added 65 entries from structure 31. Total: 136155/200000
[2024-02-19 23:58:43] Added 78 entries from structure 32. Total: 136233/200000
[2024-02-19 23:58:44] Added 76 entries from structure 33. Total: 136309/200000
[2024-02-19 23:58:44] Added 83 entries from structure 34. Total: 136392/200000
[2024-02-19 23:58:45] Added 97 entries from structure 35. Total: 136489/200000
[2024-02-19 23:58:46] Added 68 entries from structure 36. Total: 136557/200000
[2024-02-19 23:58:47] Added 68 entries from structure 37. Total: 136625/200000
[2024-02-19 23:58:47] Added 69 entries from structure 38. Total: 136694/200000
[2024-02-19 23:58:48] Added 60 entries from structure 39. Total: 136754/200000
[2024-02-19 23:58:52] Added 27 entries from structure 40. Total: 136781/200000
[2024-02-19 23:58:56] Added 29 entries from structure 41. Total: 136810/200000
[2024-02-19 23:59:00] Added 28 entries from structure 42. Total: 136838/200000
[2024-02-19 23:59:04] Added 28 entries from structure 43. Total: 136866/200000
[2024-02-19 23:59:04] Added 79 entries from structure 44. Total: 136945/200000
[2024-02-19 23:59:05] Added 85 entries from structure 45. Total: 137030/200000
[2024-02-19 23:59:05] Added 86 entries from structure 46. Total: 137116/200000
[2024-02-19 23:59:06] Added 84 entries from structure 47. Total: 137200/200000
[2024-02-19 23:59:06] Added 79 entries from structure 48. Total: 137279/200000
[2024-02-19 23:59:06] Added 74 entries from structure 49. Total: 137353/200000
[2024-02-19 23:59:07] Added 71 entries from structure 50. Total: 137424/200000
[2024-02-19 23:59:07] Added 86 entries from structure 51. Total: 137510/200000
[2024-02-19 23:59:10] Added 38 entries from structure 52. Total: 137548/200000
[2024-02-19 23:59:12] Added 36 entries from structure 53. Total: 137584/200000
[2024-02-19 23:59:15] Added 37 entries from structure 54. Total: 137621/200000
[2024-02-19 23:59:17] Added 35 entries from structure 55. Total: 137656/200000
[2024-02-19 23:59:26] Added 12 entries from structure 56. Total: 137668/200000
[2024-02-19 23:59:35] Added 12 entries from structure 57. Total: 137680/200000
[2024-02-19 23:59:44] Added 12 entries from structure 58. Total: 137692/200000
[2024-02-19 23:59:53] Added 12 entries from structure 59. Total: 137704/200000
[2024-02-19 23:59:54] Added 69 entries from structure 60. Total: 137773/200000
[2024-02-19 23:59:55] Added 65 entries from structure 61. Total: 137838/200000
[2024-02-19 23:59:55] Added 69 entries from structure 62. Total: 137907/200000
[2024-02-19 23:59:56] Added 70 entries from structure 63. Total: 137977/200000
[2024-02-19 23:59:57] Added 75 entries from structure 64. Total: 138052/200000
[2024-02-19 23:59:57] Added 71 entries from structure 65. Total: 138123/200000
[2024-02-19 23:59:57] Added 80 entries from structure 66. Total: 138203/200000
[2024-02-19 23:59:58] Added 78 entries from structure 67. Total: 138281/200000
[2024-02-19 23:59:58] Added 72 entries from structure 68. Total: 138353/200000
[2024-02-19 23:59:58] Added 62 entries from structure 69. Total: 138415/200000
[2024-02-19 23:59:59] Added 63 entries from structure 70. Total: 138478/200000
[2024-02-19 23:59:59] Added 63 entries from structure 71. Total: 138541/200000
[2024-02-20 00:00:00] Added 64 entries from structure 72. Total: 138605/200000
[2024-02-20 00:00:00] Added 62 entries from structure 73. Total: 138667/200000
[2024-02-20 00:00:01] Added 69 entries from structure 74. Total: 138736/200000
[2024-02-20 00:00:02] Added 62 entries from structure 75. Total: 138798/200000
[2024-02-20 00:00:02] Added 74 entries from structure 76. Total: 138872/200000
[2024-02-20 00:00:03] Added 85 entries from structure 77. Total: 138957/200000
[2024-02-20 00:00:03] Added 84 entries from structure 78. Total: 139041/200000
[2024-02-20 00:00:03] Added 75 entries from structure 79. Total: 139116/200000
[2024-02-20 00:00:04] Added 79 entries from structure 80. Total: 139195/200000
[2024-02-20 00:00:04] Added 76 entries from structure 81. Total: 139271/200000
[2024-02-20 00:00:04] Added 80 entries from structure 82. Total: 139351/200000
[2024-02-20 00:00:04] Added 72 entries from structure 83. Total: 139423/200000
[2024-02-20 00:00:05] Added 68 entries from structure 84. Total: 139491/200000
[2024-02-20 00:00:05] Added 61 entries from structure 85. Total: 139552/200000
[2024-02-20 00:00:06] Added 64 entries from structure 86. Total: 139616/200000
[2024-02-20 00:00:06] Added 63 entries from structure 87. Total: 139679/200000
[2024-02-20 00:00:07] Added 55 entries from structure 88. Total: 139734/200000
[2024-02-20 00:00:08] Added 63 entries from structure 89. Total: 139797/200000
[2024-02-20 00:00:08] Added 61 entries from structure 90. Total: 139858/200000
[2024-02-20 00:00:09] Added 67 entries from structure 91. Total: 139925/200000
[2024-02-20 00:00:09] Added 91 entries from structure 92. Total: 140016/200000
[2024-02-20 00:00:10] Added 91 entries from structure 93. Total: 140107/200000
[2024-02-20 00:00:11] Added 91 entries from structure 94. Total: 140198/200000
[2024-02-20 00:00:12] Added 106 entries from structure 95. Total: 140304/200000
[2024-02-20 00:00:12] Added 67 entries from structure 96. Total: 140371/200000
[2024-02-20 00:00:13] Added 62 entries from structure 97. Total: 140433/200000
[2024-02-20 00:00:14] Added 69 entries from structure 98. Total: 140502/200000
[2024-02-20 00:00:15] Added 72 entries from structure 99. Total: 140574/200000
[2024-02-20 00:00:15] Added 64 entries from structure 100. Total: 140638/200000
[2024-02-20 00:00:16] Added 78 entries from structure 101. Total: 140716/200000
[2024-02-20 00:00:17] Added 72 entries from structure 102. Total: 140788/200000
[2024-02-20 00:00:17] Added 68 entries from structure 103. Total: 140856/200000
[2024-02-20 00:00:18] Added 86 entries from structure 104. Total: 140942/200000
[2024-02-20 00:00:18] Added 93 entries from structure 105. Total: 141035/200000
[2024-02-20 00:00:18] Added 85 entries from structure 106. Total: 141120/200000
[2024-02-20 00:00:19] Added 74 entries from structure 107. Total: 141194/200000
[2024-02-20 00:00:19] Added 76 entries from structure 108. Total: 141270/200000
[2024-02-20 00:00:20] Added 91 entries from structure 109. Total: 141361/200000
[2024-02-20 00:00:20] Added 81 entries from structure 110. Total: 141442/200000
[2024-02-20 00:00:20] Added 93 entries from structure 111. Total: 141535/200000
[2024-02-20 00:00:21] Added 86 entries from structure 112. Total: 141621/200000
[2024-02-20 00:00:21] Added 84 entries from structure 113. Total: 141705/200000
[2024-02-20 00:00:21] Added 89 entries from structure 114. Total: 141794/200000
[2024-02-20 00:00:22] Added 79 entries from structure 115. Total: 141873/200000
[2024-02-20 00:00:22] Added 87 entries from structure 116. Total: 141960/200000
[2024-02-20 00:00:23] Added 70 entries from structure 117. Total: 142030/200000
[2024-02-20 00:00:23] Added 92 entries from structure 118. Total: 142122/200000
[2024-02-20 00:00:23] Added 73 entries from structure 119. Total: 142195/200000
[2024-02-20 00:00:24] Added 59 entries from structure 120. Total: 142254/200000
[2024-02-20 00:00:24] Added 66 entries from structure 121. Total: 142320/200000
[2024-02-20 00:00:25] Added 65 entries from structure 122. Total: 142385/200000
[2024-02-20 00:00:25] Added 75 entries from structure 123. Total: 142460/200000
[2024-02-20 00:00:25] Added 75 entries from structure 124. Total: 142535/200000
[2024-02-20 00:00:26] Added 83 entries from structure 125. Total: 142618/200000
[2024-02-20 00:00:26] Added 66 entries from structure 126. Total: 142684/200000
[2024-02-20 00:00:27] Added 73 entries from structure 127. Total: 142757/200000
[2024-02-20 00:00:27] Added 63 entries from structure 128. Total: 142820/200000
[2024-02-20 00:00:28] Added 56 entries from structure 129. Total: 142876/200000
[2024-02-20 00:00:29] Added 63 entries from structure 130. Total: 142939/200000
[2024-02-20 00:00:30] Added 61 entries from structure 131. Total: 143000/200000
[2024-02-20 00:00:31] Added 54 entries from structure 132. Total: 143054/200000
[2024-02-20 00:00:32] Added 62 entries from structure 133. Total: 143116/200000
[2024-02-20 00:00:34] Added 47 entries from structure 134. Total: 143163/200000
[2024-02-20 00:00:35] Added 58 entries from structure 135. Total: 143221/200000
[2024-02-20 00:00:36] Added 61 entries from structure 136. Total: 143282/200000
[2024-02-20 00:00:37] Added 54 entries from structure 137. Total: 143336/200000
[2024-02-20 00:00:39] Added 55 entries from structure 138. Total: 143391/200000
[2024-02-20 00:00:40] Added 48 entries from structure 139. Total: 143439/200000
[2024-02-20 00:00:41] Added 62 entries from structure 140. Total: 143501/200000
[2024-02-20 00:00:42] Added 55 entries from structure 141. Total: 143556/200000
[2024-02-20 00:00:43] Added 49 entries from structure 142. Total: 143605/200000
[2024-02-20 00:00:44] Added 48 entries from structure 143. Total: 143653/200000
[2024-02-20 00:00:45] Added 72 entries from structure 144. Total: 143725/200000
[2024-02-20 00:00:46] Added 52 entries from structure 145. Total: 143777/200000
[2024-02-20 00:00:46] Added 82 entries from structure 146. Total: 143859/200000
[2024-02-20 00:00:47] Added 69 entries from structure 147. Total: 143928/200000
[2024-02-20 00:00:47] Added 93 entries from structure 148. Total: 144021/200000
[2024-02-20 00:00:48] Added 97 entries from structure 149. Total: 144118/200000
[2024-02-20 00:00:48] Added 93 entries from structure 150. Total: 144211/200000
[2024-02-20 00:00:48] Added 108 entries from structure 151. Total: 144319/200000
[2024-02-20 00:01:06] Added 6 entries from structure 152. Total: 144325/200000
[2024-02-20 00:01:24] Added 6 entries from structure 153. Total: 144331/200000
[2024-02-20 00:01:41] Added 6 entries from structure 154. Total: 144337/200000
[2024-02-20 00:02:00] Added 6 entries from structure 155. Total: 144343/200000
[2024-02-20 00:02:00] Added 76 entries from structure 156. Total: 144419/200000
[2024-02-20 00:02:01] Added 93 entries from structure 157. Total: 144512/200000
[2024-02-20 00:02:01] Added 69 entries from structure 158. Total: 144581/200000
[2024-02-20 00:02:02] Added 79 entries from structure 159. Total: 144660/200000
[2024-02-20 00:02:38] Added 3 entries from structure 160. Total: 144663/200000
[2024-02-20 00:03:12] Added 3 entries from structure 161. Total: 144666/200000
[2024-02-20 00:03:48] Added 3 entries from structure 162. Total: 144669/200000
[2024-02-20 00:04:25] Added 3 entries from structure 163. Total: 144672/200000
[2024-02-20 00:05:02] Added 3 entries from structure 164. Total: 144675/200000
[2024-02-20 00:05:37] Added 3 entries from structure 165. Total: 144678/200000
[2024-02-20 00:06:13] Added 3 entries from structure 166. Total: 144681/200000
[2024-02-20 00:06:50] Added 3 entries from structure 167. Total: 144684/200000
[2024-02-20 00:06:57] Added 16 entries from structure 168. Total: 144700/200000
[2024-02-20 00:07:04] Added 16 entries from structure 169. Total: 144716/200000
[2024-02-20 00:07:11] Added 14 entries from structure 170. Total: 144730/200000
[2024-02-20 00:07:18] Added 16 entries from structure 171. Total: 144746/200000
[2024-02-20 00:07:29] Added 10 entries from structure 172. Total: 144756/200000
[2024-02-20 00:07:39] Added 10 entries from structure 173. Total: 144766/200000
[2024-02-20 00:07:50] Added 10 entries from structure 174. Total: 144776/200000
[2024-02-20 00:08:01] Added 10 entries from structure 175. Total: 144786/200000
[2024-02-20 00:08:04] Added 32 entries from structure 176. Total: 144818/200000
[2024-02-20 00:08:07] Added 30 entries from structure 177. Total: 144848/200000
[2024-02-20 00:08:10] Added 32 entries from structure 178. Total: 144880/200000
[2024-02-20 00:08:13] Added 34 entries from structure 179. Total: 144914/200000
[2024-02-20 00:08:18] Added 21 entries from structure 180. Total: 144935/200000
[2024-02-20 00:08:23] Added 21 entries from structure 181. Total: 144956/200000
[2024-02-20 00:08:28] Added 21 entries from structure 182. Total: 144977/200000
[2024-02-20 00:08:33] Added 21 entries from structure 183. Total: 144998/200000
[2024-02-20 00:08:43] Added 11 entries from structure 184. Total: 145009/200000
[2024-02-20 00:08:53] Added 11 entries from structure 185. Total: 145020/200000
[2024-02-20 00:09:03] Added 11 entries from structure 186. Total: 145031/200000
[2024-02-20 00:09:12] Added 11 entries from structure 187. Total: 145042/200000
[2024-02-20 00:09:12] Added 74 entries from structure 188. Total: 145116/200000
[2024-02-20 00:09:13] Added 79 entries from structure 189. Total: 145195/200000
[2024-02-20 00:09:13] Added 83 entries from structure 190. Total: 145278/200000
[2024-02-20 00:09:14] Added 82 entries from structure 191. Total: 145360/200000
[2024-02-20 00:09:14] Added 78 entries from structure 192. Total: 145438/200000
[2024-02-20 00:09:14] Added 69 entries from structure 193. Total: 145507/200000
[2024-02-20 00:09:15] Added 70 entries from structure 194. Total: 145577/200000
[2024-02-20 00:09:15] Added 75 entries from structure 195. Total: 145652/200000
[2024-02-20 00:09:15] Added 76 entries from structure 196. Total: 145728/200000
[2024-02-20 00:09:16] Added 75 entries from structure 197. Total: 145803/200000
[2024-02-20 00:09:16] Added 61 entries from structure 198. Total: 145864/200000
[2024-02-20 00:09:16] Added 82 entries from structure 199. Total: 145946/200000
[2024-02-20 00:09:17] Added 62 entries from structure 200. Total: 146008/200000
[2024-02-20 00:09:18] Added 62 entries from structure 201. Total: 146070/200000
[2024-02-20 00:09:18] Added 63 entries from structure 202. Total: 146133/200000
[2024-02-20 00:09:19] Added 61 entries from structure 203. Total: 146194/200000
[2024-02-20 00:09:19] Added 73 entries from structure 204. Total: 146267/200000
[2024-02-20 00:09:20] Added 67 entries from structure 205. Total: 146334/200000
[2024-02-20 00:09:20] Added 81 entries from structure 206. Total: 146415/200000
[2024-02-20 00:09:20] Added 68 entries from structure 207. Total: 146483/200000
[2024-02-20 00:09:21] Added 61 entries from structure 208. Total: 146544/200000
[2024-02-20 00:09:22] Added 64 entries from structure 209. Total: 146608/200000
[2024-02-20 00:09:22] Added 73 entries from structure 210. Total: 146681/200000
[2024-02-20 00:09:23] Added 67 entries from structure 211. Total: 146748/200000
[2024-02-20 00:09:23] Added 89 entries from structure 212. Total: 146837/200000
[2024-02-20 00:09:23] Added 75 entries from structure 213. Total: 146912/200000
[2024-02-20 00:09:24] Added 75 entries from structure 214. Total: 146987/200000
[2024-02-20 00:09:24] Added 89 entries from structure 215. Total: 147076/200000
[2024-02-20 00:09:26] Added 52 entries from structure 216. Total: 147128/200000
[2024-02-20 00:09:27] Added 45 entries from structure 217. Total: 147173/200000
[2024-02-20 00:09:29] Added 44 entries from structure 218. Total: 147217/200000
[2024-02-20 00:09:31] Added 47 entries from structure 219. Total: 147264/200000
[2024-02-20 00:09:31] Added 76 entries from structure 220. Total: 147340/200000
[2024-02-20 00:09:32] Added 85 entries from structure 221. Total: 147425/200000
[2024-02-20 00:09:32] Added 84 entries from structure 222. Total: 147509/200000
[2024-02-20 00:09:32] Added 75 entries from structure 223. Total: 147584/200000
[2024-02-20 00:09:33] Added 58 entries from structure 224. Total: 147642/200000
[2024-02-20 00:09:34] Added 55 entries from structure 225. Total: 147697/200000
[2024-02-20 00:09:35] Added 64 entries from structure 226. Total: 147761/200000
[2024-02-20 00:09:35] Added 61 entries from structure 227. Total: 147822/200000
[2024-02-20 00:09:36] Added 87 entries from structure 228. Total: 147909/200000
[2024-02-20 00:09:37] Added 78 entries from structure 229. Total: 147987/200000
[2024-02-20 00:09:37] Added 81 entries from structure 230. Total: 148068/200000
[2024-02-20 00:09:38] Added 70 entries from structure 231. Total: 148138/200000
[2024-02-20 00:09:38] Added 83 entries from structure 232. Total: 148221/200000
[2024-02-20 00:09:39] Added 73 entries from structure 233. Total: 148294/200000
[2024-02-20 00:09:39] Added 99 entries from structure 234. Total: 148393/200000
[2024-02-20 00:09:39] Added 86 entries from structure 235. Total: 148479/200000
[2024-02-20 00:09:40] Added 82 entries from structure 236. Total: 148561/200000
[2024-02-20 00:09:40] Added 58 entries from structure 237. Total: 148619/200000
[2024-02-20 00:09:40] Added 75 entries from structure 238. Total: 148694/200000
[2024-02-20 00:09:41] Added 81 entries from structure 239. Total: 148775/200000
[2024-02-20 00:09:41] Added 81 entries from structure 240. Total: 148856/200000
[2024-02-20 00:09:42] Added 54 entries from structure 241. Total: 148910/200000
[2024-02-20 00:09:42] Added 58 entries from structure 242. Total: 148968/200000
[2024-02-20 00:09:43] Added 77 entries from structure 243. Total: 149045/200000
[2024-02-20 00:09:43] Added 75 entries from structure 244. Total: 149120/200000
[2024-02-20 00:09:43] Added 82 entries from structure 245. Total: 149202/200000
[2024-02-20 00:09:44] Added 66 entries from structure 246. Total: 149268/200000
[2024-02-20 00:09:44] Added 81 entries from structure 247. Total: 149349/200000
[2024-02-20 00:09:44] Added 79 entries from structure 248. Total: 149428/200000
[2024-02-20 00:09:45] Added 83 entries from structure 249. Total: 149511/200000
[2024-02-20 00:09:45] Added 65 entries from structure 250. Total: 149576/200000
[2024-02-20 00:09:45] Added 87 entries from structure 251. Total: 149663/200000
[2024-02-20 00:09:46] Added 69 entries from structure 252. Total: 149732/200000
[2024-02-20 00:09:46] Added 58 entries from structure 253. Total: 149790/200000
[2024-02-20 00:09:47] Added 79 entries from structure 254. Total: 149869/200000
[2024-02-20 00:09:47] Added 66 entries from structure 255. Total: 149935/200000
[2024-02-20 00:09:49] Added 48 entries from structure 256. Total: 149983/200000
[2024-02-20 00:09:50] Added 51 entries from structure 257. Total: 150034/200000
[2024-02-20 00:09:51] Checkpoint created at 150000 entries: ../dataset/blocks-16-150000.hdf5
[2024-02-20 00:09:53] Added 49 entries from structure 258. Total: 150083/200000
[2024-02-20 00:09:55] Added 50 entries from structure 259. Total: 150133/200000
[2024-02-20 00:09:55] Added 69 entries from structure 260. Total: 150202/200000
[2024-02-20 00:09:56] Added 66 entries from structure 261. Total: 150268/200000
[2024-02-20 00:09:57] Added 71 entries from structure 262. Total: 150339/200000
[2024-02-20 00:09:58] Added 50 entries from structure 263. Total: 150389/200000
[2024-02-20 00:09:59] Added 54 entries from structure 264. Total: 150443/200000
[2024-02-20 00:09:59] Added 67 entries from structure 265. Total: 150510/200000
[2024-02-20 00:10:00] Added 58 entries from structure 266. Total: 150568/200000
[2024-02-20 00:10:01] Added 69 entries from structure 267. Total: 150637/200000
[2024-02-20 00:10:02] Added 52 entries from structure 268. Total: 150689/200000
[2024-02-20 00:10:03] Added 56 entries from structure 269. Total: 150745/200000
[2024-02-20 00:10:04] Added 52 entries from structure 270. Total: 150797/200000
[2024-02-20 00:10:05] Added 61 entries from structure 271. Total: 150858/200000
[2024-02-20 00:10:06] Added 58 entries from structure 272. Total: 150916/200000
[2024-02-20 00:10:06] Added 58 entries from structure 273. Total: 150974/200000
[2024-02-20 00:10:07] Added 73 entries from structure 274. Total: 151047/200000
[2024-02-20 00:10:07] Added 68 entries from structure 275. Total: 151115/200000
[2024-02-20 00:10:08] Added 59 entries from structure 276. Total: 151174/200000
[2024-02-20 00:10:08] Added 63 entries from structure 277. Total: 151237/200000
[2024-02-20 00:10:09] Added 75 entries from structure 278. Total: 151312/200000
[2024-02-20 00:10:09] Added 68 entries from structure 279. Total: 151380/200000
[2024-02-20 00:10:10] Added 64 entries from structure 280. Total: 151444/200000
[2024-02-20 00:10:11] Added 58 entries from structure 281. Total: 151502/200000
[2024-02-20 00:10:11] Added 69 entries from structure 282. Total: 151571/200000
[2024-02-20 00:10:12] Added 67 entries from structure 283. Total: 151638/200000
[2024-02-20 00:10:13] Added 66 entries from structure 284. Total: 151704/200000
[2024-02-20 00:10:13] Added 81 entries from structure 285. Total: 151785/200000
[2024-02-20 00:10:14] Added 62 entries from structure 286. Total: 151847/200000
[2024-02-20 00:10:15] Added 64 entries from structure 287. Total: 151911/200000
[2024-02-20 00:10:28] Added 8 entries from structure 288. Total: 151919/200000
[2024-02-20 00:10:41] Added 8 entries from structure 289. Total: 151927/200000
[2024-02-20 00:10:54] Added 8 entries from structure 290. Total: 151935/200000
[2024-02-20 00:11:07] Added 8 entries from structure 291. Total: 151943/200000
[2024-02-20 00:11:13] Added 18 entries from structure 292. Total: 151961/200000
[2024-02-20 00:11:19] Added 18 entries from structure 293. Total: 151979/200000
[2024-02-20 00:11:25] Added 18 entries from structure 294. Total: 151997/200000
[2024-02-20 00:11:31] Added 18 entries from structure 295. Total: 152015/200000
[2024-02-20 00:11:32] Added 58 entries from structure 296. Total: 152073/200000
[2024-02-20 00:11:33] Added 49 entries from structure 297. Total: 152122/200000
[2024-02-20 00:11:34] Added 52 entries from structure 298. Total: 152174/200000
[2024-02-20 00:11:36] Added 44 entries from structure 299. Total: 152218/200000
[2024-02-20 00:11:42] Added 16 entries from structure 300. Total: 152234/200000
[2024-02-20 00:11:49] Added 16 entries from structure 301. Total: 152250/200000
[2024-02-20 00:11:55] Added 16 entries from structure 302. Total: 152266/200000
[2024-02-20 00:12:02] Added 16 entries from structure 303. Total: 152282/200000
[2024-02-20 00:12:02] Added 81 entries from structure 304. Total: 152363/200000
[2024-02-20 00:12:03] Added 70 entries from structure 305. Total: 152433/200000
[2024-02-20 00:12:03] Added 69 entries from structure 306. Total: 152502/200000
[2024-02-20 00:12:03] Added 73 entries from structure 307. Total: 152575/200000
[2024-02-20 00:12:04] Added 78 entries from structure 308. Total: 152653/200000
[2024-02-20 00:12:05] Added 70 entries from structure 309. Total: 152723/200000
[2024-02-20 00:12:05] Added 65 entries from structure 310. Total: 152788/200000
[2024-02-20 00:12:06] Added 65 entries from structure 311. Total: 152853/200000
[2024-02-20 00:12:06] Added 75 entries from structure 312. Total: 152928/200000
[2024-02-20 00:12:07] Added 78 entries from structure 313. Total: 153006/200000
[2024-02-20 00:12:07] Added 60 entries from structure 314. Total: 153066/200000
[2024-02-20 00:12:08] Added 73 entries from structure 315. Total: 153139/200000
[2024-02-20 00:12:09] Added 60 entries from structure 316. Total: 153199/200000
[2024-02-20 00:12:10] Added 63 entries from structure 317. Total: 153262/200000
[2024-02-20 00:12:11] Added 57 entries from structure 318. Total: 153319/200000
[2024-02-20 00:12:12] Added 64 entries from structure 319. Total: 153383/200000
[2024-02-20 00:12:15] Added 36 entries from structure 320. Total: 153419/200000
[2024-02-20 00:12:18] Added 33 entries from structure 321. Total: 153452/200000
[2024-02-20 00:12:21] Added 32 entries from structure 322. Total: 153484/200000
[2024-02-20 00:12:24] Added 33 entries from structure 323. Total: 153517/200000
[2024-02-20 00:12:24] Added 55 entries from structure 324. Total: 153572/200000
[2024-02-20 00:12:25] Added 65 entries from structure 325. Total: 153637/200000
[2024-02-20 00:12:25] Added 83 entries from structure 326. Total: 153720/200000
[2024-02-20 00:12:25] Added 64 entries from structure 327. Total: 153784/200000
[2024-02-20 00:12:26] Added 58 entries from structure 328. Total: 153842/200000
[2024-02-20 00:12:27] Added 57 entries from structure 329. Total: 153899/200000
[2024-02-20 00:12:28] Added 56 entries from structure 330. Total: 153955/200000
[2024-02-20 00:12:29] Added 55 entries from structure 331. Total: 154010/200000
[2024-02-20 00:12:29] Added 75 entries from structure 332. Total: 154085/200000
[2024-02-20 00:12:29] Added 68 entries from structure 333. Total: 154153/200000
[2024-02-20 00:12:30] Added 78 entries from structure 334. Total: 154231/200000
[2024-02-20 00:12:30] Added 78 entries from structure 335. Total: 154309/200000
[2024-02-20 00:12:31] Added 77 entries from structure 336. Total: 154386/200000
[2024-02-20 00:12:31] Added 68 entries from structure 337. Total: 154454/200000
[2024-02-20 00:12:32] Added 71 entries from structure 338. Total: 154525/200000
[2024-02-20 00:12:32] Added 77 entries from structure 339. Total: 154602/200000
[2024-02-20 00:12:32] Added 99 entries from structure 340. Total: 154701/200000
[2024-02-20 00:12:33] Added 76 entries from structure 341. Total: 154777/200000
[2024-02-20 00:12:33] Added 74 entries from structure 342. Total: 154851/200000
[2024-02-20 00:12:34] Added 79 entries from structure 343. Total: 154930/200000
[2024-02-20 00:12:34] Added 89 entries from structure 344. Total: 155019/200000
[2024-02-20 00:12:34] Added 80 entries from structure 345. Total: 155099/200000
[2024-02-20 00:12:34] Added 81 entries from structure 346. Total: 155180/200000
[2024-02-20 00:12:35] Added 81 entries from structure 347. Total: 155261/200000
[2024-02-20 00:12:35] Added 77 entries from structure 348. Total: 155338/200000
[2024-02-20 00:12:35] Added 91 entries from structure 349. Total: 155429/200000
[2024-02-20 00:12:36] Added 89 entries from structure 350. Total: 155518/200000
[2024-02-20 00:12:36] Added 87 entries from structure 351. Total: 155605/200000
[2024-02-20 00:12:37] Added 100 entries from structure 352. Total: 155705/200000
[2024-02-20 00:12:37] Added 86 entries from structure 353. Total: 155791/200000
[2024-02-20 00:12:37] Added 90 entries from structure 354. Total: 155881/200000
[2024-02-20 00:12:38] Added 96 entries from structure 355. Total: 155977/200000
[2024-02-20 00:12:38] Added 70 entries from structure 356. Total: 156047/200000
[2024-02-20 00:12:38] Added 85 entries from structure 357. Total: 156132/200000
[2024-02-20 00:12:39] Added 73 entries from structure 358. Total: 156205/200000
[2024-02-20 00:12:39] Added 67 entries from structure 359. Total: 156272/200000
[2024-02-20 00:12:40] Added 81 entries from structure 360. Total: 156353/200000
[2024-02-20 00:12:40] Added 62 entries from structure 361. Total: 156415/200000
[2024-02-20 00:12:41] Added 74 entries from structure 362. Total: 156489/200000
[2024-02-20 00:12:41] Added 73 entries from structure 363. Total: 156562/200000
[2024-02-20 00:12:43] Added 47 entries from structure 364. Total: 156609/200000
[2024-02-20 00:12:45] Added 50 entries from structure 365. Total: 156659/200000
[2024-02-20 00:12:46] Added 48 entries from structure 366. Total: 156707/200000
[2024-02-20 00:12:48] Added 46 entries from structure 367. Total: 156753/200000
[2024-02-20 00:12:49] Added 62 entries from structure 368. Total: 156815/200000
[2024-02-20 00:12:50] Added 53 entries from structure 369. Total: 156868/200000
[2024-02-20 00:12:50] Added 71 entries from structure 370. Total: 156939/200000
[2024-02-20 00:12:51] Added 66 entries from structure 371. Total: 157005/200000
[2024-02-20 00:12:51] Added 76 entries from structure 372. Total: 157081/200000
[2024-02-20 00:12:52] Added 87 entries from structure 373. Total: 157168/200000
[2024-02-20 00:12:52] Added 70 entries from structure 374. Total: 157238/200000
[2024-02-20 00:12:53] Added 80 entries from structure 375. Total: 157318/200000
[2024-02-20 00:12:53] Added 81 entries from structure 376. Total: 157399/200000
[2024-02-20 00:12:54] Added 69 entries from structure 377. Total: 157468/200000
[2024-02-20 00:12:54] Added 70 entries from structure 378. Total: 157538/200000
[2024-02-20 00:12:55] Added 77 entries from structure 379. Total: 157615/200000
[2024-02-20 00:12:55] Added 66 entries from structure 380. Total: 157681/200000
[2024-02-20 00:12:56] Added 68 entries from structure 381. Total: 157749/200000
[2024-02-20 00:12:56] Added 62 entries from structure 382. Total: 157811/200000
[2024-02-20 00:12:57] Added 83 entries from structure 383. Total: 157894/200000
[2024-02-20 00:12:58] Added 60 entries from structure 384. Total: 157954/200000
[2024-02-20 00:12:59] Added 56 entries from structure 385. Total: 158010/200000
[2024-02-20 00:13:00] Added 63 entries from structure 386. Total: 158073/200000
[2024-02-20 00:13:02] Added 62 entries from structure 387. Total: 158135/200000
[2024-02-20 00:13:02] Added 59 entries from structure 388. Total: 158194/200000
[2024-02-20 00:13:02] Added 72 entries from structure 389. Total: 158266/200000
[2024-02-20 00:13:03] Added 62 entries from structure 390. Total: 158328/200000
[2024-02-20 00:13:03] Added 70 entries from structure 391. Total: 158398/200000
[2024-02-20 00:13:04] Added 84 entries from structure 392. Total: 158482/200000
[2024-02-20 00:13:05] Added 86 entries from structure 393. Total: 158568/200000
[2024-02-20 00:13:05] Added 69 entries from structure 394. Total: 158637/200000
[2024-02-20 00:13:06] Added 81 entries from structure 395. Total: 158718/200000
[2024-02-20 00:13:07] Added 61 entries from structure 396. Total: 158779/200000
[2024-02-20 00:13:07] Added 78 entries from structure 397. Total: 158857/200000
[2024-02-20 00:13:07] Added 69 entries from structure 398. Total: 158926/200000
[2024-02-20 00:13:08] Added 87 entries from structure 399. Total: 159013/200000
[2024-02-20 00:13:08] Added 94 entries from structure 400. Total: 159107/200000
[2024-02-20 00:13:08] Added 105 entries from structure 401. Total: 159212/200000
[2024-02-20 00:13:09] Added 107 entries from structure 402. Total: 159319/200000
[2024-02-20 00:13:09] Added 112 entries from structure 403. Total: 159431/200000
[2024-02-20 00:13:09] Added 87 entries from structure 404. Total: 159518/200000
[2024-02-20 00:13:10] Added 64 entries from structure 405. Total: 159582/200000
[2024-02-20 00:13:10] Added 73 entries from structure 406. Total: 159655/200000
[2024-02-20 00:13:10] Added 89 entries from structure 407. Total: 159744/200000
[2024-02-20 00:13:10] Added 83 entries from structure 408. Total: 159827/200000
[2024-02-20 00:13:11] Added 78 entries from structure 409. Total: 159905/200000
[2024-02-20 00:13:11] Added 89 entries from structure 410. Total: 159994/200000
[2024-02-20 00:13:11] Added 87 entries from structure 411. Total: 160081/200000
[2024-02-20 00:13:13] Added 47 entries from structure 412. Total: 160128/200000
[2024-02-20 00:13:15] Added 54 entries from structure 413. Total: 160182/200000
[2024-02-20 00:13:16] Added 53 entries from structure 414. Total: 160235/200000
[2024-02-20 00:13:18] Added 59 entries from structure 415. Total: 160294/200000
[2024-02-20 00:13:18] Added 59 entries from structure 416. Total: 160353/200000
[2024-02-20 00:13:18] Added 59 entries from structure 417. Total: 160412/200000
[2024-02-20 00:13:19] Added 85 entries from structure 418. Total: 160497/200000
[2024-02-20 00:13:19] Added 80 entries from structure 419. Total: 160577/200000
[2024-02-20 00:13:19] Added 71 entries from structure 420. Total: 160648/200000
[2024-02-20 00:13:20] Added 68 entries from structure 421. Total: 160716/200000
[2024-02-20 00:13:20] Added 84 entries from structure 422. Total: 160800/200000
[2024-02-20 00:13:20] Added 73 entries from structure 423. Total: 160873/200000
[2024-02-20 00:13:21] Added 64 entries from structure 424. Total: 160937/200000
[2024-02-20 00:13:22] Added 62 entries from structure 425. Total: 160999/200000
[2024-02-20 00:13:22] Added 64 entries from structure 426. Total: 161063/200000
[2024-02-20 00:13:23] Added 67 entries from structure 427. Total: 161130/200000
[2024-02-20 00:13:25] Added 47 entries from structure 428. Total: 161177/200000
[2024-02-20 00:13:26] Added 57 entries from structure 429. Total: 161234/200000
[2024-02-20 00:13:27] Added 55 entries from structure 430. Total: 161289/200000
[2024-02-20 00:13:29] Added 47 entries from structure 431. Total: 161336/200000
[2024-02-20 00:13:29] Added 79 entries from structure 432. Total: 161415/200000
[2024-02-20 00:13:29] Added 78 entries from structure 433. Total: 161493/200000
[2024-02-20 00:13:30] Added 76 entries from structure 434. Total: 161569/200000
[2024-02-20 00:13:30] Added 89 entries from structure 435. Total: 161658/200000
[2024-02-20 00:13:30] Added 81 entries from structure 436. Total: 161739/200000
[2024-02-20 00:13:31] Added 76 entries from structure 437. Total: 161815/200000
[2024-02-20 00:13:32] Added 61 entries from structure 438. Total: 161876/200000
[2024-02-20 00:13:32] Added 68 entries from structure 439. Total: 161944/200000
[2024-02-20 00:13:33] Added 71 entries from structure 440. Total: 162015/200000
[2024-02-20 00:13:34] Added 60 entries from structure 441. Total: 162075/200000
[2024-02-20 00:13:35] Added 61 entries from structure 442. Total: 162136/200000
[2024-02-20 00:13:35] Added 65 entries from structure 443. Total: 162201/200000
[2024-02-20 00:13:36] Added 76 entries from structure 444. Total: 162277/200000
[2024-02-20 00:13:36] Added 80 entries from structure 445. Total: 162357/200000
[2024-02-20 00:13:37] Added 77 entries from structure 446. Total: 162434/200000
[2024-02-20 00:13:37] Added 83 entries from structure 447. Total: 162517/200000
[2024-02-20 00:13:37] Added 75 entries from structure 448. Total: 162592/200000
[2024-02-20 00:13:38] Added 70 entries from structure 449. Total: 162662/200000
[2024-02-20 00:13:38] Added 79 entries from structure 450. Total: 162741/200000
[2024-02-20 00:13:39] Added 83 entries from structure 451. Total: 162824/200000
[2024-02-20 00:13:39] Added 80 entries from structure 452. Total: 162904/200000
[2024-02-20 00:13:40] Added 69 entries from structure 453. Total: 162973/200000
[2024-02-20 00:13:40] Added 98 entries from structure 454. Total: 163071/200000
[2024-02-20 00:13:40] Added 80 entries from structure 455. Total: 163151/200000
[2024-02-20 00:13:41] Added 79 entries from structure 456. Total: 163230/200000
[2024-02-20 00:13:42] Added 65 entries from structure 457. Total: 163295/200000
[2024-02-20 00:13:42] Added 71 entries from structure 458. Total: 163366/200000
[2024-02-20 00:13:43] Added 64 entries from structure 459. Total: 163430/200000
[2024-02-20 00:13:43] Added 78 entries from structure 460. Total: 163508/200000
[2024-02-20 00:13:44] Added 69 entries from structure 461. Total: 163577/200000
[2024-02-20 00:13:44] Added 68 entries from structure 462. Total: 163645/200000
[2024-02-20 00:13:45] Added 71 entries from structure 463. Total: 163716/200000
[2024-02-20 00:13:46] Added 68 entries from structure 464. Total: 163784/200000
[2024-02-20 00:13:46] Added 62 entries from structure 465. Total: 163846/200000
[2024-02-20 00:13:47] Added 69 entries from structure 466. Total: 163915/200000
[2024-02-20 00:13:48] Added 68 entries from structure 467. Total: 163983/200000
[2024-02-20 00:13:49] Added 57 entries from structure 468. Total: 164040/200000
[2024-02-20 00:13:51] Added 54 entries from structure 469. Total: 164094/200000
[2024-02-20 00:13:52] Added 62 entries from structure 470. Total: 164156/200000
[2024-02-20 00:13:53] Added 53 entries from structure 471. Total: 164209/200000
[2024-02-20 00:13:54] Added 59 entries from structure 472. Total: 164268/200000
[2024-02-20 00:13:55] Added 64 entries from structure 473. Total: 164332/200000
[2024-02-20 00:13:56] Added 66 entries from structure 474. Total: 164398/200000
[2024-02-20 00:13:56] Added 66 entries from structure 475. Total: 164464/200000
[2024-02-20 00:13:57] Added 59 entries from structure 476. Total: 164523/200000
[2024-02-20 00:13:58] Added 64 entries from structure 477. Total: 164587/200000
[2024-02-20 00:13:58] Added 63 entries from structure 478. Total: 164650/200000
[2024-02-20 00:13:59] Added 63 entries from structure 479. Total: 164713/200000
[2024-02-20 00:14:01] Added 41 entries from structure 480. Total: 164754/200000
[2024-02-20 00:14:04] Added 38 entries from structure 481. Total: 164792/200000
[2024-02-20 00:14:06] Added 40 entries from structure 482. Total: 164832/200000
[2024-02-20 00:14:08] Added 41 entries from structure 483. Total: 164873/200000
[2024-02-20 00:14:10] Added 43 entries from structure 484. Total: 164916/200000
[2024-02-20 00:14:12] Added 38 entries from structure 485. Total: 164954/200000
[2024-02-20 00:14:14] Added 41 entries from structure 486. Total: 164995/200000
[2024-02-20 00:14:16] Added 40 entries from structure 487. Total: 165035/200000
[2024-02-20 00:14:17] Added 70 entries from structure 488. Total: 165105/200000
[2024-02-20 00:14:17] Added 71 entries from structure 489. Total: 165176/200000
[2024-02-20 00:14:18] Added 72 entries from structure 490. Total: 165248/200000
[2024-02-20 00:14:19] Added 59 entries from structure 491. Total: 165307/200000
[2024-02-20 00:14:20] Added 66 entries from structure 492. Total: 165373/200000
[2024-02-20 00:14:20] Added 74 entries from structure 493. Total: 165447/200000
[2024-02-20 00:14:21] Added 63 entries from structure 494. Total: 165510/200000
[2024-02-20 00:14:22] Added 58 entries from structure 495. Total: 165568/200000
[2024-02-20 00:14:23] Added 77 entries from structure 496. Total: 165645/200000
[2024-02-20 00:14:24] Added 69 entries from structure 497. Total: 165714/200000
[2024-02-20 00:14:25] Added 77 entries from structure 498. Total: 165791/200000
[2024-02-20 00:14:25] Added 62 entries from structure 499. Total: 165853/200000
[2024-02-20 00:14:29] Added 27 entries from structure 500. Total: 165880/200000
[2024-02-20 00:14:33] Added 27 entries from structure 501. Total: 165907/200000
[2024-02-20 00:14:37] Added 23 entries from structure 502. Total: 165930/200000
[2024-02-20 00:14:41] Added 26 entries from structure 503. Total: 165956/200000
[2024-02-20 00:14:42] Added 61 entries from structure 504. Total: 166017/200000
[2024-02-20 00:14:42] Added 63 entries from structure 505. Total: 166080/200000
[2024-02-20 00:14:43] Added 71 entries from structure 506. Total: 166151/200000
[2024-02-20 00:14:43] Added 68 entries from structure 507. Total: 166219/200000
[2024-02-20 00:14:44] Added 80 entries from structure 508. Total: 166299/200000
[2024-02-20 00:14:44] Added 91 entries from structure 509. Total: 166390/200000
[2024-02-20 00:14:45] Added 53 entries from structure 510. Total: 166443/200000
[2024-02-20 00:14:45] Added 72 entries from structure 511. Total: 166515/200000
[2024-02-20 00:14:46] Added 78 entries from structure 512. Total: 166593/200000
[2024-02-20 00:14:46] Added 71 entries from structure 513. Total: 166664/200000
[2024-02-20 00:14:47] Added 70 entries from structure 514. Total: 166734/200000
[2024-02-20 00:14:48] Added 51 entries from structure 515. Total: 166785/200000
[2024-02-20 00:14:49] Added 47 entries from structure 516. Total: 166832/200000
[2024-02-20 00:14:52] Added 35 entries from structure 517. Total: 166867/200000
[2024-02-20 00:14:53] Added 48 entries from structure 518. Total: 166915/200000
[2024-02-20 00:14:56] Added 31 entries from structure 519. Total: 166946/200000
[2024-02-20 00:14:57] Added 57 entries from structure 520. Total: 167003/200000
[2024-02-20 00:14:58] Added 69 entries from structure 521. Total: 167072/200000
[2024-02-20 00:15:00] Added 65 entries from structure 522. Total: 167137/200000
[2024-02-20 00:15:01] Added 65 entries from structure 523. Total: 167202/200000
[2024-02-20 00:15:02] Added 62 entries from structure 524. Total: 167264/200000
[2024-02-20 00:15:03] Added 63 entries from structure 525. Total: 167327/200000
[2024-02-20 00:15:05] Added 59 entries from structure 526. Total: 167386/200000
[2024-02-20 00:15:06] Added 63 entries from structure 527. Total: 167449/200000
[2024-02-20 00:15:11] Added 19 entries from structure 528. Total: 167468/200000
[2024-02-20 00:15:32] Added 5 entries from structure 529. Total: 167473/200000
[2024-02-20 00:15:38] Added 19 entries from structure 530. Total: 167492/200000
[2024-02-20 00:15:56] Added 6 entries from structure 531. Total: 167498/200000
[2024-02-20 00:15:56] Added 69 entries from structure 532. Total: 167567/200000
[2024-02-20 00:15:57] Added 85 entries from structure 533. Total: 167652/200000
[2024-02-20 00:15:58] Added 74 entries from structure 534. Total: 167726/200000
[2024-02-20 00:15:59] Added 66 entries from structure 535. Total: 167792/200000
[2024-02-20 00:15:59] Added 68 entries from structure 536. Total: 167860/200000
[2024-02-20 00:16:00] Added 72 entries from structure 537. Total: 167932/200000
[2024-02-20 00:16:01] Added 64 entries from structure 538. Total: 167996/200000
[2024-02-20 00:16:01] Added 69 entries from structure 539. Total: 168065/200000
[2024-02-20 00:16:03] Added 60 entries from structure 540. Total: 168125/200000
[2024-02-20 00:16:04] Added 64 entries from structure 541. Total: 168189/200000
[2024-02-20 00:16:05] Added 60 entries from structure 542. Total: 168249/200000
[2024-02-20 00:16:06] Added 67 entries from structure 543. Total: 168316/200000
[2024-02-20 00:16:10] Added 27 entries from structure 544. Total: 168343/200000
[2024-02-20 00:16:14] Added 28 entries from structure 545. Total: 168371/200000
[2024-02-20 00:16:18] Added 26 entries from structure 546. Total: 168397/200000
[2024-02-20 00:16:22] Added 28 entries from structure 547. Total: 168425/200000
[2024-02-20 00:16:24] Added 52 entries from structure 548. Total: 168477/200000
[2024-02-20 00:16:26] Added 48 entries from structure 549. Total: 168525/200000
[2024-02-20 00:16:27] Added 49 entries from structure 550. Total: 168574/200000
[2024-02-20 00:16:29] Added 47 entries from structure 551. Total: 168621/200000
[2024-02-20 00:16:30] Added 70 entries from structure 552. Total: 168691/200000
[2024-02-20 00:16:31] Added 72 entries from structure 553. Total: 168763/200000
[2024-02-20 00:16:32] Added 64 entries from structure 554. Total: 168827/200000
[2024-02-20 00:16:32] Added 64 entries from structure 555. Total: 168891/200000
[2024-02-20 00:16:41] Added 12 entries from structure 556. Total: 168903/200000
[2024-02-20 00:16:50] Added 12 entries from structure 557. Total: 168915/200000
[2024-02-20 00:16:59] Added 12 entries from structure 558. Total: 168927/200000
[2024-02-20 00:17:08] Added 12 entries from structure 559. Total: 168939/200000
[2024-02-20 00:17:10] Added 50 entries from structure 560. Total: 168989/200000
[2024-02-20 00:17:11] Added 57 entries from structure 561. Total: 169046/200000
[2024-02-20 00:17:13] Added 49 entries from structure 562. Total: 169095/200000
[2024-02-20 00:17:14] Added 54 entries from structure 563. Total: 169149/200000
[2024-02-20 00:17:15] Added 84 entries from structure 564. Total: 169233/200000
[2024-02-20 00:17:15] Added 87 entries from structure 565. Total: 169320/200000
[2024-02-20 00:17:16] Added 81 entries from structure 566. Total: 169401/200000
[2024-02-20 00:17:16] Added 81 entries from structure 567. Total: 169482/200000
[2024-02-20 00:17:18] Added 59 entries from structure 568. Total: 169541/200000
[2024-02-20 00:17:19] Added 70 entries from structure 569. Total: 169611/200000
[2024-02-20 00:17:20] Added 63 entries from structure 570. Total: 169674/200000
[2024-02-20 00:17:21] Added 56 entries from structure 571. Total: 169730/200000
[2024-02-20 00:17:32] Added 10 entries from structure 572. Total: 169740/200000
[2024-02-20 00:17:42] Added 10 entries from structure 573. Total: 169750/200000
[2024-02-20 00:17:53] Added 10 entries from structure 574. Total: 169760/200000
[2024-02-20 00:18:03] Added 10 entries from structure 575. Total: 169770/200000
[2024-02-20 00:18:04] Added 71 entries from structure 576. Total: 169841/200000
[2024-02-20 00:18:05] Added 62 entries from structure 577. Total: 169903/200000
[2024-02-20 00:18:06] Added 59 entries from structure 578. Total: 169962/200000
[2024-02-20 00:18:07] Added 63 entries from structure 579. Total: 170025/200000
[2024-02-20 00:18:08] Added 90 entries from structure 580. Total: 170115/200000
[2024-02-20 00:18:08] Added 89 entries from structure 581. Total: 170204/200000
[2024-02-20 00:18:09] Added 85 entries from structure 582. Total: 170289/200000
[2024-02-20 00:18:09] Added 94 entries from structure 583. Total: 170383/200000
[2024-02-20 00:18:10] Added 72 entries from structure 584. Total: 170455/200000
[2024-02-20 00:18:11] Added 76 entries from structure 585. Total: 170531/200000
[2024-02-20 00:18:12] Added 70 entries from structure 586. Total: 170601/200000
[2024-02-20 00:18:12] Added 78 entries from structure 587. Total: 170679/200000
[2024-02-20 00:18:16] Added 31 entries from structure 588. Total: 170710/200000
[2024-02-20 00:18:20] Added 28 entries from structure 589. Total: 170738/200000
[2024-02-20 00:18:23] Added 29 entries from structure 590. Total: 170767/200000
[2024-02-20 00:18:27] Added 29 entries from structure 591. Total: 170796/200000
[2024-02-20 00:18:27] Added 95 entries from structure 592. Total: 170891/200000
[2024-02-20 00:18:28] Added 104 entries from structure 593. Total: 170995/200000
[2024-02-20 00:18:28] Added 92 entries from structure 594. Total: 171087/200000
[2024-02-20 00:18:29] Added 85 entries from structure 595. Total: 171172/200000
[2024-02-20 00:18:29] Added 99 entries from structure 596. Total: 171271/200000
[2024-02-20 00:18:30] Added 91 entries from structure 597. Total: 171362/200000
[2024-02-20 00:18:30] Added 92 entries from structure 598. Total: 171454/200000
[2024-02-20 00:18:30] Added 95 entries from structure 599. Total: 171549/200000
[2024-02-20 00:18:31] Added 97 entries from structure 600. Total: 171646/200000
[2024-02-20 00:18:31] Added 96 entries from structure 601. Total: 171742/200000
[2024-02-20 00:18:32] Added 89 entries from structure 602. Total: 171831/200000
[2024-02-20 00:18:32] Added 103 entries from structure 603. Total: 171934/200000
[2024-02-20 00:18:34] Added 54 entries from structure 604. Total: 171988/200000
[2024-02-20 00:18:35] Added 57 entries from structure 605. Total: 172045/200000
[2024-02-20 00:18:37] Added 55 entries from structure 606. Total: 172100/200000
[2024-02-20 00:18:38] Added 57 entries from structure 607. Total: 172157/200000
[2024-02-20 00:18:39] Added 63 entries from structure 608. Total: 172220/200000
[2024-02-20 00:18:40] Added 70 entries from structure 609. Total: 172290/200000
[2024-02-20 00:18:41] Added 67 entries from structure 610. Total: 172357/200000
[2024-02-20 00:18:43] Added 60 entries from structure 611. Total: 172417/200000
[2024-02-20 00:18:51] Added 13 entries from structure 612. Total: 172430/200000
[2024-02-20 00:19:00] Added 13 entries from structure 613. Total: 172443/200000
[2024-02-20 00:19:09] Added 13 entries from structure 614. Total: 172456/200000
[2024-02-20 00:19:17] Added 13 entries from structure 615. Total: 172469/200000
[2024-02-20 00:19:18] Added 69 entries from structure 616. Total: 172538/200000
[2024-02-20 00:19:19] Added 65 entries from structure 617. Total: 172603/200000
[2024-02-20 00:19:20] Added 67 entries from structure 618. Total: 172670/200000
[2024-02-20 00:19:21] Added 69 entries from structure 619. Total: 172739/200000
[2024-02-20 00:19:27] Added 18 entries from structure 620. Total: 172757/200000
[2024-02-20 00:19:33] Added 18 entries from structure 621. Total: 172775/200000
[2024-02-20 00:19:39] Added 17 entries from structure 622. Total: 172792/200000
[2024-02-20 00:19:45] Added 18 entries from structure 623. Total: 172810/200000
[2024-02-20 00:19:46] Added 89 entries from structure 624. Total: 172899/200000
[2024-02-20 00:19:46] Added 97 entries from structure 625. Total: 172996/200000
[2024-02-20 00:19:47] Added 92 entries from structure 626. Total: 173088/200000
[2024-02-20 00:19:48] Added 95 entries from structure 627. Total: 173183/200000
[2024-02-20 00:19:48] Added 85 entries from structure 628. Total: 173268/200000
[2024-02-20 00:19:49] Added 76 entries from structure 629. Total: 173344/200000
[2024-02-20 00:19:50] Added 85 entries from structure 630. Total: 173429/200000
[2024-02-20 00:19:51] Added 85 entries from structure 631. Total: 173514/200000
[2024-02-20 00:19:52] Added 77 entries from structure 632. Total: 173591/200000
[2024-02-20 00:19:53] Added 73 entries from structure 633. Total: 173664/200000
[2024-02-20 00:19:54] Added 68 entries from structure 634. Total: 173732/200000
[2024-02-20 00:19:54] Added 70 entries from structure 635. Total: 173802/200000
[2024-02-20 00:19:55] Added 96 entries from structure 636. Total: 173898/200000
[2024-02-20 00:19:56] Added 108 entries from structure 637. Total: 174006/200000
[2024-02-20 00:19:56] Added 78 entries from structure 638. Total: 174084/200000
[2024-02-20 00:19:57] Added 86 entries from structure 639. Total: 174170/200000
[2024-02-20 00:19:59] Added 52 entries from structure 640. Total: 174222/200000
[2024-02-20 00:20:01] Added 51 entries from structure 641. Total: 174273/200000
[2024-02-20 00:20:02] Added 54 entries from structure 642. Total: 174327/200000
[2024-02-20 00:20:04] Added 47 entries from structure 643. Total: 174374/200000
[2024-02-20 00:20:07] Added 36 entries from structure 644. Total: 174410/200000
[2024-02-20 00:20:10] Added 36 entries from structure 645. Total: 174446/200000
[2024-02-20 00:20:13] Added 35 entries from structure 646. Total: 174481/200000
[2024-02-20 00:20:16] Added 33 entries from structure 647. Total: 174514/200000
[2024-02-20 00:20:19] Added 34 entries from structure 648. Total: 174548/200000
[2024-02-20 00:20:22] Added 42 entries from structure 649. Total: 174590/200000
[2024-02-20 00:20:24] Added 36 entries from structure 650. Total: 174626/200000
[2024-02-20 00:20:27] Added 38 entries from structure 651. Total: 174664/200000
[2024-02-20 00:20:38] Added 10 entries from structure 652. Total: 174674/200000
[2024-02-20 00:20:49] Added 10 entries from structure 653. Total: 174684/200000
[2024-02-20 00:21:01] Added 10 entries from structure 654. Total: 174694/200000
[2024-02-20 00:21:12] Added 10 entries from structure 655. Total: 174704/200000
[2024-02-20 00:21:14] Added 39 entries from structure 656. Total: 174743/200000
[2024-02-20 00:21:17] Added 39 entries from structure 657. Total: 174782/200000
[2024-02-20 00:21:19] Added 42 entries from structure 658. Total: 174824/200000
[2024-02-20 00:21:22] Added 39 entries from structure 659. Total: 174863/200000
[2024-02-20 00:21:24] Added 48 entries from structure 660. Total: 174911/200000
[2024-02-20 00:21:26] Added 50 entries from structure 661. Total: 174961/200000
[2024-02-20 00:21:28] Added 49 entries from structure 662. Total: 175010/200000
[2024-02-20 00:21:30] Added 43 entries from structure 663. Total: 175053/200000
[2024-02-20 00:21:31] Added 51 entries from structure 664. Total: 175104/200000
[2024-02-20 00:21:33] Added 48 entries from structure 665. Total: 175152/200000
[2024-02-20 00:21:35] Added 54 entries from structure 666. Total: 175206/200000
[2024-02-20 00:21:37] Added 52 entries from structure 667. Total: 175258/200000
[2024-02-20 00:21:40] Added 36 entries from structure 668. Total: 175294/200000
[2024-02-20 00:21:43] Added 39 entries from structure 669. Total: 175333/200000
[2024-02-20 00:21:46] Added 35 entries from structure 670. Total: 175368/200000
[2024-02-20 00:21:49] Added 37 entries from structure 671. Total: 175405/200000
[2024-02-20 00:21:50] Added 62 entries from structure 672. Total: 175467/200000
[2024-02-20 00:21:51] Added 62 entries from structure 673. Total: 175529/200000
[2024-02-20 00:21:52] Added 54 entries from structure 674. Total: 175583/200000
[2024-02-20 00:21:53] Added 63 entries from structure 675. Total: 175646/200000
[2024-02-20 00:21:57] Added 29 entries from structure 676. Total: 175675/200000
[2024-02-20 00:22:01] Added 30 entries from structure 677. Total: 175705/200000
[2024-02-20 00:22:05] Added 31 entries from structure 678. Total: 175736/200000
[2024-02-20 00:22:08] Added 32 entries from structure 679. Total: 175768/200000
[2024-02-20 00:22:09] Added 74 entries from structure 680. Total: 175842/200000
[2024-02-20 00:22:10] Added 78 entries from structure 681. Total: 175920/200000
[2024-02-20 00:22:11] Added 69 entries from structure 682. Total: 175989/200000
[2024-02-20 00:22:12] Added 76 entries from structure 683. Total: 176065/200000
[2024-02-20 00:22:13] Added 72 entries from structure 684. Total: 176137/200000
[2024-02-20 00:22:13] Added 75 entries from structure 685. Total: 176212/200000
[2024-02-20 00:22:14] Added 63 entries from structure 686. Total: 176275/200000
[2024-02-20 00:22:15] Added 89 entries from structure 687. Total: 176364/200000
[2024-02-20 00:22:17] Added 50 entries from structure 688. Total: 176414/200000
[2024-02-20 00:22:19] Added 45 entries from structure 689. Total: 176459/200000
[2024-02-20 00:22:21] Added 45 entries from structure 690. Total: 176504/200000
[2024-02-20 00:22:24] Added 48 entries from structure 691. Total: 176552/200000
[2024-02-20 00:22:25] Added 74 entries from structure 692. Total: 176626/200000
[2024-02-20 00:22:25] Added 67 entries from structure 693. Total: 176693/200000
[2024-02-20 00:22:27] Added 64 entries from structure 694. Total: 176757/200000
[2024-02-20 00:22:28] Added 76 entries from structure 695. Total: 176833/200000
[2024-02-20 00:23:24] Added 2 entries from structure 696. Total: 176835/200000
[2024-02-20 00:24:19] Added 2 entries from structure 697. Total: 176837/200000
[2024-02-20 00:25:14] Added 2 entries from structure 698. Total: 176839/200000
[2024-02-20 00:26:09] Added 2 entries from structure 699. Total: 176841/200000
[2024-02-20 00:26:09] Added 74 entries from structure 700. Total: 176915/200000
[2024-02-20 00:26:10] Added 78 entries from structure 701. Total: 176993/200000
[2024-02-20 00:26:11] Added 70 entries from structure 702. Total: 177063/200000
[2024-02-20 00:26:12] Added 78 entries from structure 703. Total: 177141/200000
[2024-02-20 00:26:17] Added 28 entries from structure 704. Total: 177169/200000
[2024-02-20 00:26:21] Added 27 entries from structure 705. Total: 177196/200000
[2024-02-20 00:26:25] Added 26 entries from structure 706. Total: 177222/200000
[2024-02-20 00:26:29] Added 28 entries from structure 707. Total: 177250/200000
[2024-02-20 00:26:30] Added 87 entries from structure 708. Total: 177337/200000
[2024-02-20 00:26:30] Added 89 entries from structure 709. Total: 177426/200000
[2024-02-20 00:26:31] Added 90 entries from structure 710. Total: 177516/200000
[2024-02-20 00:26:31] Added 87 entries from structure 711. Total: 177603/200000
[2024-02-20 00:26:35] Added 32 entries from structure 712. Total: 177635/200000
[2024-02-20 00:26:38] Added 32 entries from structure 713. Total: 177667/200000
[2024-02-20 00:26:42] Added 33 entries from structure 714. Total: 177700/200000
[2024-02-20 00:26:45] Added 32 entries from structure 715. Total: 177732/200000
[2024-02-20 00:26:46] Added 79 entries from structure 716. Total: 177811/200000
[2024-02-20 00:26:46] Added 80 entries from structure 717. Total: 177891/200000
[2024-02-20 00:26:47] Added 82 entries from structure 718. Total: 177973/200000
[2024-02-20 00:26:47] Added 88 entries from structure 719. Total: 178061/200000
[2024-02-20 00:26:49] Added 48 entries from structure 720. Total: 178109/200000
[2024-02-20 00:26:51] Added 48 entries from structure 721. Total: 178157/200000
[2024-02-20 00:26:54] Added 42 entries from structure 722. Total: 178199/200000
[2024-02-20 00:26:56] Added 40 entries from structure 723. Total: 178239/200000
[2024-02-20 00:26:59] Added 40 entries from structure 724. Total: 178279/200000
[2024-02-20 00:27:02] Added 38 entries from structure 725. Total: 178317/200000
[2024-02-20 00:27:05] Added 38 entries from structure 726. Total: 178355/200000
[2024-02-20 00:27:07] Added 38 entries from structure 727. Total: 178393/200000
[2024-02-20 00:27:11] Added 27 entries from structure 728. Total: 178420/200000
[2024-02-20 00:27:16] Added 28 entries from structure 729. Total: 178448/200000
[2024-02-20 00:27:20] Added 28 entries from structure 730. Total: 178476/200000
[2024-02-20 00:27:24] Added 28 entries from structure 731. Total: 178504/200000
[2024-02-20 00:27:25] Added 61 entries from structure 732. Total: 178565/200000
[2024-02-20 00:27:27] Added 64 entries from structure 733. Total: 178629/200000
[2024-02-20 00:27:28] Added 68 entries from structure 734. Total: 178697/200000
[2024-02-20 00:27:30] Added 59 entries from structure 735. Total: 178756/200000
[2024-02-20 00:27:33] Added 26 entries from structure 736. Total: 178782/200000
[2024-02-20 00:27:37] Added 27 entries from structure 737. Total: 178809/200000
[2024-02-20 00:27:41] Added 27 entries from structure 738. Total: 178836/200000
[2024-02-20 00:27:45] Added 28 entries from structure 739. Total: 178864/200000
[2024-02-20 00:27:49] Added 33 entries from structure 740. Total: 178897/200000
[2024-02-20 00:27:52] Added 33 entries from structure 741. Total: 178930/200000
[2024-02-20 00:27:55] Added 29 entries from structure 742. Total: 178959/200000
[2024-02-20 00:27:59] Added 34 entries from structure 743. Total: 178993/200000
[2024-02-20 00:28:02] Added 35 entries from structure 744. Total: 179028/200000
[2024-02-20 00:28:05] Added 35 entries from structure 745. Total: 179063/200000
[2024-02-20 00:28:08] Added 31 entries from structure 746. Total: 179094/200000
[2024-02-20 00:28:11] Added 33 entries from structure 747. Total: 179127/200000
[2024-02-20 00:53:04] Loading established probabilities...
[2024-02-20 00:53:34] Loaded existing dataset info:
[2024-02-20 00:53:34] current_occurrences: defaultdict(<class 'int'>, {'minecraft:air': 304, 'minecraft:oak_log[axis=y]': 6689, 'minecraft:oak_slab[type=top,waterlogged=false]': 12775, 'minecraft:oak_stairs[facing=west,half=bottom,shape=straight,waterlogged=false]': 15106, 'minecraft:oak_stairs[facing=north,half=bottom,shape=straight,waterlogged=false]': 15106, 'minecraft:oak_slab[type=bottom,waterlogged=false]': 11936, 'minecraft:glass': 18442, 'minecraft:oak_stairs[facing=south,half=bottom,shape=straight,waterlogged=false]': 15106, 'minecraft:oak_stairs[facing=east,half=bottom,shape=straight,waterlogged=false]': 15106, 'minecraft:cobblestone': 8241, 'minecraft:stone': 7877, 'minecraft:dirt': 4205, 'minecraft:oak_log[axis=z]': 13134, 'minecraft:oak_log[axis=x]': 14228, 'minecraft:oak_planks': 4157, 'minecraft:stone_bricks': 5358, 'minecraft:white_wool': 11357}), len(existing_samples): 179127, added_entries: 179127, checkpoint_next: 200000
[2024-02-20 00:53:36] Added 44 entries from structure 0. Total: 179171/200000
[2024-02-20 00:53:38] Added 41 entries from structure 1. Total: 179212/200000
[2024-02-20 00:53:41] Added 43 entries from structure 2. Total: 179255/200000
[2024-02-20 00:53:43] Added 42 entries from structure 3. Total: 179297/200000
[2024-02-20 00:53:43] Added 64 entries from structure 4. Total: 179361/200000
[2024-02-20 00:53:44] Added 75 entries from structure 5. Total: 179436/200000
[2024-02-20 00:53:45] Added 77 entries from structure 6. Total: 179513/200000
[2024-02-20 00:53:45] Added 84 entries from structure 7. Total: 179597/200000
[2024-02-20 01:17:16] Loading established probabilities...
[2024-02-20 01:17:43] Loaded existing dataset info:
[2024-02-20 01:17:43] current_occurrences: defaultdict(<class 'int'>, {'minecraft:air': 304, 'minecraft:oak_log[axis=y]': 6689, 'minecraft:oak_slab[type=top,waterlogged=false]': 12775, 'minecraft:oak_stairs[facing=west,half=bottom,shape=straight,waterlogged=false]': 15106, 'minecraft:oak_stairs[facing=north,half=bottom,shape=straight,waterlogged=false]': 15106, 'minecraft:oak_slab[type=bottom,waterlogged=false]': 11936, 'minecraft:glass': 18442, 'minecraft:oak_stairs[facing=south,half=bottom,shape=straight,waterlogged=false]': 15106, 'minecraft:oak_stairs[facing=east,half=bottom,shape=straight,waterlogged=false]': 15106, 'minecraft:cobblestone': 8241, 'minecraft:stone': 7877, 'minecraft:dirt': 4205, 'minecraft:oak_log[axis=z]': 13373, 'minecraft:oak_log[axis=x]': 14459, 'minecraft:oak_planks': 4157, 'minecraft:stone_bricks': 5358, 'minecraft:white_wool': 11357}), len(existing_samples): 179597, added_entries: 179597, checkpoint_next: 200000
[2024-02-20 01:17:46] Added 41 entries from structure 0. Total: 179638/200000
[2024-02-20 01:17:48] Added 45 entries from structure 1. Total: 179683/200000
[2024-02-20 01:17:50] Added 47 entries from structure 2. Total: 179730/200000
[2024-02-20 01:17:52] Added 45 entries from structure 3. Total: 179775/200000
[2024-02-20 01:17:53] Added 78 entries from structure 4. Total: 179853/200000
[2024-02-20 01:17:54] Added 81 entries from structure 5. Total: 179934/200000
[2024-02-20 01:17:54] Added 64 entries from structure 6. Total: 179998/200000
[2024-02-20 01:17:55] Added 66 entries from structure 7. Total: 180064/200000
[2024-02-20 01:43:15] Loading established probabilities...
[2024-02-20 01:43:43] Loaded existing dataset info:
[2024-02-20 01:43:43] current_occurrences: defaultdict(<class 'int'>, {'minecraft:air': 304, 'minecraft:oak_log[axis=y]': 6689, 'minecraft:oak_slab[type=top,waterlogged=false]': 12775, 'minecraft:oak_stairs[facing=west,half=bottom,shape=straight,waterlogged=false]': 15106, 'minecraft:oak_stairs[facing=north,half=bottom,shape=straight,waterlogged=false]': 15106, 'minecraft:oak_slab[type=bottom,waterlogged=false]': 11936, 'minecraft:glass': 18442, 'minecraft:oak_stairs[facing=south,half=bottom,shape=straight,waterlogged=false]': 15106, 'minecraft:oak_stairs[facing=east,half=bottom,shape=straight,waterlogged=false]': 15106, 'minecraft:cobblestone': 8241, 'minecraft:stone': 7877, 'minecraft:dirt': 4205, 'minecraft:oak_log[axis=z]': 13609, 'minecraft:oak_log[axis=x]': 14690, 'minecraft:oak_planks': 4157, 'minecraft:stone_bricks': 5358, 'minecraft:white_wool': 11357}), len(existing_samples): 180064, added_entries: 180064, checkpoint_next: 200000
[2024-02-20 01:43:45] Added 44 entries from structure 0. Total: 180108/200000
[2024-02-20 01:43:47] Added 42 entries from structure 1. Total: 180150/200000
[2024-02-20 01:43:50] Added 39 entries from structure 2. Total: 180189/200000
[2024-02-20 01:43:52] Added 43 entries from structure 3. Total: 180232/200000
[2024-02-20 01:43:52] Added 62 entries from structure 4. Total: 180294/200000
[2024-02-20 01:43:53] Added 78 entries from structure 5. Total: 180372/200000
[2024-02-20 01:43:54] Added 93 entries from structure 6. Total: 180465/200000
[2024-02-20 01:43:54] Added 76 entries from structure 7. Total: 180541/200000
[2024-02-20 11:54:25] Loading established probabilities...
[2024-02-20 11:54:58] Loaded existing dataset info:
[2024-02-20 11:54:58] current_occurrences: defaultdict(<class 'int'>, {'minecraft:air': 304, 'minecraft:oak_log[axis=y]': 6689, 'minecraft:oak_slab[type=top,waterlogged=false]': 12775, 'minecraft:oak_stairs[facing=west,half=bottom,shape=straight,waterlogged=false]': 15106, 'minecraft:oak_stairs[facing=north,half=bottom,shape=straight,waterlogged=false]': 15106, 'minecraft:oak_slab[type=bottom,waterlogged=false]': 11936, 'minecraft:glass': 18442, 'minecraft:oak_stairs[facing=south,half=bottom,shape=straight,waterlogged=false]': 15106, 'minecraft:oak_stairs[facing=east,half=bottom,shape=straight,waterlogged=false]': 15106, 'minecraft:cobblestone': 8241, 'minecraft:stone': 7877, 'minecraft:dirt': 4205, 'minecraft:oak_log[axis=z]': 13862, 'minecraft:oak_log[axis=x]': 14914, 'minecraft:oak_planks': 4157, 'minecraft:stone_bricks': 5358, 'minecraft:white_wool': 11357}), len(existing_samples): 180541, added_entries: 180541, checkpoint_next: 200000
[2024-02-20 11:55:01] Added 46 entries from structure 0. Total: 180587/200000
[2024-02-20 11:55:03] Added 45 entries from structure 1. Total: 180632/200000
[2024-02-20 11:55:05] Added 36 entries from structure 2. Total: 180668/200000
[2024-02-20 11:55:07] Added 43 entries from structure 3. Total: 180711/200000
[2024-02-20 11:55:08] Added 86 entries from structure 4. Total: 180797/200000
[2024-02-20 11:55:09] Added 73 entries from structure 5. Total: 180870/200000
[2024-02-20 11:55:09] Added 86 entries from structure 6. Total: 180956/200000
[2024-02-20 11:55:10] Added 75 entries from structure 7. Total: 181031/200000
