000 (55350.000.000) 2023-11-26 16:45:47 Job submitted from host: <140.160.143.130:9618?addrs=140.160.143.130-9618&alias=csci-head.cluster.cs.wwu.edu&noUDP&sock=schedd_1686_08c4>
...
001 (55350.000.000) 2023-11-26 16:45:47 Job executing on host: <140.160.143.174:9618?addrs=140.160.143.174-9618&alias=g-1-2.cluster.cs.wwu.edu&noUDP&sock=startd_3815_59e5>
	SlotName: slot1_1@g-1-2.cluster.cs.wwu.edu
	AvailableGPUs = { GPUs_GPU_d1319fc0,GPUs_GPU_9368d749 }
	CondorScratchDir = "/scratch_ssd/condor/execute/dir_1391491"
	Cpus = 1
	Disk = 3503172
	GPUs = 2
	GPUs_GPU_9368d749 = [ DeviceName = "NVIDIA GeForce RTX 2080 Ti"; DriverVersion = 12.2; ECCEnabled = false; DevicePciBusId = "0000:5E:00.0"; DeviceUuid = "9368d749-39e8-9ebf-d6cf-888cc09d4bf7"; GlobalMemoryMb = 11012; MaxSupportedVersion = 12020; Capability = 7.5; Id = "GPU-9368d749" ]
	GPUs_GPU_d1319fc0 = [ DeviceName = "NVIDIA GeForce RTX 2080 Ti"; DriverVersion = 12.2; ECCEnabled = false; DevicePciBusId = "0000:3B:00.0"; DeviceUuid = "d1319fc0-deb6-6cb0-3eb3-d5cc7e4a4437"; GlobalMemoryMb = 11012; MaxSupportedVersion = 12020; Capability = 7.5; Id = "GPU-d1319fc0" ]
	Memory = 32768
...
006 (55350.000.000) 2023-11-26 16:45:56 Image size of job updated: 1967448
	1922  -  MemoryUsage of job (MB)
	1967448  -  ResidentSetSize of job (KB)
...
006 (55350.000.000) 2023-11-26 16:50:57 Image size of job updated: 31211580
	30181  -  MemoryUsage of job (MB)
	30904544  -  ResidentSetSize of job (KB)
...
006 (55350.000.000) 2023-11-26 16:55:58 Image size of job updated: 33909656
	31729  -  MemoryUsage of job (MB)
	32489596  -  ResidentSetSize of job (KB)
...
006 (55350.000.000) 2023-11-26 17:00:58 Image size of job updated: 34269992
	31951  -  MemoryUsage of job (MB)
	32716924  -  ResidentSetSize of job (KB)
...
006 (55350.000.000) 2023-11-26 17:05:59 Image size of job updated: 34743860
	32263  -  MemoryUsage of job (MB)
	33036964  -  ResidentSetSize of job (KB)
...
006 (55350.000.000) 2023-11-26 17:11:00 Image size of job updated: 34754424
	32269  -  MemoryUsage of job (MB)
	33043108  -  ResidentSetSize of job (KB)
...
006 (55350.000.000) 2023-11-26 17:16:00 Image size of job updated: 34959760
	32375  -  MemoryUsage of job (MB)
	33151440  -  ResidentSetSize of job (KB)
...
006 (55350.000.000) 2023-11-26 17:21:00 Image size of job updated: 35100996
	32375  -  MemoryUsage of job (MB)
	33151440  -  ResidentSetSize of job (KB)
...
006 (55350.000.000) 2023-11-26 17:26:02 Image size of job updated: 35100996
	32454  -  MemoryUsage of job (MB)
	33232412  -  ResidentSetSize of job (KB)
...
006 (55350.000.000) 2023-11-26 17:31:02 Image size of job updated: 35498464
	33652  -  MemoryUsage of job (MB)
	34459132  -  ResidentSetSize of job (KB)
...
006 (55350.000.000) 2023-11-26 17:36:02 Image size of job updated: 35733516
	33656  -  MemoryUsage of job (MB)
	34463228  -  ResidentSetSize of job (KB)
...
006 (55350.000.000) 2023-11-26 17:41:03 Image size of job updated: 35928440
	33656  -  MemoryUsage of job (MB)
	34463228  -  ResidentSetSize of job (KB)
...
006 (55350.000.000) 2023-11-26 17:46:04 Image size of job updated: 36214604
	33656  -  MemoryUsage of job (MB)
	34463228  -  ResidentSetSize of job (KB)
...
006 (55350.000.000) 2023-11-26 17:51:04 Image size of job updated: 42774940
	34264  -  MemoryUsage of job (MB)
	35085756  -  ResidentSetSize of job (KB)
...
006 (55350.000.000) 2023-11-26 18:01:06 Image size of job updated: 42774940
	34878  -  MemoryUsage of job (MB)
	35714320  -  ResidentSetSize of job (KB)
...
006 (55350.000.000) 2023-11-26 18:11:06 Image size of job updated: 42774940
	36076  -  MemoryUsage of job (MB)
	36940836  -  ResidentSetSize of job (KB)
...
006 (55350.000.000) 2023-11-26 18:31:09 Image size of job updated: 42774940
	36361  -  MemoryUsage of job (MB)
	37233576  -  ResidentSetSize of job (KB)
...
005 (55350.000.000) 2023-11-26 18:47:14 Job terminated.
	(1) Normal termination (return value 0)
		Usr 0 01:26:38, Sys 0 00:29:16  -  Run Remote Usage
		Usr 0 00:00:00, Sys 0 00:00:00  -  Run Local Usage
		Usr 0 01:26:38, Sys 0 00:29:16  -  Total Remote Usage
		Usr 0 00:00:00, Sys 0 00:00:00  -  Total Local Usage
	0  -  Run Bytes Sent By Job
	0  -  Run Bytes Received By Job
	0  -  Total Bytes Sent By Job
	0  -  Total Bytes Received By Job
	Partitionable Resources :    Usage  Request Allocated Assigned
	   Cpus                 :     1.00        1         1 
	   Disk (KB)            :     1           1   3503172 
	   Gpus (Average)       :     0.44        2         2 "GPU-d1319fc0,GPU-9368d749"
	   GpusMemory (MB)      :   256                       
	   Memory (MB)          : 36361       32768     32768 

	Job terminated of its own accord at 2023-11-27T02:47:14Z with exit-code 0.
...
