[18:32:32] [ServerMain/INFO]: Environment: Environment[accountsHost=https://api.mojang.com, sessionHost=https://sessionserver.mojang.com, servicesHost=https://api.minecraftservices.com, name=PROD]
[18:32:35] [ServerMain/INFO]: Loaded 7 recipes
[18:32:35] [Server thread/INFO]: Starting minecraft server version 1.20.2
[18:32:35] [Server thread/INFO]: Loading properties
[18:32:35] [Server thread/INFO]: This server is running Paper version git-Paper-243 (MC: 1.20.2) (Implementing API version 1.20.2-R0.1-SNAPSHOT) (Git: 3a5c6f8)
[18:32:36] [Server thread/INFO]: Server Ping Player Sample Count: 12
[18:32:36] [Server thread/INFO]: Using 4 threads for Netty based IO
[18:32:36] [Server thread/WARN]: [!] The timings profiler has been enabled but has been scheduled for removal from Paper in the future.
    We recommend installing the spark profiler as a replacement: https://spark.lucko.me/
    For more information please visit: https://github.com/PaperMC/Paper/issues/8948
[18:32:36] [Server thread/INFO]: [ChunkTaskScheduler] Chunk system is using 1 I/O threads, 6 worker threads, and gen parallelism of 6 threads
[18:32:37] [Server thread/INFO]: Default game type: CREATIVE
[18:32:37] [Server thread/INFO]: Generating keypair
[18:32:37] [Server thread/INFO]: Starting Minecraft server on *:25565
[18:32:37] [Server thread/INFO]: Using default channel type
[18:32:37] [Server thread/INFO]: Paper: Using Java compression from Velocity.
[18:32:37] [Server thread/INFO]: Paper: Using Java cipher from Velocity.
[18:32:37] [Server thread/INFO]: [Essentials] Loading server plugin Essentials v2.21.0-dev+17-79449ef
[18:32:37] [Server thread/INFO]: [WorldEdit] Loading server plugin WorldEdit v7.2.17+6544-56d0383
[18:32:38] [Server thread/INFO]: Got request to register class com.sk89q.worldedit.bukkit.BukkitServerInterface with WorldEdit [com.sk89q.worldedit.extension.platform.PlatformManager@b435e7f]
[18:32:38] [Server thread/INFO]: [HolographicDisplays] Loading server plugin HolographicDisplays v3.0.4-SNAPSHOT-b259
[18:32:38] [Server thread/INFO]: [EssentialsSpawn] Loading server plugin EssentialsSpawn v2.21.0-dev+17-79449ef
[18:32:38] [Server thread/INFO]: [EssentialsChat] Loading server plugin EssentialsChat v2.21.0-dev+17-79449ef
[18:32:38] [Server thread/INFO]: [BuildLogger] Loading server plugin BuildLogger v1.4
[18:32:38] [Server thread/INFO]: Server permissions file permissions.yml is empty, ignoring it
[18:32:38] [Server thread/INFO]: [WorldEdit] Enabling WorldEdit v7.2.17+6544-56d0383
[18:32:38] [Server thread/INFO]: Registering commands with com.sk89q.worldedit.bukkit.BukkitServerInterface
[18:32:38] [Server thread/INFO]: WEPIF: Using the Bukkit Permissions API.
[18:32:38] [Server thread/INFO]: Using com.sk89q.worldedit.bukkit.adapter.impl.v1_20_R2.PaperweightAdapter as the Bukkit adapter
[18:32:40] [Server thread/INFO]: Preparing level "world"
[18:32:40] [Server thread/INFO]: -------- World Settings For [world] --------
[18:32:40] [Server thread/INFO]: Item Despawn Rate: 6000
[18:32:40] [Server thread/INFO]: Simulation Distance: 10
[18:32:40] [Server thread/INFO]: View Distance: 16
[18:32:40] [Server thread/INFO]: Item Merge Radius: 2.5
[18:32:40] [Server thread/INFO]: Experience Merge Radius: 3.0
[18:32:40] [Server thread/INFO]: Mob Spawn Range: 6
[18:32:40] [Server thread/INFO]: Arrow Despawn Rate: 1200 Trident Respawn Rate:1200
[18:32:40] [Server thread/INFO]: Nerfing mobs spawned from spawners: false
[18:32:40] [Server thread/INFO]: Cactus Growth Modifier: 100%
[18:32:40] [Server thread/INFO]: Cane Growth Modifier: 100%
[18:32:40] [Server thread/INFO]: Melon Growth Modifier: 100%
[18:32:40] [Server thread/INFO]: Mushroom Growth Modifier: 100%
[18:32:40] [Server thread/INFO]: Pumpkin Growth Modifier: 100%
[18:32:40] [Server thread/INFO]: Sapling Growth Modifier: 100%
[18:32:40] [Server thread/INFO]: Beetroot Growth Modifier: 100%
[18:32:40] [Server thread/INFO]: Carrot Growth Modifier: 100%
[18:32:40] [Server thread/INFO]: Potato Growth Modifier: 100%
[18:32:40] [Server thread/INFO]: TorchFlower Growth Modifier: 100%
[18:32:40] [Server thread/INFO]: Wheat Growth Modifier: 100%
[18:32:40] [Server thread/INFO]: NetherWart Growth Modifier: 100%
[18:32:40] [Server thread/INFO]: Vine Growth Modifier: 100%
[18:32:40] [Server thread/INFO]: Cocoa Growth Modifier: 100%
[18:32:40] [Server thread/INFO]: Bamboo Growth Modifier: 100%
[18:32:40] [Server thread/INFO]: SweetBerry Growth Modifier: 100%
[18:32:40] [Server thread/INFO]: Kelp Growth Modifier: 100%
[18:32:40] [Server thread/INFO]: TwistingVines Growth Modifier: 100%
[18:32:40] [Server thread/INFO]: WeepingVines Growth Modifier: 100%
[18:32:40] [Server thread/INFO]: CaveVines Growth Modifier: 100%
[18:32:40] [Server thread/INFO]: GlowBerry Growth Modifier: 100%
[18:32:40] [Server thread/INFO]: PitcherPlant Growth Modifier: 100%
[18:32:40] [Server thread/INFO]: Entity Activation Range: An 32 / Mo 32 / Ra 48 / Mi 16 / Tiv true / Isa false
[18:32:40] [Server thread/INFO]: Entity Tracking Range: Pl 48 / An 48 / Mo 48 / Mi 32 / Di 128 / Other 64
[18:32:40] [Server thread/INFO]: Hopper Transfer: 8 Hopper Check: 1 Hopper Amount: 1 Hopper Can Load Chunks: false
[18:32:40] [Server thread/INFO]: Custom Map Seeds:  Village: 10387312 Desert: 14357617 Igloo: 14357618 Jungle: 14357619 Swamp: 14357620 Monument: 10387313 Ocean: 14357621 Shipwreck: 165745295 End City: 10387313 Slime: 987234911 Nether: 30084232 Mansion: 10387319 Fossil: 14357921 Portal: 34222645
[18:32:40] [Server thread/INFO]: Max TNT Explosions: 100
[18:32:40] [Server thread/INFO]: Tile Max Tick Time: 50ms Entity max Tick Time: 50ms
[18:32:40] [Server thread/INFO]: Zombie Aggressive Towards Villager: true
[18:32:40] [Server thread/INFO]: Allow Zombie Pigmen to spawn from portal blocks: true
[18:32:41] [Server thread/INFO]: -------- World Settings For [world_nether] --------
[18:32:41] [Server thread/INFO]: Item Despawn Rate: 6000
[18:32:41] [Server thread/INFO]: Simulation Distance: 10
[18:32:41] [Server thread/INFO]: View Distance: 16
[18:32:41] [Server thread/INFO]: Item Merge Radius: 2.5
[18:32:41] [Server thread/INFO]: Experience Merge Radius: 3.0
[18:32:41] [Server thread/INFO]: Mob Spawn Range: 6
[18:32:41] [Server thread/INFO]: Arrow Despawn Rate: 1200 Trident Respawn Rate:1200
[18:32:41] [Server thread/INFO]: Nerfing mobs spawned from spawners: false
[18:32:41] [Server thread/INFO]: Cactus Growth Modifier: 100%
[18:32:41] [Server thread/INFO]: Cane Growth Modifier: 100%
[18:32:41] [Server thread/INFO]: Melon Growth Modifier: 100%
[18:32:41] [Server thread/INFO]: Mushroom Growth Modifier: 100%
[18:32:41] [Server thread/INFO]: Pumpkin Growth Modifier: 100%
[18:32:41] [Server thread/INFO]: Sapling Growth Modifier: 100%
[18:32:41] [Server thread/INFO]: Beetroot Growth Modifier: 100%
[18:32:41] [Server thread/INFO]: Carrot Growth Modifier: 100%
[18:32:41] [Server thread/INFO]: Potato Growth Modifier: 100%
[18:32:41] [Server thread/INFO]: TorchFlower Growth Modifier: 100%
[18:32:41] [Server thread/INFO]: Wheat Growth Modifier: 100%
[18:32:41] [Server thread/INFO]: NetherWart Growth Modifier: 100%
[18:32:41] [Server thread/INFO]: Vine Growth Modifier: 100%
[18:32:41] [Server thread/INFO]: Cocoa Growth Modifier: 100%
[18:32:41] [Server thread/INFO]: Bamboo Growth Modifier: 100%
[18:32:41] [Server thread/INFO]: SweetBerry Growth Modifier: 100%
[18:32:41] [Server thread/INFO]: Kelp Growth Modifier: 100%
[18:32:41] [Server thread/INFO]: TwistingVines Growth Modifier: 100%
[18:32:41] [Server thread/INFO]: WeepingVines Growth Modifier: 100%
[18:32:41] [Server thread/INFO]: CaveVines Growth Modifier: 100%
[18:32:41] [Server thread/INFO]: GlowBerry Growth Modifier: 100%
[18:32:41] [Server thread/INFO]: PitcherPlant Growth Modifier: 100%
[18:32:41] [Server thread/INFO]: Entity Activation Range: An 32 / Mo 32 / Ra 48 / Mi 16 / Tiv true / Isa false
[18:32:41] [Server thread/INFO]: Entity Tracking Range: Pl 48 / An 48 / Mo 48 / Mi 32 / Di 128 / Other 64
[18:32:41] [Server thread/INFO]: Hopper Transfer: 8 Hopper Check: 1 Hopper Amount: 1 Hopper Can Load Chunks: false
[18:32:41] [Server thread/INFO]: Custom Map Seeds:  Village: 10387312 Desert: 14357617 Igloo: 14357618 Jungle: 14357619 Swamp: 14357620 Monument: 10387313 Ocean: 14357621 Shipwreck: 165745295 End City: 10387313 Slime: 987234911 Nether: 30084232 Mansion: 10387319 Fossil: 14357921 Portal: 34222645
[18:32:41] [Server thread/INFO]: Max TNT Explosions: 100
[18:32:41] [Server thread/INFO]: Tile Max Tick Time: 50ms Entity max Tick Time: 50ms
[18:32:41] [Server thread/INFO]: Zombie Aggressive Towards Villager: true
[18:32:41] [Server thread/INFO]: Allow Zombie Pigmen to spawn from portal blocks: true
[18:32:41] [Server thread/INFO]: -------- World Settings For [world_the_end] --------
[18:32:41] [Server thread/INFO]: Item Despawn Rate: 6000
[18:32:41] [Server thread/INFO]: Simulation Distance: 10
[18:32:41] [Server thread/INFO]: View Distance: 16
[18:32:41] [Server thread/INFO]: Item Merge Radius: 2.5
[18:32:41] [Server thread/INFO]: Experience Merge Radius: 3.0
[18:32:41] [Server thread/INFO]: Mob Spawn Range: 6
[18:32:41] [Server thread/INFO]: Arrow Despawn Rate: 1200 Trident Respawn Rate:1200
[18:32:41] [Server thread/INFO]: Nerfing mobs spawned from spawners: false
[18:32:41] [Server thread/INFO]: Cactus Growth Modifier: 100%
[18:32:41] [Server thread/INFO]: Cane Growth Modifier: 100%
[18:32:41] [Server thread/INFO]: Melon Growth Modifier: 100%
[18:32:41] [Server thread/INFO]: Mushroom Growth Modifier: 100%
[18:32:41] [Server thread/INFO]: Pumpkin Growth Modifier: 100%
[18:32:41] [Server thread/INFO]: Sapling Growth Modifier: 100%
[18:32:41] [Server thread/INFO]: Beetroot Growth Modifier: 100%
[18:32:41] [Server thread/INFO]: Carrot Growth Modifier: 100%
[18:32:41] [Server thread/INFO]: Potato Growth Modifier: 100%
[18:32:41] [Server thread/INFO]: TorchFlower Growth Modifier: 100%
[18:32:41] [Server thread/INFO]: Wheat Growth Modifier: 100%
[18:32:41] [Server thread/INFO]: NetherWart Growth Modifier: 100%
[18:32:41] [Server thread/INFO]: Vine Growth Modifier: 100%
[18:32:41] [Server thread/INFO]: Cocoa Growth Modifier: 100%
[18:32:41] [Server thread/INFO]: Bamboo Growth Modifier: 100%
[18:32:41] [Server thread/INFO]: SweetBerry Growth Modifier: 100%
[18:32:41] [Server thread/INFO]: Kelp Growth Modifier: 100%
[18:32:41] [Server thread/INFO]: TwistingVines Growth Modifier: 100%
[18:32:41] [Server thread/INFO]: WeepingVines Growth Modifier: 100%
[18:32:41] [Server thread/INFO]: CaveVines Growth Modifier: 100%
[18:32:41] [Server thread/INFO]: GlowBerry Growth Modifier: 100%
[18:32:41] [Server thread/INFO]: PitcherPlant Growth Modifier: 100%
[18:32:41] [Server thread/INFO]: Entity Activation Range: An 32 / Mo 32 / Ra 48 / Mi 16 / Tiv true / Isa false
[18:32:41] [Server thread/INFO]: Entity Tracking Range: Pl 48 / An 48 / Mo 48 / Mi 32 / Di 128 / Other 64
[18:32:41] [Server thread/INFO]: Hopper Transfer: 8 Hopper Check: 1 Hopper Amount: 1 Hopper Can Load Chunks: false
[18:32:41] [Server thread/INFO]: Custom Map Seeds:  Village: 10387312 Desert: 14357617 Igloo: 14357618 Jungle: 14357619 Swamp: 14357620 Monument: 10387313 Ocean: 14357621 Shipwreck: 165745295 End City: 10387313 Slime: 987234911 Nether: 30084232 Mansion: 10387319 Fossil: 14357921 Portal: 34222645
[18:32:41] [Server thread/INFO]: Max TNT Explosions: 100
[18:32:41] [Server thread/INFO]: Tile Max Tick Time: 50ms Entity max Tick Time: 50ms
[18:32:41] [Server thread/INFO]: Zombie Aggressive Towards Villager: true
[18:32:41] [Server thread/INFO]: Allow Zombie Pigmen to spawn from portal blocks: true
[18:32:41] [Server thread/INFO]: Preparing start region for dimension minecraft:overworld
[18:32:41] [Server thread/INFO]: Time elapsed: 289 ms
[18:32:41] [Server thread/INFO]: Preparing start region for dimension minecraft:the_nether
[18:32:41] [Server thread/INFO]: Time elapsed: 23 ms
[18:32:41] [Server thread/INFO]: Preparing start region for dimension minecraft:the_end
[18:32:41] [Server thread/INFO]: Time elapsed: 21 ms
[18:32:41] [Server thread/INFO]: [Essentials] Enabling Essentials v2.21.0-dev+17-79449ef
[18:32:42] [Server thread/INFO]: [Essentials] Attempting to convert old kits in config.yml to new kits.yml
[18:32:42] [Server thread/INFO]: [Essentials] No kits found to migrate.
[18:32:42] [Server thread/INFO]: [Essentials] Loaded 39094 items from items.json.
[18:32:42] [Server thread/INFO]: [Essentials] Using locale en_US
[18:32:42] [Server thread/INFO]: [Essentials] ServerListPingEvent: Spigot iterator API
[18:32:43] [Server thread/INFO]: [Essentials] Starting Metrics. Opt-out using the global bStats config.
[18:32:43] [Server thread/INFO]: [Essentials] Using superperms-based permissions.
[18:32:43] [Server thread/INFO]: [HolographicDisplays] Enabling HolographicDisplays v3.0.4-SNAPSHOT-b259
[18:32:43] [Server thread/INFO]: [EssentialsSpawn] Enabling EssentialsSpawn v2.21.0-dev+17-79449ef
[18:32:43] [Server thread/INFO]: [EssentialsSpawn] Starting Metrics. Opt-out using the global bStats config.
[18:32:43] [Server thread/INFO]: [EssentialsChat] Enabling EssentialsChat v2.21.0-dev+17-79449ef
[18:32:43] [Server thread/INFO]: [EssentialsChat] Starting Metrics. Opt-out using the global bStats config.
[18:32:43] [Server thread/INFO]: [BuildLogger] Enabling BuildLogger v1.4
[18:32:43] [Server thread/INFO]: [BuildLogger] BuildLogger v1.4 initialized.
[18:32:43] [Server thread/INFO]: All blocks are handled by SchematicProcessor.
[18:32:43] [Server thread/INFO]: Running delayed init tasks
[18:32:43] [Server thread/INFO]: Done (7.504s)! For help, type "help"
[18:32:43] [Craft Scheduler Thread - 3 - Essentials/INFO]: [Essentials] Fetching version information...
[18:32:43] [Server thread/INFO]: Timings Reset
[18:32:43] [Craft Scheduler Thread - 3 - Essentials/WARN]: [Essentials] You're 14 EssentialsX dev build(s) out of date!
[18:32:43] [Craft Scheduler Thread - 3 - Essentials/WARN]: [Essentials] Download it here: https://essentialsx.net/downloads.html
[18:32:43] [Server thread/INFO]: [HolographicDisplays] Found a new version available: v3.0.4
[18:32:43] [Server thread/INFO]: [HolographicDisplays] Download it on Bukkit Dev:
[18:32:43] [Server thread/INFO]: [HolographicDisplays] https://dev.bukkit.org/projects/holographic-displays
[18:33:11] [User Authenticator #0/INFO]: UUID of player paidpaid is 38c6f2fd-0ef8-42b5-9203-1b0bc4dee2ad
[18:33:11] [Server thread/INFO]: paidpaid joined the game
[18:33:11] [Server thread/INFO]: paidpaid[/127.0.0.1:62577] logged in with entity id 33 at ([world]70.55733600259876, 16.373309738110404, 10.075859745263251)
[18:33:20] [Server thread/INFO]: paidpaid issued server command: //schem list
[18:33:25] [Server thread/INFO]: paidpaid issued server command: //schem load C:\Users\A\Projects\minecraft-gan-website\backend\py\schematics\ll_mb_wgan_rga2_100epochs
[18:33:33] [Server thread/INFO]: paidpaid issued server command: //schem load smskzqkvtk.schem
[18:33:33] [WorldEdit Task Executor - 0/INFO]: paidpaid loaded C:\Users\A\Projects\minecraft-GAN\dataset\server\plugins\WorldEdit\schematics\smskzqkvtk.schem
[18:33:35] [Server thread/INFO]: paidpaid issued server command: //paste
