[2024-01-29 15:41:33] World size: 2
[2024-01-29 15:41:33] Found GPU 0: _CudaDeviceProperties(name='NVIDIA GeForce RTX 2080 Ti', major=7, minor=5, total_memory=11011MB, multi_processor_count=68)
[2024-01-29 15:41:33] Found GPU 1: _CudaDeviceProperties(name='NVIDIA GeForce RTX 2080 Ti', major=7, minor=5, total_memory=11011MB, multi_processor_count=68)
[2024-01-29 15:41:35] Setting up 1 of 2
[2024-01-29 15:41:36] Initialized main on device: cuda:1 with rank 1
[2024-01-29 15:41:43] Loaded model hl_lb on rank 1 in local epoch 0 | best_loss_g: inf | best_loss_d_closest_to_half: inf | best_loss_d: inf 
[2024-01-29 15:45:36] GPU 1: Epoch 0/100 | Discriminator Loss: 0.111986 | Generator Loss: 7.943966
[2024-01-29 15:48:56] GPU 1: Epoch 1/100 | Discriminator Loss: 0.670799 | Generator Loss: 1.874509
[2024-01-29 15:52:13] GPU 1: Epoch 2/100 | Discriminator Loss: 0.182333 | Generator Loss: 5.775877
[2024-01-29 15:55:30] GPU 1: Epoch 3/100 | Discriminator Loss: 0.006792 | Generator Loss: 6.624866
[2024-01-29 15:58:48] GPU 1: Epoch 4/100 | Discriminator Loss: 0.345071 | Generator Loss: 6.976808
[2024-01-29 16:02:05] GPU 1: Epoch 5/100 | Discriminator Loss: 0.065323 | Generator Loss: 5.869438
[2024-01-29 16:05:23] GPU 1: Epoch 6/100 | Discriminator Loss: 0.092995 | Generator Loss: 4.638257
[2024-01-29 16:08:40] GPU 1: Epoch 7/100 | Discriminator Loss: 0.031852 | Generator Loss: 5.168055
[2024-01-29 16:11:58] GPU 1: Epoch 8/100 | Discriminator Loss: 0.030562 | Generator Loss: 5.332086
[2024-01-29 16:15:15] GPU 1: Epoch 9/100 | Discriminator Loss: 0.002399 | Generator Loss: 10.165279
[2024-01-29 16:18:31] GPU 1: Epoch 10/100 | Discriminator Loss: 0.013775 | Generator Loss: 6.417522
[2024-01-29 16:21:49] GPU 1: Epoch 11/100 | Discriminator Loss: 0.104333 | Generator Loss: 5.715606
[2024-01-29 16:25:06] GPU 1: Epoch 12/100 | Discriminator Loss: 0.018490 | Generator Loss: 5.494695
[2024-01-29 16:28:24] GPU 1: Epoch 13/100 | Discriminator Loss: 0.485107 | Generator Loss: 6.608449
[2024-01-29 16:31:43] GPU 1: Epoch 14/100 | Discriminator Loss: 0.010842 | Generator Loss: 6.768083
[2024-01-29 16:35:00] GPU 1: Epoch 15/100 | Discriminator Loss: 0.008665 | Generator Loss: 6.817310
[2024-01-29 16:38:16] GPU 1: Epoch 16/100 | Discriminator Loss: 0.055089 | Generator Loss: 6.149074
[2024-01-29 16:41:31] GPU 1: Epoch 17/100 | Discriminator Loss: 0.122976 | Generator Loss: 6.260131
[2024-01-29 16:44:44] GPU 1: Epoch 18/100 | Discriminator Loss: 0.142124 | Generator Loss: 6.814626
[2024-01-29 16:47:57] GPU 1: Epoch 19/100 | Discriminator Loss: 0.001905 | Generator Loss: 9.679293
[2024-01-29 16:51:11] GPU 1: Epoch 20/100 | Discriminator Loss: 0.065143 | Generator Loss: 7.414111
[2024-01-29 16:54:26] GPU 1: Epoch 21/100 | Discriminator Loss: 0.008813 | Generator Loss: 5.874908
[2024-01-29 16:57:41] GPU 1: Epoch 22/100 | Discriminator Loss: 0.002941 | Generator Loss: 6.917528
[2024-01-29 17:00:55] GPU 1: Epoch 23/100 | Discriminator Loss: 0.003416 | Generator Loss: 7.080497
[2024-01-29 17:04:11] GPU 1: Epoch 24/100 | Discriminator Loss: 0.034281 | Generator Loss: 7.557504
[2024-01-29 17:07:26] GPU 1: Epoch 25/100 | Discriminator Loss: 0.006895 | Generator Loss: 5.875305
[2024-01-29 17:10:41] GPU 1: Epoch 26/100 | Discriminator Loss: 0.003980 | Generator Loss: 9.623472
[2024-01-29 17:13:56] GPU 1: Epoch 27/100 | Discriminator Loss: 0.001371 | Generator Loss: 7.265678
[2024-01-29 17:17:10] GPU 1: Epoch 28/100 | Discriminator Loss: 0.014432 | Generator Loss: 6.004793
[2024-01-29 17:20:24] GPU 1: Epoch 29/100 | Discriminator Loss: 0.001268 | Generator Loss: 7.619310
[2024-01-29 17:23:38] GPU 1: Epoch 30/100 | Discriminator Loss: 0.005488 | Generator Loss: 6.646749
[2024-01-29 17:26:53] GPU 1: Epoch 31/100 | Discriminator Loss: 0.002749 | Generator Loss: 7.313622
[2024-01-29 17:30:08] GPU 1: Epoch 32/100 | Discriminator Loss: 0.003884 | Generator Loss: 6.602922
[2024-01-29 17:33:27] GPU 1: Epoch 33/100 | Discriminator Loss: 0.000000 | Generator Loss: 42.589214
[2024-01-29 17:36:41] GPU 1: Epoch 34/100 | Discriminator Loss: 0.000000 | Generator Loss: 43.619427
[2024-01-29 17:39:55] GPU 1: Epoch 35/100 | Discriminator Loss: 0.000000 | Generator Loss: 41.060909
[2024-01-29 17:43:10] GPU 1: Epoch 36/100 | Discriminator Loss: 0.000000 | Generator Loss: 53.677315
[2024-01-29 17:46:24] GPU 1: Epoch 37/100 | Discriminator Loss: 0.000000 | Generator Loss: 49.861969
[2024-01-29 17:49:38] GPU 1: Epoch 38/100 | Discriminator Loss: 0.000000 | Generator Loss: 43.929802
[2024-01-29 17:52:52] GPU 1: Epoch 39/100 | Discriminator Loss: 0.000000 | Generator Loss: 52.644562
[2024-01-29 17:56:05] GPU 1: Epoch 40/100 | Discriminator Loss: 0.000000 | Generator Loss: 48.437801
[2024-01-29 17:59:20] GPU 1: Epoch 41/100 | Discriminator Loss: 0.000000 | Generator Loss: 54.020409
[2024-01-29 18:02:34] GPU 1: Epoch 42/100 | Discriminator Loss: 0.000000 | Generator Loss: 50.913795
[2024-01-29 18:05:48] GPU 1: Epoch 43/100 | Discriminator Loss: 0.000000 | Generator Loss: 54.301708
[2024-01-29 18:09:03] GPU 1: Epoch 44/100 | Discriminator Loss: 0.007657 | Generator Loss: 9.151217
[2024-01-29 18:12:16] GPU 1: Epoch 45/100 | Discriminator Loss: 0.032496 | Generator Loss: 3.995974
[2024-01-29 18:15:31] GPU 1: Epoch 46/100 | Discriminator Loss: 0.000364 | Generator Loss: 12.011256
[2024-01-29 18:18:45] GPU 1: Epoch 47/100 | Discriminator Loss: 0.001863 | Generator Loss: 9.274599
[2024-01-29 18:21:59] GPU 1: Epoch 48/100 | Discriminator Loss: 0.001270 | Generator Loss: 7.349912
[2024-01-29 18:25:12] GPU 1: Epoch 49/100 | Discriminator Loss: 0.000417 | Generator Loss: 8.135273
[2024-01-29 18:28:26] GPU 1: Epoch 50/100 | Discriminator Loss: 0.000001 | Generator Loss: 40.429253
[2024-01-29 18:31:41] GPU 1: Epoch 51/100 | Discriminator Loss: 0.000001 | Generator Loss: 39.837078
[2024-01-29 18:34:56] GPU 1: Epoch 52/100 | Discriminator Loss: 0.000001 | Generator Loss: 34.285942
[2024-01-29 18:38:09] GPU 1: Epoch 53/100 | Discriminator Loss: 0.000070 | Generator Loss: 10.207184
[2024-01-29 18:41:23] GPU 1: Epoch 54/100 | Discriminator Loss: 0.000427 | Generator Loss: 8.806589
[2024-01-29 18:44:36] GPU 1: Epoch 55/100 | Discriminator Loss: 0.000686 | Generator Loss: 8.056768
[2024-01-29 18:47:51] GPU 1: Epoch 56/100 | Discriminator Loss: 0.000000 | Generator Loss: 41.618618
[2024-01-29 18:51:05] GPU 1: Epoch 57/100 | Discriminator Loss: 0.000000 | Generator Loss: 40.141106
[2024-01-29 18:54:20] GPU 1: Epoch 58/100 | Discriminator Loss: 0.000000 | Generator Loss: 42.301205
[2024-01-29 18:57:33] GPU 1: Epoch 59/100 | Discriminator Loss: 0.000000 | Generator Loss: 41.776817
[2024-01-29 19:00:47] GPU 1: Epoch 60/100 | Discriminator Loss: 0.000000 | Generator Loss: 43.114616
[2024-01-29 19:04:02] GPU 1: Epoch 61/100 | Discriminator Loss: 0.000000 | Generator Loss: 42.257816
[2024-01-29 19:07:16] GPU 1: Epoch 62/100 | Discriminator Loss: 0.000000 | Generator Loss: 41.468052
[2024-01-29 19:10:30] GPU 1: Epoch 63/100 | Discriminator Loss: 0.000000 | Generator Loss: 41.647243
[2024-01-29 19:13:43] GPU 1: Epoch 64/100 | Discriminator Loss: 0.000000 | Generator Loss: 41.604588
[2024-01-29 19:16:58] GPU 1: Epoch 65/100 | Discriminator Loss: 0.000000 | Generator Loss: 42.115715
[2024-01-29 19:20:12] GPU 1: Epoch 66/100 | Discriminator Loss: 0.000000 | Generator Loss: 42.188156
[2024-01-29 19:23:26] GPU 1: Epoch 67/100 | Discriminator Loss: 0.000000 | Generator Loss: 41.096329
[2024-01-29 19:26:40] GPU 1: Epoch 68/100 | Discriminator Loss: 0.000000 | Generator Loss: 40.877083
[2024-01-29 19:29:54] GPU 1: Epoch 69/100 | Discriminator Loss: 0.000000 | Generator Loss: 40.910004
[2024-01-29 19:33:08] GPU 1: Epoch 70/100 | Discriminator Loss: 0.000000 | Generator Loss: 40.210487
[2024-01-29 19:36:24] GPU 1: Epoch 71/100 | Discriminator Loss: 0.000000 | Generator Loss: 39.706982
[2024-01-29 19:39:38] GPU 1: Epoch 72/100 | Discriminator Loss: 0.000000 | Generator Loss: 41.889610
[2024-01-29 19:42:52] GPU 1: Epoch 73/100 | Discriminator Loss: 0.000000 | Generator Loss: 41.086037
[2024-01-29 19:46:06] GPU 1: Epoch 74/100 | Discriminator Loss: 0.000000 | Generator Loss: 40.959595
[2024-01-29 19:49:20] GPU 1: Epoch 75/100 | Discriminator Loss: 0.000000 | Generator Loss: 39.451004
[2024-01-29 19:52:34] GPU 1: Epoch 76/100 | Discriminator Loss: 0.000000 | Generator Loss: 39.793961
[2024-01-29 19:55:48] GPU 1: Epoch 77/100 | Discriminator Loss: 0.000000 | Generator Loss: 39.334103
[2024-01-29 19:59:01] GPU 1: Epoch 78/100 | Discriminator Loss: 0.000000 | Generator Loss: 40.129440
[2024-01-29 20:02:15] GPU 1: Epoch 79/100 | Discriminator Loss: 0.000000 | Generator Loss: 36.045067
[2024-01-29 20:05:29] GPU 1: Epoch 80/100 | Discriminator Loss: 0.000000 | Generator Loss: 56.472820
[2024-01-29 20:08:43] GPU 1: Epoch 81/100 | Discriminator Loss: 0.000000 | Generator Loss: 55.613724
[2024-01-29 20:11:57] GPU 1: Epoch 82/100 | Discriminator Loss: 0.000000 | Generator Loss: 55.937187
[2024-01-29 20:15:11] GPU 1: Epoch 83/100 | Discriminator Loss: 0.000000 | Generator Loss: 56.265587
[2024-01-29 20:18:25] GPU 1: Epoch 84/100 | Discriminator Loss: 0.000000 | Generator Loss: 56.577324
[2024-01-29 20:21:39] GPU 1: Epoch 85/100 | Discriminator Loss: 0.000000 | Generator Loss: 55.635231
[2024-01-29 20:24:55] GPU 1: Epoch 86/100 | Discriminator Loss: 0.000000 | Generator Loss: 55.872799
[2024-01-29 20:28:08] GPU 1: Epoch 87/100 | Discriminator Loss: 0.000000 | Generator Loss: 54.740780
[2024-01-29 20:31:22] GPU 1: Epoch 88/100 | Discriminator Loss: 0.000000 | Generator Loss: 54.768841
[2024-01-29 20:34:36] GPU 1: Epoch 89/100 | Discriminator Loss: 0.000000 | Generator Loss: 55.628826
[2024-01-29 20:37:49] GPU 1: Epoch 90/100 | Discriminator Loss: 0.000000 | Generator Loss: 56.130871
[2024-01-29 20:41:03] GPU 1: Epoch 91/100 | Discriminator Loss: 0.000000 | Generator Loss: 56.333233
[2024-01-29 20:44:17] GPU 1: Epoch 92/100 | Discriminator Loss: 0.000000 | Generator Loss: 56.915726
[2024-01-29 20:47:31] GPU 1: Epoch 93/100 | Discriminator Loss: 0.000000 | Generator Loss: 54.555229
[2024-01-29 20:50:44] GPU 1: Epoch 94/100 | Discriminator Loss: 0.000000 | Generator Loss: 55.460571
[2024-01-29 20:53:58] GPU 1: Epoch 95/100 | Discriminator Loss: 0.000000 | Generator Loss: 56.532707
[2024-01-29 20:57:12] GPU 1: Epoch 96/100 | Discriminator Loss: 0.000000 | Generator Loss: 56.210781
[2024-01-29 21:00:26] GPU 1: Epoch 97/100 | Discriminator Loss: 0.000000 | Generator Loss: 55.423729
[2024-01-29 21:03:40] GPU 1: Epoch 98/100 | Discriminator Loss: 0.000000 | Generator Loss: 55.398415
[2024-01-29 21:06:55] GPU 1: Epoch 99/100 | Discriminator Loss: 0.000000 | Generator Loss: 55.496048
[2024-01-29 15:41:35] Setting up 0 of 2
[2024-01-29 15:41:36] Initialized main on device: cuda:0 with rank 0
[2024-01-29 15:41:43] Loaded model hl_lb on rank 0 in local epoch 0 | best_loss_g: inf | best_loss_d_closest_to_half: inf | best_loss_d: inf 
[2024-01-29 15:41:45] Saved new best_loss_g checkpoint hl_lb_best_loss_g.pth.tar
[2024-01-29 15:41:45] Saved Epoch 0/100 | Discriminator Loss: 1.407645 | Generator Loss: 6.176966
[2024-01-29 15:41:46] Saved new best_loss_d checkpoint hl_lb_best_loss_d.pth.tar
[2024-01-29 15:41:46] Saved Epoch 0/100 | Discriminator Loss: 1.407645 | Generator Loss: 6.176966
[2024-01-29 15:41:47] Saved new best_loss_d_closest_to_half checkpoint hl_lb_best_loss_d_closest_to_half.pth.tar
[2024-01-29 15:41:47] Saved Epoch 0/100 | Discriminator Loss: 1.407645 | Generator Loss: 6.176966
[2024-01-29 15:41:49] Saved new best_loss_d checkpoint hl_lb_best_loss_d.pth.tar
[2024-01-29 15:41:49] Saved Epoch 0/100 | Discriminator Loss: 0.063137 | Generator Loss: 6.697547
[2024-01-29 15:41:50] Saved new best_loss_d_closest_to_half checkpoint hl_lb_best_loss_d_closest_to_half.pth.tar
[2024-01-29 15:41:50] Saved Epoch 0/100 | Discriminator Loss: 0.063137 | Generator Loss: 6.697547
[2024-01-29 15:41:51] Saved new best_loss_d checkpoint hl_lb_best_loss_d.pth.tar
[2024-01-29 15:41:51] Saved Epoch 0/100 | Discriminator Loss: 0.021340 | Generator Loss: 6.865842
[2024-01-29 15:41:54] Saved new best_loss_d_closest_to_half checkpoint hl_lb_best_loss_d_closest_to_half.pth.tar
[2024-01-29 15:41:54] Saved Epoch 0/100 | Discriminator Loss: 0.082813 | Generator Loss: 8.307827
[2024-01-29 15:41:55] Saved new best_loss_d checkpoint hl_lb_best_loss_d.pth.tar
[2024-01-29 15:41:55] Saved Epoch 0/100 | Discriminator Loss: 0.005952 | Generator Loss: 8.727036
[2024-01-29 15:41:59] Saved new best_loss_d checkpoint hl_lb_best_loss_d.pth.tar
[2024-01-29 15:41:59] Saved Epoch 0/100 | Discriminator Loss: 0.002502 | Generator Loss: 9.579532
[2024-01-29 15:42:03] Saved new best_loss_d_closest_to_half checkpoint hl_lb_best_loss_d_closest_to_half.pth.tar
[2024-01-29 15:42:03] Saved Epoch 0/100 | Discriminator Loss: 0.775450 | Generator Loss: 7.689896
[2024-01-29 15:42:07] Saved new best_loss_d checkpoint hl_lb_best_loss_d.pth.tar
[2024-01-29 15:42:07] Saved Epoch 0/100 | Discriminator Loss: 0.001069 | Generator Loss: 15.383181
[2024-01-29 15:42:08] Saved new best_loss_d checkpoint hl_lb_best_loss_d.pth.tar
[2024-01-29 15:42:08] Saved Epoch 0/100 | Discriminator Loss: 0.000303 | Generator Loss: 14.370991
[2024-01-29 15:42:10] Saved new best_loss_d checkpoint hl_lb_best_loss_d.pth.tar
[2024-01-29 15:42:10] Saved Epoch 0/100 | Discriminator Loss: 0.000109 | Generator Loss: 13.619431
[2024-01-29 15:42:11] Saved new best_loss_d checkpoint hl_lb_best_loss_d.pth.tar
[2024-01-29 15:42:12] Saved Epoch 0/100 | Discriminator Loss: 0.000036 | Generator Loss: 12.383615
[2024-01-29 15:42:16] Saved new best_loss_d checkpoint hl_lb_best_loss_d.pth.tar
[2024-01-29 15:42:16] Saved Epoch 0/100 | Discriminator Loss: 0.000034 | Generator Loss: 18.703079
[2024-01-29 15:42:18] Saved new best_loss_d checkpoint hl_lb_best_loss_d.pth.tar
[2024-01-29 15:42:18] Saved Epoch 0/100 | Discriminator Loss: 0.000015 | Generator Loss: 17.642323
[2024-01-29 15:42:24] Saved new best_loss_d_closest_to_half checkpoint hl_lb_best_loss_d_closest_to_half.pth.tar
[2024-01-29 15:42:24] Saved Epoch 0/100 | Discriminator Loss: 0.295978 | Generator Loss: 16.982048
[2024-01-29 15:42:33] Saved new best_loss_d_closest_to_half checkpoint hl_lb_best_loss_d_closest_to_half.pth.tar
[2024-01-29 15:42:33] Saved Epoch 0/100 | Discriminator Loss: 0.616444 | Generator Loss: 13.831772
[2024-01-29 15:42:35] Saved new best_loss_g checkpoint hl_lb_best_loss_g.pth.tar
[2024-01-29 15:42:35] Saved Epoch 0/100 | Discriminator Loss: 0.003301 | Generator Loss: 5.642175
[2024-01-29 15:42:39] Saved new best_loss_g checkpoint hl_lb_best_loss_g.pth.tar
[2024-01-29 15:42:39] Saved Epoch 0/100 | Discriminator Loss: 0.037726 | Generator Loss: 4.087304
[2024-01-29 15:42:41] Saved new best_loss_g checkpoint hl_lb_best_loss_g.pth.tar
[2024-01-29 15:42:41] Saved Epoch 0/100 | Discriminator Loss: 0.290394 | Generator Loss: 4.013641
[2024-01-29 15:42:42] Saved new best_loss_g checkpoint hl_lb_best_loss_g.pth.tar
[2024-01-29 15:42:43] Saved Epoch 0/100 | Discriminator Loss: 0.127952 | Generator Loss: 3.818564
[2024-01-29 15:42:46] Saved new best_loss_d_closest_to_half checkpoint hl_lb_best_loss_d_closest_to_half.pth.tar
[2024-01-29 15:42:46] Saved Epoch 0/100 | Discriminator Loss: 0.561272 | Generator Loss: 8.672916
[2024-01-29 15:42:52] Saved new best_loss_g checkpoint hl_lb_best_loss_g.pth.tar
[2024-01-29 15:42:52] Saved Epoch 0/100 | Discriminator Loss: 0.091282 | Generator Loss: 3.517603
[2024-01-29 15:42:55] Saved new best_loss_d_closest_to_half checkpoint hl_lb_best_loss_d_closest_to_half.pth.tar
[2024-01-29 15:42:55] Saved Epoch 0/100 | Discriminator Loss: 0.450606 | Generator Loss: 4.750957
[2024-01-29 15:43:07] Saved new best_loss_g checkpoint hl_lb_best_loss_g.pth.tar
[2024-01-29 15:43:07] Saved Epoch 0/100 | Discriminator Loss: 0.078629 | Generator Loss: 3.417175
[2024-01-29 15:43:20] Saved new best_loss_g checkpoint hl_lb_best_loss_g.pth.tar
[2024-01-29 15:43:20] Saved Epoch 0/100 | Discriminator Loss: 0.281556 | Generator Loss: 2.902368
[2024-01-29 15:43:30] Saved new best_loss_d_closest_to_half checkpoint hl_lb_best_loss_d_closest_to_half.pth.tar
[2024-01-29 15:43:30] Saved Epoch 0/100 | Discriminator Loss: 0.538375 | Generator Loss: 6.498701
[2024-01-29 15:43:36] Saved new best_loss_g checkpoint hl_lb_best_loss_g.pth.tar
[2024-01-29 15:43:36] Saved Epoch 0/100 | Discriminator Loss: 5.596786 | Generator Loss: 1.833704
[2024-01-29 15:43:41] Saved new best_loss_d_closest_to_half checkpoint hl_lb_best_loss_d_closest_to_half.pth.tar
[2024-01-29 15:43:41] Saved Epoch 0/100 | Discriminator Loss: 0.483106 | Generator Loss: 7.488678
[2024-01-29 15:43:44] Saved new best_loss_d_closest_to_half checkpoint hl_lb_best_loss_d_closest_to_half.pth.tar
[2024-01-29 15:43:44] Saved Epoch 0/100 | Discriminator Loss: 0.485013 | Generator Loss: 3.784107
[2024-01-29 15:44:02] Saved new best_loss_g checkpoint hl_lb_best_loss_g.pth.tar
[2024-01-29 15:44:02] Saved Epoch 0/100 | Discriminator Loss: 2.147576 | Generator Loss: 1.138691
[2024-01-29 15:44:27] Saved new best_loss_d_closest_to_half checkpoint hl_lb_best_loss_d_closest_to_half.pth.tar
[2024-01-29 15:44:27] Saved Epoch 0/100 | Discriminator Loss: 0.509307 | Generator Loss: 5.327213
[2024-01-29 15:45:36] GPU 0: Epoch 0/100 | Discriminator Loss: 0.254792 | Generator Loss: 8.131398
[2024-01-29 15:45:48] Saved new best_loss_g checkpoint hl_lb_best_loss_g.pth.tar
[2024-01-29 15:45:48] Saved Epoch 1/100 | Discriminator Loss: 2.922108 | Generator Loss: 0.431104
[2024-01-29 15:47:01] Saved new best_loss_d_closest_to_half checkpoint hl_lb_best_loss_d_closest_to_half.pth.tar
[2024-01-29 15:47:01] Saved Epoch 1/100 | Discriminator Loss: 0.501764 | Generator Loss: 12.868185
[2024-01-29 15:47:32] Saved new best_loss_g checkpoint hl_lb_best_loss_g.pth.tar
[2024-01-29 15:47:32] Saved Epoch 1/100 | Discriminator Loss: 1.573245 | Generator Loss: 0.423248
[2024-01-29 15:48:56] GPU 0: Epoch 1/100 | Discriminator Loss: 0.477777 | Generator Loss: 1.587427
[2024-01-29 15:52:13] GPU 0: Epoch 2/100 | Discriminator Loss: 0.296246 | Generator Loss: 4.667997
[2024-01-29 15:55:30] GPU 0: Epoch 3/100 | Discriminator Loss: 0.006567 | Generator Loss: 5.850869
[2024-01-29 15:55:46] Saved new best_loss_g checkpoint hl_lb_best_loss_g.pth.tar
[2024-01-29 15:55:46] Saved Epoch 4/100 | Discriminator Loss: 8.529811 | Generator Loss: 0.151483
[2024-01-29 15:58:48] GPU 0: Epoch 4/100 | Discriminator Loss: 0.135564 | Generator Loss: 8.103834
[2024-01-29 16:02:05] GPU 0: Epoch 5/100 | Discriminator Loss: 0.111871 | Generator Loss: 5.563596
[2024-01-29 16:05:23] GPU 0: Epoch 6/100 | Discriminator Loss: 0.137157 | Generator Loss: 5.222187
[2024-01-29 16:08:40] GPU 0: Epoch 7/100 | Discriminator Loss: 0.019243 | Generator Loss: 5.601652
[2024-01-29 16:09:31] Saved new best_loss_g checkpoint hl_lb_best_loss_g.pth.tar
[2024-01-29 16:09:32] Saved Epoch 8/100 | Discriminator Loss: 1.058415 | Generator Loss: 0.027654
[2024-01-29 16:11:58] GPU 0: Epoch 8/100 | Discriminator Loss: 0.066330 | Generator Loss: 4.675421
[2024-01-29 16:15:15] GPU 0: Epoch 9/100 | Discriminator Loss: 0.000527 | Generator Loss: 8.437912
[2024-01-29 16:18:32] Saved latest checkpoint hl_lb_latest.pth.tar
[2024-01-29 16:18:32] Saved Epoch 10/100 | Discriminator Loss: 0.020853 | Generator Loss: 5.804384
[2024-01-29 16:21:49] GPU 0: Epoch 11/100 | Discriminator Loss: 0.087975 | Generator Loss: 4.964458
[2024-01-29 16:25:06] GPU 0: Epoch 12/100 | Discriminator Loss: 0.017796 | Generator Loss: 5.218621
[2024-01-29 16:25:21] Saved new best_loss_d_closest_to_half checkpoint hl_lb_best_loss_d_closest_to_half.pth.tar
[2024-01-29 16:25:21] Saved Epoch 13/100 | Discriminator Loss: 0.501135 | Generator Loss: 6.955114
[2024-01-29 16:28:24] GPU 0: Epoch 13/100 | Discriminator Loss: 0.109786 | Generator Loss: 6.361549
[2024-01-29 16:29:15] Saved new best_loss_d_closest_to_half checkpoint hl_lb_best_loss_d_closest_to_half.pth.tar
[2024-01-29 16:29:15] Saved Epoch 14/100 | Discriminator Loss: 0.500726 | Generator Loss: 11.489276
[2024-01-29 16:31:16] Saved new best_loss_g checkpoint hl_lb_best_loss_g.pth.tar
[2024-01-29 16:31:16] Saved Epoch 14/100 | Discriminator Loss: 1.316663 | Generator Loss: 0.016266
[2024-01-29 16:31:43] GPU 0: Epoch 14/100 | Discriminator Loss: 0.003926 | Generator Loss: 7.291832
[2024-01-29 16:35:00] GPU 0: Epoch 15/100 | Discriminator Loss: 0.061930 | Generator Loss: 7.017534
[2024-01-29 16:37:22] Saved new best_loss_d checkpoint hl_lb_best_loss_d.pth.tar
[2024-01-29 16:37:22] Saved Epoch 16/100 | Discriminator Loss: 0.000005 | Generator Loss: 15.403079
[2024-01-29 16:38:16] GPU 0: Epoch 16/100 | Discriminator Loss: 0.071115 | Generator Loss: 5.806982
[2024-01-29 16:41:31] GPU 0: Epoch 17/100 | Discriminator Loss: 0.051075 | Generator Loss: 6.961122
[2024-01-29 16:44:44] GPU 0: Epoch 18/100 | Discriminator Loss: 0.035990 | Generator Loss: 7.624908
[2024-01-29 16:47:57] GPU 0: Epoch 19/100 | Discriminator Loss: 0.000663 | Generator Loss: 8.845701
[2024-01-29 16:51:11] Saved latest checkpoint hl_lb_latest.pth.tar
[2024-01-29 16:51:12] Saved Epoch 20/100 | Discriminator Loss: 0.070255 | Generator Loss: 7.352658
[2024-01-29 16:54:26] GPU 0: Epoch 21/100 | Discriminator Loss: 0.009148 | Generator Loss: 5.801791
[2024-01-29 16:57:41] GPU 0: Epoch 22/100 | Discriminator Loss: 0.006923 | Generator Loss: 6.018448
[2024-01-29 17:00:55] GPU 0: Epoch 23/100 | Discriminator Loss: 0.002786 | Generator Loss: 7.084617
[2024-01-29 17:03:06] Saved new best_loss_g checkpoint hl_lb_best_loss_g.pth.tar
[2024-01-29 17:03:06] Saved Epoch 24/100 | Discriminator Loss: 0.232644 | Generator Loss: 0.011808
[2024-01-29 17:04:11] GPU 0: Epoch 24/100 | Discriminator Loss: 0.025995 | Generator Loss: 7.084611
[2024-01-29 17:07:26] GPU 0: Epoch 25/100 | Discriminator Loss: 0.008905 | Generator Loss: 6.205382
[2024-01-29 17:08:14] Saved new best_loss_g checkpoint hl_lb_best_loss_g.pth.tar
[2024-01-29 17:08:14] Saved Epoch 26/100 | Discriminator Loss: 7.056091 | Generator Loss: 0.000296
[2024-01-29 17:10:41] GPU 0: Epoch 26/100 | Discriminator Loss: 0.000211 | Generator Loss: 9.028476
[2024-01-29 17:13:56] GPU 0: Epoch 27/100 | Discriminator Loss: 0.000671 | Generator Loss: 8.407212
[2024-01-29 17:17:10] GPU 0: Epoch 28/100 | Discriminator Loss: 0.006248 | Generator Loss: 6.183913
[2024-01-29 17:20:24] GPU 0: Epoch 29/100 | Discriminator Loss: 0.000796 | Generator Loss: 8.134423
[2024-01-29 17:23:39] Saved latest checkpoint hl_lb_latest.pth.tar
[2024-01-29 17:23:39] Saved Epoch 30/100 | Discriminator Loss: 0.001242 | Generator Loss: 7.692487
[2024-01-29 17:26:53] GPU 0: Epoch 31/100 | Discriminator Loss: 0.007554 | Generator Loss: 6.414871
[2024-01-29 17:30:08] GPU 0: Epoch 32/100 | Discriminator Loss: 0.001411 | Generator Loss: 8.142056
[2024-01-29 17:30:37] Saved new best_loss_d checkpoint hl_lb_best_loss_d.pth.tar
[2024-01-29 17:30:37] Saved Epoch 33/100 | Discriminator Loss: 0.000000 | Generator Loss: 32.099186
[2024-01-29 17:30:38] Saved new best_loss_d checkpoint hl_lb_best_loss_d.pth.tar
[2024-01-29 17:30:38] Saved Epoch 33/100 | Discriminator Loss: 0.000000 | Generator Loss: 29.321218
[2024-01-29 17:30:41] Saved new best_loss_d checkpoint hl_lb_best_loss_d.pth.tar
[2024-01-29 17:30:41] Saved Epoch 33/100 | Discriminator Loss: 0.000000 | Generator Loss: 23.111769
[2024-01-29 17:32:45] Saved new best_loss_d checkpoint hl_lb_best_loss_d.pth.tar
[2024-01-29 17:32:45] Saved Epoch 33/100 | Discriminator Loss: 0.000000 | Generator Loss: 43.620316
[2024-01-29 17:33:27] GPU 0: Epoch 33/100 | Discriminator Loss: 0.000000 | Generator Loss: 42.263237
[2024-01-29 17:36:41] GPU 0: Epoch 34/100 | Discriminator Loss: 0.000000 | Generator Loss: 40.069824
[2024-01-29 17:39:55] GPU 0: Epoch 35/100 | Discriminator Loss: 0.000000 | Generator Loss: 43.264477
[2024-01-29 17:43:10] GPU 0: Epoch 36/100 | Discriminator Loss: 0.000000 | Generator Loss: 51.760651
[2024-01-29 17:46:24] GPU 0: Epoch 37/100 | Discriminator Loss: 0.000000 | Generator Loss: 48.542809
[2024-01-29 17:49:38] GPU 0: Epoch 38/100 | Discriminator Loss: 0.000000 | Generator Loss: 41.361984
[2024-01-29 17:52:52] GPU 0: Epoch 39/100 | Discriminator Loss: 0.000000 | Generator Loss: 53.122967
[2024-01-29 17:56:06] Saved latest checkpoint hl_lb_latest.pth.tar
[2024-01-29 17:56:06] Saved Epoch 40/100 | Discriminator Loss: 0.000000 | Generator Loss: 47.499573
[2024-01-29 17:59:20] GPU 0: Epoch 41/100 | Discriminator Loss: 0.000000 | Generator Loss: 53.151928
[2024-01-29 18:02:34] GPU 0: Epoch 42/100 | Discriminator Loss: 0.000000 | Generator Loss: 50.693573
[2024-01-29 18:05:48] GPU 0: Epoch 43/100 | Discriminator Loss: 0.000000 | Generator Loss: 52.846130
[2024-01-29 18:09:03] GPU 0: Epoch 44/100 | Discriminator Loss: 0.010411 | Generator Loss: 7.536054
[2024-01-29 18:12:16] GPU 0: Epoch 45/100 | Discriminator Loss: 0.024544 | Generator Loss: 7.965983
[2024-01-29 18:15:31] GPU 0: Epoch 46/100 | Discriminator Loss: 0.000384 | Generator Loss: 9.226548
[2024-01-29 18:18:45] GPU 0: Epoch 47/100 | Discriminator Loss: 0.004445 | Generator Loss: 5.655738
[2024-01-29 18:21:59] GPU 0: Epoch 48/100 | Discriminator Loss: 0.000852 | Generator Loss: 7.611617
[2024-01-29 18:25:12] GPU 0: Epoch 49/100 | Discriminator Loss: 0.000265 | Generator Loss: 8.755058
[2024-01-29 18:28:27] Saved latest checkpoint hl_lb_latest.pth.tar
[2024-01-29 18:28:27] Saved Epoch 50/100 | Discriminator Loss: 0.000000 | Generator Loss: 40.094681
[2024-01-29 18:31:41] GPU 0: Epoch 51/100 | Discriminator Loss: 0.000000 | Generator Loss: 40.121826
[2024-01-29 18:34:56] GPU 0: Epoch 52/100 | Discriminator Loss: 0.000000 | Generator Loss: 35.870445
[2024-01-29 18:38:09] GPU 0: Epoch 53/100 | Discriminator Loss: 0.000064 | Generator Loss: 9.891606
[2024-01-29 18:41:23] GPU 0: Epoch 54/100 | Discriminator Loss: 0.000329 | Generator Loss: 9.626620
[2024-01-29 18:44:36] GPU 0: Epoch 55/100 | Discriminator Loss: 0.001065 | Generator Loss: 7.639126
[2024-01-29 18:47:51] GPU 0: Epoch 56/100 | Discriminator Loss: 0.000000 | Generator Loss: 41.690964
[2024-01-29 18:51:05] GPU 0: Epoch 57/100 | Discriminator Loss: 0.000000 | Generator Loss: 41.446541
[2024-01-29 18:54:20] GPU 0: Epoch 58/100 | Discriminator Loss: 0.000000 | Generator Loss: 41.808319
[2024-01-29 18:57:33] GPU 0: Epoch 59/100 | Discriminator Loss: 0.000000 | Generator Loss: 42.111877
[2024-01-29 19:00:48] Saved latest checkpoint hl_lb_latest.pth.tar
[2024-01-29 19:00:48] Saved Epoch 60/100 | Discriminator Loss: 0.000000 | Generator Loss: 42.607155
[2024-01-29 19:04:02] GPU 0: Epoch 61/100 | Discriminator Loss: 0.000000 | Generator Loss: 40.541759
[2024-01-29 19:07:16] GPU 0: Epoch 62/100 | Discriminator Loss: 0.000000 | Generator Loss: 40.877129
[2024-01-29 19:10:30] GPU 0: Epoch 63/100 | Discriminator Loss: 0.000000 | Generator Loss: 41.279766
[2024-01-29 19:13:43] GPU 0: Epoch 64/100 | Discriminator Loss: 0.000000 | Generator Loss: 40.240150
[2024-01-29 19:16:58] GPU 0: Epoch 65/100 | Discriminator Loss: 0.000000 | Generator Loss: 41.534977
[2024-01-29 19:20:12] GPU 0: Epoch 66/100 | Discriminator Loss: 0.000000 | Generator Loss: 42.544479
[2024-01-29 19:23:26] GPU 0: Epoch 67/100 | Discriminator Loss: 0.000000 | Generator Loss: 41.041348
[2024-01-29 19:26:40] GPU 0: Epoch 68/100 | Discriminator Loss: 0.000000 | Generator Loss: 39.974277
[2024-01-29 19:29:54] GPU 0: Epoch 69/100 | Discriminator Loss: 0.000000 | Generator Loss: 40.014820
[2024-01-29 19:33:09] Saved latest checkpoint hl_lb_latest.pth.tar
[2024-01-29 19:33:09] Saved Epoch 70/100 | Discriminator Loss: 0.000000 | Generator Loss: 41.237537
[2024-01-29 19:36:24] GPU 0: Epoch 71/100 | Discriminator Loss: 0.000000 | Generator Loss: 41.361015
[2024-01-29 19:39:38] GPU 0: Epoch 72/100 | Discriminator Loss: 0.000000 | Generator Loss: 41.837269
[2024-01-29 19:42:52] GPU 0: Epoch 73/100 | Discriminator Loss: 0.000000 | Generator Loss: 40.550007
[2024-01-29 19:46:06] GPU 0: Epoch 74/100 | Discriminator Loss: 0.000000 | Generator Loss: 39.714127
[2024-01-29 19:49:20] GPU 0: Epoch 75/100 | Discriminator Loss: 0.000000 | Generator Loss: 39.120029
[2024-01-29 19:52:34] GPU 0: Epoch 76/100 | Discriminator Loss: 0.000000 | Generator Loss: 40.106163
[2024-01-29 19:55:48] GPU 0: Epoch 77/100 | Discriminator Loss: 0.000000 | Generator Loss: 40.114449
[2024-01-29 19:59:01] GPU 0: Epoch 78/100 | Discriminator Loss: 0.000000 | Generator Loss: 38.955452
[2024-01-29 20:02:15] GPU 0: Epoch 79/100 | Discriminator Loss: 0.000000 | Generator Loss: 36.022362
[2024-01-29 20:05:30] Saved latest checkpoint hl_lb_latest.pth.tar
[2024-01-29 20:05:30] Saved Epoch 80/100 | Discriminator Loss: 0.000000 | Generator Loss: 55.147583
[2024-01-29 20:08:43] GPU 0: Epoch 81/100 | Discriminator Loss: 0.000000 | Generator Loss: 55.896465
[2024-01-29 20:11:57] GPU 0: Epoch 82/100 | Discriminator Loss: 0.000000 | Generator Loss: 56.209457
[2024-01-29 20:15:11] GPU 0: Epoch 83/100 | Discriminator Loss: 0.000000 | Generator Loss: 55.467377
[2024-01-29 20:18:25] GPU 0: Epoch 84/100 | Discriminator Loss: 0.000000 | Generator Loss: 55.526775
[2024-01-29 20:21:39] GPU 0: Epoch 85/100 | Discriminator Loss: 0.000000 | Generator Loss: 55.546059
[2024-01-29 20:24:55] GPU 0: Epoch 86/100 | Discriminator Loss: 0.000000 | Generator Loss: 55.159908
[2024-01-29 20:28:08] GPU 0: Epoch 87/100 | Discriminator Loss: 0.000000 | Generator Loss: 56.396980
[2024-01-29 20:31:22] GPU 0: Epoch 88/100 | Discriminator Loss: 0.000000 | Generator Loss: 56.459850
[2024-01-29 20:34:36] GPU 0: Epoch 89/100 | Discriminator Loss: 0.000000 | Generator Loss: 55.423492
[2024-01-29 20:37:50] Saved latest checkpoint hl_lb_latest.pth.tar
[2024-01-29 20:37:50] Saved Epoch 90/100 | Discriminator Loss: 0.000000 | Generator Loss: 54.953697
[2024-01-29 20:41:03] GPU 0: Epoch 91/100 | Discriminator Loss: 0.000000 | Generator Loss: 56.071518
[2024-01-29 20:44:17] GPU 0: Epoch 92/100 | Discriminator Loss: 0.000000 | Generator Loss: 55.160370
[2024-01-29 20:47:31] GPU 0: Epoch 93/100 | Discriminator Loss: 0.000000 | Generator Loss: 54.286846
[2024-01-29 20:50:44] GPU 0: Epoch 94/100 | Discriminator Loss: 0.000000 | Generator Loss: 55.154297
[2024-01-29 20:53:58] GPU 0: Epoch 95/100 | Discriminator Loss: 0.000000 | Generator Loss: 54.144386
[2024-01-29 20:57:12] GPU 0: Epoch 96/100 | Discriminator Loss: 0.000000 | Generator Loss: 55.494640
[2024-01-29 21:00:26] GPU 0: Epoch 97/100 | Discriminator Loss: 0.000000 | Generator Loss: 55.968346
[2024-01-29 21:03:40] GPU 0: Epoch 98/100 | Discriminator Loss: 0.000000 | Generator Loss: 54.224045
[2024-01-29 21:06:55] GPU 0: Epoch 99/100 | Discriminator Loss: 0.000000 | Generator Loss: 55.721100
[2024-01-29 21:06:55] Epoch 100/100 | Discriminator Loss: 0.000000 | Generator Loss: 55.721100
[2024-01-29 21:06:56] Saved checkpoint hl_lb_terminated.pth.tar.
