[2024-01-28 13:02:26] World size: 2
[2024-01-28 13:02:26] Found GPU 0: _CudaDeviceProperties(name='NVIDIA GeForce RTX 2080 Ti', major=7, minor=5, total_memory=11011MB, multi_processor_count=68)
[2024-01-28 13:02:26] Found GPU 1: _CudaDeviceProperties(name='NVIDIA GeForce RTX 2080 Ti', major=7, minor=5, total_memory=11011MB, multi_processor_count=68)
[2024-01-28 13:02:28] Setting up 1 of 2
[2024-01-28 13:02:28] Initialized main on device: cuda:1 with rank 1
[2024-01-28 13:02:36] Loaded model ml_lb on rank 1 in local epoch 0 | best_loss_g: inf | best_loss_d_closest_to_half: inf | best_loss_d: inf 
[2024-01-28 13:06:47] GPU 1: Epoch 0/100 | Discriminator Loss: 0.035888 | Generator Loss: 5.168056
[2024-01-28 13:10:07] GPU 1: Epoch 1/100 | Discriminator Loss: 0.110155 | Generator Loss: 4.112579
[2024-01-28 13:13:27] GPU 1: Epoch 2/100 | Discriminator Loss: 0.724543 | Generator Loss: 6.594578
[2024-01-28 13:16:45] GPU 1: Epoch 3/100 | Discriminator Loss: 0.096856 | Generator Loss: 4.483424
[2024-01-28 13:20:04] GPU 1: Epoch 4/100 | Discriminator Loss: 0.097060 | Generator Loss: 6.002220
[2024-01-28 13:23:23] GPU 1: Epoch 5/100 | Discriminator Loss: 0.047442 | Generator Loss: 5.217035
[2024-01-28 13:26:40] GPU 1: Epoch 6/100 | Discriminator Loss: 0.106788 | Generator Loss: 4.021464
[2024-01-28 13:29:58] GPU 1: Epoch 7/100 | Discriminator Loss: 0.022038 | Generator Loss: 5.328394
[2024-01-28 13:33:16] GPU 1: Epoch 8/100 | Discriminator Loss: 0.081002 | Generator Loss: 4.402048
[2024-01-28 13:36:34] GPU 1: Epoch 9/100 | Discriminator Loss: 0.036221 | Generator Loss: 4.710443
[2024-01-28 13:39:52] GPU 1: Epoch 10/100 | Discriminator Loss: 0.152295 | Generator Loss: 7.145547
[2024-01-28 13:43:12] GPU 1: Epoch 11/100 | Discriminator Loss: 0.010753 | Generator Loss: 6.669108
[2024-01-28 13:46:30] GPU 1: Epoch 12/100 | Discriminator Loss: 0.116209 | Generator Loss: 7.474585
[2024-01-28 13:49:48] GPU 1: Epoch 13/100 | Discriminator Loss: 0.017977 | Generator Loss: 5.663761
[2024-01-28 13:53:07] GPU 1: Epoch 14/100 | Discriminator Loss: 0.006849 | Generator Loss: 6.289668
[2024-01-28 13:56:25] GPU 1: Epoch 15/100 | Discriminator Loss: 0.004152 | Generator Loss: 6.832554
[2024-01-28 13:59:44] GPU 1: Epoch 16/100 | Discriminator Loss: 0.018094 | Generator Loss: 6.299224
[2024-01-28 14:03:02] GPU 1: Epoch 17/100 | Discriminator Loss: 0.020513 | Generator Loss: 5.769011
[2024-01-28 14:06:20] GPU 1: Epoch 18/100 | Discriminator Loss: 0.136992 | Generator Loss: 8.966517
[2024-01-28 14:09:38] GPU 1: Epoch 19/100 | Discriminator Loss: 0.005996 | Generator Loss: 5.785964
[2024-01-28 14:12:56] GPU 1: Epoch 20/100 | Discriminator Loss: 0.012853 | Generator Loss: 5.679893
[2024-01-28 14:16:15] GPU 1: Epoch 21/100 | Discriminator Loss: 0.003447 | Generator Loss: 6.638023
[2024-01-28 14:19:33] GPU 1: Epoch 22/100 | Discriminator Loss: 0.010190 | Generator Loss: 7.129064
[2024-01-28 14:22:50] GPU 1: Epoch 23/100 | Discriminator Loss: 0.004072 | Generator Loss: 7.060428
[2024-01-28 14:26:08] GPU 1: Epoch 24/100 | Discriminator Loss: 0.002024 | Generator Loss: 7.293406
[2024-01-28 14:29:25] GPU 1: Epoch 25/100 | Discriminator Loss: 0.000692 | Generator Loss: 8.390208
[2024-01-28 14:32:40] GPU 1: Epoch 26/100 | Discriminator Loss: 0.001046 | Generator Loss: 8.293055
[2024-01-28 14:35:57] GPU 1: Epoch 27/100 | Discriminator Loss: 0.000002 | Generator Loss: 15.086639
[2024-01-28 14:39:13] GPU 1: Epoch 28/100 | Discriminator Loss: 0.011381 | Generator Loss: 6.110999
[2024-01-28 14:42:28] GPU 1: Epoch 29/100 | Discriminator Loss: 0.003847 | Generator Loss: 8.174146
[2024-01-28 14:45:44] GPU 1: Epoch 30/100 | Discriminator Loss: 0.000542 | Generator Loss: 8.490862
[2024-01-28 14:49:00] GPU 1: Epoch 31/100 | Discriminator Loss: 0.003002 | Generator Loss: 6.701526
[2024-01-28 14:52:16] GPU 1: Epoch 32/100 | Discriminator Loss: 0.002209 | Generator Loss: 10.101110
[2024-01-28 14:55:31] GPU 1: Epoch 33/100 | Discriminator Loss: 0.000995 | Generator Loss: 7.645633
[2024-01-28 14:58:48] GPU 1: Epoch 34/100 | Discriminator Loss: 0.001096 | Generator Loss: 10.276070
[2024-01-28 15:02:03] GPU 1: Epoch 35/100 | Discriminator Loss: 0.001067 | Generator Loss: 8.510431
[2024-01-28 15:05:19] GPU 1: Epoch 36/100 | Discriminator Loss: 0.007244 | Generator Loss: 7.633752
[2024-01-28 15:08:36] GPU 1: Epoch 37/100 | Discriminator Loss: 0.007198 | Generator Loss: 5.761422
[2024-01-28 15:11:51] GPU 1: Epoch 38/100 | Discriminator Loss: 0.001069 | Generator Loss: 7.852933
[2024-01-28 15:15:07] GPU 1: Epoch 39/100 | Discriminator Loss: 0.000057 | Generator Loss: 14.369465
[2024-01-28 15:18:22] GPU 1: Epoch 40/100 | Discriminator Loss: 1.329219 | Generator Loss: 43.432686
[2024-01-28 15:21:38] GPU 1: Epoch 41/100 | Discriminator Loss: 0.001353 | Generator Loss: 7.905643
[2024-01-28 15:24:55] GPU 1: Epoch 42/100 | Discriminator Loss: 0.008054 | Generator Loss: 9.855154
[2024-01-28 15:28:10] GPU 1: Epoch 43/100 | Discriminator Loss: 0.000281 | Generator Loss: 9.703890
[2024-01-28 15:31:25] GPU 1: Epoch 44/100 | Discriminator Loss: 0.001853 | Generator Loss: 7.999090
[2024-01-28 15:34:41] GPU 1: Epoch 45/100 | Discriminator Loss: 0.000294 | Generator Loss: 8.941789
[2024-01-28 15:37:57] GPU 1: Epoch 46/100 | Discriminator Loss: 0.000001 | Generator Loss: 61.034935
[2024-01-28 15:41:12] GPU 1: Epoch 47/100 | Discriminator Loss: 0.000000 | Generator Loss: 59.267258
[2024-01-28 15:44:28] GPU 1: Epoch 48/100 | Discriminator Loss: 0.000000 | Generator Loss: 58.181816
[2024-01-28 15:47:43] GPU 1: Epoch 49/100 | Discriminator Loss: 0.000000 | Generator Loss: 59.339355
[2024-01-28 15:50:58] GPU 1: Epoch 50/100 | Discriminator Loss: 0.000000 | Generator Loss: 58.668236
[2024-01-28 15:54:15] GPU 1: Epoch 51/100 | Discriminator Loss: 0.000000 | Generator Loss: 59.780502
[2024-01-28 15:57:30] GPU 1: Epoch 52/100 | Discriminator Loss: 0.000000 | Generator Loss: 59.310802
[2024-01-28 16:00:45] GPU 1: Epoch 53/100 | Discriminator Loss: 0.000000 | Generator Loss: 59.140884
[2024-01-28 16:04:00] GPU 1: Epoch 54/100 | Discriminator Loss: 0.000000 | Generator Loss: 57.662605
[2024-01-28 16:07:15] GPU 1: Epoch 55/100 | Discriminator Loss: 0.000000 | Generator Loss: 59.502422
[2024-01-28 16:10:30] GPU 1: Epoch 56/100 | Discriminator Loss: 0.000000 | Generator Loss: 58.493309
[2024-01-28 16:13:46] GPU 1: Epoch 57/100 | Discriminator Loss: 0.000000 | Generator Loss: 59.625866
[2024-01-28 16:17:01] GPU 1: Epoch 58/100 | Discriminator Loss: 0.000000 | Generator Loss: 59.024384
[2024-01-28 16:20:16] GPU 1: Epoch 59/100 | Discriminator Loss: 0.000000 | Generator Loss: 60.239258
[2024-01-28 16:23:32] GPU 1: Epoch 60/100 | Discriminator Loss: 0.000000 | Generator Loss: 59.134838
[2024-01-28 16:26:48] GPU 1: Epoch 61/100 | Discriminator Loss: 0.000000 | Generator Loss: 58.308731
[2024-01-28 16:30:03] GPU 1: Epoch 62/100 | Discriminator Loss: 0.000000 | Generator Loss: 57.187523
[2024-01-28 16:33:19] GPU 1: Epoch 63/100 | Discriminator Loss: 0.000000 | Generator Loss: 59.242096
[2024-01-28 16:36:35] GPU 1: Epoch 64/100 | Discriminator Loss: 0.000000 | Generator Loss: 57.182598
[2024-01-28 16:39:50] GPU 1: Epoch 65/100 | Discriminator Loss: 0.000000 | Generator Loss: 58.819103
[2024-01-28 16:43:06] GPU 1: Epoch 66/100 | Discriminator Loss: 0.000000 | Generator Loss: 59.119835
[2024-01-28 16:46:21] GPU 1: Epoch 67/100 | Discriminator Loss: 0.000000 | Generator Loss: 58.539959
[2024-01-28 16:49:36] GPU 1: Epoch 68/100 | Discriminator Loss: 0.000000 | Generator Loss: 58.003613
[2024-01-28 16:52:51] GPU 1: Epoch 69/100 | Discriminator Loss: 0.000000 | Generator Loss: 57.843410
[2024-01-28 16:56:06] GPU 1: Epoch 70/100 | Discriminator Loss: 0.000000 | Generator Loss: 58.298840
[2024-01-28 16:59:23] GPU 1: Epoch 71/100 | Discriminator Loss: 0.000000 | Generator Loss: 56.940029
[2024-01-28 17:02:38] GPU 1: Epoch 72/100 | Discriminator Loss: 0.000000 | Generator Loss: 57.741982
[2024-01-28 17:05:53] GPU 1: Epoch 73/100 | Discriminator Loss: 0.000000 | Generator Loss: 58.014660
[2024-01-28 17:09:08] GPU 1: Epoch 74/100 | Discriminator Loss: 0.000000 | Generator Loss: 56.838028
[2024-01-28 17:12:23] GPU 1: Epoch 75/100 | Discriminator Loss: 0.000000 | Generator Loss: 58.496719
[2024-01-28 17:15:38] GPU 1: Epoch 76/100 | Discriminator Loss: 0.000000 | Generator Loss: 55.597466
[2024-01-28 17:18:53] GPU 1: Epoch 77/100 | Discriminator Loss: 0.000000 | Generator Loss: 56.815506
[2024-01-28 17:22:08] GPU 1: Epoch 78/100 | Discriminator Loss: 0.000000 | Generator Loss: 57.607109
[2024-01-28 17:25:23] GPU 1: Epoch 79/100 | Discriminator Loss: 0.000000 | Generator Loss: 58.226189
[2024-01-28 17:28:38] GPU 1: Epoch 80/100 | Discriminator Loss: 0.000000 | Generator Loss: 57.280304
[2024-01-28 17:31:54] GPU 1: Epoch 81/100 | Discriminator Loss: 0.000000 | Generator Loss: 56.483089
[2024-01-28 17:35:09] GPU 1: Epoch 82/100 | Discriminator Loss: 0.000000 | Generator Loss: 57.287354
[2024-01-28 17:38:25] GPU 1: Epoch 83/100 | Discriminator Loss: 0.000000 | Generator Loss: 55.174889
[2024-01-28 17:41:40] GPU 1: Epoch 84/100 | Discriminator Loss: 0.000000 | Generator Loss: 57.387932
[2024-01-28 17:44:55] GPU 1: Epoch 85/100 | Discriminator Loss: 0.000000 | Generator Loss: 55.774017
[2024-01-28 17:48:10] GPU 1: Epoch 86/100 | Discriminator Loss: 0.000000 | Generator Loss: 56.177353
[2024-01-28 17:51:25] GPU 1: Epoch 87/100 | Discriminator Loss: 0.000000 | Generator Loss: 57.537590
[2024-01-28 17:54:39] GPU 1: Epoch 88/100 | Discriminator Loss: 0.000000 | Generator Loss: 56.251129
[2024-01-28 17:57:54] GPU 1: Epoch 89/100 | Discriminator Loss: 0.000000 | Generator Loss: 55.512066
[2024-01-28 18:01:10] GPU 1: Epoch 90/100 | Discriminator Loss: 0.000000 | Generator Loss: 54.693035
[2024-01-28 18:04:26] GPU 1: Epoch 91/100 | Discriminator Loss: 0.000000 | Generator Loss: 56.575348
[2024-01-28 18:07:41] GPU 1: Epoch 92/100 | Discriminator Loss: 0.000000 | Generator Loss: 55.238823
[2024-01-28 18:10:56] GPU 1: Epoch 93/100 | Discriminator Loss: 0.000000 | Generator Loss: 54.612041
[2024-01-28 18:14:11] GPU 1: Epoch 94/100 | Discriminator Loss: 0.000000 | Generator Loss: 54.867474
[2024-01-28 18:17:26] GPU 1: Epoch 95/100 | Discriminator Loss: 0.000000 | Generator Loss: 56.489315
[2024-01-28 18:20:41] GPU 1: Epoch 96/100 | Discriminator Loss: 0.000000 | Generator Loss: 53.579163
[2024-01-28 18:23:57] GPU 1: Epoch 97/100 | Discriminator Loss: 0.000000 | Generator Loss: 55.729748
[2024-01-28 18:27:12] GPU 1: Epoch 98/100 | Discriminator Loss: 0.000000 | Generator Loss: 55.388145
[2024-01-28 18:30:28] GPU 1: Epoch 99/100 | Discriminator Loss: 0.000000 | Generator Loss: 56.727337
[2024-01-28 13:02:28] Setting up 0 of 2
[2024-01-28 13:02:28] Initialized main on device: cuda:0 with rank 0
[2024-01-28 13:02:36] Loaded model ml_lb on rank 0 in local epoch 0 | best_loss_g: inf | best_loss_d_closest_to_half: inf | best_loss_d: inf 
[2024-01-28 13:02:38] Saved new best_loss_g checkpoint ml_lb_best_loss_g.pth.tar
[2024-01-28 13:02:38] Saved Epoch 0/100 | Discriminator Loss: 1.231381 | Generator Loss: 5.728399
[2024-01-28 13:02:39] Saved new best_loss_d checkpoint ml_lb_best_loss_d.pth.tar
[2024-01-28 13:02:39] Saved Epoch 0/100 | Discriminator Loss: 1.231381 | Generator Loss: 5.728399
[2024-01-28 13:02:40] Saved new best_loss_d_closest_to_half checkpoint ml_lb_best_loss_d_closest_to_half.pth.tar
[2024-01-28 13:02:40] Saved Epoch 0/100 | Discriminator Loss: 1.231381 | Generator Loss: 5.728399
[2024-01-28 13:02:41] Saved new best_loss_d checkpoint ml_lb_best_loss_d.pth.tar
[2024-01-28 13:02:41] Saved Epoch 0/100 | Discriminator Loss: 0.099422 | Generator Loss: 5.867049
[2024-01-28 13:02:42] Saved new best_loss_d_closest_to_half checkpoint ml_lb_best_loss_d_closest_to_half.pth.tar
[2024-01-28 13:02:43] Saved Epoch 0/100 | Discriminator Loss: 0.099422 | Generator Loss: 5.867049
[2024-01-28 13:02:45] Saved new best_loss_d checkpoint ml_lb_best_loss_d.pth.tar
[2024-01-28 13:02:45] Saved Epoch 0/100 | Discriminator Loss: 0.031624 | Generator Loss: 5.922943
[2024-01-28 13:02:46] Saved new best_loss_d checkpoint ml_lb_best_loss_d.pth.tar
[2024-01-28 13:02:46] Saved Epoch 0/100 | Discriminator Loss: 0.016707 | Generator Loss: 5.811678
[2024-01-28 13:02:50] Saved new best_loss_d checkpoint ml_lb_best_loss_d.pth.tar
[2024-01-28 13:02:50] Saved Epoch 0/100 | Discriminator Loss: 0.014268 | Generator Loss: 6.712850
[2024-01-28 13:02:54] Saved new best_loss_d checkpoint ml_lb_best_loss_d.pth.tar
[2024-01-28 13:02:54] Saved Epoch 0/100 | Discriminator Loss: 0.008097 | Generator Loss: 8.262458
[2024-01-28 13:02:58] Saved new best_loss_d_closest_to_half checkpoint ml_lb_best_loss_d_closest_to_half.pth.tar
[2024-01-28 13:02:58] Saved Epoch 0/100 | Discriminator Loss: 0.225773 | Generator Loss: 6.645061
[2024-01-28 13:03:00] Saved new best_loss_d checkpoint ml_lb_best_loss_d.pth.tar
[2024-01-28 13:03:00] Saved Epoch 0/100 | Discriminator Loss: 0.001279 | Generator Loss: 9.781590
[2024-01-28 13:03:07] Saved new best_loss_d checkpoint ml_lb_best_loss_d.pth.tar
[2024-01-28 13:03:07] Saved Epoch 0/100 | Discriminator Loss: 0.001124 | Generator Loss: 10.319766
[2024-01-28 13:03:09] Saved new best_loss_d checkpoint ml_lb_best_loss_d.pth.tar
[2024-01-28 13:03:09] Saved Epoch 0/100 | Discriminator Loss: 0.000586 | Generator Loss: 9.546133
[2024-01-28 13:03:15] Saved new best_loss_d_closest_to_half checkpoint ml_lb_best_loss_d_closest_to_half.pth.tar
[2024-01-28 13:03:15] Saved Epoch 0/100 | Discriminator Loss: 0.507346 | Generator Loss: 18.417488
[2024-01-28 13:03:17] Saved new best_loss_d checkpoint ml_lb_best_loss_d.pth.tar
[2024-01-28 13:03:17] Saved Epoch 0/100 | Discriminator Loss: 0.000001 | Generator Loss: 18.434828
[2024-01-28 13:03:19] Saved new best_loss_d checkpoint ml_lb_best_loss_d.pth.tar
[2024-01-28 13:03:19] Saved Epoch 0/100 | Discriminator Loss: 0.000001 | Generator Loss: 17.841908
[2024-01-28 13:03:21] Saved new best_loss_d checkpoint ml_lb_best_loss_d.pth.tar
[2024-01-28 13:03:21] Saved Epoch 0/100 | Discriminator Loss: 0.000000 | Generator Loss: 17.835117
[2024-01-28 13:03:43] Saved new best_loss_g checkpoint ml_lb_best_loss_g.pth.tar
[2024-01-28 13:03:43] Saved Epoch 0/100 | Discriminator Loss: 0.021649 | Generator Loss: 5.334621
[2024-01-28 13:03:51] Saved new best_loss_g checkpoint ml_lb_best_loss_g.pth.tar
[2024-01-28 13:03:51] Saved Epoch 0/100 | Discriminator Loss: 0.054903 | Generator Loss: 3.685813
[2024-01-28 13:04:14] Saved new best_loss_g checkpoint ml_lb_best_loss_g.pth.tar
[2024-01-28 13:04:14] Saved Epoch 0/100 | Discriminator Loss: 2.058560 | Generator Loss: 3.595288
[2024-01-28 13:04:26] Saved new best_loss_g checkpoint ml_lb_best_loss_g.pth.tar
[2024-01-28 13:04:26] Saved Epoch 0/100 | Discriminator Loss: 0.427142 | Generator Loss: 3.149825
[2024-01-28 13:04:51] Saved new best_loss_g checkpoint ml_lb_best_loss_g.pth.tar
[2024-01-28 13:04:51] Saved Epoch 0/100 | Discriminator Loss: 0.585590 | Generator Loss: 1.457259
[2024-01-28 13:05:25] Saved new best_loss_g checkpoint ml_lb_best_loss_g.pth.tar
[2024-01-28 13:05:25] Saved Epoch 0/100 | Discriminator Loss: 0.238247 | Generator Loss: 0.185416
[2024-01-28 13:06:01] Saved new best_loss_d_closest_to_half checkpoint ml_lb_best_loss_d_closest_to_half.pth.tar
[2024-01-28 13:06:01] Saved Epoch 0/100 | Discriminator Loss: 0.497767 | Generator Loss: 1.742143
[2024-01-28 13:06:47] GPU 0: Epoch 0/100 | Discriminator Loss: 0.075805 | Generator Loss: 3.895456
[2024-01-28 13:10:07] GPU 0: Epoch 1/100 | Discriminator Loss: 0.117300 | Generator Loss: 3.780753
[2024-01-28 13:11:35] Saved new best_loss_d_closest_to_half checkpoint ml_lb_best_loss_d_closest_to_half.pth.tar
[2024-01-28 13:11:35] Saved Epoch 2/100 | Discriminator Loss: 0.500509 | Generator Loss: 9.382342
[2024-01-28 13:12:25] Saved new best_loss_d_closest_to_half checkpoint ml_lb_best_loss_d_closest_to_half.pth.tar
[2024-01-28 13:12:25] Saved Epoch 2/100 | Discriminator Loss: 0.499559 | Generator Loss: 8.936893
[2024-01-28 13:13:27] GPU 0: Epoch 2/100 | Discriminator Loss: 0.660642 | Generator Loss: 6.615109
[2024-01-28 13:16:45] GPU 0: Epoch 3/100 | Discriminator Loss: 0.089228 | Generator Loss: 6.043728
[2024-01-28 13:17:10] Saved new best_loss_g checkpoint ml_lb_best_loss_g.pth.tar
[2024-01-28 13:17:10] Saved Epoch 4/100 | Discriminator Loss: 0.671339 | Generator Loss: 0.177953
[2024-01-28 13:20:04] GPU 0: Epoch 4/100 | Discriminator Loss: 0.050601 | Generator Loss: 5.295396
[2024-01-28 13:21:28] Saved new best_loss_g checkpoint ml_lb_best_loss_g.pth.tar
[2024-01-28 13:21:28] Saved Epoch 5/100 | Discriminator Loss: 1.172763 | Generator Loss: 0.133749
[2024-01-28 13:23:23] GPU 0: Epoch 5/100 | Discriminator Loss: 0.062160 | Generator Loss: 4.620858
[2024-01-28 13:26:40] GPU 0: Epoch 6/100 | Discriminator Loss: 0.046813 | Generator Loss: 4.290770
[2024-01-28 13:29:58] GPU 0: Epoch 7/100 | Discriminator Loss: 0.085803 | Generator Loss: 4.501215
[2024-01-28 13:33:16] GPU 0: Epoch 8/100 | Discriminator Loss: 0.030626 | Generator Loss: 5.132615
[2024-01-28 13:36:34] GPU 0: Epoch 9/100 | Discriminator Loss: 0.027911 | Generator Loss: 4.831957
[2024-01-28 13:39:53] Saved latest checkpoint ml_lb_latest.pth.tar
[2024-01-28 13:39:53] Saved Epoch 10/100 | Discriminator Loss: 0.087470 | Generator Loss: 6.744993
[2024-01-28 13:43:12] GPU 0: Epoch 11/100 | Discriminator Loss: 0.007688 | Generator Loss: 6.181829
[2024-01-28 13:46:30] GPU 0: Epoch 12/100 | Discriminator Loss: 0.117247 | Generator Loss: 7.763949
[2024-01-28 13:49:48] GPU 0: Epoch 13/100 | Discriminator Loss: 0.015696 | Generator Loss: 6.830766
[2024-01-28 13:50:12] Saved new best_loss_g checkpoint ml_lb_best_loss_g.pth.tar
[2024-01-28 13:50:12] Saved Epoch 14/100 | Discriminator Loss: 0.681941 | Generator Loss: 0.015801
[2024-01-28 13:53:07] GPU 0: Epoch 14/100 | Discriminator Loss: 0.004068 | Generator Loss: 6.970336
[2024-01-28 13:56:25] GPU 0: Epoch 15/100 | Discriminator Loss: 0.004390 | Generator Loss: 6.756457
[2024-01-28 13:59:44] GPU 0: Epoch 16/100 | Discriminator Loss: 0.007076 | Generator Loss: 5.434281
[2024-01-28 14:03:02] GPU 0: Epoch 17/100 | Discriminator Loss: 0.038489 | Generator Loss: 5.508256
[2024-01-28 14:06:20] GPU 0: Epoch 18/100 | Discriminator Loss: 0.040183 | Generator Loss: 8.972954
[2024-01-28 14:09:38] GPU 0: Epoch 19/100 | Discriminator Loss: 0.006881 | Generator Loss: 6.271137
[2024-01-28 14:12:57] Saved latest checkpoint ml_lb_latest.pth.tar
[2024-01-28 14:12:57] Saved Epoch 20/100 | Discriminator Loss: 0.011284 | Generator Loss: 6.134060
[2024-01-28 14:16:15] GPU 0: Epoch 21/100 | Discriminator Loss: 0.003488 | Generator Loss: 6.845130
[2024-01-28 14:19:33] GPU 0: Epoch 22/100 | Discriminator Loss: 0.009531 | Generator Loss: 6.756640
[2024-01-28 14:22:50] GPU 0: Epoch 23/100 | Discriminator Loss: 0.006401 | Generator Loss: 6.607537
[2024-01-28 14:26:08] GPU 0: Epoch 24/100 | Discriminator Loss: 0.009103 | Generator Loss: 5.543796
[2024-01-28 14:29:25] GPU 0: Epoch 25/100 | Discriminator Loss: 0.002889 | Generator Loss: 7.705132
[2024-01-28 14:32:40] GPU 0: Epoch 26/100 | Discriminator Loss: 0.000907 | Generator Loss: 7.775205
[2024-01-28 14:35:55] Saved new best_loss_d checkpoint ml_lb_best_loss_d.pth.tar
[2024-01-28 14:35:55] Saved Epoch 27/100 | Discriminator Loss: 0.000000 | Generator Loss: 24.279524
[2024-01-28 14:35:57] GPU 0: Epoch 27/100 | Discriminator Loss: 0.000001 | Generator Loss: 16.434368
[2024-01-28 14:39:13] GPU 0: Epoch 28/100 | Discriminator Loss: 0.003443 | Generator Loss: 6.918773
[2024-01-28 14:42:28] GPU 0: Epoch 29/100 | Discriminator Loss: 0.002780 | Generator Loss: 7.209108
[2024-01-28 14:45:26] Saved new best_loss_d checkpoint ml_lb_best_loss_d.pth.tar
[2024-01-28 14:45:26] Saved Epoch 30/100 | Discriminator Loss: 0.000000 | Generator Loss: 16.330227
[2024-01-28 14:45:45] Saved latest checkpoint ml_lb_latest.pth.tar
[2024-01-28 14:45:45] Saved Epoch 30/100 | Discriminator Loss: 0.001190 | Generator Loss: 7.986482
[2024-01-28 14:49:00] GPU 0: Epoch 31/100 | Discriminator Loss: 0.003285 | Generator Loss: 6.516822
[2024-01-28 14:52:16] GPU 0: Epoch 32/100 | Discriminator Loss: 0.001688 | Generator Loss: 9.707157
[2024-01-28 14:55:31] GPU 0: Epoch 33/100 | Discriminator Loss: 0.003590 | Generator Loss: 6.614066
[2024-01-28 14:58:48] GPU 0: Epoch 34/100 | Discriminator Loss: 0.001099 | Generator Loss: 8.478214
[2024-01-28 15:02:03] GPU 0: Epoch 35/100 | Discriminator Loss: 0.001445 | Generator Loss: 7.720425
[2024-01-28 15:05:19] GPU 0: Epoch 36/100 | Discriminator Loss: 0.008267 | Generator Loss: 6.941546
[2024-01-28 15:06:28] Saved new best_loss_d checkpoint ml_lb_best_loss_d.pth.tar
[2024-01-28 15:06:29] Saved Epoch 37/100 | Discriminator Loss: 0.000000 | Generator Loss: 24.782578
[2024-01-28 15:08:36] GPU 0: Epoch 37/100 | Discriminator Loss: 0.002330 | Generator Loss: 6.734909
[2024-01-28 15:11:51] GPU 0: Epoch 38/100 | Discriminator Loss: 0.000898 | Generator Loss: 7.397695
[2024-01-28 15:15:07] GPU 0: Epoch 39/100 | Discriminator Loss: 0.000086 | Generator Loss: 12.147212
[2024-01-28 15:18:23] Saved latest checkpoint ml_lb_latest.pth.tar
[2024-01-28 15:18:23] Saved Epoch 40/100 | Discriminator Loss: 1.304205 | Generator Loss: 41.793987
[2024-01-28 15:21:38] GPU 0: Epoch 41/100 | Discriminator Loss: 0.010889 | Generator Loss: 7.237869
[2024-01-28 15:23:12] Saved new best_loss_d checkpoint ml_lb_best_loss_d.pth.tar
[2024-01-28 15:23:12] Saved Epoch 42/100 | Discriminator Loss: 0.000000 | Generator Loss: 21.800182
[2024-01-28 15:24:55] GPU 0: Epoch 42/100 | Discriminator Loss: 0.003349 | Generator Loss: 8.837479
[2024-01-28 15:28:10] GPU 0: Epoch 43/100 | Discriminator Loss: 0.000235 | Generator Loss: 8.992529
[2024-01-28 15:31:25] GPU 0: Epoch 44/100 | Discriminator Loss: 0.003742 | Generator Loss: 5.966088
[2024-01-28 15:34:41] GPU 0: Epoch 45/100 | Discriminator Loss: 0.001041 | Generator Loss: 7.747491
[2024-01-28 15:37:57] GPU 0: Epoch 46/100 | Discriminator Loss: 0.000000 | Generator Loss: 60.706463
[2024-01-28 15:41:12] GPU 0: Epoch 47/100 | Discriminator Loss: 0.000000 | Generator Loss: 58.614616
[2024-01-28 15:44:28] GPU 0: Epoch 48/100 | Discriminator Loss: 0.000000 | Generator Loss: 58.816284
[2024-01-28 15:47:43] GPU 0: Epoch 49/100 | Discriminator Loss: 0.000000 | Generator Loss: 60.240429
[2024-01-28 15:50:59] Saved latest checkpoint ml_lb_latest.pth.tar
[2024-01-28 15:50:59] Saved Epoch 50/100 | Discriminator Loss: 0.000000 | Generator Loss: 59.403851
[2024-01-28 15:54:15] GPU 0: Epoch 51/100 | Discriminator Loss: 0.000000 | Generator Loss: 60.376282
[2024-01-28 15:57:30] GPU 0: Epoch 52/100 | Discriminator Loss: 0.000000 | Generator Loss: 58.514977
[2024-01-28 16:00:45] GPU 0: Epoch 53/100 | Discriminator Loss: 0.000000 | Generator Loss: 59.385071
[2024-01-28 16:04:00] GPU 0: Epoch 54/100 | Discriminator Loss: 0.000000 | Generator Loss: 57.464138
[2024-01-28 16:07:15] GPU 0: Epoch 55/100 | Discriminator Loss: 0.000000 | Generator Loss: 59.800026
[2024-01-28 16:10:30] GPU 0: Epoch 56/100 | Discriminator Loss: 0.000000 | Generator Loss: 58.101631
[2024-01-28 16:13:46] GPU 0: Epoch 57/100 | Discriminator Loss: 0.000000 | Generator Loss: 58.873772
[2024-01-28 16:17:01] GPU 0: Epoch 58/100 | Discriminator Loss: 0.000000 | Generator Loss: 58.948601
[2024-01-28 16:20:16] GPU 0: Epoch 59/100 | Discriminator Loss: 0.000000 | Generator Loss: 59.566723
[2024-01-28 16:23:33] Saved latest checkpoint ml_lb_latest.pth.tar
[2024-01-28 16:23:33] Saved Epoch 60/100 | Discriminator Loss: 0.000000 | Generator Loss: 59.481045
[2024-01-28 16:26:48] GPU 0: Epoch 61/100 | Discriminator Loss: 0.000000 | Generator Loss: 58.959755
[2024-01-28 16:30:03] GPU 0: Epoch 62/100 | Discriminator Loss: 0.000000 | Generator Loss: 58.882103
[2024-01-28 16:33:19] GPU 0: Epoch 63/100 | Discriminator Loss: 0.000000 | Generator Loss: 58.120068
[2024-01-28 16:36:35] GPU 0: Epoch 64/100 | Discriminator Loss: 0.000000 | Generator Loss: 58.349190
[2024-01-28 16:39:50] GPU 0: Epoch 65/100 | Discriminator Loss: 0.000000 | Generator Loss: 57.447815
[2024-01-28 16:43:06] GPU 0: Epoch 66/100 | Discriminator Loss: 0.000000 | Generator Loss: 59.325176
[2024-01-28 16:46:21] GPU 0: Epoch 67/100 | Discriminator Loss: 0.000000 | Generator Loss: 59.134384
[2024-01-28 16:49:36] GPU 0: Epoch 68/100 | Discriminator Loss: 0.000000 | Generator Loss: 57.104881
[2024-01-28 16:52:51] GPU 0: Epoch 69/100 | Discriminator Loss: 0.000000 | Generator Loss: 57.866135
[2024-01-28 16:56:07] Saved latest checkpoint ml_lb_latest.pth.tar
[2024-01-28 16:56:07] Saved Epoch 70/100 | Discriminator Loss: 0.000000 | Generator Loss: 56.368362
[2024-01-28 16:59:23] GPU 0: Epoch 71/100 | Discriminator Loss: 0.000000 | Generator Loss: 57.497566
[2024-01-28 17:02:38] GPU 0: Epoch 72/100 | Discriminator Loss: 0.000000 | Generator Loss: 57.712410
[2024-01-28 17:05:53] GPU 0: Epoch 73/100 | Discriminator Loss: 0.000000 | Generator Loss: 59.076958
[2024-01-28 17:09:08] GPU 0: Epoch 74/100 | Discriminator Loss: 0.000000 | Generator Loss: 56.181061
[2024-01-28 17:12:23] GPU 0: Epoch 75/100 | Discriminator Loss: 0.000000 | Generator Loss: 58.597961
[2024-01-28 17:15:38] GPU 0: Epoch 76/100 | Discriminator Loss: 0.000000 | Generator Loss: 55.494965
[2024-01-28 17:18:53] GPU 0: Epoch 77/100 | Discriminator Loss: 0.000000 | Generator Loss: 57.767815
[2024-01-28 17:22:08] GPU 0: Epoch 78/100 | Discriminator Loss: 0.000000 | Generator Loss: 58.117870
[2024-01-28 17:25:23] GPU 0: Epoch 79/100 | Discriminator Loss: 0.000000 | Generator Loss: 56.862206
[2024-01-28 17:28:39] Saved latest checkpoint ml_lb_latest.pth.tar
[2024-01-28 17:28:39] Saved Epoch 80/100 | Discriminator Loss: 0.000000 | Generator Loss: 56.568127
[2024-01-28 17:31:54] GPU 0: Epoch 81/100 | Discriminator Loss: 0.000000 | Generator Loss: 56.328461
[2024-01-28 17:35:09] GPU 0: Epoch 82/100 | Discriminator Loss: 0.000000 | Generator Loss: 55.917122
[2024-01-28 17:38:25] GPU 0: Epoch 83/100 | Discriminator Loss: 0.000000 | Generator Loss: 56.435024
[2024-01-28 17:41:40] GPU 0: Epoch 84/100 | Discriminator Loss: 0.000000 | Generator Loss: 57.529022
[2024-01-28 17:44:55] GPU 0: Epoch 85/100 | Discriminator Loss: 0.000000 | Generator Loss: 56.501537
[2024-01-28 17:48:10] GPU 0: Epoch 86/100 | Discriminator Loss: 0.000000 | Generator Loss: 56.543941
[2024-01-28 17:51:25] GPU 0: Epoch 87/100 | Discriminator Loss: 0.000000 | Generator Loss: 55.031185
[2024-01-28 17:54:39] GPU 0: Epoch 88/100 | Discriminator Loss: 0.000000 | Generator Loss: 54.245056
[2024-01-28 17:57:54] GPU 0: Epoch 89/100 | Discriminator Loss: 0.000000 | Generator Loss: 54.720978
[2024-01-28 18:01:11] Saved latest checkpoint ml_lb_latest.pth.tar
[2024-01-28 18:01:11] Saved Epoch 90/100 | Discriminator Loss: 0.000000 | Generator Loss: 54.451824
[2024-01-28 18:04:26] GPU 0: Epoch 91/100 | Discriminator Loss: 0.000000 | Generator Loss: 55.642467
[2024-01-28 18:07:41] GPU 0: Epoch 92/100 | Discriminator Loss: 0.000000 | Generator Loss: 53.680328
[2024-01-28 18:10:56] GPU 0: Epoch 93/100 | Discriminator Loss: 0.000000 | Generator Loss: 54.283886
[2024-01-28 18:14:11] GPU 0: Epoch 94/100 | Discriminator Loss: 0.000000 | Generator Loss: 55.801678
[2024-01-28 18:17:26] GPU 0: Epoch 95/100 | Discriminator Loss: 0.000000 | Generator Loss: 55.258942
[2024-01-28 18:20:41] GPU 0: Epoch 96/100 | Discriminator Loss: 0.000000 | Generator Loss: 55.253723
[2024-01-28 18:23:57] GPU 0: Epoch 97/100 | Discriminator Loss: 0.000000 | Generator Loss: 55.164116
[2024-01-28 18:27:12] GPU 0: Epoch 98/100 | Discriminator Loss: 0.000000 | Generator Loss: 55.486565
[2024-01-28 18:30:28] GPU 0: Epoch 99/100 | Discriminator Loss: 0.000000 | Generator Loss: 56.636047
[2024-01-28 18:30:28] Epoch 100/100 | Discriminator Loss: 0.000000 | Generator Loss: 56.636047
[2024-01-28 18:30:29] Saved checkpoint ml_lb_terminated.pth.tar.
