[2024-02-02 11:50:48] World size: 2
[2024-02-02 11:50:48] Found GPU 0: _CudaDeviceProperties(name='NVIDIA GeForce RTX 2080 Ti', major=7, minor=5, total_memory=11011MB, multi_processor_count=68)
[2024-02-02 11:50:48] Found GPU 1: _CudaDeviceProperties(name='NVIDIA GeForce RTX 2080 Ti', major=7, minor=5, total_memory=11011MB, multi_processor_count=68)
[2024-02-02 11:50:49] Setting up 1 of 2
[2024-02-02 11:50:49] Initialized main on device: cuda:1 with rank 1
[2024-02-02 11:50:56] Loaded model hl_lb on rank 1 in local epoch 0 | best_loss_g: inf | best_loss_d_closest_to_half: inf | best_loss_d: inf 
[2024-02-02 12:12:38] GPU 1: Epoch 0/100 | Discriminator Loss: -51.921188 | Generator Loss: 21.456131
[2024-02-02 12:34:00] GPU 1: Epoch 1/100 | Discriminator Loss: -54.852875 | Generator Loss: -2.547593
[2024-02-02 12:55:22] GPU 1: Epoch 2/100 | Discriminator Loss: -54.178062 | Generator Loss: -6.048152
[2024-02-02 13:16:45] GPU 1: Epoch 3/100 | Discriminator Loss: -51.363194 | Generator Loss: -5.891943
[2024-02-02 13:38:04] GPU 1: Epoch 4/100 | Discriminator Loss: -50.025761 | Generator Loss: -19.702805
[2024-02-02 13:59:24] GPU 1: Epoch 5/100 | Discriminator Loss: -44.180687 | Generator Loss: -6.592991
[2024-02-02 14:20:43] GPU 1: Epoch 6/100 | Discriminator Loss: -51.116508 | Generator Loss: -2.478744
[2024-02-02 14:42:02] GPU 1: Epoch 7/100 | Discriminator Loss: -40.597267 | Generator Loss: -2.419876
[2024-02-02 15:03:22] GPU 1: Epoch 8/100 | Discriminator Loss: -42.946152 | Generator Loss: 1.199334
[2024-02-02 15:24:42] GPU 1: Epoch 9/100 | Discriminator Loss: -41.926910 | Generator Loss: 0.694005
[2024-02-02 15:46:02] GPU 1: Epoch 10/100 | Discriminator Loss: -37.127876 | Generator Loss: -12.609570
[2024-02-02 16:07:25] GPU 1: Epoch 11/100 | Discriminator Loss: -37.277199 | Generator Loss: -16.469099
[2024-02-02 16:28:44] GPU 1: Epoch 12/100 | Discriminator Loss: -41.148891 | Generator Loss: -9.509684
[2024-02-02 16:50:05] GPU 1: Epoch 13/100 | Discriminator Loss: -36.967636 | Generator Loss: -8.354964
[2024-02-02 17:11:23] GPU 1: Epoch 14/100 | Discriminator Loss: -47.826080 | Generator Loss: -26.507086
[2024-02-02 17:32:43] GPU 1: Epoch 15/100 | Discriminator Loss: -44.686661 | Generator Loss: -13.217734
[2024-02-02 17:54:04] GPU 1: Epoch 16/100 | Discriminator Loss: -32.559593 | Generator Loss: -4.527508
[2024-02-02 18:15:24] GPU 1: Epoch 17/100 | Discriminator Loss: -33.467667 | Generator Loss: -6.095332
[2024-02-02 18:36:45] GPU 1: Epoch 18/100 | Discriminator Loss: -32.844810 | Generator Loss: -8.211967
[2024-02-02 18:58:07] GPU 1: Epoch 19/100 | Discriminator Loss: -24.875565 | Generator Loss: -14.396866
[2024-02-02 19:19:25] GPU 1: Epoch 20/100 | Discriminator Loss: -36.679932 | Generator Loss: -13.235580
[2024-02-02 19:40:46] GPU 1: Epoch 21/100 | Discriminator Loss: -23.480381 | Generator Loss: -12.926605
[2024-02-02 20:02:05] GPU 1: Epoch 22/100 | Discriminator Loss: -33.436092 | Generator Loss: 1.011677
[2024-02-02 20:23:26] GPU 1: Epoch 23/100 | Discriminator Loss: -33.945023 | Generator Loss: 4.180933
[2024-02-02 20:44:46] GPU 1: Epoch 24/100 | Discriminator Loss: -34.665421 | Generator Loss: 1.575492
[2024-02-02 21:06:04] GPU 1: Epoch 25/100 | Discriminator Loss: -33.094280 | Generator Loss: -1.226166
[2024-02-02 21:27:24] GPU 1: Epoch 26/100 | Discriminator Loss: -28.652555 | Generator Loss: 2.057865
[2024-02-02 21:48:45] GPU 1: Epoch 27/100 | Discriminator Loss: -32.238815 | Generator Loss: 2.321664
[2024-02-02 22:10:02] GPU 1: Epoch 28/100 | Discriminator Loss: -34.957024 | Generator Loss: 4.960521
[2024-02-02 22:31:24] GPU 1: Epoch 29/100 | Discriminator Loss: -30.720766 | Generator Loss: 2.839533
[2024-02-02 22:52:44] GPU 1: Epoch 30/100 | Discriminator Loss: -28.870594 | Generator Loss: -1.186419
[2024-02-02 23:14:06] GPU 1: Epoch 31/100 | Discriminator Loss: -24.987289 | Generator Loss: 5.174673
[2024-02-02 23:35:25] GPU 1: Epoch 32/100 | Discriminator Loss: -35.095066 | Generator Loss: 0.373255
[2024-02-02 23:56:46] GPU 1: Epoch 33/100 | Discriminator Loss: -28.759224 | Generator Loss: 3.175122
[2024-02-03 00:18:06] GPU 1: Epoch 34/100 | Discriminator Loss: -32.207249 | Generator Loss: 3.653635
[2024-02-03 00:39:24] GPU 1: Epoch 35/100 | Discriminator Loss: -31.439770 | Generator Loss: -5.498903
[2024-02-03 01:00:44] GPU 1: Epoch 36/100 | Discriminator Loss: -39.029140 | Generator Loss: -4.095043
[2024-02-03 01:22:04] GPU 1: Epoch 37/100 | Discriminator Loss: -28.173004 | Generator Loss: 11.925091
[2024-02-03 01:43:24] GPU 1: Epoch 38/100 | Discriminator Loss: -31.925838 | Generator Loss: 4.464898
[2024-02-03 02:04:42] GPU 1: Epoch 39/100 | Discriminator Loss: -27.063766 | Generator Loss: 6.917882
[2024-02-03 02:26:04] GPU 1: Epoch 40/100 | Discriminator Loss: -32.396931 | Generator Loss: -8.479245
[2024-02-03 02:47:23] GPU 1: Epoch 41/100 | Discriminator Loss: -29.086390 | Generator Loss: -4.391253
[2024-02-03 03:08:43] GPU 1: Epoch 42/100 | Discriminator Loss: -25.782776 | Generator Loss: 0.461708
[2024-02-03 03:30:01] GPU 1: Epoch 43/100 | Discriminator Loss: -29.381918 | Generator Loss: -0.650578
[2024-02-03 03:51:23] GPU 1: Epoch 44/100 | Discriminator Loss: -30.504446 | Generator Loss: 10.781040
[2024-02-03 04:12:43] GPU 1: Epoch 45/100 | Discriminator Loss: -23.718018 | Generator Loss: -7.260787
[2024-02-03 04:34:05] GPU 1: Epoch 46/100 | Discriminator Loss: -29.849464 | Generator Loss: 13.032888
[2024-02-03 04:55:26] GPU 1: Epoch 47/100 | Discriminator Loss: -27.026249 | Generator Loss: 4.327382
[2024-02-03 05:16:45] GPU 1: Epoch 48/100 | Discriminator Loss: -26.901171 | Generator Loss: 2.592135
[2024-02-03 05:38:05] GPU 1: Epoch 49/100 | Discriminator Loss: -26.264463 | Generator Loss: 3.092646
[2024-02-03 05:59:26] GPU 1: Epoch 50/100 | Discriminator Loss: -29.112574 | Generator Loss: -2.158182
[2024-02-03 06:20:49] GPU 1: Epoch 51/100 | Discriminator Loss: -26.689497 | Generator Loss: 4.403084
[2024-02-03 06:42:10] GPU 1: Epoch 52/100 | Discriminator Loss: -29.685379 | Generator Loss: 1.397889
[2024-02-03 07:03:30] GPU 1: Epoch 53/100 | Discriminator Loss: -30.914059 | Generator Loss: 2.202374
[2024-02-03 07:24:51] GPU 1: Epoch 54/100 | Discriminator Loss: -29.465189 | Generator Loss: -8.002368
[2024-02-03 07:46:13] GPU 1: Epoch 55/100 | Discriminator Loss: -27.768137 | Generator Loss: 1.252384
[2024-02-03 08:07:35] GPU 1: Epoch 56/100 | Discriminator Loss: -26.392921 | Generator Loss: 1.141294
[2024-02-03 08:28:48] GPU 1: Epoch 57/100 | Discriminator Loss: -31.277063 | Generator Loss: -6.390348
[2024-02-03 08:49:19] GPU 1: Epoch 58/100 | Discriminator Loss: -31.684244 | Generator Loss: 0.049325
[2024-02-03 09:09:48] GPU 1: Epoch 59/100 | Discriminator Loss: -31.411011 | Generator Loss: -13.387195
[2024-02-03 09:30:16] GPU 1: Epoch 60/100 | Discriminator Loss: -28.978340 | Generator Loss: 4.559023
[2024-02-03 09:50:50] GPU 1: Epoch 61/100 | Discriminator Loss: -29.512196 | Generator Loss: 3.816701
[2024-02-03 10:11:21] GPU 1: Epoch 62/100 | Discriminator Loss: -27.083321 | Generator Loss: 3.641841
[2024-02-03 10:31:53] GPU 1: Epoch 63/100 | Discriminator Loss: -33.544743 | Generator Loss: 5.709361
[2024-02-03 10:52:22] GPU 1: Epoch 64/100 | Discriminator Loss: -27.657993 | Generator Loss: 6.584739
[2024-02-03 11:12:53] GPU 1: Epoch 65/100 | Discriminator Loss: -33.359936 | Generator Loss: -0.431925
[2024-02-03 11:33:25] GPU 1: Epoch 66/100 | Discriminator Loss: -26.123295 | Generator Loss: -1.271497
[2024-02-03 11:53:56] GPU 1: Epoch 67/100 | Discriminator Loss: -20.762827 | Generator Loss: 3.638324
[2024-02-03 12:14:23] GPU 1: Epoch 68/100 | Discriminator Loss: -28.251640 | Generator Loss: -5.331524
[2024-02-03 12:34:54] GPU 1: Epoch 69/100 | Discriminator Loss: -28.763714 | Generator Loss: -2.523044
[2024-02-03 12:55:23] GPU 1: Epoch 70/100 | Discriminator Loss: -24.211300 | Generator Loss: -1.416663
[2024-02-03 13:16:08] GPU 1: Epoch 71/100 | Discriminator Loss: -32.332150 | Generator Loss: -8.432100
[2024-02-03 13:37:28] GPU 1: Epoch 72/100 | Discriminator Loss: -27.566757 | Generator Loss: -1.437161
[2024-02-03 13:58:49] GPU 1: Epoch 73/100 | Discriminator Loss: -26.747871 | Generator Loss: 2.229886
[2024-02-03 14:20:10] GPU 1: Epoch 74/100 | Discriminator Loss: -29.884691 | Generator Loss: -6.251773
[2024-02-03 14:41:32] GPU 1: Epoch 75/100 | Discriminator Loss: -27.404921 | Generator Loss: -1.863964
[2024-02-03 15:02:50] GPU 1: Epoch 76/100 | Discriminator Loss: -32.692089 | Generator Loss: -6.422138
[2024-02-03 15:24:12] GPU 1: Epoch 77/100 | Discriminator Loss: -24.837502 | Generator Loss: 3.657084
[2024-02-03 15:45:35] GPU 1: Epoch 78/100 | Discriminator Loss: -30.577536 | Generator Loss: -4.672026
[2024-02-03 16:06:55] GPU 1: Epoch 79/100 | Discriminator Loss: -30.758472 | Generator Loss: -3.385118
[2024-02-03 16:28:16] GPU 1: Epoch 80/100 | Discriminator Loss: -25.393837 | Generator Loss: 0.639017
[2024-02-03 16:49:39] GPU 1: Epoch 81/100 | Discriminator Loss: -28.306526 | Generator Loss: -0.908699
[2024-02-03 17:10:59] GPU 1: Epoch 82/100 | Discriminator Loss: -25.417757 | Generator Loss: -0.987863
[2024-02-03 17:32:19] GPU 1: Epoch 83/100 | Discriminator Loss: -21.012032 | Generator Loss: 0.314082
[2024-02-03 17:53:39] GPU 1: Epoch 84/100 | Discriminator Loss: -30.497147 | Generator Loss: -3.977581
[2024-02-03 18:15:00] GPU 1: Epoch 85/100 | Discriminator Loss: -25.923967 | Generator Loss: -3.885211
[2024-02-03 18:36:23] GPU 1: Epoch 86/100 | Discriminator Loss: -24.331211 | Generator Loss: -0.853269
[2024-02-03 18:57:45] GPU 1: Epoch 87/100 | Discriminator Loss: -25.518206 | Generator Loss: -7.001214
[2024-02-03 19:19:08] GPU 1: Epoch 88/100 | Discriminator Loss: -31.126554 | Generator Loss: -3.547985
[2024-02-03 19:40:28] GPU 1: Epoch 89/100 | Discriminator Loss: -34.104733 | Generator Loss: -9.560698
[2024-02-03 20:01:51] GPU 1: Epoch 90/100 | Discriminator Loss: -29.273329 | Generator Loss: -2.048965
[2024-02-03 20:23:14] GPU 1: Epoch 91/100 | Discriminator Loss: -31.814011 | Generator Loss: -4.227553
[2024-02-03 20:44:37] GPU 1: Epoch 92/100 | Discriminator Loss: -29.095707 | Generator Loss: -4.734038
[2024-02-03 21:05:58] GPU 1: Epoch 93/100 | Discriminator Loss: -21.697191 | Generator Loss: -4.176220
[2024-02-03 21:27:20] GPU 1: Epoch 94/100 | Discriminator Loss: -24.527916 | Generator Loss: -1.793067
[2024-02-03 21:48:43] GPU 1: Epoch 95/100 | Discriminator Loss: -27.695751 | Generator Loss: -6.039393
[2024-02-03 22:10:04] GPU 1: Epoch 96/100 | Discriminator Loss: -23.592152 | Generator Loss: -5.218928
[2024-02-03 22:31:26] GPU 1: Epoch 97/100 | Discriminator Loss: -27.255047 | Generator Loss: -3.517804
[2024-02-03 22:52:48] GPU 1: Epoch 98/100 | Discriminator Loss: -27.305374 | Generator Loss: -8.473423
[2024-02-03 23:14:10] GPU 1: Epoch 99/100 | Discriminator Loss: -27.075012 | Generator Loss: -5.669106
[2024-02-02 11:50:49] Setting up 0 of 2
[2024-02-02 11:50:49] Initialized main on device: cuda:0 with rank 0
[2024-02-02 11:50:56] Loaded model hl_lb on rank 0 in local epoch 0 | best_loss_g: inf | best_loss_d_closest_to_half: inf | best_loss_d: inf 
[2024-02-02 11:51:01] Saved new best_loss_g checkpoint hl_lb_best_loss_g.pth.tar
[2024-02-02 11:51:01] Saved Epoch 0/100 | Discriminator Loss: 1.354025 | Generator Loss: 0.525907
[2024-02-02 11:51:02] Saved new best_loss_d checkpoint hl_lb_best_loss_d.pth.tar
[2024-02-02 11:51:02] Saved Epoch 0/100 | Discriminator Loss: 1.354025 | Generator Loss: 0.525907
[2024-02-02 11:51:03] Saved new best_loss_d_closest_to_half checkpoint hl_lb_best_loss_d_closest_to_half.pth.tar
[2024-02-02 11:51:03] Saved Epoch 0/100 | Discriminator Loss: 1.354025 | Generator Loss: 0.525907
[2024-02-02 11:51:07] Saved new best_loss_d checkpoint hl_lb_best_loss_d.pth.tar
[2024-02-02 11:51:07] Saved Epoch 0/100 | Discriminator Loss: -202.795517 | Generator Loss: 16.110006
[2024-02-02 11:51:12] Saved new best_loss_d checkpoint hl_lb_best_loss_d.pth.tar
[2024-02-02 11:51:12] Saved Epoch 0/100 | Discriminator Loss: -715.141479 | Generator Loss: 45.459503
[2024-02-02 11:51:16] Saved new best_loss_d checkpoint hl_lb_best_loss_d.pth.tar
[2024-02-02 11:51:16] Saved Epoch 0/100 | Discriminator Loss: -820.205200 | Generator Loss: 47.206341
[2024-02-02 11:51:24] Saved new best_loss_g checkpoint hl_lb_best_loss_g.pth.tar
[2024-02-02 11:51:24] Saved Epoch 0/100 | Discriminator Loss: -782.701782 | Generator Loss: -38.835461
[2024-02-02 11:51:29] Saved new best_loss_g checkpoint hl_lb_best_loss_g.pth.tar
[2024-02-02 11:51:29] Saved Epoch 0/100 | Discriminator Loss: -765.742188 | Generator Loss: -73.634361
[2024-02-02 11:51:33] Saved new best_loss_g checkpoint hl_lb_best_loss_g.pth.tar
[2024-02-02 11:51:33] Saved Epoch 0/100 | Discriminator Loss: -747.147095 | Generator Loss: -97.309982
[2024-02-02 11:51:38] Saved new best_loss_g checkpoint hl_lb_best_loss_g.pth.tar
[2024-02-02 11:51:38] Saved Epoch 0/100 | Discriminator Loss: -740.119263 | Generator Loss: -130.025192
[2024-02-02 11:51:42] Saved new best_loss_g checkpoint hl_lb_best_loss_g.pth.tar
[2024-02-02 11:51:42] Saved Epoch 0/100 | Discriminator Loss: -660.473206 | Generator Loss: -164.364471
[2024-02-02 11:51:47] Saved new best_loss_g checkpoint hl_lb_best_loss_g.pth.tar
[2024-02-02 11:51:47] Saved Epoch 0/100 | Discriminator Loss: -646.300049 | Generator Loss: -210.979004
[2024-02-02 11:51:51] Saved new best_loss_g checkpoint hl_lb_best_loss_g.pth.tar
[2024-02-02 11:51:51] Saved Epoch 0/100 | Discriminator Loss: -621.567627 | Generator Loss: -267.193787
[2024-02-02 11:51:56] Saved new best_loss_g checkpoint hl_lb_best_loss_g.pth.tar
[2024-02-02 11:51:56] Saved Epoch 0/100 | Discriminator Loss: -579.638428 | Generator Loss: -302.222717
[2024-02-02 11:52:00] Saved new best_loss_g checkpoint hl_lb_best_loss_g.pth.tar
[2024-02-02 11:52:00] Saved Epoch 0/100 | Discriminator Loss: -491.128845 | Generator Loss: -355.249603
[2024-02-02 11:52:15] Saved new best_loss_g checkpoint hl_lb_best_loss_g.pth.tar
[2024-02-02 11:52:15] Saved Epoch 0/100 | Discriminator Loss: -272.262573 | Generator Loss: -440.488464
[2024-02-02 12:12:38] GPU 0: Epoch 0/100 | Discriminator Loss: -51.256287 | Generator Loss: 21.798401
[2024-02-02 12:34:00] GPU 0: Epoch 1/100 | Discriminator Loss: -49.607471 | Generator Loss: -2.604681
[2024-02-02 12:55:22] GPU 0: Epoch 2/100 | Discriminator Loss: -42.944580 | Generator Loss: -7.289780
[2024-02-02 13:16:45] GPU 0: Epoch 3/100 | Discriminator Loss: -48.540699 | Generator Loss: -6.723465
[2024-02-02 13:38:04] GPU 0: Epoch 4/100 | Discriminator Loss: -54.514717 | Generator Loss: -25.192938
[2024-02-02 13:59:24] GPU 0: Epoch 5/100 | Discriminator Loss: -43.798630 | Generator Loss: -9.973627
[2024-02-02 14:20:43] GPU 0: Epoch 6/100 | Discriminator Loss: -42.999924 | Generator Loss: -1.666859
[2024-02-02 14:42:02] GPU 0: Epoch 7/100 | Discriminator Loss: -42.330208 | Generator Loss: -2.064338
[2024-02-02 15:03:22] GPU 0: Epoch 8/100 | Discriminator Loss: -48.292442 | Generator Loss: 0.787435
[2024-02-02 15:24:42] GPU 0: Epoch 9/100 | Discriminator Loss: -43.062702 | Generator Loss: -0.725366
[2024-02-02 15:46:03] Saved latest checkpoint hl_lb_latest.pth.tar
[2024-02-02 15:46:03] Saved Epoch 10/100 | Discriminator Loss: -43.075127 | Generator Loss: -8.679283
[2024-02-02 16:07:25] GPU 0: Epoch 11/100 | Discriminator Loss: -45.176369 | Generator Loss: -17.052998
[2024-02-02 16:28:44] GPU 0: Epoch 12/100 | Discriminator Loss: -40.160370 | Generator Loss: -14.801753
[2024-02-02 16:50:05] GPU 0: Epoch 13/100 | Discriminator Loss: -41.601479 | Generator Loss: -8.206379
[2024-02-02 17:11:23] GPU 0: Epoch 14/100 | Discriminator Loss: -44.652443 | Generator Loss: -24.675383
[2024-02-02 17:32:43] GPU 0: Epoch 15/100 | Discriminator Loss: -41.339676 | Generator Loss: -17.823250
[2024-02-02 17:54:04] GPU 0: Epoch 16/100 | Discriminator Loss: -31.109877 | Generator Loss: -1.556368
[2024-02-02 18:15:24] GPU 0: Epoch 17/100 | Discriminator Loss: -36.919975 | Generator Loss: -11.488574
[2024-02-02 18:36:45] GPU 0: Epoch 18/100 | Discriminator Loss: -35.323895 | Generator Loss: -9.360220
[2024-02-02 18:58:07] GPU 0: Epoch 19/100 | Discriminator Loss: -37.339512 | Generator Loss: -13.234295
[2024-02-02 19:19:26] Saved latest checkpoint hl_lb_latest.pth.tar
[2024-02-02 19:19:26] Saved Epoch 20/100 | Discriminator Loss: -35.483017 | Generator Loss: -4.554540
[2024-02-02 19:40:46] GPU 0: Epoch 21/100 | Discriminator Loss: -34.532417 | Generator Loss: -7.930473
[2024-02-02 20:02:05] GPU 0: Epoch 22/100 | Discriminator Loss: -31.544022 | Generator Loss: 0.786125
[2024-02-02 20:23:26] GPU 0: Epoch 23/100 | Discriminator Loss: -27.348906 | Generator Loss: 5.707936
[2024-02-02 20:44:46] GPU 0: Epoch 24/100 | Discriminator Loss: -30.329300 | Generator Loss: -1.360877
[2024-02-02 21:06:04] GPU 0: Epoch 25/100 | Discriminator Loss: -19.727974 | Generator Loss: -1.377510
[2024-02-02 21:27:24] GPU 0: Epoch 26/100 | Discriminator Loss: -25.901234 | Generator Loss: -5.720631
[2024-02-02 21:48:45] GPU 0: Epoch 27/100 | Discriminator Loss: -33.942738 | Generator Loss: -1.994757
[2024-02-02 22:10:02] GPU 0: Epoch 28/100 | Discriminator Loss: -25.462509 | Generator Loss: 2.084241
[2024-02-02 22:31:24] GPU 0: Epoch 29/100 | Discriminator Loss: -34.895000 | Generator Loss: 2.611161
[2024-02-02 22:52:44] Saved latest checkpoint hl_lb_latest.pth.tar
[2024-02-02 22:52:44] Saved Epoch 30/100 | Discriminator Loss: -33.052849 | Generator Loss: 3.204209
[2024-02-02 23:14:06] GPU 0: Epoch 31/100 | Discriminator Loss: -32.865459 | Generator Loss: 5.475230
[2024-02-02 23:35:25] GPU 0: Epoch 32/100 | Discriminator Loss: -32.121830 | Generator Loss: -3.719756
[2024-02-02 23:56:46] GPU 0: Epoch 33/100 | Discriminator Loss: -28.059608 | Generator Loss: 6.707145
[2024-02-03 00:18:06] GPU 0: Epoch 34/100 | Discriminator Loss: -30.851631 | Generator Loss: 3.613400
[2024-02-03 00:39:24] GPU 0: Epoch 35/100 | Discriminator Loss: -37.075237 | Generator Loss: -2.118486
[2024-02-03 01:00:44] GPU 0: Epoch 36/100 | Discriminator Loss: -30.447615 | Generator Loss: -9.096728
[2024-02-03 01:22:04] GPU 0: Epoch 37/100 | Discriminator Loss: -27.085651 | Generator Loss: 14.961486
[2024-02-03 01:37:36] Saved new best_loss_d_closest_to_half checkpoint hl_lb_best_loss_d_closest_to_half.pth.tar
[2024-02-03 01:37:36] Saved Epoch 38/100 | Discriminator Loss: 0.938307 | Generator Loss: -4.449179
[2024-02-03 01:43:24] GPU 0: Epoch 38/100 | Discriminator Loss: -24.832975 | Generator Loss: -1.994599
[2024-02-03 02:04:42] GPU 0: Epoch 39/100 | Discriminator Loss: -25.259283 | Generator Loss: 6.550327
[2024-02-03 02:26:05] Saved latest checkpoint hl_lb_latest.pth.tar
[2024-02-03 02:26:05] Saved Epoch 40/100 | Discriminator Loss: -33.186081 | Generator Loss: -6.204455
[2024-02-03 02:47:23] GPU 0: Epoch 41/100 | Discriminator Loss: -33.986385 | Generator Loss: -0.027578
[2024-02-03 03:08:43] GPU 0: Epoch 42/100 | Discriminator Loss: -28.582195 | Generator Loss: 2.594267
[2024-02-03 03:30:01] GPU 0: Epoch 43/100 | Discriminator Loss: -29.394707 | Generator Loss: -0.257173
[2024-02-03 03:51:23] GPU 0: Epoch 44/100 | Discriminator Loss: -21.558432 | Generator Loss: 9.689209
[2024-02-03 04:12:43] GPU 0: Epoch 45/100 | Discriminator Loss: -34.487988 | Generator Loss: -5.019849
[2024-02-03 04:34:05] GPU 0: Epoch 46/100 | Discriminator Loss: -33.005348 | Generator Loss: 13.605455
[2024-02-03 04:55:26] GPU 0: Epoch 47/100 | Discriminator Loss: -29.851906 | Generator Loss: 5.097486
[2024-02-03 05:16:45] GPU 0: Epoch 48/100 | Discriminator Loss: -31.283052 | Generator Loss: 2.206198
[2024-02-03 05:38:05] GPU 0: Epoch 49/100 | Discriminator Loss: -29.038872 | Generator Loss: -5.858371
[2024-02-03 05:59:27] Saved latest checkpoint hl_lb_latest.pth.tar
[2024-02-03 05:59:27] Saved Epoch 50/100 | Discriminator Loss: -29.531464 | Generator Loss: 4.345213
[2024-02-03 06:20:49] GPU 0: Epoch 51/100 | Discriminator Loss: -22.406103 | Generator Loss: 4.469715
[2024-02-03 06:42:10] GPU 0: Epoch 52/100 | Discriminator Loss: -32.110920 | Generator Loss: 5.028663
[2024-02-03 07:03:30] GPU 0: Epoch 53/100 | Discriminator Loss: -25.290234 | Generator Loss: 1.081310
[2024-02-03 07:24:51] GPU 0: Epoch 54/100 | Discriminator Loss: -33.557629 | Generator Loss: -4.290192
[2024-02-03 07:46:13] GPU 0: Epoch 55/100 | Discriminator Loss: -31.200447 | Generator Loss: 0.966092
[2024-02-03 08:07:35] GPU 0: Epoch 56/100 | Discriminator Loss: -22.775955 | Generator Loss: -1.984903
[2024-02-03 08:28:48] GPU 0: Epoch 57/100 | Discriminator Loss: -26.991692 | Generator Loss: -12.934418
[2024-02-03 08:49:19] GPU 0: Epoch 58/100 | Discriminator Loss: -31.548056 | Generator Loss: -0.025713
[2024-02-03 09:09:48] GPU 0: Epoch 59/100 | Discriminator Loss: -35.589333 | Generator Loss: -2.909006
[2024-02-03 09:30:17] Saved latest checkpoint hl_lb_latest.pth.tar
[2024-02-03 09:30:17] Saved Epoch 60/100 | Discriminator Loss: -35.427902 | Generator Loss: 3.435986
[2024-02-03 09:31:20] Saved new best_loss_d_closest_to_half checkpoint hl_lb_best_loss_d_closest_to_half.pth.tar
[2024-02-03 09:31:20] Saved Epoch 61/100 | Discriminator Loss: 0.232825 | Generator Loss: -6.296043
[2024-02-03 09:50:50] GPU 0: Epoch 61/100 | Discriminator Loss: -32.193993 | Generator Loss: 0.146348
[2024-02-03 10:11:21] GPU 0: Epoch 62/100 | Discriminator Loss: -27.858030 | Generator Loss: 3.619462
[2024-02-03 10:31:53] GPU 0: Epoch 63/100 | Discriminator Loss: -29.118364 | Generator Loss: -0.545777
[2024-02-03 10:52:22] GPU 0: Epoch 64/100 | Discriminator Loss: -30.769783 | Generator Loss: 5.110464
[2024-02-03 11:12:53] GPU 0: Epoch 65/100 | Discriminator Loss: -38.831673 | Generator Loss: 0.075780
[2024-02-03 11:33:25] GPU 0: Epoch 66/100 | Discriminator Loss: -37.012882 | Generator Loss: 1.344123
[2024-02-03 11:53:56] GPU 0: Epoch 67/100 | Discriminator Loss: -23.635313 | Generator Loss: 4.447870
[2024-02-03 12:14:23] GPU 0: Epoch 68/100 | Discriminator Loss: -32.228115 | Generator Loss: -1.841016
[2024-02-03 12:34:54] GPU 0: Epoch 69/100 | Discriminator Loss: -27.934036 | Generator Loss: -3.063022
[2024-02-03 12:55:24] Saved latest checkpoint hl_lb_latest.pth.tar
[2024-02-03 12:55:24] Saved Epoch 70/100 | Discriminator Loss: -26.837563 | Generator Loss: -3.514659
[2024-02-03 13:16:08] GPU 0: Epoch 71/100 | Discriminator Loss: -35.747257 | Generator Loss: -6.103972
[2024-02-03 13:37:28] GPU 0: Epoch 72/100 | Discriminator Loss: -30.983978 | Generator Loss: -0.716946
[2024-02-03 13:58:49] GPU 0: Epoch 73/100 | Discriminator Loss: -34.115379 | Generator Loss: -2.235412
[2024-02-03 14:20:10] GPU 0: Epoch 74/100 | Discriminator Loss: -27.219135 | Generator Loss: -5.602493
[2024-02-03 14:41:32] GPU 0: Epoch 75/100 | Discriminator Loss: -33.246010 | Generator Loss: 0.728212
[2024-02-03 15:02:50] GPU 0: Epoch 76/100 | Discriminator Loss: -27.682419 | Generator Loss: -6.679849
[2024-02-03 15:24:12] GPU 0: Epoch 77/100 | Discriminator Loss: -30.999725 | Generator Loss: 2.152477
[2024-02-03 15:45:35] GPU 0: Epoch 78/100 | Discriminator Loss: -28.495647 | Generator Loss: -3.118020
[2024-02-03 16:06:55] GPU 0: Epoch 79/100 | Discriminator Loss: -33.331631 | Generator Loss: -3.523657
[2024-02-03 16:28:17] Saved latest checkpoint hl_lb_latest.pth.tar
[2024-02-03 16:28:17] Saved Epoch 80/100 | Discriminator Loss: -33.967762 | Generator Loss: 3.128443
[2024-02-03 16:49:39] GPU 0: Epoch 81/100 | Discriminator Loss: -30.880968 | Generator Loss: -1.555437
[2024-02-03 17:10:59] GPU 0: Epoch 82/100 | Discriminator Loss: -19.915903 | Generator Loss: -8.655954
[2024-02-03 17:32:19] GPU 0: Epoch 83/100 | Discriminator Loss: -36.937477 | Generator Loss: -3.706499
[2024-02-03 17:53:39] GPU 0: Epoch 84/100 | Discriminator Loss: -26.112789 | Generator Loss: 1.516130
[2024-02-03 18:15:00] GPU 0: Epoch 85/100 | Discriminator Loss: -33.910686 | Generator Loss: -3.311704
[2024-02-03 18:36:23] GPU 0: Epoch 86/100 | Discriminator Loss: -33.976200 | Generator Loss: -6.570765
[2024-02-03 18:57:45] GPU 0: Epoch 87/100 | Discriminator Loss: -33.286980 | Generator Loss: -11.256292
[2024-02-03 19:19:08] GPU 0: Epoch 88/100 | Discriminator Loss: -29.468344 | Generator Loss: -1.818195
[2024-02-03 19:40:28] GPU 0: Epoch 89/100 | Discriminator Loss: -27.614468 | Generator Loss: -5.598867
[2024-02-03 20:01:52] Saved latest checkpoint hl_lb_latest.pth.tar
[2024-02-03 20:01:52] Saved Epoch 90/100 | Discriminator Loss: -27.248817 | Generator Loss: 0.783608
[2024-02-03 20:23:14] GPU 0: Epoch 91/100 | Discriminator Loss: -33.643383 | Generator Loss: -7.786242
[2024-02-03 20:32:21] Saved new best_loss_d_closest_to_half checkpoint hl_lb_best_loss_d_closest_to_half.pth.tar
[2024-02-03 20:32:21] Saved Epoch 92/100 | Discriminator Loss: 0.589943 | Generator Loss: -10.337738
[2024-02-03 20:44:37] GPU 0: Epoch 92/100 | Discriminator Loss: -37.710075 | Generator Loss: -3.529052
[2024-02-03 21:05:58] GPU 0: Epoch 93/100 | Discriminator Loss: -27.720079 | Generator Loss: -0.605241
[2024-02-03 21:27:20] GPU 0: Epoch 94/100 | Discriminator Loss: -27.603268 | Generator Loss: -1.181284
[2024-02-03 21:48:43] GPU 0: Epoch 95/100 | Discriminator Loss: -32.206253 | Generator Loss: -7.402202
[2024-02-03 22:10:04] GPU 0: Epoch 96/100 | Discriminator Loss: -29.162870 | Generator Loss: -4.146931
[2024-02-03 22:31:26] GPU 0: Epoch 97/100 | Discriminator Loss: -32.312050 | Generator Loss: -4.385852
[2024-02-03 22:52:48] GPU 0: Epoch 98/100 | Discriminator Loss: -29.819416 | Generator Loss: -6.794988
[2024-02-03 23:14:10] GPU 0: Epoch 99/100 | Discriminator Loss: -31.088135 | Generator Loss: -3.539664
[2024-02-03 23:14:10] Epoch 100/100 | Discriminator Loss: -31.088135 | Generator Loss: -3.539664
[2024-02-03 23:14:11] Saved checkpoint hl_lb_terminated.pth.tar.
