[2024-02-02 11:51:09] World size: 2
[2024-02-02 11:51:09] Found GPU 0: _CudaDeviceProperties(name='NVIDIA GeForce RTX 2080 Ti', major=7, minor=5, total_memory=11011MB, multi_processor_count=68)
[2024-02-02 11:51:09] Found GPU 1: _CudaDeviceProperties(name='NVIDIA GeForce RTX 2080 Ti', major=7, minor=5, total_memory=11011MB, multi_processor_count=68)
[2024-02-02 11:51:10] Setting up 1 of 2
[2024-02-02 11:51:10] Initialized main on device: cuda:1 with rank 1
[2024-02-02 11:51:18] Loaded model ml_hb on rank 1 in local epoch 0 | best_loss_g: inf | best_loss_d_closest_to_half: inf | best_loss_d: inf 
[2024-02-02 12:03:41] GPU 1: Epoch 0/100 | Discriminator Loss: -50.328533 | Generator Loss: 2.938629
[2024-02-02 12:16:05] GPU 1: Epoch 1/100 | Discriminator Loss: -54.542839 | Generator Loss: 39.573448
[2024-02-02 12:28:30] GPU 1: Epoch 2/100 | Discriminator Loss: -49.109623 | Generator Loss: 31.882299
[2024-02-02 12:40:56] GPU 1: Epoch 3/100 | Discriminator Loss: -51.690681 | Generator Loss: 28.634670
[2024-02-02 12:53:21] GPU 1: Epoch 4/100 | Discriminator Loss: -51.008541 | Generator Loss: 6.955844
[2024-02-02 13:05:47] GPU 1: Epoch 5/100 | Discriminator Loss: -43.578156 | Generator Loss: 16.107513
[2024-02-02 13:18:11] GPU 1: Epoch 6/100 | Discriminator Loss: -44.538414 | Generator Loss: 1.939807
[2024-02-02 13:30:34] GPU 1: Epoch 7/100 | Discriminator Loss: -53.106976 | Generator Loss: -20.007282
[2024-02-02 13:42:56] GPU 1: Epoch 8/100 | Discriminator Loss: -42.205681 | Generator Loss: -8.931194
[2024-02-02 13:55:18] GPU 1: Epoch 9/100 | Discriminator Loss: -39.753822 | Generator Loss: -16.155481
[2024-02-02 14:07:39] GPU 1: Epoch 10/100 | Discriminator Loss: -36.026096 | Generator Loss: -15.163855
[2024-02-02 14:19:59] GPU 1: Epoch 11/100 | Discriminator Loss: -39.135239 | Generator Loss: -15.651909
[2024-02-02 14:32:20] GPU 1: Epoch 12/100 | Discriminator Loss: -37.983215 | Generator Loss: -21.929596
[2024-02-02 14:44:42] GPU 1: Epoch 13/100 | Discriminator Loss: -41.385872 | Generator Loss: -21.427694
[2024-02-02 14:57:02] GPU 1: Epoch 14/100 | Discriminator Loss: -37.783283 | Generator Loss: -19.230083
[2024-02-02 15:09:24] GPU 1: Epoch 15/100 | Discriminator Loss: -39.828903 | Generator Loss: -20.000786
[2024-02-02 15:21:44] GPU 1: Epoch 16/100 | Discriminator Loss: -35.650925 | Generator Loss: -14.204247
[2024-02-02 15:34:03] GPU 1: Epoch 17/100 | Discriminator Loss: -40.372765 | Generator Loss: -15.387069
[2024-02-02 15:46:26] GPU 1: Epoch 18/100 | Discriminator Loss: -36.252113 | Generator Loss: -13.414042
[2024-02-02 15:58:47] GPU 1: Epoch 19/100 | Discriminator Loss: -35.540001 | Generator Loss: -9.256947
[2024-02-02 16:11:07] GPU 1: Epoch 20/100 | Discriminator Loss: -37.520622 | Generator Loss: -14.667192
[2024-02-02 16:23:29] GPU 1: Epoch 21/100 | Discriminator Loss: -36.602085 | Generator Loss: -10.628633
[2024-02-02 16:35:50] GPU 1: Epoch 22/100 | Discriminator Loss: -37.295296 | Generator Loss: -11.214854
[2024-02-02 16:48:12] GPU 1: Epoch 23/100 | Discriminator Loss: -39.122421 | Generator Loss: -11.992123
[2024-02-02 17:00:32] GPU 1: Epoch 24/100 | Discriminator Loss: -39.482582 | Generator Loss: -7.043136
[2024-02-02 17:12:52] GPU 1: Epoch 25/100 | Discriminator Loss: -34.098633 | Generator Loss: -4.372482
[2024-02-02 17:25:13] GPU 1: Epoch 26/100 | Discriminator Loss: -35.987900 | Generator Loss: -0.993052
[2024-02-02 17:37:35] GPU 1: Epoch 27/100 | Discriminator Loss: -38.565067 | Generator Loss: -4.125576
[2024-02-02 17:49:56] GPU 1: Epoch 28/100 | Discriminator Loss: -36.259056 | Generator Loss: -5.161757
[2024-02-02 18:02:17] GPU 1: Epoch 29/100 | Discriminator Loss: -37.077698 | Generator Loss: 0.768597
[2024-02-02 18:14:37] GPU 1: Epoch 30/100 | Discriminator Loss: -34.184952 | Generator Loss: 2.753602
[2024-02-02 18:26:58] GPU 1: Epoch 31/100 | Discriminator Loss: -35.113441 | Generator Loss: -0.362375
[2024-02-02 18:39:18] GPU 1: Epoch 32/100 | Discriminator Loss: -35.061565 | Generator Loss: 4.418770
[2024-02-02 18:51:39] GPU 1: Epoch 33/100 | Discriminator Loss: -39.060352 | Generator Loss: -7.476562
[2024-02-02 19:03:59] GPU 1: Epoch 34/100 | Discriminator Loss: -34.606339 | Generator Loss: 1.627148
[2024-02-02 19:16:19] GPU 1: Epoch 35/100 | Discriminator Loss: -30.371933 | Generator Loss: -4.334607
[2024-02-02 19:28:39] GPU 1: Epoch 36/100 | Discriminator Loss: -31.675863 | Generator Loss: -6.906694
[2024-02-02 19:40:59] GPU 1: Epoch 37/100 | Discriminator Loss: -32.045197 | Generator Loss: -4.373823
[2024-02-02 19:53:19] GPU 1: Epoch 38/100 | Discriminator Loss: -31.389614 | Generator Loss: -4.879849
[2024-02-02 20:05:39] GPU 1: Epoch 39/100 | Discriminator Loss: -30.152227 | Generator Loss: -0.817922
[2024-02-02 20:17:59] GPU 1: Epoch 40/100 | Discriminator Loss: -30.628853 | Generator Loss: -11.986061
[2024-02-02 20:30:20] GPU 1: Epoch 41/100 | Discriminator Loss: -30.147018 | Generator Loss: -6.118697
[2024-02-02 20:42:40] GPU 1: Epoch 42/100 | Discriminator Loss: -29.371029 | Generator Loss: -4.637234
[2024-02-02 20:55:00] GPU 1: Epoch 43/100 | Discriminator Loss: -28.766895 | Generator Loss: -12.494810
[2024-02-02 21:07:20] GPU 1: Epoch 44/100 | Discriminator Loss: -26.991318 | Generator Loss: 4.078864
[2024-02-02 21:19:41] GPU 1: Epoch 45/100 | Discriminator Loss: -28.565166 | Generator Loss: -1.303625
[2024-02-02 21:32:01] GPU 1: Epoch 46/100 | Discriminator Loss: -26.858658 | Generator Loss: -4.948882
[2024-02-02 21:44:21] GPU 1: Epoch 47/100 | Discriminator Loss: -28.942465 | Generator Loss: 5.295115
[2024-02-02 21:56:40] GPU 1: Epoch 48/100 | Discriminator Loss: -28.906504 | Generator Loss: -3.609855
[2024-02-02 22:09:01] GPU 1: Epoch 49/100 | Discriminator Loss: -26.697704 | Generator Loss: -0.500620
[2024-02-02 22:21:22] GPU 1: Epoch 50/100 | Discriminator Loss: -25.087524 | Generator Loss: -4.777251
[2024-02-02 22:33:43] GPU 1: Epoch 51/100 | Discriminator Loss: -30.121941 | Generator Loss: -5.590777
[2024-02-02 22:46:03] GPU 1: Epoch 52/100 | Discriminator Loss: -28.616041 | Generator Loss: 0.130332
[2024-02-02 22:58:23] GPU 1: Epoch 53/100 | Discriminator Loss: -28.996143 | Generator Loss: -1.588108
[2024-02-02 23:10:43] GPU 1: Epoch 54/100 | Discriminator Loss: -26.471661 | Generator Loss: 0.959482
[2024-02-02 23:23:04] GPU 1: Epoch 55/100 | Discriminator Loss: -25.120918 | Generator Loss: -5.519877
[2024-02-02 23:35:24] GPU 1: Epoch 56/100 | Discriminator Loss: -26.305904 | Generator Loss: 4.235620
[2024-02-02 23:47:44] GPU 1: Epoch 57/100 | Discriminator Loss: -26.879854 | Generator Loss: 3.649517
[2024-02-03 00:00:05] GPU 1: Epoch 58/100 | Discriminator Loss: -28.173326 | Generator Loss: 0.653798
[2024-02-03 00:12:26] GPU 1: Epoch 59/100 | Discriminator Loss: -23.023151 | Generator Loss: -5.872257
[2024-02-03 00:24:48] GPU 1: Epoch 60/100 | Discriminator Loss: -28.275778 | Generator Loss: -6.096436
[2024-02-03 00:37:09] GPU 1: Epoch 61/100 | Discriminator Loss: -27.426064 | Generator Loss: -8.902921
[2024-02-03 00:49:29] GPU 1: Epoch 62/100 | Discriminator Loss: -28.848652 | Generator Loss: 2.409011
[2024-02-03 01:01:48] GPU 1: Epoch 63/100 | Discriminator Loss: -29.657650 | Generator Loss: -0.689571
[2024-02-03 01:14:08] GPU 1: Epoch 64/100 | Discriminator Loss: -28.148399 | Generator Loss: -2.196027
[2024-02-03 01:26:28] GPU 1: Epoch 65/100 | Discriminator Loss: -26.591652 | Generator Loss: 1.766646
[2024-02-03 01:38:48] GPU 1: Epoch 66/100 | Discriminator Loss: -26.627071 | Generator Loss: -1.069219
[2024-02-03 01:51:08] GPU 1: Epoch 67/100 | Discriminator Loss: -24.903358 | Generator Loss: 8.720409
[2024-02-03 02:03:28] GPU 1: Epoch 68/100 | Discriminator Loss: -26.981844 | Generator Loss: 2.161451
[2024-02-03 02:15:48] GPU 1: Epoch 69/100 | Discriminator Loss: -27.477158 | Generator Loss: 3.897158
[2024-02-03 02:28:08] GPU 1: Epoch 70/100 | Discriminator Loss: -23.052654 | Generator Loss: -0.044128
[2024-02-03 02:40:28] GPU 1: Epoch 71/100 | Discriminator Loss: -22.765858 | Generator Loss: 4.880623
[2024-02-03 02:52:48] GPU 1: Epoch 72/100 | Discriminator Loss: -23.441452 | Generator Loss: -1.521528
[2024-02-03 03:05:08] GPU 1: Epoch 73/100 | Discriminator Loss: -24.205608 | Generator Loss: 0.234288
[2024-02-03 03:17:27] GPU 1: Epoch 74/100 | Discriminator Loss: -25.812225 | Generator Loss: -0.060698
[2024-02-03 03:29:46] GPU 1: Epoch 75/100 | Discriminator Loss: -23.524940 | Generator Loss: 1.019313
[2024-02-03 03:42:07] GPU 1: Epoch 76/100 | Discriminator Loss: -21.496561 | Generator Loss: 3.043780
[2024-02-03 03:54:27] GPU 1: Epoch 77/100 | Discriminator Loss: -20.920952 | Generator Loss: 0.418308
[2024-02-03 04:06:48] GPU 1: Epoch 78/100 | Discriminator Loss: -25.358837 | Generator Loss: -1.363011
[2024-02-03 04:19:09] GPU 1: Epoch 79/100 | Discriminator Loss: -25.478365 | Generator Loss: 0.853477
[2024-02-03 04:31:29] GPU 1: Epoch 80/100 | Discriminator Loss: -27.004824 | Generator Loss: 0.160075
[2024-02-03 04:43:51] GPU 1: Epoch 81/100 | Discriminator Loss: -21.715439 | Generator Loss: 2.074568
[2024-02-03 04:56:12] GPU 1: Epoch 82/100 | Discriminator Loss: -21.864845 | Generator Loss: 1.049717
[2024-02-03 05:08:34] GPU 1: Epoch 83/100 | Discriminator Loss: -24.970001 | Generator Loss: 1.543311
[2024-02-03 05:20:54] GPU 1: Epoch 84/100 | Discriminator Loss: -22.642708 | Generator Loss: 4.800583
[2024-02-03 05:33:15] GPU 1: Epoch 85/100 | Discriminator Loss: -25.114798 | Generator Loss: 7.507017
[2024-02-03 05:45:37] GPU 1: Epoch 86/100 | Discriminator Loss: -26.680956 | Generator Loss: -0.541187
[2024-02-03 05:57:58] GPU 1: Epoch 87/100 | Discriminator Loss: -26.297035 | Generator Loss: -0.778454
[2024-02-03 06:10:20] GPU 1: Epoch 88/100 | Discriminator Loss: -24.910835 | Generator Loss: -2.165559
[2024-02-03 06:22:42] GPU 1: Epoch 89/100 | Discriminator Loss: -25.331465 | Generator Loss: 2.674673
[2024-02-03 06:35:03] GPU 1: Epoch 90/100 | Discriminator Loss: -25.130917 | Generator Loss: -0.256053
[2024-02-03 06:47:26] GPU 1: Epoch 91/100 | Discriminator Loss: -24.599840 | Generator Loss: -3.735955
[2024-02-03 06:59:47] GPU 1: Epoch 92/100 | Discriminator Loss: -21.233040 | Generator Loss: 2.628987
[2024-02-03 07:12:09] GPU 1: Epoch 93/100 | Discriminator Loss: -24.113222 | Generator Loss: 0.815172
[2024-02-03 07:24:32] GPU 1: Epoch 94/100 | Discriminator Loss: -24.468376 | Generator Loss: -2.445320
[2024-02-03 07:36:54] GPU 1: Epoch 95/100 | Discriminator Loss: -27.435436 | Generator Loss: 2.255769
[2024-02-03 07:49:15] GPU 1: Epoch 96/100 | Discriminator Loss: -23.368490 | Generator Loss: 2.036969
[2024-02-03 08:01:36] GPU 1: Epoch 97/100 | Discriminator Loss: -27.029343 | Generator Loss: 1.343213
[2024-02-03 08:13:58] GPU 1: Epoch 98/100 | Discriminator Loss: -27.055084 | Generator Loss: -1.482188
[2024-02-03 08:26:19] GPU 1: Epoch 99/100 | Discriminator Loss: -23.442856 | Generator Loss: -1.952636
[2024-02-02 11:51:10] Setting up 0 of 2
[2024-02-02 11:51:10] Initialized main on device: cuda:0 with rank 0
[2024-02-02 11:51:18] Loaded model ml_hb on rank 0 in local epoch 0 | best_loss_g: inf | best_loss_d_closest_to_half: inf | best_loss_d: inf 
[2024-02-02 12:03:41] GPU 0: Epoch 0/100 | Discriminator Loss: -54.760048 | Generator Loss: 8.787855
[2024-02-02 12:16:05] GPU 0: Epoch 1/100 | Discriminator Loss: -47.743439 | Generator Loss: 38.020714
[2024-02-02 12:28:30] GPU 0: Epoch 2/100 | Discriminator Loss: -52.081795 | Generator Loss: 31.767105
[2024-02-02 12:40:56] GPU 0: Epoch 3/100 | Discriminator Loss: -46.907963 | Generator Loss: 29.267517
[2024-02-02 12:53:21] GPU 0: Epoch 4/100 | Discriminator Loss: -48.686516 | Generator Loss: 6.645498
[2024-02-02 13:05:47] GPU 0: Epoch 5/100 | Discriminator Loss: -37.546505 | Generator Loss: 15.718115
[2024-02-02 13:18:11] GPU 0: Epoch 6/100 | Discriminator Loss: -37.082413 | Generator Loss: 2.058614
[2024-02-02 13:30:34] GPU 0: Epoch 7/100 | Discriminator Loss: -43.387505 | Generator Loss: -16.415993
[2024-02-02 13:42:56] GPU 0: Epoch 8/100 | Discriminator Loss: -37.182045 | Generator Loss: -11.428065
[2024-02-02 13:55:18] GPU 0: Epoch 9/100 | Discriminator Loss: -39.178413 | Generator Loss: -16.010891
[2024-02-02 14:07:40] Saved latest checkpoint ml_hb_latest.pth.tar
[2024-02-02 14:07:40] Saved Epoch 10/100 | Discriminator Loss: -38.195023 | Generator Loss: -15.191305
[2024-02-02 14:19:59] GPU 0: Epoch 11/100 | Discriminator Loss: -36.778725 | Generator Loss: -14.960611
[2024-02-02 14:32:20] Saved checkpoint ml_hb_streak_12_ROyO7.pth.tar with streak [5, 5]
[2024-02-02 14:32:20] GPU 0: Epoch 12/100 | Discriminator Loss: -39.939613 | Generator Loss: -25.352886
[2024-02-02 14:44:42] GPU 0: Epoch 13/100 | Discriminator Loss: -37.474728 | Generator Loss: -19.765152
[2024-02-02 14:57:02] GPU 0: Epoch 14/100 | Discriminator Loss: -38.048878 | Generator Loss: -18.445332
[2024-02-02 15:09:24] GPU 0: Epoch 15/100 | Discriminator Loss: -36.696457 | Generator Loss: -19.174248
[2024-02-02 15:21:44] GPU 0: Epoch 16/100 | Discriminator Loss: -36.368881 | Generator Loss: -13.789715
[2024-02-02 15:34:04] Saved checkpoint ml_hb_streak_17_vSoUa.pth.tar with streak [5, 5]
[2024-02-02 15:34:04] GPU 0: Epoch 17/100 | Discriminator Loss: -33.774490 | Generator Loss: -14.920366
[2024-02-02 15:46:26] GPU 0: Epoch 18/100 | Discriminator Loss: -35.296333 | Generator Loss: -13.449875
[2024-02-02 15:58:47] GPU 0: Epoch 19/100 | Discriminator Loss: -34.381676 | Generator Loss: -9.677312
[2024-02-02 16:11:08] Saved latest checkpoint ml_hb_latest.pth.tar
[2024-02-02 16:11:08] Saved Epoch 20/100 | Discriminator Loss: -32.798710 | Generator Loss: -12.895288
[2024-02-02 16:23:29] GPU 0: Epoch 21/100 | Discriminator Loss: -38.112015 | Generator Loss: -9.769351
[2024-02-02 16:35:51] Saved checkpoint ml_hb_streak_22_6U74R.pth.tar with streak [5, 5]
[2024-02-02 16:35:51] GPU 0: Epoch 22/100 | Discriminator Loss: -37.109943 | Generator Loss: -14.622999
[2024-02-02 16:48:12] GPU 0: Epoch 23/100 | Discriminator Loss: -35.360283 | Generator Loss: -9.741760
[2024-02-02 17:00:32] GPU 0: Epoch 24/100 | Discriminator Loss: -35.776817 | Generator Loss: -7.763680
[2024-02-02 17:12:52] GPU 0: Epoch 25/100 | Discriminator Loss: -33.568821 | Generator Loss: -5.194560
[2024-02-02 17:25:13] GPU 0: Epoch 26/100 | Discriminator Loss: -35.784874 | Generator Loss: -0.623229
[2024-02-02 17:37:36] Saved checkpoint ml_hb_streak_27_dhpb3.pth.tar with streak [5, 5]
[2024-02-02 17:37:36] GPU 0: Epoch 27/100 | Discriminator Loss: -34.846760 | Generator Loss: -3.932651
[2024-02-02 17:49:56] GPU 0: Epoch 28/100 | Discriminator Loss: -37.047569 | Generator Loss: -3.895458
[2024-02-02 18:02:17] GPU 0: Epoch 29/100 | Discriminator Loss: -28.526237 | Generator Loss: 0.061943
[2024-02-02 18:14:38] Saved latest checkpoint ml_hb_latest.pth.tar
[2024-02-02 18:14:38] Saved Epoch 30/100 | Discriminator Loss: -32.037064 | Generator Loss: 1.134453
[2024-02-02 18:26:58] GPU 0: Epoch 31/100 | Discriminator Loss: -29.595268 | Generator Loss: 1.402786
[2024-02-02 18:39:19] Saved checkpoint ml_hb_streak_32_tI50l.pth.tar with streak [5, 5]
[2024-02-02 18:39:19] GPU 0: Epoch 32/100 | Discriminator Loss: -30.408077 | Generator Loss: 5.942346
[2024-02-02 18:51:39] GPU 0: Epoch 33/100 | Discriminator Loss: -27.815245 | Generator Loss: -8.845393
[2024-02-02 19:03:59] GPU 0: Epoch 34/100 | Discriminator Loss: -34.093346 | Generator Loss: 2.604508
[2024-02-02 19:16:19] GPU 0: Epoch 35/100 | Discriminator Loss: -31.591614 | Generator Loss: -3.383253
[2024-02-02 19:28:39] GPU 0: Epoch 36/100 | Discriminator Loss: -31.408241 | Generator Loss: -5.741615
[2024-02-02 19:40:59] GPU 0: Epoch 37/100 | Discriminator Loss: -29.171440 | Generator Loss: -5.378445
[2024-02-02 19:53:19] GPU 0: Epoch 38/100 | Discriminator Loss: -33.012981 | Generator Loss: -4.281491
[2024-02-02 20:05:40] Saved checkpoint ml_hb_streak_39_2NHlJ.pth.tar with streak [5, 5]
[2024-02-02 20:05:40] GPU 0: Epoch 39/100 | Discriminator Loss: -28.287766 | Generator Loss: -1.541551
[2024-02-02 20:18:00] Saved latest checkpoint ml_hb_latest.pth.tar
[2024-02-02 20:18:00] Saved Epoch 40/100 | Discriminator Loss: -29.461172 | Generator Loss: -11.334114
[2024-02-02 20:30:20] GPU 0: Epoch 41/100 | Discriminator Loss: -30.297028 | Generator Loss: -4.209185
[2024-02-02 20:42:40] GPU 0: Epoch 42/100 | Discriminator Loss: -28.333286 | Generator Loss: -5.496454
[2024-02-02 20:55:00] GPU 0: Epoch 43/100 | Discriminator Loss: -32.986187 | Generator Loss: -6.547979
[2024-02-02 21:07:21] Saved checkpoint ml_hb_streak_44_oRZpB.pth.tar with streak [5, 5]
[2024-02-02 21:07:21] GPU 0: Epoch 44/100 | Discriminator Loss: -28.116394 | Generator Loss: 2.525967
[2024-02-02 21:19:41] GPU 0: Epoch 45/100 | Discriminator Loss: -30.699127 | Generator Loss: -0.580915
[2024-02-02 21:32:01] GPU 0: Epoch 46/100 | Discriminator Loss: -25.969555 | Generator Loss: -1.665770
[2024-02-02 21:44:21] GPU 0: Epoch 47/100 | Discriminator Loss: -30.509247 | Generator Loss: 2.144855
[2024-02-02 21:56:40] GPU 0: Epoch 48/100 | Discriminator Loss: -28.525288 | Generator Loss: -4.415876
[2024-02-02 22:09:02] Saved checkpoint ml_hb_streak_49_8NfaZ.pth.tar with streak [5, 5]
[2024-02-02 22:09:02] GPU 0: Epoch 49/100 | Discriminator Loss: -25.691973 | Generator Loss: -0.875255
[2024-02-02 22:21:23] Saved latest checkpoint ml_hb_latest.pth.tar
[2024-02-02 22:21:23] Saved Epoch 50/100 | Discriminator Loss: -25.890678 | Generator Loss: -5.765244
[2024-02-02 22:33:43] GPU 0: Epoch 51/100 | Discriminator Loss: -29.113594 | Generator Loss: -8.047224
[2024-02-02 22:46:03] GPU 0: Epoch 52/100 | Discriminator Loss: -26.038582 | Generator Loss: -0.112969
[2024-02-02 22:58:23] GPU 0: Epoch 53/100 | Discriminator Loss: -27.415506 | Generator Loss: 0.157100
[2024-02-02 23:10:44] Saved checkpoint ml_hb_streak_54_cFdsa.pth.tar with streak [5, 5]
[2024-02-02 23:10:44] GPU 0: Epoch 54/100 | Discriminator Loss: -25.079000 | Generator Loss: 3.125823
[2024-02-02 23:23:04] GPU 0: Epoch 55/100 | Discriminator Loss: -26.514198 | Generator Loss: -4.967442
[2024-02-02 23:35:24] GPU 0: Epoch 56/100 | Discriminator Loss: -28.088911 | Generator Loss: 3.059537
[2024-02-02 23:47:44] GPU 0: Epoch 57/100 | Discriminator Loss: -26.334900 | Generator Loss: 2.545613
[2024-02-03 00:00:05] GPU 0: Epoch 58/100 | Discriminator Loss: -26.536404 | Generator Loss: -1.986048
[2024-02-03 00:12:27] Saved checkpoint ml_hb_streak_59_5aYhg.pth.tar with streak [5, 5]
[2024-02-03 00:12:27] GPU 0: Epoch 59/100 | Discriminator Loss: -25.981718 | Generator Loss: -3.509213
[2024-02-03 00:24:48] Saved latest checkpoint ml_hb_latest.pth.tar
[2024-02-03 00:24:49] Saved Epoch 60/100 | Discriminator Loss: -22.985027 | Generator Loss: -1.929136
[2024-02-03 00:37:09] GPU 0: Epoch 61/100 | Discriminator Loss: -32.120674 | Generator Loss: -6.039537
[2024-02-03 00:49:29] GPU 0: Epoch 62/100 | Discriminator Loss: -23.539185 | Generator Loss: 3.333473
[2024-02-03 01:01:48] GPU 0: Epoch 63/100 | Discriminator Loss: -26.360544 | Generator Loss: -0.899005
[2024-02-03 01:14:09] Saved checkpoint ml_hb_streak_64_fdlQa.pth.tar with streak [5, 5]
[2024-02-03 01:14:09] GPU 0: Epoch 64/100 | Discriminator Loss: -26.267807 | Generator Loss: -1.493036
[2024-02-03 01:26:28] GPU 0: Epoch 65/100 | Discriminator Loss: -26.741325 | Generator Loss: 2.277557
[2024-02-03 01:38:48] GPU 0: Epoch 66/100 | Discriminator Loss: -22.736629 | Generator Loss: -1.110478
[2024-02-03 01:51:08] GPU 0: Epoch 67/100 | Discriminator Loss: -26.063841 | Generator Loss: 7.703928
[2024-02-03 02:03:28] GPU 0: Epoch 68/100 | Discriminator Loss: -26.175816 | Generator Loss: 1.696385
[2024-02-03 02:15:48] GPU 0: Epoch 69/100 | Discriminator Loss: -21.738150 | Generator Loss: 1.876853
[2024-02-03 02:28:09] Saved latest checkpoint ml_hb_latest.pth.tar
[2024-02-03 02:28:09] Saved Epoch 70/100 | Discriminator Loss: -22.703278 | Generator Loss: -0.395178
[2024-02-03 02:40:28] GPU 0: Epoch 71/100 | Discriminator Loss: -23.084507 | Generator Loss: 4.059730
[2024-02-03 02:52:48] Saved checkpoint ml_hb_streak_72_EUzqa.pth.tar with streak [5, 5]
[2024-02-03 02:52:48] GPU 0: Epoch 72/100 | Discriminator Loss: -21.868469 | Generator Loss: 0.108082
[2024-02-03 03:05:08] GPU 0: Epoch 73/100 | Discriminator Loss: -25.636618 | Generator Loss: 0.455202
[2024-02-03 03:17:27] GPU 0: Epoch 74/100 | Discriminator Loss: -21.445667 | Generator Loss: 1.876503
[2024-02-03 03:29:46] GPU 0: Epoch 75/100 | Discriminator Loss: -22.356133 | Generator Loss: 1.820374
[2024-02-03 03:42:07] GPU 0: Epoch 76/100 | Discriminator Loss: -23.616665 | Generator Loss: 5.104919
[2024-02-03 03:54:28] Saved checkpoint ml_hb_streak_77_3jqPU.pth.tar with streak [5, 5]
[2024-02-03 03:54:28] GPU 0: Epoch 77/100 | Discriminator Loss: -25.183666 | Generator Loss: -0.089626
[2024-02-03 04:06:48] GPU 0: Epoch 78/100 | Discriminator Loss: -26.890354 | Generator Loss: -2.248150
[2024-02-03 04:19:09] GPU 0: Epoch 79/100 | Discriminator Loss: -25.413006 | Generator Loss: -3.172083
[2024-02-03 04:31:30] Saved latest checkpoint ml_hb_latest.pth.tar
[2024-02-03 04:31:30] Saved Epoch 80/100 | Discriminator Loss: -23.645504 | Generator Loss: -0.576804
[2024-02-03 04:43:51] GPU 0: Epoch 81/100 | Discriminator Loss: -21.269958 | Generator Loss: 2.259218
[2024-02-03 04:56:13] Saved checkpoint ml_hb_streak_82_1dc2t.pth.tar with streak [5, 5]
[2024-02-03 04:56:13] GPU 0: Epoch 82/100 | Discriminator Loss: -24.062771 | Generator Loss: -0.064828
[2024-02-03 05:08:34] GPU 0: Epoch 83/100 | Discriminator Loss: -21.578245 | Generator Loss: -0.386694
[2024-02-03 05:20:54] GPU 0: Epoch 84/100 | Discriminator Loss: -25.052635 | Generator Loss: 4.322864
[2024-02-03 05:33:15] GPU 0: Epoch 85/100 | Discriminator Loss: -22.947132 | Generator Loss: 6.272344
[2024-02-03 05:45:37] GPU 0: Epoch 86/100 | Discriminator Loss: -22.507309 | Generator Loss: -2.111841
[2024-02-03 05:57:59] Saved checkpoint ml_hb_streak_87_gLKXd.pth.tar with streak [5, 5]
[2024-02-03 05:57:59] GPU 0: Epoch 87/100 | Discriminator Loss: -22.383011 | Generator Loss: -0.291287
[2024-02-03 06:10:20] GPU 0: Epoch 88/100 | Discriminator Loss: -22.484566 | Generator Loss: -0.814327
[2024-02-03 06:22:42] GPU 0: Epoch 89/100 | Discriminator Loss: -23.592648 | Generator Loss: 1.258055
[2024-02-03 06:35:04] Saved latest checkpoint ml_hb_latest.pth.tar
[2024-02-03 06:35:04] Saved Epoch 90/100 | Discriminator Loss: -25.426044 | Generator Loss: -1.406655
[2024-02-03 06:47:26] GPU 0: Epoch 91/100 | Discriminator Loss: -26.647333 | Generator Loss: -1.183326
[2024-02-03 06:59:48] Saved checkpoint ml_hb_streak_92_IRUJs.pth.tar with streak [5, 5]
[2024-02-03 06:59:48] GPU 0: Epoch 92/100 | Discriminator Loss: -20.818115 | Generator Loss: -0.769045
[2024-02-03 07:12:09] GPU 0: Epoch 93/100 | Discriminator Loss: -23.243599 | Generator Loss: -0.063279
[2024-02-03 07:24:32] GPU 0: Epoch 94/100 | Discriminator Loss: -25.031101 | Generator Loss: -1.139791
[2024-02-03 07:36:54] GPU 0: Epoch 95/100 | Discriminator Loss: -25.103189 | Generator Loss: -0.581257
[2024-02-03 07:49:15] GPU 0: Epoch 96/100 | Discriminator Loss: -23.578465 | Generator Loss: 0.749370
[2024-02-03 08:01:37] Saved checkpoint ml_hb_streak_97_eOkGr.pth.tar with streak [5, 5]
[2024-02-03 08:01:37] GPU 0: Epoch 97/100 | Discriminator Loss: -20.989855 | Generator Loss: 2.982717
[2024-02-03 08:13:58] GPU 0: Epoch 98/100 | Discriminator Loss: -24.057701 | Generator Loss: -0.895678
[2024-02-03 08:26:19] GPU 0: Epoch 99/100 | Discriminator Loss: -25.971512 | Generator Loss: -0.768124
[2024-02-03 08:26:19] Epoch 100/100 | Discriminator Loss: -25.971512 | Generator Loss: -0.768124
[2024-02-03 08:26:20] Saved checkpoint ml_hb_terminated.pth.tar.
