000 (55668.000.000) 2023-12-03 16:53:33 Job submitted from host: <140.160.143.130:9618?addrs=140.160.143.130-9618&alias=csci-head.cluster.cs.wwu.edu&noUDP&sock=schedd_1686_08c4>
...
001 (55668.000.000) 2023-12-03 16:53:33 Job executing on host: <140.160.143.174:9618?addrs=140.160.143.174-9618&alias=g-1-2.cluster.cs.wwu.edu&noUDP&sock=startd_22917_bbfc>
	SlotName: slot1_1@g-1-2.cluster.cs.wwu.edu
	AvailableGPUs = { GPUs_GPU_d1319fc0,GPUs_GPU_9368d749 }
	CondorScratchDir = "/scratch_ssd/condor/execute/dir_228940"
	Cpus = 1
	Disk = 3503172
	GPUs = 2
	GPUs_GPU_9368d749 = [ DeviceName = "NVIDIA GeForce RTX 2080 Ti"; DriverVersion = 12.2; ECCEnabled = false; DevicePciBusId = "0000:5E:00.0"; DeviceUuid = "9368d749-39e8-9ebf-d6cf-888cc09d4bf7"; GlobalMemoryMb = 11012; MaxSupportedVersion = 12020; Capability = 7.5; Id = "GPU-9368d749" ]
	GPUs_GPU_d1319fc0 = [ DeviceName = "NVIDIA GeForce RTX 2080 Ti"; DriverVersion = 12.2; ECCEnabled = false; DevicePciBusId = "0000:3B:00.0"; DeviceUuid = "d1319fc0-deb6-6cb0-3eb3-d5cc7e4a4437"; GlobalMemoryMb = 11012; MaxSupportedVersion = 12020; Capability = 7.5; Id = "GPU-d1319fc0" ]
	Memory = 40960
...
006 (55668.000.000) 2023-12-03 16:53:41 Image size of job updated: 1561532
	1525  -  MemoryUsage of job (MB)
	1561532  -  ResidentSetSize of job (KB)
...
006 (55668.000.000) 2023-12-03 16:58:41 Image size of job updated: 25816112
	25025  -  MemoryUsage of job (MB)
	25625440  -  ResidentSetSize of job (KB)
...
006 (55668.000.000) 2023-12-03 17:03:42 Image size of job updated: 46475872
	44515  -  MemoryUsage of job (MB)
	45583288  -  ResidentSetSize of job (KB)
...
006 (55668.000.000) 2023-12-03 17:08:43 Image size of job updated: 47590128
	44515  -  MemoryUsage of job (MB)
	45583288  -  ResidentSetSize of job (KB)
...
006 (55668.000.000) 2023-12-03 17:13:43 Image size of job updated: 48744620
	44515  -  MemoryUsage of job (MB)
	45583288  -  ResidentSetSize of job (KB)
...
006 (55668.000.000) 2023-12-03 17:23:44 Image size of job updated: 48744620
	44688  -  MemoryUsage of job (MB)
	45759888  -  ResidentSetSize of job (KB)
...
006 (55668.000.000) 2023-12-03 17:28:44 Image size of job updated: 48744620
	44818  -  MemoryUsage of job (MB)
	45893344  -  ResidentSetSize of job (KB)
...
006 (55668.000.000) 2023-12-03 17:33:44 Image size of job updated: 48744620
	44889  -  MemoryUsage of job (MB)
	45966076  -  ResidentSetSize of job (KB)
...
006 (55668.000.000) 2023-12-03 17:38:45 Image size of job updated: 48744620
	44924  -  MemoryUsage of job (MB)
	46001316  -  ResidentSetSize of job (KB)
...
006 (55668.000.000) 2023-12-03 17:43:46 Image size of job updated: 49018780
	44957  -  MemoryUsage of job (MB)
	46035116  -  ResidentSetSize of job (KB)
...
006 (55668.000.000) 2023-12-03 17:48:46 Image size of job updated: 49018780
	45061  -  MemoryUsage of job (MB)
	46142428  -  ResidentSetSize of job (KB)
...
006 (55668.000.000) 2023-12-03 17:53:47 Image size of job updated: 49018780
	45062  -  MemoryUsage of job (MB)
	46142684  -  ResidentSetSize of job (KB)
...
006 (55668.000.000) 2023-12-03 18:03:48 Image size of job updated: 49018780
	45128  -  MemoryUsage of job (MB)
	46210868  -  ResidentSetSize of job (KB)
...
006 (55668.000.000) 2023-12-03 18:08:48 Image size of job updated: 49018780
	45888  -  MemoryUsage of job (MB)
	46988296  -  ResidentSetSize of job (KB)
...
006 (55668.000.000) 2023-12-03 18:13:49 Image size of job updated: 49018780
	45894  -  MemoryUsage of job (MB)
	46994440  -  ResidentSetSize of job (KB)
...
006 (55668.000.000) 2023-12-03 18:18:49 Image size of job updated: 49690976
	45894  -  MemoryUsage of job (MB)
	46994440  -  ResidentSetSize of job (KB)
...
006 (55668.000.000) 2023-12-03 19:03:54 Image size of job updated: 49690976
	46000  -  MemoryUsage of job (MB)
	47103540  -  ResidentSetSize of job (KB)
...
006 (55668.000.000) 2023-12-03 19:13:54 Image size of job updated: 49877592
	46000  -  MemoryUsage of job (MB)
	47103540  -  ResidentSetSize of job (KB)
...
006 (55668.000.000) 2023-12-03 19:23:56 Image size of job updated: 49879356
	46000  -  MemoryUsage of job (MB)
	47103540  -  ResidentSetSize of job (KB)
...
006 (55668.000.000) 2023-12-03 19:38:58 Image size of job updated: 49879356
	46622  -  MemoryUsage of job (MB)
	47740228  -  ResidentSetSize of job (KB)
...
006 (55668.000.000) 2023-12-03 19:43:58 Image size of job updated: 49879356
	46630  -  MemoryUsage of job (MB)
	47748420  -  ResidentSetSize of job (KB)
...
006 (55668.000.000) 2023-12-03 19:48:58 Image size of job updated: 50159012
	46630  -  MemoryUsage of job (MB)
	47748420  -  ResidentSetSize of job (KB)
...
006 (55668.000.000) 2023-12-03 20:39:03 Image size of job updated: 50346236
	46630  -  MemoryUsage of job (MB)
	47748420  -  ResidentSetSize of job (KB)
...
006 (55668.000.000) 2023-12-03 21:09:05 Image size of job updated: 50486472
	46630  -  MemoryUsage of job (MB)
	47748420  -  ResidentSetSize of job (KB)
...
006 (55668.000.000) 2023-12-03 21:49:10 Image size of job updated: 50711356
	46630  -  MemoryUsage of job (MB)
	47748420  -  ResidentSetSize of job (KB)
...
005 (55668.000.000) 2023-12-03 21:52:45 Job terminated.
	(1) Normal termination (return value 0)
		Usr 0 04:21:48, Sys 0 00:29:56  -  Run Remote Usage
		Usr 0 00:00:00, Sys 0 00:00:00  -  Run Local Usage
		Usr 0 04:21:48, Sys 0 00:29:56  -  Total Remote Usage
		Usr 0 00:00:00, Sys 0 00:00:00  -  Total Local Usage
	0  -  Run Bytes Sent By Job
	0  -  Run Bytes Received By Job
	0  -  Total Bytes Sent By Job
	0  -  Total Bytes Received By Job
	Partitionable Resources :    Usage  Request Allocated Assigned
	   Cpus                 :     1.00        1         1 
	   Disk (KB)            :     1           1   3503172 
	   Gpus (Average)       :     0.78        2         2 "GPU-d1319fc0,GPU-9368d749"
	   GpusMemory (MB)      :   256                       
	   Memory (MB)          : 46630       40960     40960 

	Job terminated of its own accord at 2023-12-04T05:52:45Z with exit-code 0.
...
