000 (55646.000.000) 2023-12-01 19:48:04 Job submitted from host: <140.160.143.130:9618?addrs=140.160.143.130-9618&alias=csci-head.cluster.cs.wwu.edu&noUDP&sock=schedd_1686_08c4>
...
001 (55646.000.000) 2023-12-01 19:48:25 Job executing on host: <140.160.143.174:9618?addrs=140.160.143.174-9618&alias=g-1-2.cluster.cs.wwu.edu&noUDP&sock=startd_22917_bbfc>
	SlotName: slot1_1@g-1-2.cluster.cs.wwu.edu
	AvailableGPUs = { GPUs_GPU_d1319fc0,GPUs_GPU_9368d749 }
	CondorScratchDir = "/scratch_ssd/condor/execute/dir_185553"
	Cpus = 1
	Disk = 3503172
	GPUs = 2
	GPUs_GPU_9368d749 = [ DeviceName = "NVIDIA GeForce RTX 2080 Ti"; DriverVersion = 12.2; ECCEnabled = false; DevicePciBusId = "0000:5E:00.0"; DeviceUuid = "9368d749-39e8-9ebf-d6cf-888cc09d4bf7"; GlobalMemoryMb = 11012; MaxSupportedVersion = 12020; Capability = 7.5; Id = "GPU-9368d749" ]
	GPUs_GPU_d1319fc0 = [ DeviceName = "NVIDIA GeForce RTX 2080 Ti"; DriverVersion = 12.2; ECCEnabled = false; DevicePciBusId = "0000:3B:00.0"; DeviceUuid = "d1319fc0-deb6-6cb0-3eb3-d5cc7e4a4437"; GlobalMemoryMb = 11012; MaxSupportedVersion = 12020; Capability = 7.5; Id = "GPU-d1319fc0" ]
	Memory = 40960
...
006 (55646.000.000) 2023-12-01 19:48:33 Image size of job updated: 1835132
	1793  -  MemoryUsage of job (MB)
	1835132  -  ResidentSetSize of job (KB)
...
006 (55646.000.000) 2023-12-01 19:53:33 Image size of job updated: 32882472
	30272  -  MemoryUsage of job (MB)
	30998080  -  ResidentSetSize of job (KB)
...
004 (55646.000.000) 2023-12-01 19:53:46 Job was evicted.
	(0) CPU times
		Usr 0 00:00:38, Sys 0 00:00:28  -  Run Remote Usage
		Usr 0 00:00:00, Sys 0 00:00:00  -  Run Local Usage
	0  -  Run Bytes Sent By Job
	0  -  Run Bytes Received By Job
	Partitionable Resources :    Usage  Request Allocated Assigned
	   Cpus                 :     0.23        1         1 
	   Disk (KB)            :     1           1   3503172 
	   Gpus (Average)       :     0.06        2         2 "GPU-d1319fc0,GPU-9368d749"
	   GpusMemory (MB)      :   256                       
	   Memory (MB)          : 30272       40960     40960 
...
009 (55646.000.000) 2023-12-01 19:53:46 Job was aborted.
	via condor_rm (by user bullara2)
...
