000 (55648.000.000) 2023-12-01 19:57:05 Job submitted from host: <140.160.143.130:9618?addrs=140.160.143.130-9618&alias=csci-head.cluster.cs.wwu.edu&noUDP&sock=schedd_1686_08c4>
...
001 (55648.000.000) 2023-12-01 19:57:06 Job executing on host: <140.160.143.174:9618?addrs=140.160.143.174-9618&alias=g-1-2.cluster.cs.wwu.edu&noUDP&sock=startd_22917_bbfc>
	SlotName: slot1_1@g-1-2.cluster.cs.wwu.edu
	AvailableGPUs = { GPUs_GPU_d1319fc0,GPUs_GPU_9368d749 }
	CondorScratchDir = "/scratch_ssd/condor/execute/dir_186030"
	Cpus = 1
	Disk = 3503172
	GPUs = 2
	GPUs_GPU_9368d749 = [ DeviceName = "NVIDIA GeForce RTX 2080 Ti"; DriverVersion = 12.2; ECCEnabled = false; DevicePciBusId = "0000:5E:00.0"; DeviceUuid = "9368d749-39e8-9ebf-d6cf-888cc09d4bf7"; GlobalMemoryMb = 11012; MaxSupportedVersion = 12020; Capability = 7.5; Id = "GPU-9368d749" ]
	GPUs_GPU_d1319fc0 = [ DeviceName = "NVIDIA GeForce RTX 2080 Ti"; DriverVersion = 12.2; ECCEnabled = false; DevicePciBusId = "0000:3B:00.0"; DeviceUuid = "d1319fc0-deb6-6cb0-3eb3-d5cc7e4a4437"; GlobalMemoryMb = 11012; MaxSupportedVersion = 12020; Capability = 7.5; Id = "GPU-d1319fc0" ]
	Memory = 40960
...
006 (55648.000.000) 2023-12-01 19:57:14 Image size of job updated: 3316168
	3223  -  MemoryUsage of job (MB)
	3300276  -  ResidentSetSize of job (KB)
...
006 (55648.000.000) 2023-12-01 20:02:14 Image size of job updated: 8233660
	6281  -  MemoryUsage of job (MB)
	6431048  -  ResidentSetSize of job (KB)
...
