[2024-01-31 10:46:22] World size: 2
[2024-01-31 10:46:22] Found GPU 0: _CudaDeviceProperties(name='NVIDIA GeForce RTX 2080 Ti', major=7, minor=5, total_memory=11011MB, multi_processor_count=68)
[2024-01-31 10:46:22] Found GPU 1: _CudaDeviceProperties(name='NVIDIA GeForce RTX 2080 Ti', major=7, minor=5, total_memory=11011MB, multi_processor_count=68)
[2024-01-31 10:46:23] Setting up 1 of 2
[2024-01-31 10:46:24] Initialized main on device: cuda:1 with rank 1
[2024-01-31 10:46:32] Loaded model ll_mb on rank 1 in local epoch 0 | best_loss_g: inf | best_loss_d_closest_to_half: inf | best_loss_d: inf 
[2024-01-31 11:01:41] GPU 1: Epoch 0/100 | Discriminator Loss: -61.004688 | Generator Loss: -3.624440
[2024-01-31 11:16:07] GPU 1: Epoch 1/100 | Discriminator Loss: -61.820892 | Generator Loss: 63.708344
[2024-01-31 11:30:35] GPU 1: Epoch 2/100 | Discriminator Loss: -63.334293 | Generator Loss: 51.097565
[2024-01-31 11:45:02] GPU 1: Epoch 3/100 | Discriminator Loss: -60.705509 | Generator Loss: 35.369507
[2024-01-31 11:59:28] GPU 1: Epoch 4/100 | Discriminator Loss: -53.303757 | Generator Loss: 22.501310
[2024-01-31 12:13:53] GPU 1: Epoch 5/100 | Discriminator Loss: -50.683372 | Generator Loss: -24.119911
[2024-01-31 12:28:16] GPU 1: Epoch 6/100 | Discriminator Loss: -47.288048 | Generator Loss: -34.341393
[2024-01-31 12:42:36] GPU 1: Epoch 7/100 | Discriminator Loss: -53.440926 | Generator Loss: -39.616905
[2024-01-31 12:56:54] GPU 1: Epoch 8/100 | Discriminator Loss: -55.704735 | Generator Loss: -32.418575
[2024-01-31 13:11:13] GPU 1: Epoch 9/100 | Discriminator Loss: -49.469559 | Generator Loss: -33.880211
[2024-01-31 13:25:32] GPU 1: Epoch 10/100 | Discriminator Loss: -50.466217 | Generator Loss: -32.517838
[2024-01-31 13:39:53] GPU 1: Epoch 11/100 | Discriminator Loss: -46.611687 | Generator Loss: -27.995644
[2024-01-31 13:54:15] GPU 1: Epoch 12/100 | Discriminator Loss: -45.276863 | Generator Loss: -25.277174
[2024-01-31 14:08:35] GPU 1: Epoch 13/100 | Discriminator Loss: -36.909973 | Generator Loss: -27.176794
[2024-01-31 14:22:54] GPU 1: Epoch 14/100 | Discriminator Loss: -43.246178 | Generator Loss: -22.679737
[2024-01-31 14:37:13] GPU 1: Epoch 15/100 | Discriminator Loss: -41.228317 | Generator Loss: -22.874014
[2024-01-31 14:51:34] GPU 1: Epoch 16/100 | Discriminator Loss: -40.926228 | Generator Loss: -21.370749
[2024-01-31 15:05:54] GPU 1: Epoch 17/100 | Discriminator Loss: -36.619278 | Generator Loss: -20.806549
[2024-01-31 15:20:13] GPU 1: Epoch 18/100 | Discriminator Loss: -49.742363 | Generator Loss: -20.315470
[2024-01-31 15:34:34] GPU 1: Epoch 19/100 | Discriminator Loss: -45.395149 | Generator Loss: -21.355270
[2024-01-31 15:48:55] GPU 1: Epoch 20/100 | Discriminator Loss: -46.077309 | Generator Loss: -16.047655
[2024-01-31 16:03:16] GPU 1: Epoch 21/100 | Discriminator Loss: -41.826202 | Generator Loss: -11.833988
[2024-01-31 16:17:35] GPU 1: Epoch 22/100 | Discriminator Loss: -39.988934 | Generator Loss: -13.079052
[2024-01-31 16:31:54] GPU 1: Epoch 23/100 | Discriminator Loss: -36.209660 | Generator Loss: -10.851549
[2024-01-31 16:46:14] GPU 1: Epoch 24/100 | Discriminator Loss: -42.151699 | Generator Loss: -14.287787
[2024-01-31 17:00:34] GPU 1: Epoch 25/100 | Discriminator Loss: -38.493244 | Generator Loss: -5.487217
[2024-01-31 17:14:54] GPU 1: Epoch 26/100 | Discriminator Loss: -34.964653 | Generator Loss: -12.244281
[2024-01-31 17:29:13] GPU 1: Epoch 27/100 | Discriminator Loss: -37.790375 | Generator Loss: -7.935527
[2024-01-31 17:43:32] GPU 1: Epoch 28/100 | Discriminator Loss: -40.872215 | Generator Loss: -8.800160
[2024-01-31 17:57:51] GPU 1: Epoch 29/100 | Discriminator Loss: -33.379539 | Generator Loss: -12.325844
[2024-01-31 18:12:09] GPU 1: Epoch 30/100 | Discriminator Loss: -41.157909 | Generator Loss: -9.800620
[2024-01-31 18:26:29] GPU 1: Epoch 31/100 | Discriminator Loss: -46.405750 | Generator Loss: -12.361739
[2024-01-31 18:40:48] GPU 1: Epoch 32/100 | Discriminator Loss: -45.723824 | Generator Loss: -15.911362
[2024-01-31 18:55:07] GPU 1: Epoch 33/100 | Discriminator Loss: -38.491302 | Generator Loss: -14.773987
[2024-01-31 19:09:28] GPU 1: Epoch 34/100 | Discriminator Loss: -37.249664 | Generator Loss: -6.235886
[2024-01-31 19:23:47] GPU 1: Epoch 35/100 | Discriminator Loss: -37.815895 | Generator Loss: -8.828353
[2024-01-31 19:38:07] GPU 1: Epoch 36/100 | Discriminator Loss: -35.631836 | Generator Loss: -20.687222
[2024-01-31 19:52:28] GPU 1: Epoch 37/100 | Discriminator Loss: -41.282551 | Generator Loss: -18.623856
[2024-01-31 20:06:48] GPU 1: Epoch 38/100 | Discriminator Loss: -39.489769 | Generator Loss: -3.595563
[2024-01-31 20:21:08] GPU 1: Epoch 39/100 | Discriminator Loss: -36.726440 | Generator Loss: -8.717827
[2024-01-31 20:35:28] GPU 1: Epoch 40/100 | Discriminator Loss: -36.878784 | Generator Loss: -13.158407
[2024-01-31 20:49:47] GPU 1: Epoch 41/100 | Discriminator Loss: -38.309799 | Generator Loss: -1.272963
[2024-01-31 21:04:06] GPU 1: Epoch 42/100 | Discriminator Loss: -36.380970 | Generator Loss: 3.440675
[2024-01-31 21:18:24] GPU 1: Epoch 43/100 | Discriminator Loss: -35.413540 | Generator Loss: 1.289234
[2024-01-31 21:32:44] GPU 1: Epoch 44/100 | Discriminator Loss: -33.826756 | Generator Loss: -3.527591
[2024-01-31 21:47:05] GPU 1: Epoch 45/100 | Discriminator Loss: -36.267464 | Generator Loss: -6.791926
[2024-01-31 22:01:25] GPU 1: Epoch 46/100 | Discriminator Loss: -34.237541 | Generator Loss: 1.480496
[2024-01-31 22:15:45] GPU 1: Epoch 47/100 | Discriminator Loss: -30.661789 | Generator Loss: -3.268747
[2024-01-31 22:30:03] GPU 1: Epoch 48/100 | Discriminator Loss: -36.630745 | Generator Loss: -6.106728
[2024-01-31 22:44:22] GPU 1: Epoch 49/100 | Discriminator Loss: -36.856152 | Generator Loss: -6.026144
[2024-01-31 22:58:41] GPU 1: Epoch 50/100 | Discriminator Loss: -36.357014 | Generator Loss: -10.389342
[2024-01-31 23:13:02] GPU 1: Epoch 51/100 | Discriminator Loss: -38.790489 | Generator Loss: -2.893600
[2024-01-31 23:27:21] GPU 1: Epoch 52/100 | Discriminator Loss: -28.039425 | Generator Loss: -0.116658
[2024-01-31 23:41:42] GPU 1: Epoch 53/100 | Discriminator Loss: -34.421497 | Generator Loss: -5.993496
[2024-01-31 23:56:02] GPU 1: Epoch 54/100 | Discriminator Loss: -34.927574 | Generator Loss: 3.583059
[2024-02-01 00:10:22] GPU 1: Epoch 55/100 | Discriminator Loss: -30.486317 | Generator Loss: 5.290992
[2024-02-01 00:24:40] GPU 1: Epoch 56/100 | Discriminator Loss: -31.002331 | Generator Loss: 2.417989
[2024-02-01 00:38:58] GPU 1: Epoch 57/100 | Discriminator Loss: -30.470230 | Generator Loss: 5.557901
[2024-02-01 00:53:19] GPU 1: Epoch 58/100 | Discriminator Loss: -35.951920 | Generator Loss: -4.873517
[2024-02-01 01:07:39] GPU 1: Epoch 59/100 | Discriminator Loss: -31.391962 | Generator Loss: 3.098903
[2024-02-01 01:21:56] GPU 1: Epoch 60/100 | Discriminator Loss: -31.445259 | Generator Loss: 2.757301
[2024-02-01 01:36:16] GPU 1: Epoch 61/100 | Discriminator Loss: -29.284357 | Generator Loss: 1.337395
[2024-02-01 01:50:35] GPU 1: Epoch 62/100 | Discriminator Loss: -33.379856 | Generator Loss: 5.414098
[2024-02-01 02:04:55] GPU 1: Epoch 63/100 | Discriminator Loss: -27.173584 | Generator Loss: 6.188588
[2024-02-01 02:19:13] GPU 1: Epoch 64/100 | Discriminator Loss: -29.675018 | Generator Loss: 2.915556
[2024-02-01 02:33:33] GPU 1: Epoch 65/100 | Discriminator Loss: -29.047775 | Generator Loss: 12.044195
[2024-02-01 02:47:53] GPU 1: Epoch 66/100 | Discriminator Loss: -34.474503 | Generator Loss: 1.528904
[2024-02-01 03:02:13] GPU 1: Epoch 67/100 | Discriminator Loss: -28.244987 | Generator Loss: 5.371844
[2024-02-01 03:16:34] GPU 1: Epoch 68/100 | Discriminator Loss: -28.247370 | Generator Loss: 0.958343
[2024-02-01 03:30:54] GPU 1: Epoch 69/100 | Discriminator Loss: -28.692513 | Generator Loss: 7.100030
[2024-02-01 03:45:13] GPU 1: Epoch 70/100 | Discriminator Loss: -27.648809 | Generator Loss: 0.001363
[2024-02-01 03:59:34] GPU 1: Epoch 71/100 | Discriminator Loss: -32.268311 | Generator Loss: 0.508462
[2024-02-01 04:13:54] GPU 1: Epoch 72/100 | Discriminator Loss: -32.231777 | Generator Loss: 0.003204
[2024-02-01 04:28:15] GPU 1: Epoch 73/100 | Discriminator Loss: -26.731087 | Generator Loss: 7.690977
[2024-02-01 04:42:35] GPU 1: Epoch 74/100 | Discriminator Loss: -29.033154 | Generator Loss: 6.952873
[2024-02-01 04:56:57] GPU 1: Epoch 75/100 | Discriminator Loss: -30.215244 | Generator Loss: 5.588821
[2024-02-01 05:11:17] GPU 1: Epoch 76/100 | Discriminator Loss: -28.962227 | Generator Loss: 8.250269
[2024-02-01 05:25:38] GPU 1: Epoch 77/100 | Discriminator Loss: -29.277977 | Generator Loss: 7.018768
[2024-02-01 05:39:59] GPU 1: Epoch 78/100 | Discriminator Loss: -29.094099 | Generator Loss: 6.664780
[2024-02-01 05:54:20] GPU 1: Epoch 79/100 | Discriminator Loss: -23.667507 | Generator Loss: 12.835821
[2024-02-01 06:08:38] GPU 1: Epoch 80/100 | Discriminator Loss: -28.405346 | Generator Loss: 8.847532
[2024-02-01 06:23:00] GPU 1: Epoch 81/100 | Discriminator Loss: -29.731155 | Generator Loss: 3.346020
[2024-02-01 06:37:22] GPU 1: Epoch 82/100 | Discriminator Loss: -33.986618 | Generator Loss: 5.059063
[2024-02-01 06:51:43] GPU 1: Epoch 83/100 | Discriminator Loss: -29.671238 | Generator Loss: 6.563698
[2024-02-01 07:06:02] GPU 1: Epoch 84/100 | Discriminator Loss: -22.811798 | Generator Loss: 3.608886
[2024-02-01 07:20:18] GPU 1: Epoch 85/100 | Discriminator Loss: -28.922676 | Generator Loss: 2.273087
[2024-02-01 07:34:38] GPU 1: Epoch 86/100 | Discriminator Loss: -26.169792 | Generator Loss: 10.101812
[2024-02-01 07:49:00] GPU 1: Epoch 87/100 | Discriminator Loss: -32.137955 | Generator Loss: 4.005340
[2024-02-01 08:03:19] GPU 1: Epoch 88/100 | Discriminator Loss: -28.941677 | Generator Loss: 7.994319
[2024-02-01 08:17:39] GPU 1: Epoch 89/100 | Discriminator Loss: -24.316364 | Generator Loss: 13.449129
[2024-02-01 08:31:56] GPU 1: Epoch 90/100 | Discriminator Loss: -25.785414 | Generator Loss: 5.978078
[2024-02-01 08:46:17] GPU 1: Epoch 91/100 | Discriminator Loss: -26.368862 | Generator Loss: 10.181875
[2024-02-01 09:00:36] GPU 1: Epoch 92/100 | Discriminator Loss: -26.528433 | Generator Loss: 11.412411
[2024-02-01 09:14:53] GPU 1: Epoch 93/100 | Discriminator Loss: -25.347145 | Generator Loss: 6.985324
[2024-02-01 09:29:14] GPU 1: Epoch 94/100 | Discriminator Loss: -29.317650 | Generator Loss: 11.055850
[2024-02-01 09:43:32] GPU 1: Epoch 95/100 | Discriminator Loss: -22.108982 | Generator Loss: 8.443167
[2024-02-01 09:57:53] GPU 1: Epoch 96/100 | Discriminator Loss: -29.593033 | Generator Loss: 15.489807
[2024-02-01 10:12:11] GPU 1: Epoch 97/100 | Discriminator Loss: -30.842518 | Generator Loss: 13.095079
[2024-02-01 10:26:32] GPU 1: Epoch 98/100 | Discriminator Loss: -26.398064 | Generator Loss: 18.456099
[2024-02-01 10:40:51] GPU 1: Epoch 99/100 | Discriminator Loss: -28.263706 | Generator Loss: 14.412596
[2024-01-31 10:46:23] Setting up 0 of 2
[2024-01-31 10:46:24] Initialized main on device: cuda:0 with rank 0
[2024-01-31 10:46:32] Loaded model ll_mb on rank 0 in local epoch 0 | best_loss_g: inf | best_loss_d_closest_to_half: inf | best_loss_d: inf 
[2024-01-31 10:46:37] Saved new best_loss_g checkpoint ll_mb_best_loss_g.pth.tar
[2024-01-31 10:46:37] Saved Epoch 0/100 | Discriminator Loss: 7.776921 | Generator Loss: 0.091701
[2024-01-31 10:46:38] Saved new best_loss_d checkpoint ll_mb_best_loss_d.pth.tar
[2024-01-31 10:46:38] Saved Epoch 0/100 | Discriminator Loss: 7.776921 | Generator Loss: 0.091701
[2024-01-31 10:46:39] Saved new best_loss_d_closest_to_half checkpoint ll_mb_best_loss_d_closest_to_half.pth.tar
[2024-01-31 10:46:39] Saved Epoch 0/100 | Discriminator Loss: 7.776921 | Generator Loss: 0.091701
[2024-01-31 10:46:44] Saved new best_loss_d checkpoint ll_mb_best_loss_d.pth.tar
[2024-01-31 10:46:44] Saved Epoch 0/100 | Discriminator Loss: -16.415573 | Generator Loss: 1.536545
[2024-01-31 10:46:48] Saved new best_loss_d checkpoint ll_mb_best_loss_d.pth.tar
[2024-01-31 10:46:48] Saved Epoch 0/100 | Discriminator Loss: -146.786285 | Generator Loss: 10.474614
[2024-01-31 10:46:53] Saved new best_loss_d checkpoint ll_mb_best_loss_d.pth.tar
[2024-01-31 10:46:53] Saved Epoch 0/100 | Discriminator Loss: -488.556000 | Generator Loss: 30.254290
[2024-01-31 10:46:58] Saved new best_loss_d checkpoint ll_mb_best_loss_d.pth.tar
[2024-01-31 10:46:58] Saved Epoch 0/100 | Discriminator Loss: -734.650146 | Generator Loss: 37.487629
[2024-01-31 10:47:06] Saved new best_loss_d checkpoint ll_mb_best_loss_d.pth.tar
[2024-01-31 10:47:06] Saved Epoch 0/100 | Discriminator Loss: -781.278320 | Generator Loss: 14.925931
[2024-01-31 10:47:15] Saved new best_loss_g checkpoint ll_mb_best_loss_g.pth.tar
[2024-01-31 10:47:15] Saved Epoch 0/100 | Discriminator Loss: -807.182739 | Generator Loss: -14.175306
[2024-01-31 10:47:16] Saved new best_loss_d checkpoint ll_mb_best_loss_d.pth.tar
[2024-01-31 10:47:16] Saved Epoch 0/100 | Discriminator Loss: -807.182739 | Generator Loss: -14.175306
[2024-01-31 10:47:20] Saved new best_loss_g checkpoint ll_mb_best_loss_g.pth.tar
[2024-01-31 10:47:21] Saved Epoch 0/100 | Discriminator Loss: -808.137878 | Generator Loss: -29.624973
[2024-01-31 10:47:22] Saved new best_loss_d checkpoint ll_mb_best_loss_d.pth.tar
[2024-01-31 10:47:22] Saved Epoch 0/100 | Discriminator Loss: -808.137878 | Generator Loss: -29.624973
[2024-01-31 10:47:26] Saved new best_loss_g checkpoint ll_mb_best_loss_g.pth.tar
[2024-01-31 10:47:26] Saved Epoch 0/100 | Discriminator Loss: -775.354309 | Generator Loss: -48.257099
[2024-01-31 10:47:31] Saved new best_loss_g checkpoint ll_mb_best_loss_g.pth.tar
[2024-01-31 10:47:31] Saved Epoch 0/100 | Discriminator Loss: -753.364685 | Generator Loss: -65.906242
[2024-01-31 10:47:36] Saved new best_loss_g checkpoint ll_mb_best_loss_g.pth.tar
[2024-01-31 10:47:36] Saved Epoch 0/100 | Discriminator Loss: -792.470032 | Generator Loss: -83.593887
[2024-01-31 10:47:41] Saved new best_loss_g checkpoint ll_mb_best_loss_g.pth.tar
[2024-01-31 10:47:41] Saved Epoch 0/100 | Discriminator Loss: -719.117310 | Generator Loss: -101.217514
[2024-01-31 10:47:45] Saved new best_loss_g checkpoint ll_mb_best_loss_g.pth.tar
[2024-01-31 10:47:46] Saved Epoch 0/100 | Discriminator Loss: -718.735535 | Generator Loss: -129.417175
[2024-01-31 10:47:50] Saved new best_loss_g checkpoint ll_mb_best_loss_g.pth.tar
[2024-01-31 10:47:50] Saved Epoch 0/100 | Discriminator Loss: -738.249023 | Generator Loss: -155.169922
[2024-01-31 10:47:55] Saved new best_loss_g checkpoint ll_mb_best_loss_g.pth.tar
[2024-01-31 10:47:55] Saved Epoch 0/100 | Discriminator Loss: -725.927307 | Generator Loss: -172.533859
[2024-01-31 10:48:00] Saved new best_loss_g checkpoint ll_mb_best_loss_g.pth.tar
[2024-01-31 10:48:00] Saved Epoch 0/100 | Discriminator Loss: -700.227966 | Generator Loss: -221.835587
[2024-01-31 10:48:05] Saved new best_loss_g checkpoint ll_mb_best_loss_g.pth.tar
[2024-01-31 10:48:05] Saved Epoch 0/100 | Discriminator Loss: -623.690430 | Generator Loss: -224.532623
[2024-01-31 10:48:09] Saved new best_loss_g checkpoint ll_mb_best_loss_g.pth.tar
[2024-01-31 10:48:10] Saved Epoch 0/100 | Discriminator Loss: -577.388611 | Generator Loss: -252.390244
[2024-01-31 10:48:14] Saved new best_loss_g checkpoint ll_mb_best_loss_g.pth.tar
[2024-01-31 10:48:14] Saved Epoch 0/100 | Discriminator Loss: -589.323608 | Generator Loss: -296.970276
[2024-01-31 10:48:23] Saved new best_loss_g checkpoint ll_mb_best_loss_g.pth.tar
[2024-01-31 10:48:23] Saved Epoch 0/100 | Discriminator Loss: -510.387848 | Generator Loss: -329.405548
[2024-01-31 10:48:27] Saved new best_loss_g checkpoint ll_mb_best_loss_g.pth.tar
[2024-01-31 10:48:27] Saved Epoch 0/100 | Discriminator Loss: -504.553101 | Generator Loss: -369.525787
[2024-01-31 10:48:36] Saved new best_loss_g checkpoint ll_mb_best_loss_g.pth.tar
[2024-01-31 10:48:36] Saved Epoch 0/100 | Discriminator Loss: -424.465118 | Generator Loss: -383.543304
[2024-01-31 10:48:40] Saved new best_loss_g checkpoint ll_mb_best_loss_g.pth.tar
[2024-01-31 10:48:41] Saved Epoch 0/100 | Discriminator Loss: -413.507446 | Generator Loss: -394.097290
[2024-01-31 10:48:56] Saved new best_loss_g checkpoint ll_mb_best_loss_g.pth.tar
[2024-01-31 10:48:56] Saved Epoch 0/100 | Discriminator Loss: -328.442505 | Generator Loss: -410.687897
[2024-01-31 11:01:41] GPU 0: Epoch 0/100 | Discriminator Loss: -57.276421 | Generator Loss: -11.432166
[2024-01-31 11:16:07] GPU 0: Epoch 1/100 | Discriminator Loss: -46.550941 | Generator Loss: 58.741608
[2024-01-31 11:30:35] GPU 0: Epoch 2/100 | Discriminator Loss: -57.980865 | Generator Loss: 53.184830
[2024-01-31 11:45:02] GPU 0: Epoch 3/100 | Discriminator Loss: -56.407562 | Generator Loss: 37.182125
[2024-01-31 11:59:28] GPU 0: Epoch 4/100 | Discriminator Loss: -44.763062 | Generator Loss: 25.306488
[2024-01-31 12:13:53] GPU 0: Epoch 5/100 | Discriminator Loss: -57.066071 | Generator Loss: -25.024921
[2024-01-31 12:28:16] GPU 0: Epoch 6/100 | Discriminator Loss: -57.657574 | Generator Loss: -35.039528
[2024-01-31 12:42:36] GPU 0: Epoch 7/100 | Discriminator Loss: -60.080444 | Generator Loss: -44.005104
[2024-01-31 12:56:54] GPU 0: Epoch 8/100 | Discriminator Loss: -49.836269 | Generator Loss: -35.776039
[2024-01-31 13:11:13] GPU 0: Epoch 9/100 | Discriminator Loss: -48.450859 | Generator Loss: -33.919640
[2024-01-31 13:25:33] Saved latest checkpoint ll_mb_latest.pth.tar
[2024-01-31 13:25:33] Saved Epoch 10/100 | Discriminator Loss: -48.776104 | Generator Loss: -31.407631
[2024-01-31 13:39:53] GPU 0: Epoch 11/100 | Discriminator Loss: -54.187523 | Generator Loss: -30.152578
[2024-01-31 13:54:15] GPU 0: Epoch 12/100 | Discriminator Loss: -51.733131 | Generator Loss: -28.756485
[2024-01-31 14:08:35] GPU 0: Epoch 13/100 | Discriminator Loss: -48.018959 | Generator Loss: -27.117687
[2024-01-31 14:22:54] GPU 0: Epoch 14/100 | Discriminator Loss: -52.940708 | Generator Loss: -23.101759
[2024-01-31 14:37:13] GPU 0: Epoch 15/100 | Discriminator Loss: -47.755394 | Generator Loss: -23.117504
[2024-01-31 14:51:34] GPU 0: Epoch 16/100 | Discriminator Loss: -38.665852 | Generator Loss: -21.009434
[2024-01-31 15:05:54] GPU 0: Epoch 17/100 | Discriminator Loss: -42.215424 | Generator Loss: -20.571587
[2024-01-31 15:20:13] GPU 0: Epoch 18/100 | Discriminator Loss: -39.919933 | Generator Loss: -23.766678
[2024-01-31 15:34:34] GPU 0: Epoch 19/100 | Discriminator Loss: -40.964470 | Generator Loss: -21.823729
[2024-01-31 15:48:56] Saved latest checkpoint ll_mb_latest.pth.tar
[2024-01-31 15:48:56] Saved Epoch 20/100 | Discriminator Loss: -40.932014 | Generator Loss: -15.200493
[2024-01-31 16:03:16] GPU 0: Epoch 21/100 | Discriminator Loss: -43.463013 | Generator Loss: -14.534877
[2024-01-31 16:17:35] GPU 0: Epoch 22/100 | Discriminator Loss: -39.529945 | Generator Loss: -13.491970
[2024-01-31 16:31:54] GPU 0: Epoch 23/100 | Discriminator Loss: -40.833626 | Generator Loss: -12.946007
[2024-01-31 16:46:14] GPU 0: Epoch 24/100 | Discriminator Loss: -44.308350 | Generator Loss: -12.961111
[2024-01-31 17:00:34] GPU 0: Epoch 25/100 | Discriminator Loss: -40.196091 | Generator Loss: -6.681108
[2024-01-31 17:14:54] GPU 0: Epoch 26/100 | Discriminator Loss: -46.531750 | Generator Loss: -10.101547
[2024-01-31 17:29:13] GPU 0: Epoch 27/100 | Discriminator Loss: -44.612984 | Generator Loss: -8.535022
[2024-01-31 17:43:32] GPU 0: Epoch 28/100 | Discriminator Loss: -40.998825 | Generator Loss: -9.371534
[2024-01-31 17:57:51] GPU 0: Epoch 29/100 | Discriminator Loss: -44.747742 | Generator Loss: -9.706929
[2024-01-31 18:12:10] Saved latest checkpoint ll_mb_latest.pth.tar
[2024-01-31 18:12:10] Saved Epoch 30/100 | Discriminator Loss: -41.923912 | Generator Loss: -9.758999
[2024-01-31 18:26:29] GPU 0: Epoch 31/100 | Discriminator Loss: -41.292938 | Generator Loss: -10.260317
[2024-01-31 18:40:48] GPU 0: Epoch 32/100 | Discriminator Loss: -41.173885 | Generator Loss: -12.588696
[2024-01-31 18:55:07] GPU 0: Epoch 33/100 | Discriminator Loss: -41.854130 | Generator Loss: -20.009342
[2024-01-31 19:09:28] GPU 0: Epoch 34/100 | Discriminator Loss: -39.630043 | Generator Loss: -7.537742
[2024-01-31 19:23:47] GPU 0: Epoch 35/100 | Discriminator Loss: -47.025612 | Generator Loss: -15.911690
[2024-01-31 19:38:07] GPU 0: Epoch 36/100 | Discriminator Loss: -49.070217 | Generator Loss: -13.959095
[2024-01-31 19:52:28] GPU 0: Epoch 37/100 | Discriminator Loss: -41.830315 | Generator Loss: -15.469681
[2024-01-31 20:06:48] GPU 0: Epoch 38/100 | Discriminator Loss: -38.376244 | Generator Loss: -7.106296
[2024-01-31 20:21:08] GPU 0: Epoch 39/100 | Discriminator Loss: -36.409012 | Generator Loss: -5.923651
[2024-01-31 20:35:29] Saved latest checkpoint ll_mb_latest.pth.tar
[2024-01-31 20:35:29] Saved Epoch 40/100 | Discriminator Loss: -43.463646 | Generator Loss: -11.227600
[2024-01-31 20:49:47] GPU 0: Epoch 41/100 | Discriminator Loss: -43.935196 | Generator Loss: -3.161415
[2024-01-31 21:04:06] GPU 0: Epoch 42/100 | Discriminator Loss: -39.707993 | Generator Loss: 4.359853
[2024-01-31 21:18:24] GPU 0: Epoch 43/100 | Discriminator Loss: -29.065807 | Generator Loss: 2.353539
[2024-01-31 21:32:44] GPU 0: Epoch 44/100 | Discriminator Loss: -42.177441 | Generator Loss: -9.295344
[2024-01-31 21:47:05] GPU 0: Epoch 45/100 | Discriminator Loss: -45.252716 | Generator Loss: -3.300309
[2024-01-31 22:01:25] GPU 0: Epoch 46/100 | Discriminator Loss: -35.876335 | Generator Loss: 0.896379
[2024-01-31 22:15:45] GPU 0: Epoch 47/100 | Discriminator Loss: -33.383980 | Generator Loss: -4.167766
[2024-01-31 22:30:03] GPU 0: Epoch 48/100 | Discriminator Loss: -38.654175 | Generator Loss: -4.795526
[2024-01-31 22:44:22] GPU 0: Epoch 49/100 | Discriminator Loss: -39.010612 | Generator Loss: -20.259800
[2024-01-31 22:58:42] Saved latest checkpoint ll_mb_latest.pth.tar
[2024-01-31 22:58:42] Saved Epoch 50/100 | Discriminator Loss: -37.951229 | Generator Loss: -3.952234
[2024-01-31 23:13:02] GPU 0: Epoch 51/100 | Discriminator Loss: -37.794029 | Generator Loss: -8.699156
[2024-01-31 23:27:21] GPU 0: Epoch 52/100 | Discriminator Loss: -29.201666 | Generator Loss: 1.446317
[2024-01-31 23:41:42] GPU 0: Epoch 53/100 | Discriminator Loss: -36.403236 | Generator Loss: -15.412529
[2024-01-31 23:56:02] GPU 0: Epoch 54/100 | Discriminator Loss: -38.012619 | Generator Loss: 2.838711
[2024-02-01 00:10:22] GPU 0: Epoch 55/100 | Discriminator Loss: -38.109608 | Generator Loss: 6.735698
[2024-02-01 00:24:40] GPU 0: Epoch 56/100 | Discriminator Loss: -22.329140 | Generator Loss: 4.520956
[2024-02-01 00:38:58] GPU 0: Epoch 57/100 | Discriminator Loss: -30.930695 | Generator Loss: 9.016948
[2024-02-01 00:53:19] GPU 0: Epoch 58/100 | Discriminator Loss: -35.262192 | Generator Loss: -5.390634
[2024-02-01 01:07:39] GPU 0: Epoch 59/100 | Discriminator Loss: -28.051422 | Generator Loss: 2.356715
[2024-02-01 01:21:57] Saved latest checkpoint ll_mb_latest.pth.tar
[2024-02-01 01:21:57] Saved Epoch 60/100 | Discriminator Loss: -36.211510 | Generator Loss: 3.368865
[2024-02-01 01:36:16] GPU 0: Epoch 61/100 | Discriminator Loss: -35.484856 | Generator Loss: 1.527041
[2024-02-01 01:50:35] GPU 0: Epoch 62/100 | Discriminator Loss: -28.207254 | Generator Loss: 5.440217
[2024-02-01 02:04:55] GPU 0: Epoch 63/100 | Discriminator Loss: -33.842487 | Generator Loss: 5.252010
[2024-02-01 02:19:13] GPU 0: Epoch 64/100 | Discriminator Loss: -36.969963 | Generator Loss: 1.197910
[2024-02-01 02:33:33] GPU 0: Epoch 65/100 | Discriminator Loss: -36.570759 | Generator Loss: 10.654257
[2024-02-01 02:47:53] GPU 0: Epoch 66/100 | Discriminator Loss: -31.984383 | Generator Loss: 0.098179
[2024-02-01 03:02:13] GPU 0: Epoch 67/100 | Discriminator Loss: -37.136330 | Generator Loss: 6.835243
[2024-02-01 03:03:54] Saved new best_loss_d_closest_to_half checkpoint ll_mb_best_loss_d_closest_to_half.pth.tar
[2024-02-01 03:03:54] Saved Epoch 68/100 | Discriminator Loss: -2.558998 | Generator Loss: 0.841778
[2024-02-01 03:16:34] GPU 0: Epoch 68/100 | Discriminator Loss: -31.598818 | Generator Loss: 1.290864
[2024-02-01 03:30:54] GPU 0: Epoch 69/100 | Discriminator Loss: -30.223314 | Generator Loss: 8.409915
[2024-02-01 03:45:14] Saved latest checkpoint ll_mb_latest.pth.tar
[2024-02-01 03:45:14] Saved Epoch 70/100 | Discriminator Loss: -36.059246 | Generator Loss: 2.390924
[2024-02-01 03:59:34] GPU 0: Epoch 71/100 | Discriminator Loss: -33.263420 | Generator Loss: 3.530411
[2024-02-01 04:13:54] GPU 0: Epoch 72/100 | Discriminator Loss: -26.330317 | Generator Loss: -2.167233
[2024-02-01 04:28:15] GPU 0: Epoch 73/100 | Discriminator Loss: -30.350794 | Generator Loss: 5.575906
[2024-02-01 04:42:35] GPU 0: Epoch 74/100 | Discriminator Loss: -25.621037 | Generator Loss: 7.145184
[2024-02-01 04:56:57] GPU 0: Epoch 75/100 | Discriminator Loss: -32.976330 | Generator Loss: 3.288131
[2024-02-01 05:11:17] GPU 0: Epoch 76/100 | Discriminator Loss: -34.088528 | Generator Loss: 8.921890
[2024-02-01 05:25:38] GPU 0: Epoch 77/100 | Discriminator Loss: -24.711039 | Generator Loss: 4.723857
[2024-02-01 05:39:59] GPU 0: Epoch 78/100 | Discriminator Loss: -30.002178 | Generator Loss: 6.117946
[2024-02-01 05:54:20] GPU 0: Epoch 79/100 | Discriminator Loss: -28.274574 | Generator Loss: 10.954710
[2024-02-01 06:08:39] Saved latest checkpoint ll_mb_latest.pth.tar
[2024-02-01 06:08:39] Saved Epoch 80/100 | Discriminator Loss: -23.206062 | Generator Loss: 6.932794
[2024-02-01 06:23:00] GPU 0: Epoch 81/100 | Discriminator Loss: -37.333130 | Generator Loss: 5.657808
[2024-02-01 06:37:22] GPU 0: Epoch 82/100 | Discriminator Loss: -26.724482 | Generator Loss: 5.225923
[2024-02-01 06:51:43] GPU 0: Epoch 83/100 | Discriminator Loss: -32.641281 | Generator Loss: 2.370874
[2024-02-01 07:06:02] GPU 0: Epoch 84/100 | Discriminator Loss: -28.232327 | Generator Loss: 7.267217
[2024-02-01 07:20:18] GPU 0: Epoch 85/100 | Discriminator Loss: -30.816704 | Generator Loss: 4.213844
[2024-02-01 07:34:38] GPU 0: Epoch 86/100 | Discriminator Loss: -30.847483 | Generator Loss: 8.703494
[2024-02-01 07:49:00] GPU 0: Epoch 87/100 | Discriminator Loss: -30.285606 | Generator Loss: 4.729124
[2024-02-01 08:03:19] GPU 0: Epoch 88/100 | Discriminator Loss: -31.418901 | Generator Loss: 5.456225
[2024-02-01 08:17:39] GPU 0: Epoch 89/100 | Discriminator Loss: -28.144188 | Generator Loss: 12.996085
[2024-02-01 08:31:57] Saved latest checkpoint ll_mb_latest.pth.tar
[2024-02-01 08:31:57] Saved Epoch 90/100 | Discriminator Loss: -29.019459 | Generator Loss: 10.467369
[2024-02-01 08:46:17] GPU 0: Epoch 91/100 | Discriminator Loss: -26.942684 | Generator Loss: 13.576887
[2024-02-01 09:00:36] GPU 0: Epoch 92/100 | Discriminator Loss: -24.483498 | Generator Loss: 10.003376
[2024-02-01 09:14:53] GPU 0: Epoch 93/100 | Discriminator Loss: -25.312857 | Generator Loss: 8.120495
[2024-02-01 09:29:14] GPU 0: Epoch 94/100 | Discriminator Loss: -27.179127 | Generator Loss: 8.437668
[2024-02-01 09:43:32] GPU 0: Epoch 95/100 | Discriminator Loss: -30.633547 | Generator Loss: 10.060155
[2024-02-01 09:57:53] GPU 0: Epoch 96/100 | Discriminator Loss: -29.254181 | Generator Loss: 13.368004
[2024-02-01 10:12:11] GPU 0: Epoch 97/100 | Discriminator Loss: -32.836384 | Generator Loss: 13.008970
[2024-02-01 10:26:32] GPU 0: Epoch 98/100 | Discriminator Loss: -32.298317 | Generator Loss: 22.383606
[2024-02-01 10:40:51] GPU 0: Epoch 99/100 | Discriminator Loss: -19.068266 | Generator Loss: 12.686226
[2024-02-01 10:40:51] Epoch 100/100 | Discriminator Loss: -19.068266 | Generator Loss: 12.686226
[2024-02-01 10:40:51] Saved checkpoint ll_mb_terminated.pth.tar.


[2024-02-05 14:37:50] World size: 2
[2024-02-05 14:37:50] Found GPU 0: _CudaDeviceProperties(name='NVIDIA GeForce RTX 2080 Ti', major=7, minor=5, total_memory=11011MB, multi_processor_count=68)
[2024-02-05 14:37:50] Found GPU 1: _CudaDeviceProperties(name='NVIDIA GeForce RTX 2080 Ti', major=7, minor=5, total_memory=11011MB, multi_processor_count=68)
[2024-02-05 14:37:51] Setting up 1 of 2
[2024-02-05 14:37:51] Initialized main on device: cuda:1 with rank 1
[2024-02-05 14:38:09] Loaded model ll_mb on rank 1 in local epoch 0 | best_loss_g: -410.6878967285156 | best_loss_d_closest_to_half: -2.5589981079101562 | best_loss_d: -808.1378784179688
[2024-02-05 14:55:05] GPU 1: Epoch 0/100 | Discriminator Loss: -29.584026 | Generator Loss: 11.742900
[2024-02-05 15:09:18] GPU 1: Epoch 1/100 | Discriminator Loss: -28.096550 | Generator Loss: 8.236220
[2024-02-05 15:23:29] GPU 1: Epoch 2/100 | Discriminator Loss: -26.309736 | Generator Loss: 13.820847
[2024-02-05 15:37:43] GPU 1: Epoch 3/100 | Discriminator Loss: -27.718328 | Generator Loss: 6.270575
[2024-02-05 15:51:55] GPU 1: Epoch 4/100 | Discriminator Loss: -28.938736 | Generator Loss: 15.900634
[2024-02-05 16:06:07] GPU 1: Epoch 5/100 | Discriminator Loss: -27.213810 | Generator Loss: 15.236267
[2024-02-05 16:20:22] GPU 1: Epoch 6/100 | Discriminator Loss: -29.776857 | Generator Loss: 13.877708
[2024-02-05 16:34:36] GPU 1: Epoch 7/100 | Discriminator Loss: -24.799717 | Generator Loss: 20.060505
[2024-02-05 16:48:49] GPU 1: Epoch 8/100 | Discriminator Loss: -27.209648 | Generator Loss: 14.764616
[2024-02-05 17:03:03] GPU 1: Epoch 9/100 | Discriminator Loss: -22.146057 | Generator Loss: 21.097050
[2024-02-05 17:17:15] GPU 1: Epoch 10/100 | Discriminator Loss: -33.054451 | Generator Loss: 15.712681
[2024-02-05 17:31:27] GPU 1: Epoch 11/100 | Discriminator Loss: -30.196918 | Generator Loss: 20.519104
[2024-02-05 17:45:40] GPU 1: Epoch 12/100 | Discriminator Loss: -30.594460 | Generator Loss: 21.131435
[2024-02-05 17:59:51] GPU 1: Epoch 13/100 | Discriminator Loss: -35.232399 | Generator Loss: 15.187151
[2024-02-05 18:14:02] GPU 1: Epoch 14/100 | Discriminator Loss: -28.112532 | Generator Loss: 19.535847
[2024-02-05 18:28:12] GPU 1: Epoch 15/100 | Discriminator Loss: -23.767403 | Generator Loss: 23.541862
[2024-02-05 18:42:24] GPU 1: Epoch 16/100 | Discriminator Loss: -27.035877 | Generator Loss: 18.588949
[2024-02-05 18:56:37] GPU 1: Epoch 17/100 | Discriminator Loss: -25.580795 | Generator Loss: 24.429363
[2024-02-05 19:10:49] GPU 1: Epoch 18/100 | Discriminator Loss: -19.495705 | Generator Loss: 19.133396
[2024-02-05 19:25:02] GPU 1: Epoch 19/100 | Discriminator Loss: -28.153812 | Generator Loss: 12.017962
[2024-02-05 19:39:15] GPU 1: Epoch 20/100 | Discriminator Loss: -32.017860 | Generator Loss: 10.069831
[2024-02-05 19:53:30] GPU 1: Epoch 21/100 | Discriminator Loss: -20.999285 | Generator Loss: 26.304531
[2024-02-05 20:07:43] GPU 1: Epoch 22/100 | Discriminator Loss: -27.704327 | Generator Loss: 12.334343
[2024-02-05 20:21:55] GPU 1: Epoch 23/100 | Discriminator Loss: -25.673008 | Generator Loss: 18.800653
[2024-02-05 20:36:06] GPU 1: Epoch 24/100 | Discriminator Loss: -27.854147 | Generator Loss: 20.555874
[2024-02-05 20:50:19] GPU 1: Epoch 25/100 | Discriminator Loss: -29.580433 | Generator Loss: 19.555614
[2024-02-05 21:04:31] GPU 1: Epoch 26/100 | Discriminator Loss: -27.124041 | Generator Loss: 13.029132
[2024-02-05 21:18:41] GPU 1: Epoch 27/100 | Discriminator Loss: -30.999126 | Generator Loss: 21.110746
[2024-02-05 21:32:51] GPU 1: Epoch 28/100 | Discriminator Loss: -25.449509 | Generator Loss: 26.769703
[2024-02-05 21:46:58] GPU 1: Epoch 29/100 | Discriminator Loss: -25.174044 | Generator Loss: 19.933987
[2024-02-05 22:01:07] GPU 1: Epoch 30/100 | Discriminator Loss: -26.023424 | Generator Loss: 24.405022
[2024-02-05 22:15:15] GPU 1: Epoch 31/100 | Discriminator Loss: -25.853670 | Generator Loss: 24.563389
[2024-02-05 22:29:24] GPU 1: Epoch 32/100 | Discriminator Loss: -22.124691 | Generator Loss: 27.610281
[2024-02-05 22:43:28] GPU 1: Epoch 33/100 | Discriminator Loss: -28.527788 | Generator Loss: 19.467253
[2024-02-05 22:57:32] GPU 1: Epoch 34/100 | Discriminator Loss: -27.709259 | Generator Loss: 21.098831
[2024-02-05 23:11:36] GPU 1: Epoch 35/100 | Discriminator Loss: -27.202097 | Generator Loss: 19.013687
[2024-02-05 23:25:41] GPU 1: Epoch 36/100 | Discriminator Loss: -25.708252 | Generator Loss: 20.089369
[2024-02-05 23:39:49] GPU 1: Epoch 37/100 | Discriminator Loss: -24.150265 | Generator Loss: 17.302677
[2024-02-05 23:53:56] GPU 1: Epoch 38/100 | Discriminator Loss: -26.626522 | Generator Loss: 21.890684
[2024-02-06 00:08:03] GPU 1: Epoch 39/100 | Discriminator Loss: -17.328833 | Generator Loss: 20.906651
[2024-02-06 00:22:09] GPU 1: Epoch 40/100 | Discriminator Loss: -28.013096 | Generator Loss: 19.597137
[2024-02-06 00:36:16] GPU 1: Epoch 41/100 | Discriminator Loss: -20.384068 | Generator Loss: 21.125771
[2024-02-06 00:50:24] GPU 1: Epoch 42/100 | Discriminator Loss: -22.919806 | Generator Loss: 21.077694
[2024-02-06 01:04:28] GPU 1: Epoch 43/100 | Discriminator Loss: -30.626919 | Generator Loss: 19.539108
[2024-02-06 01:18:32] GPU 1: Epoch 44/100 | Discriminator Loss: -28.063839 | Generator Loss: 18.647022
[2024-02-06 01:32:35] GPU 1: Epoch 45/100 | Discriminator Loss: -30.494514 | Generator Loss: 17.783596
[2024-02-06 01:46:39] GPU 1: Epoch 46/100 | Discriminator Loss: -28.774426 | Generator Loss: 27.337917
[2024-02-06 02:00:42] GPU 1: Epoch 47/100 | Discriminator Loss: -30.936989 | Generator Loss: 18.983263
[2024-02-06 02:14:48] GPU 1: Epoch 48/100 | Discriminator Loss: -24.167334 | Generator Loss: 19.626694
[2024-02-06 02:28:53] GPU 1: Epoch 49/100 | Discriminator Loss: -24.675787 | Generator Loss: 19.210636
[2024-02-06 02:43:00] GPU 1: Epoch 50/100 | Discriminator Loss: -31.141235 | Generator Loss: 23.891724
[2024-02-06 02:57:05] GPU 1: Epoch 51/100 | Discriminator Loss: -20.695032 | Generator Loss: 25.251684
[2024-02-06 03:11:16] GPU 1: Epoch 52/100 | Discriminator Loss: -26.245235 | Generator Loss: 26.237206
[2024-02-06 03:25:25] GPU 1: Epoch 53/100 | Discriminator Loss: -18.762806 | Generator Loss: 23.208014
[2024-02-06 03:39:33] GPU 1: Epoch 54/100 | Discriminator Loss: -31.295918 | Generator Loss: 21.941494
[2024-02-06 03:53:39] GPU 1: Epoch 55/100 | Discriminator Loss: -21.495142 | Generator Loss: 21.853703
[2024-02-06 04:07:47] GPU 1: Epoch 56/100 | Discriminator Loss: -24.158165 | Generator Loss: 24.953671
[2024-02-06 04:21:52] GPU 1: Epoch 57/100 | Discriminator Loss: -25.847334 | Generator Loss: 22.495413
[2024-02-06 04:36:00] GPU 1: Epoch 58/100 | Discriminator Loss: -22.992954 | Generator Loss: 23.070690
[2024-02-06 04:50:07] GPU 1: Epoch 59/100 | Discriminator Loss: -23.608055 | Generator Loss: 21.831451
[2024-02-06 05:04:13] GPU 1: Epoch 60/100 | Discriminator Loss: -22.615963 | Generator Loss: 21.820469
[2024-02-06 05:18:18] GPU 1: Epoch 61/100 | Discriminator Loss: -28.090557 | Generator Loss: 22.828238
[2024-02-06 05:32:24] GPU 1: Epoch 62/100 | Discriminator Loss: -27.903316 | Generator Loss: 22.805599
[2024-02-06 05:46:30] GPU 1: Epoch 63/100 | Discriminator Loss: -28.688972 | Generator Loss: 21.281569
[2024-02-06 06:00:38] GPU 1: Epoch 64/100 | Discriminator Loss: -23.576534 | Generator Loss: 19.100443
[2024-02-06 06:14:45] GPU 1: Epoch 65/100 | Discriminator Loss: -33.494728 | Generator Loss: 22.126644
[2024-02-06 06:28:53] GPU 1: Epoch 66/100 | Discriminator Loss: -24.927338 | Generator Loss: 26.323086
[2024-02-06 06:42:59] GPU 1: Epoch 67/100 | Discriminator Loss: -22.820473 | Generator Loss: 24.362913
[2024-02-06 06:57:06] GPU 1: Epoch 68/100 | Discriminator Loss: -19.728060 | Generator Loss: 23.765812
[2024-02-06 07:11:13] GPU 1: Epoch 69/100 | Discriminator Loss: -29.174068 | Generator Loss: 21.335155
[2024-02-06 07:25:16] GPU 1: Epoch 70/100 | Discriminator Loss: -23.286747 | Generator Loss: 22.435354
[2024-02-06 07:39:21] GPU 1: Epoch 71/100 | Discriminator Loss: -31.128803 | Generator Loss: 19.647539
[2024-02-06 07:53:29] GPU 1: Epoch 72/100 | Discriminator Loss: -21.961868 | Generator Loss: 23.830780
[2024-02-06 08:07:35] GPU 1: Epoch 73/100 | Discriminator Loss: -25.330761 | Generator Loss: 23.633299
[2024-02-06 08:21:42] GPU 1: Epoch 74/100 | Discriminator Loss: -22.095257 | Generator Loss: 22.519524
[2024-02-06 08:35:51] GPU 1: Epoch 75/100 | Discriminator Loss: -25.302044 | Generator Loss: 18.720680
[2024-02-06 08:49:55] GPU 1: Epoch 76/100 | Discriminator Loss: -23.737228 | Generator Loss: 25.846230
[2024-02-06 09:04:00] GPU 1: Epoch 77/100 | Discriminator Loss: -28.030771 | Generator Loss: 19.758575
[2024-02-06 09:18:09] GPU 1: Epoch 78/100 | Discriminator Loss: -23.166073 | Generator Loss: 23.587078
[2024-02-06 09:32:19] GPU 1: Epoch 79/100 | Discriminator Loss: -24.629993 | Generator Loss: 21.703117
[2024-02-06 09:46:28] GPU 1: Epoch 80/100 | Discriminator Loss: -25.587124 | Generator Loss: 22.715109
[2024-02-06 10:00:34] GPU 1: Epoch 81/100 | Discriminator Loss: -25.147568 | Generator Loss: 22.465137
[2024-02-06 10:14:39] GPU 1: Epoch 82/100 | Discriminator Loss: -31.261726 | Generator Loss: 19.180618
[2024-02-06 10:28:48] GPU 1: Epoch 83/100 | Discriminator Loss: -26.338455 | Generator Loss: 22.361691
[2024-02-06 10:42:57] GPU 1: Epoch 84/100 | Discriminator Loss: -22.693935 | Generator Loss: 20.452179
[2024-02-06 10:57:02] GPU 1: Epoch 85/100 | Discriminator Loss: -28.341995 | Generator Loss: 25.287176
[2024-02-06 11:11:10] GPU 1: Epoch 86/100 | Discriminator Loss: -24.081039 | Generator Loss: 28.858173
[2024-02-06 11:25:17] GPU 1: Epoch 87/100 | Discriminator Loss: -28.463867 | Generator Loss: 18.120708
[2024-02-06 11:39:29] GPU 1: Epoch 88/100 | Discriminator Loss: -23.191622 | Generator Loss: 22.244083
[2024-02-06 11:53:35] GPU 1: Epoch 89/100 | Discriminator Loss: -28.985088 | Generator Loss: 20.284773
[2024-02-06 12:07:44] GPU 1: Epoch 90/100 | Discriminator Loss: -23.640091 | Generator Loss: 21.998444
[2024-02-06 12:21:51] GPU 1: Epoch 91/100 | Discriminator Loss: -26.484356 | Generator Loss: 23.669470
[2024-02-06 12:35:58] GPU 1: Epoch 92/100 | Discriminator Loss: -28.591560 | Generator Loss: 18.861759
[2024-02-06 12:50:06] GPU 1: Epoch 93/100 | Discriminator Loss: -29.683208 | Generator Loss: 21.991438
[2024-02-06 13:04:15] GPU 1: Epoch 94/100 | Discriminator Loss: -27.344608 | Generator Loss: 20.413433
[2024-02-06 13:18:23] GPU 1: Epoch 95/100 | Discriminator Loss: -32.635254 | Generator Loss: 18.815716
[2024-02-06 13:32:28] GPU 1: Epoch 96/100 | Discriminator Loss: -27.100254 | Generator Loss: 26.304756
[2024-02-06 13:46:37] GPU 1: Epoch 97/100 | Discriminator Loss: -28.289343 | Generator Loss: 20.335560
[2024-02-06 14:00:43] GPU 1: Epoch 98/100 | Discriminator Loss: -27.344065 | Generator Loss: 17.058184
[2024-02-06 14:14:50] GPU 1: Epoch 99/100 | Discriminator Loss: -28.184052 | Generator Loss: 22.850964
[2024-02-05 14:37:51] Setting up 0 of 2
[2024-02-05 14:37:51] Initialized main on device: cuda:0 with rank 0
[2024-02-05 14:38:09] Loaded model ll_mb on rank 0 in local epoch 0 | best_loss_g: -410.6878967285156 | best_loss_d_closest_to_half: -2.5589981079101562 | best_loss_d: -808.1378784179688
[2024-02-05 14:55:05] GPU 0: Epoch 0/100 | Discriminator Loss: -25.697079 | Generator Loss: 11.382499
[2024-02-05 15:09:18] GPU 0: Epoch 1/100 | Discriminator Loss: -15.024994 | Generator Loss: 12.152938
[2024-02-05 15:23:29] GPU 0: Epoch 2/100 | Discriminator Loss: -24.962223 | Generator Loss: 11.086582
[2024-02-05 15:37:42] GPU 0: Epoch 3/100 | Discriminator Loss: -25.484035 | Generator Loss: 8.713489
[2024-02-05 15:51:55] GPU 0: Epoch 4/100 | Discriminator Loss: -22.643448 | Generator Loss: 17.535908
[2024-02-05 16:06:08] Saved checkpoint ll_mb_streak_5_WFQxU.pth.tar with streak [5, 5]
[2024-02-05 16:06:08] GPU 0: Epoch 5/100 | Discriminator Loss: -28.546434 | Generator Loss: 15.160469
[2024-02-05 16:20:22] GPU 0: Epoch 6/100 | Discriminator Loss: -29.091457 | Generator Loss: 14.417093
[2024-02-05 16:34:36] GPU 0: Epoch 7/100 | Discriminator Loss: -24.495964 | Generator Loss: 19.647427
[2024-02-05 16:48:49] GPU 0: Epoch 8/100 | Discriminator Loss: -21.977488 | Generator Loss: 13.373435
[2024-02-05 17:03:03] GPU 0: Epoch 9/100 | Discriminator Loss: -22.771618 | Generator Loss: 25.524832
[2024-02-05 17:17:16] Saved latest checkpoint ll_mb_latest.pth.tar
[2024-02-05 17:17:16] Saved Epoch 10/100 | Discriminator Loss: -35.146805 | Generator Loss: 11.702078
[2024-02-05 17:31:27] GPU 0: Epoch 11/100 | Discriminator Loss: -27.594166 | Generator Loss: 22.386452
[2024-02-05 17:45:40] GPU 0: Epoch 12/100 | Discriminator Loss: -23.571587 | Generator Loss: 22.529713
[2024-02-05 17:59:51] GPU 0: Epoch 13/100 | Discriminator Loss: -24.332636 | Generator Loss: 10.406978
[2024-02-05 18:14:02] GPU 0: Epoch 14/100 | Discriminator Loss: -29.360165 | Generator Loss: 18.829231
[2024-02-05 18:28:12] GPU 0: Epoch 15/100 | Discriminator Loss: -25.095722 | Generator Loss: 19.077024
[2024-02-05 18:42:24] GPU 0: Epoch 16/100 | Discriminator Loss: -28.730293 | Generator Loss: 18.021238
[2024-02-05 18:56:37] GPU 0: Epoch 17/100 | Discriminator Loss: -28.756744 | Generator Loss: 23.677486
[2024-02-05 19:10:49] GPU 0: Epoch 18/100 | Discriminator Loss: -30.867191 | Generator Loss: 21.004568
[2024-02-05 19:25:03] Saved checkpoint ll_mb_streak_19_wewXT.pth.tar with streak [5, 5]
[2024-02-05 19:25:03] GPU 0: Epoch 19/100 | Discriminator Loss: -29.556807 | Generator Loss: 17.384270
[2024-02-05 19:39:16] Saved latest checkpoint ll_mb_latest.pth.tar
[2024-02-05 19:39:16] Saved Epoch 20/100 | Discriminator Loss: -27.390453 | Generator Loss: 20.428205
[2024-02-05 19:53:30] GPU 0: Epoch 21/100 | Discriminator Loss: -32.110489 | Generator Loss: 28.902039
[2024-02-05 20:07:43] GPU 0: Epoch 22/100 | Discriminator Loss: -30.453228 | Generator Loss: 17.201855
[2024-02-05 20:21:55] GPU 0: Epoch 23/100 | Discriminator Loss: -27.253445 | Generator Loss: 20.391096
[2024-02-05 20:36:06] GPU 0: Epoch 24/100 | Discriminator Loss: -29.192802 | Generator Loss: 22.242153
[2024-02-05 20:50:19] GPU 0: Epoch 25/100 | Discriminator Loss: -32.969791 | Generator Loss: 20.567993
[2024-02-05 21:04:31] GPU 0: Epoch 26/100 | Discriminator Loss: -20.497639 | Generator Loss: 17.476658
[2024-02-05 21:18:41] GPU 0: Epoch 27/100 | Discriminator Loss: -27.010733 | Generator Loss: 20.546469
[2024-02-05 21:32:51] GPU 0: Epoch 28/100 | Discriminator Loss: -27.117229 | Generator Loss: 20.539728
[2024-02-05 21:46:58] GPU 0: Epoch 29/100 | Discriminator Loss: -32.878914 | Generator Loss: 18.114220
[2024-02-05 22:01:08] Saved latest checkpoint ll_mb_latest.pth.tar
[2024-02-05 22:01:08] Saved Epoch 30/100 | Discriminator Loss: -26.906902 | Generator Loss: 26.215530
[2024-02-05 22:15:16] Saved checkpoint ll_mb_streak_31_2aaQB.pth.tar with streak [5, 5]
[2024-02-05 22:15:16] GPU 0: Epoch 31/100 | Discriminator Loss: -28.982651 | Generator Loss: 25.345459
[2024-02-05 22:29:24] GPU 0: Epoch 32/100 | Discriminator Loss: -26.444809 | Generator Loss: 24.170523
[2024-02-05 22:43:28] GPU 0: Epoch 33/100 | Discriminator Loss: -31.324705 | Generator Loss: 23.579847
[2024-02-05 22:57:32] GPU 0: Epoch 34/100 | Discriminator Loss: -27.115154 | Generator Loss: 22.578588
[2024-02-05 23:11:36] GPU 0: Epoch 35/100 | Discriminator Loss: -26.276711 | Generator Loss: 19.953541
[2024-02-05 23:25:42] Saved checkpoint ll_mb_streak_36_ovnkR.pth.tar with streak [5, 5]
[2024-02-05 23:25:43] GPU 0: Epoch 36/100 | Discriminator Loss: -29.026844 | Generator Loss: 21.049822
[2024-02-05 23:39:49] GPU 0: Epoch 37/100 | Discriminator Loss: -26.847912 | Generator Loss: 20.513454
[2024-02-05 23:53:56] GPU 0: Epoch 38/100 | Discriminator Loss: -28.402365 | Generator Loss: 22.973621
[2024-02-06 00:08:03] GPU 0: Epoch 39/100 | Discriminator Loss: -22.876091 | Generator Loss: 21.767025
[2024-02-06 00:22:10] Saved latest checkpoint ll_mb_latest.pth.tar
[2024-02-06 00:22:10] Saved Epoch 40/100 | Discriminator Loss: -33.100025 | Generator Loss: 14.618671
[2024-02-06 00:36:17] Saved checkpoint ll_mb_streak_41_KXRSx.pth.tar with streak [5, 5]
[2024-02-06 00:36:17] GPU 0: Epoch 41/100 | Discriminator Loss: -27.548561 | Generator Loss: 22.238968
[2024-02-06 00:50:24] GPU 0: Epoch 42/100 | Discriminator Loss: -26.169603 | Generator Loss: 22.161377
[2024-02-06 01:04:28] GPU 0: Epoch 43/100 | Discriminator Loss: -24.213955 | Generator Loss: 20.068039
[2024-02-06 01:18:32] GPU 0: Epoch 44/100 | Discriminator Loss: -29.027931 | Generator Loss: 22.738701
[2024-02-06 01:32:35] GPU 0: Epoch 45/100 | Discriminator Loss: -24.998562 | Generator Loss: 15.257713
[2024-02-06 01:46:39] GPU 0: Epoch 46/100 | Discriminator Loss: -28.910110 | Generator Loss: 24.694759
[2024-02-06 02:00:42] GPU 0: Epoch 47/100 | Discriminator Loss: -22.546082 | Generator Loss: 18.416035
[2024-02-06 02:14:48] GPU 0: Epoch 48/100 | Discriminator Loss: -26.375233 | Generator Loss: 18.526794
[2024-02-06 02:28:53] GPU 0: Epoch 49/100 | Discriminator Loss: -37.373211 | Generator Loss: 17.119204
[2024-02-06 02:43:01] Saved latest checkpoint ll_mb_latest.pth.tar
[2024-02-06 02:43:01] Saved Epoch 50/100 | Discriminator Loss: -27.673321 | Generator Loss: 21.601521
[2024-02-06 02:57:05] GPU 0: Epoch 51/100 | Discriminator Loss: -26.576044 | Generator Loss: 24.357254
[2024-02-06 03:11:17] Saved checkpoint ll_mb_streak_52_Ho7Ks.pth.tar with streak [5, 5]
[2024-02-06 03:11:17] GPU 0: Epoch 52/100 | Discriminator Loss: -30.449757 | Generator Loss: 24.702024
[2024-02-06 03:25:25] GPU 0: Epoch 53/100 | Discriminator Loss: -29.133610 | Generator Loss: 21.509062
[2024-02-06 03:39:33] GPU 0: Epoch 54/100 | Discriminator Loss: -30.177345 | Generator Loss: 22.296825
[2024-02-06 03:53:39] GPU 0: Epoch 55/100 | Discriminator Loss: -22.107092 | Generator Loss: 22.211456
[2024-02-06 04:07:47] GPU 0: Epoch 56/100 | Discriminator Loss: -30.336721 | Generator Loss: 22.877655
[2024-02-06 04:21:53] Saved checkpoint ll_mb_streak_57_V3D7F.pth.tar with streak [5, 5]
[2024-02-06 04:21:53] GPU 0: Epoch 57/100 | Discriminator Loss: -33.421165 | Generator Loss: 21.676327
[2024-02-06 04:36:00] GPU 0: Epoch 58/100 | Discriminator Loss: -23.323727 | Generator Loss: 22.503799
[2024-02-06 04:50:07] GPU 0: Epoch 59/100 | Discriminator Loss: -31.265905 | Generator Loss: 21.995399
[2024-02-06 05:04:14] Saved latest checkpoint ll_mb_latest.pth.tar
[2024-02-06 05:04:14] Saved Epoch 60/100 | Discriminator Loss: -29.984245 | Generator Loss: 21.735832
[2024-02-06 05:18:18] GPU 0: Epoch 61/100 | Discriminator Loss: -29.480274 | Generator Loss: 18.910770
[2024-02-06 05:32:25] Saved checkpoint ll_mb_streak_62_aoUuN.pth.tar with streak [5, 5]
[2024-02-06 05:32:25] GPU 0: Epoch 62/100 | Discriminator Loss: -34.149551 | Generator Loss: 23.679916
[2024-02-06 05:46:30] GPU 0: Epoch 63/100 | Discriminator Loss: -25.780704 | Generator Loss: 24.146523
[2024-02-06 06:00:38] GPU 0: Epoch 64/100 | Discriminator Loss: -33.723526 | Generator Loss: 21.286089
[2024-02-06 06:14:45] GPU 0: Epoch 65/100 | Discriminator Loss: -24.122910 | Generator Loss: 22.698246
[2024-02-06 06:28:53] GPU 0: Epoch 66/100 | Discriminator Loss: -27.706623 | Generator Loss: 26.327864
[2024-02-06 06:43:00] Saved checkpoint ll_mb_streak_67_C7HwL.pth.tar with streak [5, 5]
[2024-02-06 06:43:00] GPU 0: Epoch 67/100 | Discriminator Loss: -24.984753 | Generator Loss: 22.660336
[2024-02-06 06:57:06] GPU 0: Epoch 68/100 | Discriminator Loss: -23.718380 | Generator Loss: 22.094679
[2024-02-06 07:11:13] GPU 0: Epoch 69/100 | Discriminator Loss: -29.943546 | Generator Loss: 18.370441
[2024-02-06 07:25:17] Saved latest checkpoint ll_mb_latest.pth.tar
[2024-02-06 07:25:17] Saved Epoch 70/100 | Discriminator Loss: -26.054274 | Generator Loss: 22.004690
[2024-02-06 07:39:21] GPU 0: Epoch 71/100 | Discriminator Loss: -31.211891 | Generator Loss: 20.131222
[2024-02-06 07:53:30] Saved checkpoint ll_mb_streak_72_qQjm2.pth.tar with streak [5, 5]
[2024-02-06 07:53:30] GPU 0: Epoch 72/100 | Discriminator Loss: -28.187901 | Generator Loss: 22.621557
[2024-02-06 08:07:35] GPU 0: Epoch 73/100 | Discriminator Loss: -25.824554 | Generator Loss: 23.073303
[2024-02-06 08:21:42] GPU 0: Epoch 74/100 | Discriminator Loss: -26.284777 | Generator Loss: 23.163565
[2024-02-06 08:35:51] GPU 0: Epoch 75/100 | Discriminator Loss: -30.027273 | Generator Loss: 23.953163
[2024-02-06 08:49:55] GPU 0: Epoch 76/100 | Discriminator Loss: -23.835419 | Generator Loss: 23.567846
[2024-02-06 09:04:01] Saved checkpoint ll_mb_streak_77_qXTuH.pth.tar with streak [5, 5]
[2024-02-06 09:04:01] GPU 0: Epoch 77/100 | Discriminator Loss: -31.159992 | Generator Loss: 20.993116
[2024-02-06 09:18:09] GPU 0: Epoch 78/100 | Discriminator Loss: -26.244638 | Generator Loss: 26.082474
[2024-02-06 09:32:19] GPU 0: Epoch 79/100 | Discriminator Loss: -29.326872 | Generator Loss: 18.620804
[2024-02-06 09:46:28] Saved latest checkpoint ll_mb_latest.pth.tar
[2024-02-06 09:46:28] Saved Epoch 80/100 | Discriminator Loss: -32.503929 | Generator Loss: 20.069660
[2024-02-06 10:00:34] GPU 0: Epoch 81/100 | Discriminator Loss: -28.270634 | Generator Loss: 27.621090
[2024-02-06 10:14:40] Saved checkpoint ll_mb_streak_82_1LyAu.pth.tar with streak [5, 5]
[2024-02-06 10:14:40] GPU 0: Epoch 82/100 | Discriminator Loss: -31.052731 | Generator Loss: 18.433575
[2024-02-06 10:28:48] GPU 0: Epoch 83/100 | Discriminator Loss: -29.464039 | Generator Loss: 18.872740
[2024-02-06 10:42:57] GPU 0: Epoch 84/100 | Discriminator Loss: -33.001431 | Generator Loss: 23.268269
[2024-02-06 10:57:02] GPU 0: Epoch 85/100 | Discriminator Loss: -25.637579 | Generator Loss: 21.856846
[2024-02-06 11:11:10] GPU 0: Epoch 86/100 | Discriminator Loss: -25.312838 | Generator Loss: 30.327902
[2024-02-06 11:25:18] Saved checkpoint ll_mb_streak_87_JtBiP.pth.tar with streak [5, 5]
[2024-02-06 11:25:18] GPU 0: Epoch 87/100 | Discriminator Loss: -32.435913 | Generator Loss: 17.643972
[2024-02-06 11:39:29] GPU 0: Epoch 88/100 | Discriminator Loss: -29.964407 | Generator Loss: 25.086823
[2024-02-06 11:53:35] GPU 0: Epoch 89/100 | Discriminator Loss: -36.028103 | Generator Loss: 12.847467
[2024-02-06 12:07:44] Saved latest checkpoint ll_mb_latest.pth.tar
[2024-02-06 12:07:45] Saved Epoch 90/100 | Discriminator Loss: -33.501583 | Generator Loss: 17.417303
[2024-02-06 12:21:51] GPU 0: Epoch 91/100 | Discriminator Loss: -31.889282 | Generator Loss: 23.825247
[2024-02-06 12:35:59] Saved checkpoint ll_mb_streak_92_adKD8.pth.tar with streak [5, 5]
[2024-02-06 12:35:59] GPU 0: Epoch 92/100 | Discriminator Loss: -34.368294 | Generator Loss: 20.136791
[2024-02-06 12:50:06] GPU 0: Epoch 93/100 | Discriminator Loss: -31.602245 | Generator Loss: 21.916494
[2024-02-06 13:04:15] GPU 0: Epoch 94/100 | Discriminator Loss: -29.118473 | Generator Loss: 18.728935
[2024-02-06 13:18:23] GPU 0: Epoch 95/100 | Discriminator Loss: -31.866550 | Generator Loss: 21.010944
[2024-02-06 13:32:28] GPU 0: Epoch 96/100 | Discriminator Loss: -21.268311 | Generator Loss: 22.924917
[2024-02-06 13:46:38] Saved checkpoint ll_mb_streak_97_u1Gmu.pth.tar with streak [5, 5]
[2024-02-06 13:46:38] GPU 0: Epoch 97/100 | Discriminator Loss: -31.392050 | Generator Loss: 20.407368
[2024-02-06 14:00:43] GPU 0: Epoch 98/100 | Discriminator Loss: -30.389763 | Generator Loss: 16.677473
[2024-02-06 14:14:50] GPU 0: Epoch 99/100 | Discriminator Loss: -26.433411 | Generator Loss: 21.367050
[2024-02-06 14:14:50] Epoch 100/100 | Discriminator Loss: -26.433411 | Generator Loss: 21.367050
[2024-02-06 14:14:51] Saved checkpoint ll_mb_terminated.pth.tar.
[2024-02-12 01:21:04] World size: 2
[2024-02-12 01:21:04] Found GPU 0: _CudaDeviceProperties(name='NVIDIA GeForce RTX 2080 Ti', major=7, minor=5, total_memory=11011MB, multi_processor_count=68)
[2024-02-12 01:21:04] Found GPU 1: _CudaDeviceProperties(name='NVIDIA GeForce RTX 2080 Ti', major=7, minor=5, total_memory=11011MB, multi_processor_count=68)
[2024-02-12 01:21:06] Setting up 0 of 2
[2024-02-12 01:21:06] Setting up 1 of 2
[2024-02-12 01:21:06] Initialized main on device: cuda:0 with rank 0
[2024-02-12 01:21:06] Initialized main on device: cuda:1 with rank 1
[2024-02-12 01:21:07] right before os
[2024-02-12 01:21:07] model_directory: ./models
[2024-02-12 01:21:07] right after os
[2024-02-12 01:21:07] right before os
[2024-02-12 01:21:07] model_directory: ./models
[2024-02-12 01:21:07] right after os
[2024-02-12 01:21:08] we are here now
[2024-02-12 01:21:08] we are here now
[2024-02-12 01:21:23] Loaded model ll_mb on rank 1 in local epoch 0 | best_loss_g: -410.6878967285156 | best_loss_d_closest_to_half: -2.5589981079101562 | best_loss_d: -808.1378784179688
[2024-02-12 01:21:23] Loaded model ll_mb on rank 0 in local epoch 0 | best_loss_g: -410.6878967285156 | best_loss_d_closest_to_half: -2.5589981079101562 | best_loss_d: -808.1378784179688
[2024-02-12 01:38:24] GPU 0: Epoch 0/100 | Discriminator Loss: -36.765553 | Generator Loss: 18.650539
[2024-02-12 01:38:24] GPU 1: Epoch 0/100 | Discriminator Loss: -24.789074 | Generator Loss: 18.533903
[2024-02-12 01:52:41] GPU 0: Epoch 1/100 | Discriminator Loss: -26.623344 | Generator Loss: 24.393211
[2024-02-12 01:52:41] GPU 1: Epoch 1/100 | Discriminator Loss: -20.407948 | Generator Loss: 24.074104
[2024-02-12 02:06:58] GPU 0: Epoch 2/100 | Discriminator Loss: -33.412693 | Generator Loss: 18.991549
[2024-02-12 02:06:58] GPU 1: Epoch 2/100 | Discriminator Loss: -27.070395 | Generator Loss: 15.329336
[2024-02-12 02:21:14] GPU 1: Epoch 3/100 | Discriminator Loss: -22.985329 | Generator Loss: 25.435453
[2024-02-12 02:21:14] GPU 0: Epoch 3/100 | Discriminator Loss: -28.018772 | Generator Loss: 28.125027
[2024-02-12 02:35:31] GPU 1: Epoch 4/100 | Discriminator Loss: -19.179169 | Generator Loss: 21.527479
[2024-02-12 02:35:31] GPU 0: Epoch 4/100 | Discriminator Loss: -30.283083 | Generator Loss: 22.599035
[2024-02-12 02:49:48] GPU 1: Epoch 5/100 | Discriminator Loss: -21.299841 | Generator Loss: 21.928223
[2024-02-12 02:49:49] Saved checkpoint ll_mb_streak_5_X7uCY.pth.tar with streak [5, 5]
[2024-02-12 02:49:49] GPU 0: Epoch 5/100 | Discriminator Loss: -27.357805 | Generator Loss: 18.734156
[2024-02-12 03:04:04] GPU 0: Epoch 6/100 | Discriminator Loss: -28.059547 | Generator Loss: 21.100103
[2024-02-12 03:04:04] GPU 1: Epoch 6/100 | Discriminator Loss: -18.303879 | Generator Loss: 25.206951
[2024-02-12 03:18:20] GPU 1: Epoch 7/100 | Discriminator Loss: -29.809961 | Generator Loss: 16.868172
[2024-02-12 03:18:20] GPU 0: Epoch 7/100 | Discriminator Loss: -28.160780 | Generator Loss: 19.218456
[2024-02-12 03:32:34] GPU 1: Epoch 8/100 | Discriminator Loss: -29.025928 | Generator Loss: 20.145489
[2024-02-12 03:32:34] GPU 0: Epoch 8/100 | Discriminator Loss: -26.497536 | Generator Loss: 19.937950
[2024-02-12 03:46:51] GPU 0: Epoch 9/100 | Discriminator Loss: -19.550381 | Generator Loss: 24.369701
[2024-02-12 03:46:51] GPU 1: Epoch 9/100 | Discriminator Loss: -22.943565 | Generator Loss: 20.826958
[2024-02-12 04:01:07] GPU 1: Epoch 10/100 | Discriminator Loss: -24.857918 | Generator Loss: 19.465401
[2024-02-12 04:01:08] Saved latest checkpoint ll_mb_latest.pth.tar
[2024-02-12 04:01:08] Saved Epoch 10/100 | Discriminator Loss: -36.973236 | Generator Loss: 18.431707
[2024-02-12 04:15:24] GPU 0: Epoch 11/100 | Discriminator Loss: -27.714268 | Generator Loss: 8.199286
[2024-02-12 04:15:24] GPU 1: Epoch 11/100 | Discriminator Loss: -32.167046 | Generator Loss: 15.716205
[2024-02-12 04:29:40] GPU 0: Epoch 12/100 | Discriminator Loss: -30.265820 | Generator Loss: 18.577620
[2024-02-12 04:29:40] GPU 1: Epoch 12/100 | Discriminator Loss: -24.838398 | Generator Loss: 18.166771
[2024-02-12 04:43:54] GPU 1: Epoch 13/100 | Discriminator Loss: -25.272308 | Generator Loss: 16.457817
[2024-02-12 04:43:54] GPU 0: Epoch 13/100 | Discriminator Loss: -34.369415 | Generator Loss: 16.493010
[2024-02-12 04:58:06] GPU 0: Epoch 14/100 | Discriminator Loss: -32.417145 | Generator Loss: 19.013737
[2024-02-12 04:58:06] GPU 1: Epoch 14/100 | Discriminator Loss: -23.007277 | Generator Loss: 16.750875
[2024-02-12 05:12:20] GPU 1: Epoch 15/100 | Discriminator Loss: -28.520258 | Generator Loss: 20.119789
[2024-02-12 05:12:20] GPU 0: Epoch 15/100 | Discriminator Loss: -33.008499 | Generator Loss: 18.391462
[2024-02-12 05:26:34] GPU 0: Epoch 16/100 | Discriminator Loss: -36.278175 | Generator Loss: 11.236648
[2024-02-12 05:26:34] GPU 1: Epoch 16/100 | Discriminator Loss: -28.738781 | Generator Loss: 12.893516
[2024-02-12 05:40:48] GPU 1: Epoch 17/100 | Discriminator Loss: -27.984007 | Generator Loss: 15.274427
[2024-02-12 05:40:49] Saved checkpoint ll_mb_streak_17_sspqQ.pth.tar with streak [5, 5]
[2024-02-12 05:40:49] GPU 0: Epoch 17/100 | Discriminator Loss: -37.179596 | Generator Loss: 18.716290
[2024-02-12 05:55:03] GPU 1: Epoch 18/100 | Discriminator Loss: -23.782402 | Generator Loss: 21.888088
[2024-02-12 05:55:03] GPU 0: Epoch 18/100 | Discriminator Loss: -26.548500 | Generator Loss: 24.946569
[2024-02-12 06:09:18] GPU 0: Epoch 19/100 | Discriminator Loss: -32.958969 | Generator Loss: 12.487265
[2024-02-12 06:09:18] GPU 1: Epoch 19/100 | Discriminator Loss: -29.289446 | Generator Loss: 12.483660
[2024-02-12 06:23:32] GPU 1: Epoch 20/100 | Discriminator Loss: -26.071270 | Generator Loss: 20.028830
[2024-02-12 06:23:33] Saved latest checkpoint ll_mb_latest.pth.tar
[2024-02-12 06:23:33] Saved Epoch 20/100 | Discriminator Loss: -33.568047 | Generator Loss: 18.744492
[2024-02-12 06:37:47] GPU 1: Epoch 21/100 | Discriminator Loss: -21.241688 | Generator Loss: 15.812319
[2024-02-12 06:37:47] GPU 0: Epoch 21/100 | Discriminator Loss: -12.383482 | Generator Loss: 17.311768
[2024-02-12 06:52:01] GPU 0: Epoch 22/100 | Discriminator Loss: -26.715366 | Generator Loss: 18.984768
[2024-02-12 06:52:01] GPU 1: Epoch 22/100 | Discriminator Loss: -26.931633 | Generator Loss: 19.048937
[2024-02-12 07:06:14] GPU 1: Epoch 23/100 | Discriminator Loss: -28.102531 | Generator Loss: 18.818253
[2024-02-12 07:06:14] GPU 0: Epoch 23/100 | Discriminator Loss: -36.402767 | Generator Loss: 16.804668
[2024-02-12 07:20:27] GPU 1: Epoch 24/100 | Discriminator Loss: -31.383532 | Generator Loss: 18.163029
[2024-02-12 07:20:27] GPU 0: Epoch 24/100 | Discriminator Loss: -26.753725 | Generator Loss: 18.853302
[2024-02-12 07:34:42] GPU 0: Epoch 25/100 | Discriminator Loss: -36.549450 | Generator Loss: 11.358885
[2024-02-12 07:34:42] GPU 1: Epoch 25/100 | Discriminator Loss: -32.387867 | Generator Loss: 16.149776
[2024-02-12 07:48:54] GPU 0: Epoch 26/100 | Discriminator Loss: -32.380516 | Generator Loss: 16.703873
[2024-02-12 07:48:54] GPU 1: Epoch 26/100 | Discriminator Loss: -29.420067 | Generator Loss: 15.371776
[2024-02-12 08:03:08] GPU 1: Epoch 27/100 | Discriminator Loss: -27.666718 | Generator Loss: 18.302229
[2024-02-12 08:03:09] Saved checkpoint ll_mb_streak_27_72diN.pth.tar with streak [5, 5]
[2024-02-12 08:03:09] GPU 0: Epoch 27/100 | Discriminator Loss: -36.739414 | Generator Loss: 18.609766
[2024-02-12 08:17:22] GPU 0: Epoch 28/100 | Discriminator Loss: -31.559494 | Generator Loss: 15.586925
[2024-02-12 08:17:22] GPU 1: Epoch 28/100 | Discriminator Loss: -27.859484 | Generator Loss: 16.109093
[2024-02-12 08:31:35] GPU 1: Epoch 29/100 | Discriminator Loss: -22.116053 | Generator Loss: 18.249165
[2024-02-12 08:31:35] GPU 0: Epoch 29/100 | Discriminator Loss: -25.875629 | Generator Loss: 18.047430
[2024-02-12 08:45:50] GPU 1: Epoch 30/100 | Discriminator Loss: -29.425880 | Generator Loss: 18.944246
[2024-02-12 08:45:50] Saved latest checkpoint ll_mb_latest.pth.tar
[2024-02-12 08:45:51] Saved Epoch 30/100 | Discriminator Loss: -33.042233 | Generator Loss: 15.181919
[2024-02-12 09:00:04] GPU 0: Epoch 31/100 | Discriminator Loss: -27.121325 | Generator Loss: 23.100357
[2024-02-12 09:00:04] GPU 1: Epoch 31/100 | Discriminator Loss: -22.200294 | Generator Loss: 17.305038
[2024-02-12 09:14:19] GPU 1: Epoch 32/100 | Discriminator Loss: -23.527672 | Generator Loss: 16.526806
[2024-02-12 09:14:20] Saved checkpoint ll_mb_streak_32_OlzeF.pth.tar with streak [5, 5]
[2024-02-12 09:14:20] GPU 0: Epoch 32/100 | Discriminator Loss: -24.789955 | Generator Loss: 16.896851
[2024-02-12 09:28:33] GPU 0: Epoch 33/100 | Discriminator Loss: -32.599232 | Generator Loss: 18.594368
[2024-02-12 09:28:33] GPU 1: Epoch 33/100 | Discriminator Loss: -28.534611 | Generator Loss: 17.260740
[2024-02-12 09:42:48] GPU 1: Epoch 34/100 | Discriminator Loss: -28.152769 | Generator Loss: 18.716108
[2024-02-12 09:42:48] GPU 0: Epoch 34/100 | Discriminator Loss: -26.379011 | Generator Loss: 21.317654
[2024-02-12 09:57:02] GPU 0: Epoch 35/100 | Discriminator Loss: -30.867630 | Generator Loss: 18.298725
[2024-02-12 09:57:02] GPU 1: Epoch 35/100 | Discriminator Loss: -28.027090 | Generator Loss: 18.859554
[2024-02-12 10:11:16] GPU 1: Epoch 36/100 | Discriminator Loss: -27.233713 | Generator Loss: 20.627132
[2024-02-12 10:11:16] GPU 0: Epoch 36/100 | Discriminator Loss: -37.024597 | Generator Loss: 18.102728
[2024-02-12 10:25:31] GPU 1: Epoch 37/100 | Discriminator Loss: -34.649857 | Generator Loss: 17.263315
[2024-02-12 10:25:32] Saved checkpoint ll_mb_streak_37_ah8yW.pth.tar with streak [5, 5]
[2024-02-12 10:25:32] GPU 0: Epoch 37/100 | Discriminator Loss: -33.812733 | Generator Loss: 19.475357
[2024-02-12 10:39:45] GPU 1: Epoch 38/100 | Discriminator Loss: -30.210705 | Generator Loss: 12.924625
[2024-02-12 10:39:45] GPU 0: Epoch 38/100 | Discriminator Loss: -32.880505 | Generator Loss: 13.866861
[2024-02-12 10:53:58] GPU 0: Epoch 39/100 | Discriminator Loss: -26.135475 | Generator Loss: 17.895103
[2024-02-12 10:53:58] GPU 1: Epoch 39/100 | Discriminator Loss: -28.394783 | Generator Loss: 17.009035
[2024-02-12 11:08:10] GPU 1: Epoch 40/100 | Discriminator Loss: -26.603024 | Generator Loss: 17.092051
[2024-02-12 11:08:11] Saved latest checkpoint ll_mb_latest.pth.tar
[2024-02-12 11:08:11] Saved Epoch 40/100 | Discriminator Loss: -21.414198 | Generator Loss: 17.472185
[2024-02-12 11:22:26] GPU 1: Epoch 41/100 | Discriminator Loss: -29.026976 | Generator Loss: 16.629669
[2024-02-12 11:22:26] GPU 0: Epoch 41/100 | Discriminator Loss: -31.884590 | Generator Loss: 16.512007
[2024-02-12 11:36:38] GPU 1: Epoch 42/100 | Discriminator Loss: -25.485062 | Generator Loss: 15.760382
[2024-02-12 11:36:39] Saved checkpoint ll_mb_streak_42_geyrV.pth.tar with streak [5, 5]
[2024-02-12 11:36:39] GPU 0: Epoch 42/100 | Discriminator Loss: -25.987202 | Generator Loss: 21.032019
[2024-02-12 11:50:53] GPU 1: Epoch 43/100 | Discriminator Loss: -30.722143 | Generator Loss: 18.020119
[2024-02-12 11:50:53] GPU 0: Epoch 43/100 | Discriminator Loss: -30.756708 | Generator Loss: 17.791695
[2024-02-12 12:05:07] GPU 0: Epoch 44/100 | Discriminator Loss: -27.125860 | Generator Loss: 24.967894
[2024-02-12 12:05:07] GPU 1: Epoch 44/100 | Discriminator Loss: -25.459423 | Generator Loss: 16.444002
[2024-02-12 12:19:19] GPU 1: Epoch 45/100 | Discriminator Loss: -19.567175 | Generator Loss: 14.027041
[2024-02-12 12:19:19] GPU 0: Epoch 45/100 | Discriminator Loss: -34.765224 | Generator Loss: 15.988377
[2024-02-12 12:33:33] GPU 1: Epoch 46/100 | Discriminator Loss: -25.647892 | Generator Loss: 18.238422
[2024-02-12 12:33:33] GPU 0: Epoch 46/100 | Discriminator Loss: -33.336872 | Generator Loss: 17.950903
[2024-02-12 12:47:48] GPU 1: Epoch 47/100 | Discriminator Loss: -25.287563 | Generator Loss: 15.608661
[2024-02-12 12:47:49] Saved checkpoint ll_mb_streak_47_DV8yT.pth.tar with streak [5, 5]
[2024-02-12 12:47:49] GPU 0: Epoch 47/100 | Discriminator Loss: -31.616497 | Generator Loss: 16.395580
[2024-02-12 13:02:03] GPU 1: Epoch 48/100 | Discriminator Loss: -26.072607 | Generator Loss: 16.781303
[2024-02-12 13:02:03] GPU 0: Epoch 48/100 | Discriminator Loss: -32.259384 | Generator Loss: 20.943050
[2024-02-12 13:16:17] GPU 0: Epoch 49/100 | Discriminator Loss: -35.203190 | Generator Loss: 12.753698
[2024-02-12 13:16:17] GPU 1: Epoch 49/100 | Discriminator Loss: -24.697258 | Generator Loss: 20.027111
[2024-02-12 13:30:32] GPU 1: Epoch 50/100 | Discriminator Loss: -27.756956 | Generator Loss: 9.238663
[2024-02-12 13:30:33] Saved latest checkpoint ll_mb_latest.pth.tar
[2024-02-12 13:30:33] Saved Epoch 50/100 | Discriminator Loss: -33.223717 | Generator Loss: 14.268008
[2024-02-12 13:44:47] GPU 1: Epoch 51/100 | Discriminator Loss: -25.960836 | Generator Loss: 18.775764
[2024-02-12 13:44:47] GPU 0: Epoch 51/100 | Discriminator Loss: -34.418320 | Generator Loss: 17.081203
[2024-02-12 13:59:00] GPU 1: Epoch 52/100 | Discriminator Loss: -25.322369 | Generator Loss: 15.590343
[2024-02-12 13:59:01] Saved checkpoint ll_mb_streak_52_4006X.pth.tar with streak [5, 5]
[2024-02-12 13:59:01] GPU 0: Epoch 52/100 | Discriminator Loss: -30.871964 | Generator Loss: 15.136267
[2024-02-12 14:13:16] GPU 0: Epoch 53/100 | Discriminator Loss: -37.308701 | Generator Loss: 9.528385
[2024-02-12 14:13:16] GPU 1: Epoch 53/100 | Discriminator Loss: -19.325672 | Generator Loss: 10.829407
[2024-02-12 14:27:30] GPU 1: Epoch 54/100 | Discriminator Loss: -29.984512 | Generator Loss: 16.693733
[2024-02-12 14:27:30] GPU 0: Epoch 54/100 | Discriminator Loss: -26.799759 | Generator Loss: 19.729483
[2024-02-12 14:41:44] GPU 0: Epoch 55/100 | Discriminator Loss: -35.199017 | Generator Loss: 14.956107
[2024-02-12 14:41:44] GPU 1: Epoch 55/100 | Discriminator Loss: -24.863720 | Generator Loss: 11.735975
[2024-02-12 14:55:56] GPU 0: Epoch 56/100 | Discriminator Loss: -23.604250 | Generator Loss: 13.064979
[2024-02-12 14:55:56] GPU 1: Epoch 56/100 | Discriminator Loss: -22.408875 | Generator Loss: 15.779024
[2024-02-12 15:10:09] GPU 0: Epoch 57/100 | Discriminator Loss: -27.788177 | Generator Loss: 11.993517
[2024-02-12 15:10:09] GPU 1: Epoch 57/100 | Discriminator Loss: -28.865604 | Generator Loss: 12.946777
[2024-02-12 15:24:24] GPU 1: Epoch 58/100 | Discriminator Loss: -28.006413 | Generator Loss: 15.155990
[2024-02-12 15:24:24] GPU 0: Epoch 58/100 | Discriminator Loss: -24.844780 | Generator Loss: 16.630772
[2024-02-12 15:38:38] GPU 0: Epoch 59/100 | Discriminator Loss: -35.359604 | Generator Loss: 20.167711
[2024-02-12 15:38:38] GPU 1: Epoch 59/100 | Discriminator Loss: -29.111954 | Generator Loss: 14.454443
[2024-02-12 15:52:50] GPU 1: Epoch 60/100 | Discriminator Loss: -28.920876 | Generator Loss: 14.682724
[2024-02-12 15:52:51] Saved latest checkpoint ll_mb_latest.pth.tar
[2024-02-12 15:52:51] Saved Epoch 60/100 | Discriminator Loss: -33.453781 | Generator Loss: 16.275993
[2024-02-12 16:07:06] GPU 0: Epoch 61/100 | Discriminator Loss: -29.362795 | Generator Loss: 18.756865
[2024-02-12 16:07:06] GPU 1: Epoch 61/100 | Discriminator Loss: -28.093880 | Generator Loss: 17.457985
[2024-02-12 16:21:20] GPU 0: Epoch 62/100 | Discriminator Loss: -21.568192 | Generator Loss: 14.985499
[2024-02-12 16:21:20] GPU 1: Epoch 62/100 | Discriminator Loss: -36.841393 | Generator Loss: 15.216087
[2024-02-12 16:35:35] GPU 0: Epoch 63/100 | Discriminator Loss: -24.675797 | Generator Loss: 17.356911
[2024-02-12 16:35:35] GPU 1: Epoch 63/100 | Discriminator Loss: -19.033821 | Generator Loss: 15.662687
[2024-02-12 16:49:49] GPU 0: Epoch 64/100 | Discriminator Loss: -28.668198 | Generator Loss: 18.537235
[2024-02-12 16:49:49] GPU 1: Epoch 64/100 | Discriminator Loss: -28.978659 | Generator Loss: 15.692245
[2024-02-12 17:04:04] GPU 0: Epoch 65/100 | Discriminator Loss: -39.472000 | Generator Loss: 18.142166
[2024-02-12 17:04:04] GPU 1: Epoch 65/100 | Discriminator Loss: -30.429668 | Generator Loss: 16.020184
[2024-02-12 17:18:18] GPU 1: Epoch 66/100 | Discriminator Loss: -29.676401 | Generator Loss: 20.721821
[2024-02-12 17:18:18] GPU 0: Epoch 66/100 | Discriminator Loss: -32.116730 | Generator Loss: 20.472443
[2024-02-12 17:32:31] GPU 1: Epoch 67/100 | Discriminator Loss: -22.839531 | Generator Loss: 17.486177
[2024-02-12 17:32:31] GPU 0: Epoch 67/100 | Discriminator Loss: -31.601170 | Generator Loss: 20.507893
[2024-02-12 17:46:45] GPU 0: Epoch 68/100 | Discriminator Loss: -26.142700 | Generator Loss: 15.615318
[2024-02-12 17:46:45] GPU 1: Epoch 68/100 | Discriminator Loss: -29.408800 | Generator Loss: 12.853382
[2024-02-12 18:00:59] GPU 1: Epoch 69/100 | Discriminator Loss: -26.825735 | Generator Loss: 17.171936
[2024-02-12 18:00:59] GPU 0: Epoch 69/100 | Discriminator Loss: -30.091911 | Generator Loss: 16.654013
[2024-02-12 18:15:13] GPU 1: Epoch 70/100 | Discriminator Loss: -24.772676 | Generator Loss: 18.569977
[2024-02-12 18:15:14] Saved latest checkpoint ll_mb_latest.pth.tar
[2024-02-12 18:15:14] Saved Epoch 70/100 | Discriminator Loss: -26.535755 | Generator Loss: 15.349518
[2024-02-12 18:29:30] GPU 0: Epoch 71/100 | Discriminator Loss: -23.334024 | Generator Loss: 12.542229
[2024-02-12 18:29:30] GPU 1: Epoch 71/100 | Discriminator Loss: -27.326557 | Generator Loss: 11.322227
[2024-02-12 18:43:45] GPU 1: Epoch 72/100 | Discriminator Loss: -30.175697 | Generator Loss: 21.015465
[2024-02-12 18:43:45] GPU 0: Epoch 72/100 | Discriminator Loss: -36.495338 | Generator Loss: 21.628845
[2024-02-12 18:58:00] GPU 1: Epoch 73/100 | Discriminator Loss: -28.072653 | Generator Loss: 19.944214
[2024-02-12 18:58:00] GPU 0: Epoch 73/100 | Discriminator Loss: -38.356853 | Generator Loss: 12.224579
[2024-02-12 19:12:14] GPU 1: Epoch 74/100 | Discriminator Loss: -28.741602 | Generator Loss: 15.068403
[2024-02-12 19:12:14] GPU 0: Epoch 74/100 | Discriminator Loss: -27.325741 | Generator Loss: 22.865631
[2024-02-12 19:26:28] GPU 0: Epoch 75/100 | Discriminator Loss: -37.206657 | Generator Loss: 17.918003
[2024-02-12 19:26:28] GPU 1: Epoch 75/100 | Discriminator Loss: -24.587502 | Generator Loss: 12.774135
[2024-02-12 19:40:42] GPU 0: Epoch 76/100 | Discriminator Loss: -17.260643 | Generator Loss: 15.626124
[2024-02-12 19:40:42] GPU 1: Epoch 76/100 | Discriminator Loss: -31.325251 | Generator Loss: 15.898555
[2024-02-12 19:54:57] GPU 1: Epoch 77/100 | Discriminator Loss: -31.543674 | Generator Loss: 17.965809
[2024-02-12 19:54:57] GPU 0: Epoch 77/100 | Discriminator Loss: -13.675591 | Generator Loss: 17.470081
[2024-02-12 20:09:10] GPU 1: Epoch 78/100 | Discriminator Loss: -29.712116 | Generator Loss: 17.260460
[2024-02-12 20:09:10] GPU 0: Epoch 78/100 | Discriminator Loss: -24.230267 | Generator Loss: 17.363041
[2024-02-12 20:23:22] GPU 0: Epoch 79/100 | Discriminator Loss: -40.335243 | Generator Loss: 15.498603
[2024-02-12 20:23:22] GPU 1: Epoch 79/100 | Discriminator Loss: -26.536564 | Generator Loss: 12.042841
[2024-02-12 20:37:35] GPU 1: Epoch 80/100 | Discriminator Loss: -31.091030 | Generator Loss: 13.947796
[2024-02-12 20:37:36] Saved latest checkpoint ll_mb_latest.pth.tar
[2024-02-12 20:37:36] Saved Epoch 80/100 | Discriminator Loss: -39.381783 | Generator Loss: 12.955606
[2024-02-12 20:51:50] GPU 1: Epoch 81/100 | Discriminator Loss: -31.086830 | Generator Loss: 16.062666
[2024-02-12 20:51:50] GPU 0: Epoch 81/100 | Discriminator Loss: -35.819504 | Generator Loss: 16.052834
[2024-02-12 21:06:04] GPU 1: Epoch 82/100 | Discriminator Loss: -30.015644 | Generator Loss: 17.048439
[2024-02-12 21:06:04] GPU 0: Epoch 82/100 | Discriminator Loss: -30.148754 | Generator Loss: 20.726604
[2024-02-12 21:20:19] GPU 1: Epoch 83/100 | Discriminator Loss: -25.653234 | Generator Loss: 19.260588
[2024-02-12 21:20:19] GPU 0: Epoch 83/100 | Discriminator Loss: -32.131031 | Generator Loss: 18.711594
[2024-02-12 21:34:33] GPU 1: Epoch 84/100 | Discriminator Loss: -30.098467 | Generator Loss: 14.792152
[2024-02-12 21:34:34] Saved checkpoint ll_mb_streak_84_nRfRi.pth.tar with streak [5, 5]
[2024-02-12 21:34:34] GPU 0: Epoch 84/100 | Discriminator Loss: -31.684994 | Generator Loss: 18.850521
[2024-02-12 21:48:49] GPU 1: Epoch 85/100 | Discriminator Loss: -29.220957 | Generator Loss: 14.603465
[2024-02-12 21:48:49] GPU 0: Epoch 85/100 | Discriminator Loss: -35.123577 | Generator Loss: 18.928940
[2024-02-12 22:03:03] GPU 1: Epoch 86/100 | Discriminator Loss: -28.256416 | Generator Loss: 16.960402
[2024-02-12 22:03:03] GPU 0: Epoch 86/100 | Discriminator Loss: -36.560532 | Generator Loss: 16.373075
[2024-02-12 22:17:18] GPU 0: Epoch 87/100 | Discriminator Loss: -25.391499 | Generator Loss: 17.495049
[2024-02-12 22:17:18] GPU 1: Epoch 87/100 | Discriminator Loss: -29.062857 | Generator Loss: 17.474392
[2024-02-12 22:31:32] GPU 1: Epoch 88/100 | Discriminator Loss: -20.103987 | Generator Loss: 22.079807
[2024-02-12 22:31:32] GPU 0: Epoch 88/100 | Discriminator Loss: -33.142525 | Generator Loss: 23.165447
[2024-02-12 22:45:46] GPU 0: Epoch 89/100 | Discriminator Loss: -41.359173 | Generator Loss: 17.830072
[2024-02-12 22:45:46] GPU 1: Epoch 89/100 | Discriminator Loss: -29.348982 | Generator Loss: 18.276340
[2024-02-12 23:00:01] GPU 1: Epoch 90/100 | Discriminator Loss: -31.580770 | Generator Loss: 19.908504
[2024-02-12 23:00:02] Saved latest checkpoint ll_mb_latest.pth.tar
[2024-02-12 23:00:02] Saved Epoch 90/100 | Discriminator Loss: -19.833874 | Generator Loss: 17.253860
[2024-02-12 23:14:17] GPU 0: Epoch 91/100 | Discriminator Loss: -23.467852 | Generator Loss: 15.228804
[2024-02-12 23:14:17] GPU 1: Epoch 91/100 | Discriminator Loss: -27.346968 | Generator Loss: 17.507725
[2024-02-12 23:28:32] GPU 1: Epoch 92/100 | Discriminator Loss: -25.939610 | Generator Loss: 20.448757
[2024-02-12 23:28:32] GPU 0: Epoch 92/100 | Discriminator Loss: -30.889767 | Generator Loss: 19.011196
[2024-02-12 23:42:47] GPU 0: Epoch 93/100 | Discriminator Loss: -39.325832 | Generator Loss: 22.936695
[2024-02-12 23:42:47] GPU 1: Epoch 93/100 | Discriminator Loss: -28.362095 | Generator Loss: 23.758230
[2024-02-12 23:56:59] GPU 0: Epoch 94/100 | Discriminator Loss: -37.510063 | Generator Loss: 17.190708
[2024-02-12 23:56:59] GPU 1: Epoch 94/100 | Discriminator Loss: -28.608269 | Generator Loss: 17.897160
[2024-02-13 01:52:26] World size: 2
[2024-02-13 01:52:26] Found GPU 0: _CudaDeviceProperties(name='NVIDIA GeForce RTX 2080 Ti', major=7, minor=5, total_memory=11011MB, multi_processor_count=68)
[2024-02-13 01:52:26] Found GPU 1: _CudaDeviceProperties(name='NVIDIA GeForce RTX 2080 Ti', major=7, minor=5, total_memory=11011MB, multi_processor_count=68)
[2024-02-13 01:52:28] Setting up 1 of 2
[2024-02-13 01:52:28] Setting up 0 of 2
[2024-02-13 01:52:28] Initialized main on device: cuda:0 with rank 0
[2024-02-13 01:52:28] Initialized main on device: cuda:1 with rank 1
[2024-02-13 01:52:29] right before os
[2024-02-13 01:52:29] right before os
[2024-02-13 01:52:29] model_directory: ./models
[2024-02-13 01:52:29] model_directory: ./models
[2024-02-13 01:52:29] right after os
[2024-02-13 01:52:29] right after os
[2024-02-13 01:52:30] we are here now
[2024-02-13 01:52:30] we are here now
[2024-02-13 01:52:48] Loaded model ll_mb on rank 0 in local epoch 0 | best_loss_g: -410.6878967285156 | best_loss_d_closest_to_half: -2.5589981079101562 | best_loss_d: -808.1378784179688
[2024-02-13 01:52:48] Loaded model ll_mb on rank 1 in local epoch 0 | best_loss_g: -410.6878967285156 | best_loss_d_closest_to_half: -2.5589981079101562 | best_loss_d: -808.1378784179688
[2024-02-13 02:09:09] GPU 0: Epoch 0/100 | Discriminator Loss: -33.984577 | Generator Loss: 14.143906
[2024-02-13 02:09:09] GPU 1: Epoch 0/100 | Discriminator Loss: -23.944813 | Generator Loss: 15.063182
[2024-02-13 02:22:49] GPU 1: Epoch 1/100 | Discriminator Loss: -26.457159 | Generator Loss: 18.230106
[2024-02-13 02:22:49] GPU 0: Epoch 1/100 | Discriminator Loss: -29.775526 | Generator Loss: 17.519211
[2024-02-13 02:36:23] GPU 1: Epoch 2/100 | Discriminator Loss: -32.516102 | Generator Loss: 15.928970
[2024-02-13 02:36:23] GPU 0: Epoch 2/100 | Discriminator Loss: -37.500404 | Generator Loss: 15.007149
[2024-02-13 02:49:58] GPU 0: Epoch 3/100 | Discriminator Loss: -46.542889 | Generator Loss: 15.444468
[2024-02-13 02:49:58] GPU 1: Epoch 3/100 | Discriminator Loss: -29.606464 | Generator Loss: 13.511215
[2024-02-13 03:03:31] GPU 0: Epoch 4/100 | Discriminator Loss: -36.112938 | Generator Loss: 19.090897
[2024-02-13 03:03:31] GPU 1: Epoch 4/100 | Discriminator Loss: -23.675594 | Generator Loss: 19.462370
[2024-02-13 03:17:04] GPU 1: Epoch 5/100 | Discriminator Loss: -32.390926 | Generator Loss: 17.489738
[2024-02-13 03:17:04] GPU 0: Epoch 5/100 | Discriminator Loss: -21.515743 | Generator Loss: 16.577061
[2024-02-13 03:30:33] GPU 1: Epoch 6/100 | Discriminator Loss: -22.988102 | Generator Loss: 20.979000
[2024-02-13 03:30:33] GPU 0: Epoch 6/100 | Discriminator Loss: -27.269926 | Generator Loss: 17.696701
[2024-02-13 03:44:03] GPU 1: Epoch 7/100 | Discriminator Loss: -27.133034 | Generator Loss: 15.928839
[2024-02-13 03:44:03] GPU 0: Epoch 7/100 | Discriminator Loss: -32.366638 | Generator Loss: 14.024470
[2024-02-13 03:57:33] GPU 0: Epoch 8/100 | Discriminator Loss: -30.188257 | Generator Loss: 17.443295
[2024-02-13 03:57:33] GPU 1: Epoch 8/100 | Discriminator Loss: -24.785599 | Generator Loss: 18.371393
[2024-02-13 04:11:02] GPU 1: Epoch 9/100 | Discriminator Loss: -23.942774 | Generator Loss: 23.019680
[2024-02-13 04:11:02] GPU 0: Epoch 9/100 | Discriminator Loss: -28.096680 | Generator Loss: 21.200603
[2024-02-13 04:24:32] GPU 1: Epoch 10/100 | Discriminator Loss: -26.712595 | Generator Loss: 18.686918
[2024-02-13 04:24:33] Saved checkpoint ll_mb_streak_10_DBoJP.pth.tar with streak [5, 5]
[2024-02-13 04:24:34] Saved latest checkpoint ll_mb_latest.pth.tar
[2024-02-13 04:24:34] Saved Epoch 10/100 | Discriminator Loss: -28.718765 | Generator Loss: 19.902107
[2024-02-13 04:38:04] GPU 1: Epoch 11/100 | Discriminator Loss: -19.378870 | Generator Loss: 15.942470
[2024-02-13 04:38:04] GPU 0: Epoch 11/100 | Discriminator Loss: -32.526230 | Generator Loss: 12.472893
[2024-02-13 04:51:34] GPU 1: Epoch 12/100 | Discriminator Loss: -28.350275 | Generator Loss: 17.124834
[2024-02-13 04:51:34] GPU 0: Epoch 12/100 | Discriminator Loss: -39.884407 | Generator Loss: 16.862776
[2024-02-13 05:05:02] GPU 1: Epoch 13/100 | Discriminator Loss: -27.526432 | Generator Loss: 20.270382
[2024-02-13 05:05:02] GPU 0: Epoch 13/100 | Discriminator Loss: -37.945316 | Generator Loss: 16.029430
[2024-02-13 05:18:28] GPU 1: Epoch 14/100 | Discriminator Loss: -20.493347 | Generator Loss: 22.755363
[2024-02-13 05:18:28] GPU 0: Epoch 14/100 | Discriminator Loss: -29.113369 | Generator Loss: 22.765766
[2024-02-13 05:32:00] GPU 0: Epoch 15/100 | Discriminator Loss: -41.083893 | Generator Loss: 15.190264
[2024-02-13 05:32:00] GPU 1: Epoch 15/100 | Discriminator Loss: -28.258680 | Generator Loss: 17.934322
[2024-02-13 05:45:28] GPU 0: Epoch 16/100 | Discriminator Loss: -38.157681 | Generator Loss: 16.983131
[2024-02-13 05:45:28] GPU 1: Epoch 16/100 | Discriminator Loss: -27.989756 | Generator Loss: 16.495234
[2024-02-13 05:58:57] GPU 1: Epoch 17/100 | Discriminator Loss: -20.597809 | Generator Loss: 18.072441
[2024-02-13 05:58:58] Saved checkpoint ll_mb_streak_17_ORXOh.pth.tar with streak [5, 5]
[2024-02-13 05:58:58] GPU 0: Epoch 17/100 | Discriminator Loss: -40.034508 | Generator Loss: 14.805362
[2024-02-13 06:12:26] GPU 1: Epoch 18/100 | Discriminator Loss: -26.515488 | Generator Loss: 17.985939
[2024-02-13 06:12:26] GPU 0: Epoch 18/100 | Discriminator Loss: -34.711750 | Generator Loss: 14.519655
[2024-02-13 06:25:58] GPU 1: Epoch 19/100 | Discriminator Loss: -27.344751 | Generator Loss: 14.797518
[2024-02-13 06:25:58] GPU 0: Epoch 19/100 | Discriminator Loss: -38.646530 | Generator Loss: 12.605723
[2024-02-13 06:39:26] GPU 1: Epoch 20/100 | Discriminator Loss: -25.515034 | Generator Loss: 18.022535
[2024-02-13 06:39:27] Saved latest checkpoint ll_mb_latest.pth.tar
[2024-02-13 06:39:27] Saved Epoch 20/100 | Discriminator Loss: -26.825981 | Generator Loss: 17.050365
[2024-02-13 06:52:56] GPU 1: Epoch 21/100 | Discriminator Loss: -23.586233 | Generator Loss: 15.713302
[2024-02-13 06:52:56] GPU 0: Epoch 21/100 | Discriminator Loss: -32.406559 | Generator Loss: 13.720187
[2024-02-13 07:06:25] GPU 1: Epoch 22/100 | Discriminator Loss: -25.621479 | Generator Loss: 16.601009
[2024-02-13 07:06:25] GPU 0: Epoch 22/100 | Discriminator Loss: -41.538311 | Generator Loss: 17.462120
[2024-02-13 07:19:56] GPU 1: Epoch 23/100 | Discriminator Loss: -29.054657 | Generator Loss: 15.648230
[2024-02-13 07:19:56] GPU 0: Epoch 23/100 | Discriminator Loss: -38.890892 | Generator Loss: 17.068150
[2024-02-13 07:33:26] GPU 1: Epoch 24/100 | Discriminator Loss: -27.105042 | Generator Loss: 17.498579
[2024-02-13 07:33:26] GPU 0: Epoch 24/100 | Discriminator Loss: -30.375544 | Generator Loss: 22.614895
[2024-02-13 07:46:57] GPU 1: Epoch 25/100 | Discriminator Loss: -22.735949 | Generator Loss: 15.089384
[2024-02-13 07:46:57] GPU 0: Epoch 25/100 | Discriminator Loss: -29.646347 | Generator Loss: 11.270361
[2024-02-13 08:00:26] GPU 0: Epoch 26/100 | Discriminator Loss: -38.778809 | Generator Loss: 14.217628
[2024-02-13 08:00:26] GPU 1: Epoch 26/100 | Discriminator Loss: -29.821262 | Generator Loss: 16.332825
[2024-02-13 08:13:55] GPU 1: Epoch 27/100 | Discriminator Loss: -33.151306 | Generator Loss: 18.163597
[2024-02-13 08:13:55] GPU 0: Epoch 27/100 | Discriminator Loss: -32.957401 | Generator Loss: 17.046963
[2024-02-13 08:27:36] GPU 1: Epoch 28/100 | Discriminator Loss: -30.501341 | Generator Loss: 17.136709
[2024-02-13 08:27:36] GPU 0: Epoch 28/100 | Discriminator Loss: -24.081686 | Generator Loss: 15.881746
[2024-02-13 08:41:49] GPU 1: Epoch 29/100 | Discriminator Loss: -26.632374 | Generator Loss: 13.906349
[2024-02-13 08:41:49] GPU 0: Epoch 29/100 | Discriminator Loss: -31.665062 | Generator Loss: 11.172229
[2024-02-13 08:55:58] GPU 1: Epoch 30/100 | Discriminator Loss: -30.745121 | Generator Loss: 18.937922
[2024-02-13 08:55:59] Saved latest checkpoint ll_mb_latest.pth.tar
[2024-02-13 08:55:59] Saved Epoch 30/100 | Discriminator Loss: -43.463253 | Generator Loss: 18.500984
[2024-02-13 09:10:10] GPU 1: Epoch 31/100 | Discriminator Loss: -32.803123 | Generator Loss: 17.046825
[2024-02-13 09:10:10] GPU 0: Epoch 31/100 | Discriminator Loss: -34.255486 | Generator Loss: 19.221817
[2024-02-13 09:24:20] GPU 1: Epoch 32/100 | Discriminator Loss: -29.783188 | Generator Loss: 15.755913
[2024-02-13 09:24:20] GPU 0: Epoch 32/100 | Discriminator Loss: -39.583721 | Generator Loss: 17.446747
[2024-02-13 09:38:32] GPU 1: Epoch 33/100 | Discriminator Loss: -31.687971 | Generator Loss: 19.355206
[2024-02-13 09:38:32] GPU 0: Epoch 33/100 | Discriminator Loss: -35.380856 | Generator Loss: 15.585136
[2024-02-13 09:52:42] GPU 1: Epoch 34/100 | Discriminator Loss: -22.718000 | Generator Loss: 16.318296
[2024-02-13 09:52:42] GPU 0: Epoch 34/100 | Discriminator Loss: -27.115507 | Generator Loss: 19.338924
[2024-02-13 10:06:53] GPU 1: Epoch 35/100 | Discriminator Loss: -28.014809 | Generator Loss: 16.579004
[2024-02-13 10:06:53] GPU 0: Epoch 35/100 | Discriminator Loss: -46.464016 | Generator Loss: 13.965216
[2024-02-13 10:21:04] GPU 1: Epoch 36/100 | Discriminator Loss: -23.406326 | Generator Loss: 19.057659
[2024-02-13 10:21:04] GPU 0: Epoch 36/100 | Discriminator Loss: -36.605972 | Generator Loss: 19.116463
[2024-02-13 10:35:14] GPU 1: Epoch 37/100 | Discriminator Loss: -26.055447 | Generator Loss: 16.360104
[2024-02-13 10:35:14] GPU 0: Epoch 37/100 | Discriminator Loss: -27.859978 | Generator Loss: 16.658001
[2024-02-13 10:49:21] GPU 1: Epoch 38/100 | Discriminator Loss: -31.786861 | Generator Loss: 14.254484
[2024-02-13 10:49:21] GPU 0: Epoch 38/100 | Discriminator Loss: -38.663673 | Generator Loss: 14.530898
[2024-02-13 11:03:31] GPU 1: Epoch 39/100 | Discriminator Loss: -19.603794 | Generator Loss: 23.290096
[2024-02-13 11:03:31] GPU 0: Epoch 39/100 | Discriminator Loss: -27.261127 | Generator Loss: 19.658760
[2024-02-13 11:17:41] GPU 1: Epoch 40/100 | Discriminator Loss: -29.500324 | Generator Loss: 22.388603
[2024-02-13 11:17:42] Saved latest checkpoint ll_mb_latest.pth.tar
[2024-02-13 11:17:42] Saved Epoch 40/100 | Discriminator Loss: -22.121632 | Generator Loss: 17.632215
[2024-02-13 11:31:52] GPU 1: Epoch 41/100 | Discriminator Loss: -26.405426 | Generator Loss: 16.528908
[2024-02-13 11:31:52] GPU 0: Epoch 41/100 | Discriminator Loss: -32.806335 | Generator Loss: 19.797413
[2024-02-13 11:46:00] GPU 1: Epoch 42/100 | Discriminator Loss: -28.050650 | Generator Loss: 17.057461
[2024-02-13 11:46:00] GPU 0: Epoch 42/100 | Discriminator Loss: -28.964142 | Generator Loss: 18.813002
[2024-02-13 12:00:11] GPU 1: Epoch 43/100 | Discriminator Loss: -22.887915 | Generator Loss: 17.144875
[2024-02-13 12:00:11] GPU 0: Epoch 43/100 | Discriminator Loss: -40.294109 | Generator Loss: 15.956709
[2024-02-13 12:14:20] GPU 1: Epoch 44/100 | Discriminator Loss: -26.257145 | Generator Loss: 19.806713
[2024-02-13 12:14:20] GPU 0: Epoch 44/100 | Discriminator Loss: -28.561989 | Generator Loss: 15.233549
[2024-02-13 12:28:30] GPU 1: Epoch 45/100 | Discriminator Loss: -30.873854 | Generator Loss: 18.361885
[2024-02-13 12:28:30] GPU 0: Epoch 45/100 | Discriminator Loss: -27.228371 | Generator Loss: 19.800648
[2024-02-13 12:42:39] GPU 0: Epoch 46/100 | Discriminator Loss: -20.687063 | Generator Loss: 15.704496
[2024-02-13 12:42:39] GPU 1: Epoch 46/100 | Discriminator Loss: -21.029610 | Generator Loss: 11.744305
[2024-02-13 12:56:50] GPU 1: Epoch 47/100 | Discriminator Loss: -34.568909 | Generator Loss: 15.105891
[2024-02-13 12:56:50] GPU 0: Epoch 47/100 | Discriminator Loss: -29.913334 | Generator Loss: 18.329006
[2024-02-13 13:11:01] GPU 1: Epoch 48/100 | Discriminator Loss: -22.367584 | Generator Loss: 17.235907
[2024-02-13 13:11:01] GPU 0: Epoch 48/100 | Discriminator Loss: -33.790733 | Generator Loss: 16.753906
[2024-02-13 13:25:09] GPU 1: Epoch 49/100 | Discriminator Loss: -33.187416 | Generator Loss: 19.718163
[2024-02-13 13:25:09] GPU 0: Epoch 49/100 | Discriminator Loss: -35.141968 | Generator Loss: 21.614723
[2024-02-13 13:39:19] GPU 1: Epoch 50/100 | Discriminator Loss: -29.961893 | Generator Loss: 18.487537
[2024-02-13 13:39:20] Saved latest checkpoint ll_mb_latest.pth.tar
[2024-02-13 13:39:20] Saved Epoch 50/100 | Discriminator Loss: -26.115879 | Generator Loss: 22.531906
[2024-02-13 13:53:29] GPU 1: Epoch 51/100 | Discriminator Loss: -31.624771 | Generator Loss: 19.158501
[2024-02-13 13:53:29] GPU 0: Epoch 51/100 | Discriminator Loss: -18.263950 | Generator Loss: 17.418251
[2024-02-13 14:07:39] GPU 1: Epoch 52/100 | Discriminator Loss: -23.463116 | Generator Loss: 18.007675
[2024-02-13 14:07:39] GPU 0: Epoch 52/100 | Discriminator Loss: -28.335609 | Generator Loss: 20.272198
[2024-02-13 14:21:50] GPU 1: Epoch 53/100 | Discriminator Loss: -17.546789 | Generator Loss: 18.746555
[2024-02-13 14:21:50] GPU 0: Epoch 53/100 | Discriminator Loss: -31.710516 | Generator Loss: 17.805222
[2024-02-13 14:35:59] GPU 0: Epoch 54/100 | Discriminator Loss: -36.237007 | Generator Loss: 19.133556
[2024-02-13 14:35:59] GPU 1: Epoch 54/100 | Discriminator Loss: -30.873070 | Generator Loss: 17.247402
[2024-02-13 14:50:08] GPU 1: Epoch 55/100 | Discriminator Loss: -28.799324 | Generator Loss: 14.288383
[2024-02-13 14:50:08] GPU 0: Epoch 55/100 | Discriminator Loss: -33.632950 | Generator Loss: 17.839474
[2024-02-13 15:04:21] GPU 0: Epoch 56/100 | Discriminator Loss: -26.016190 | Generator Loss: 19.178499
[2024-02-13 15:04:21] GPU 1: Epoch 56/100 | Discriminator Loss: -29.928356 | Generator Loss: 20.037865
[2024-02-13 15:18:32] GPU 0: Epoch 57/100 | Discriminator Loss: -35.892654 | Generator Loss: 20.672939
[2024-02-13 15:18:32] GPU 1: Epoch 57/100 | Discriminator Loss: -24.036774 | Generator Loss: 18.789236
[2024-02-13 15:32:41] GPU 1: Epoch 58/100 | Discriminator Loss: -23.433380 | Generator Loss: 19.650496
[2024-02-13 15:32:41] GPU 0: Epoch 58/100 | Discriminator Loss: -35.131439 | Generator Loss: 18.469593
[2024-02-13 15:46:54] GPU 1: Epoch 59/100 | Discriminator Loss: -25.610319 | Generator Loss: 19.666376
[2024-02-13 15:46:54] GPU 0: Epoch 59/100 | Discriminator Loss: -31.844902 | Generator Loss: 19.771738
[2024-02-13 16:01:04] GPU 1: Epoch 60/100 | Discriminator Loss: -35.126995 | Generator Loss: 13.193157
[2024-02-13 16:01:05] Saved latest checkpoint ll_mb_latest.pth.tar
[2024-02-13 16:01:05] Saved Epoch 60/100 | Discriminator Loss: -29.567156 | Generator Loss: 14.296921
[2024-02-13 16:15:18] GPU 1: Epoch 61/100 | Discriminator Loss: -30.295301 | Generator Loss: 19.333942
[2024-02-13 16:15:18] GPU 0: Epoch 61/100 | Discriminator Loss: -38.626900 | Generator Loss: 17.446497
[2024-02-13 16:29:31] GPU 1: Epoch 62/100 | Discriminator Loss: -25.605427 | Generator Loss: 20.271441
[2024-02-13 16:29:31] GPU 0: Epoch 62/100 | Discriminator Loss: -31.386724 | Generator Loss: 18.902412
[2024-02-13 16:43:41] GPU 0: Epoch 63/100 | Discriminator Loss: -43.912701 | Generator Loss: 14.036647
[2024-02-13 16:43:41] GPU 1: Epoch 63/100 | Discriminator Loss: -25.757160 | Generator Loss: 16.940720
[2024-02-13 16:57:50] GPU 1: Epoch 64/100 | Discriminator Loss: -21.782940 | Generator Loss: 20.595966
[2024-02-13 16:57:50] GPU 0: Epoch 64/100 | Discriminator Loss: -32.479649 | Generator Loss: 20.721022
[2024-02-13 17:11:57] GPU 0: Epoch 65/100 | Discriminator Loss: -36.402321 | Generator Loss: 18.739143
[2024-02-13 17:11:57] GPU 1: Epoch 65/100 | Discriminator Loss: -30.816849 | Generator Loss: 15.970606
[2024-02-13 17:26:07] GPU 1: Epoch 66/100 | Discriminator Loss: -16.562893 | Generator Loss: 18.723179
[2024-02-13 17:26:08] Saved checkpoint ll_mb_streak_66_IqlLM.pth.tar with streak [5, 5]
[2024-02-13 17:26:08] GPU 0: Epoch 66/100 | Discriminator Loss: -31.809324 | Generator Loss: 15.520517
[2024-02-13 17:40:18] GPU 1: Epoch 67/100 | Discriminator Loss: -20.947491 | Generator Loss: 16.962292
[2024-02-13 17:40:18] GPU 0: Epoch 67/100 | Discriminator Loss: -33.159817 | Generator Loss: 19.458191
[2024-02-13 17:54:30] GPU 1: Epoch 68/100 | Discriminator Loss: -20.630701 | Generator Loss: 17.594707
[2024-02-13 17:54:30] GPU 0: Epoch 68/100 | Discriminator Loss: -38.617874 | Generator Loss: 21.954741
[2024-02-13 18:08:43] GPU 1: Epoch 69/100 | Discriminator Loss: -24.815933 | Generator Loss: 21.588825
[2024-02-13 18:08:43] GPU 0: Epoch 69/100 | Discriminator Loss: -33.859478 | Generator Loss: 18.620918
[2024-02-13 18:22:53] GPU 1: Epoch 70/100 | Discriminator Loss: -20.500494 | Generator Loss: 15.982924
[2024-02-13 18:22:54] Saved latest checkpoint ll_mb_latest.pth.tar
[2024-02-13 18:22:54] Saved Epoch 70/100 | Discriminator Loss: -26.650585 | Generator Loss: 16.800140
[2024-02-13 18:37:05] GPU 1: Epoch 71/100 | Discriminator Loss: -17.362173 | Generator Loss: 23.760534
[2024-02-13 18:37:05] GPU 0: Epoch 71/100 | Discriminator Loss: -32.901897 | Generator Loss: 25.096485
[2024-02-13 18:51:17] GPU 1: Epoch 72/100 | Discriminator Loss: -29.224365 | Generator Loss: 14.706107
[2024-02-13 18:51:17] GPU 0: Epoch 72/100 | Discriminator Loss: -30.816273 | Generator Loss: 15.056931
[2024-02-13 19:05:31] GPU 1: Epoch 73/100 | Discriminator Loss: -21.063992 | Generator Loss: 15.845886
[2024-02-13 19:05:31] GPU 0: Epoch 73/100 | Discriminator Loss: -13.210106 | Generator Loss: 17.579659
[2024-02-13 19:19:43] GPU 0: Epoch 74/100 | Discriminator Loss: -39.589088 | Generator Loss: 16.391460
[2024-02-13 19:19:43] GPU 1: Epoch 74/100 | Discriminator Loss: -30.198154 | Generator Loss: 16.589941
[2024-02-13 19:33:53] GPU 1: Epoch 75/100 | Discriminator Loss: -29.687990 | Generator Loss: 16.043907
[2024-02-13 19:33:53] GPU 0: Epoch 75/100 | Discriminator Loss: -27.281731 | Generator Loss: 23.531670
[2024-02-13 19:48:03] GPU 1: Epoch 76/100 | Discriminator Loss: -30.209286 | Generator Loss: 21.665884
[2024-02-13 19:48:03] GPU 0: Epoch 76/100 | Discriminator Loss: -29.007698 | Generator Loss: 17.911566
[2024-02-13 20:02:14] GPU 0: Epoch 77/100 | Discriminator Loss: -26.657845 | Generator Loss: 16.447441
[2024-02-13 20:02:14] GPU 1: Epoch 77/100 | Discriminator Loss: -34.146027 | Generator Loss: 15.720190
[2024-02-13 20:16:26] GPU 1: Epoch 78/100 | Discriminator Loss: -32.078144 | Generator Loss: 18.706482
[2024-02-13 20:16:26] GPU 0: Epoch 78/100 | Discriminator Loss: -45.151196 | Generator Loss: 17.124535
[2024-02-13 20:30:37] GPU 1: Epoch 79/100 | Discriminator Loss: -26.307217 | Generator Loss: 20.159626
[2024-02-13 20:30:37] GPU 0: Epoch 79/100 | Discriminator Loss: -35.974209 | Generator Loss: 21.156815
[2024-02-13 20:44:47] GPU 1: Epoch 80/100 | Discriminator Loss: -16.697050 | Generator Loss: 19.417927
[2024-02-13 20:44:48] Saved latest checkpoint ll_mb_latest.pth.tar
[2024-02-13 20:44:48] Saved Epoch 80/100 | Discriminator Loss: -38.646721 | Generator Loss: 20.794357
[2024-02-13 20:58:59] GPU 0: Epoch 81/100 | Discriminator Loss: -15.395393 | Generator Loss: 18.065113
[2024-02-13 20:58:59] GPU 1: Epoch 81/100 | Discriminator Loss: -27.120771 | Generator Loss: 15.296004
[2024-02-13 21:13:10] GPU 1: Epoch 82/100 | Discriminator Loss: -27.245861 | Generator Loss: 14.956282
[2024-02-13 21:13:10] GPU 0: Epoch 82/100 | Discriminator Loss: -32.112305 | Generator Loss: 15.506968
[2024-02-13 21:27:22] GPU 1: Epoch 83/100 | Discriminator Loss: -18.879753 | Generator Loss: 18.743969
[2024-02-13 21:27:22] GPU 0: Epoch 83/100 | Discriminator Loss: -37.768429 | Generator Loss: 18.841522
[2024-02-13 21:41:33] GPU 1: Epoch 84/100 | Discriminator Loss: -27.508545 | Generator Loss: 17.645538
[2024-02-13 21:41:33] GPU 0: Epoch 84/100 | Discriminator Loss: -40.504887 | Generator Loss: 16.290257
[2024-02-13 21:55:44] GPU 1: Epoch 85/100 | Discriminator Loss: -28.479660 | Generator Loss: 14.742594
[2024-02-13 21:55:44] GPU 0: Epoch 85/100 | Discriminator Loss: -30.179638 | Generator Loss: 14.251227
[2024-02-13 22:09:56] GPU 1: Epoch 86/100 | Discriminator Loss: -32.014950 | Generator Loss: 16.999809
[2024-02-13 22:09:56] GPU 0: Epoch 86/100 | Discriminator Loss: -23.425159 | Generator Loss: 22.475805
[2024-02-13 22:24:09] GPU 1: Epoch 87/100 | Discriminator Loss: -29.386681 | Generator Loss: 14.359167
[2024-02-13 22:24:09] GPU 0: Epoch 87/100 | Discriminator Loss: -20.161926 | Generator Loss: 17.999037
[2024-02-13 22:38:18] GPU 1: Epoch 88/100 | Discriminator Loss: -26.997089 | Generator Loss: 20.701797
[2024-02-13 22:38:18] GPU 0: Epoch 88/100 | Discriminator Loss: -31.527428 | Generator Loss: 16.675621
[2024-02-13 22:52:27] GPU 1: Epoch 89/100 | Discriminator Loss: -24.944973 | Generator Loss: 17.680447
[2024-02-13 22:52:27] GPU 0: Epoch 89/100 | Discriminator Loss: -41.698734 | Generator Loss: 17.274168
[2024-02-13 23:06:39] GPU 1: Epoch 90/100 | Discriminator Loss: -24.885561 | Generator Loss: 15.958063
[2024-02-13 23:06:40] Saved latest checkpoint ll_mb_latest.pth.tar
[2024-02-13 23:06:40] Saved Epoch 90/100 | Discriminator Loss: -30.001644 | Generator Loss: 17.200481
[2024-02-13 23:20:52] GPU 0: Epoch 91/100 | Discriminator Loss: -30.353584 | Generator Loss: 22.215027
[2024-02-13 23:20:52] GPU 1: Epoch 91/100 | Discriminator Loss: -32.400711 | Generator Loss: 16.075153
[2024-02-13 23:35:02] GPU 1: Epoch 92/100 | Discriminator Loss: -29.909229 | Generator Loss: 20.571306
[2024-02-13 23:35:02] GPU 0: Epoch 92/100 | Discriminator Loss: -32.149017 | Generator Loss: 16.056812
[2024-02-13 23:49:12] GPU 1: Epoch 93/100 | Discriminator Loss: -28.143345 | Generator Loss: 16.549177
[2024-02-13 23:49:12] GPU 0: Epoch 93/100 | Discriminator Loss: -31.481428 | Generator Loss: 14.780040
[2024-02-14 00:03:22] GPU 1: Epoch 94/100 | Discriminator Loss: -27.980852 | Generator Loss: 14.793301
[2024-02-14 00:03:22] GPU 0: Epoch 94/100 | Discriminator Loss: -32.240578 | Generator Loss: 14.136015
[2024-02-14 00:17:32] GPU 1: Epoch 95/100 | Discriminator Loss: -29.972572 | Generator Loss: 20.383495
[2024-02-14 00:17:33] Saved checkpoint ll_mb_streak_95_Nw9ZT.pth.tar with streak [5, 5]
[2024-02-14 00:17:33] GPU 0: Epoch 95/100 | Discriminator Loss: -24.081940 | Generator Loss: 19.659096
[2024-02-14 00:31:45] GPU 0: Epoch 96/100 | Discriminator Loss: -30.310188 | Generator Loss: 19.457191
[2024-02-14 00:31:45] GPU 1: Epoch 96/100 | Discriminator Loss: -30.339552 | Generator Loss: 20.374044
[2024-02-14 00:45:57] GPU 1: Epoch 97/100 | Discriminator Loss: -21.844923 | Generator Loss: 16.290520
[2024-02-14 00:45:57] GPU 0: Epoch 97/100 | Discriminator Loss: -33.652161 | Generator Loss: 17.790096
[2024-02-14 01:00:08] GPU 1: Epoch 98/100 | Discriminator Loss: -29.895882 | Generator Loss: 16.413574
[2024-02-14 01:00:08] GPU 0: Epoch 98/100 | Discriminator Loss: -38.080582 | Generator Loss: 19.157398
[2024-02-14 01:14:19] GPU 1: Epoch 99/100 | Discriminator Loss: -27.560596 | Generator Loss: 17.712841
[2024-02-14 01:14:19] GPU 0: Epoch 99/100 | Discriminator Loss: -43.737156 | Generator Loss: 19.556641
[2024-02-14 01:14:19] Epoch 100/100 | Discriminator Loss: -43.737156 | Generator Loss: 19.556641
[2024-02-14 01:14:20] Saved checkpoint ll_mb_terminated.pth.tar.