[2024-02-08 00:45:25] World size: 2
[2024-02-08 00:45:25] Found GPU 0: _CudaDeviceProperties(name='NVIDIA GeForce RTX 2080 Ti', major=7, minor=5, total_memory=11011MB, multi_processor_count=68)
[2024-02-08 00:45:25] Found GPU 1: _CudaDeviceProperties(name='NVIDIA GeForce RTX 2080 Ti', major=7, minor=5, total_memory=11011MB, multi_processor_count=68)
[2024-02-08 00:45:26] Setting up 1 of 2
[2024-02-08 00:45:26] Setting up 0 of 2
[2024-02-08 00:45:27] Initialized main on device: cuda:0 with rank 0
[2024-02-08 00:45:27] Initialized main on device: cuda:1 with rank 1
[2024-02-08 00:45:28] right before os
[2024-02-08 00:45:28] model_directory: ./models
[2024-02-08 00:45:28] right after os
[2024-02-08 00:45:28] not found
[2024-02-08 00:45:28] no model found, creating one from scratch
[2024-02-08 00:45:28] right before os
[2024-02-08 00:45:28] model_directory: ./models
[2024-02-08 00:45:28] right after os
[2024-02-08 00:45:28] not found
[2024-02-08 00:45:28] no model found, creating one from scratch
[2024-02-08 00:45:37] Loaded model ml_mb on rank 0 in local epoch 0 | best_loss_g: inf | best_loss_d_closest_to_half: inf | best_loss_d: inf
[2024-02-08 00:45:37] Loaded model ml_mb on rank 1 in local epoch 0 | best_loss_g: inf | best_loss_d_closest_to_half: inf | best_loss_d: inf
[2024-02-08 00:59:50] GPU 0: Epoch 0/300 | Discriminator Loss: -39.015327 | Generator Loss: -23.021154
[2024-02-08 00:59:50] GPU 1: Epoch 0/300 | Discriminator Loss: -49.548477 | Generator Loss: -25.128874
[2024-02-08 01:14:04] GPU 0: Epoch 1/300 | Discriminator Loss: -58.074627 | Generator Loss: 1.865382
[2024-02-08 01:14:04] GPU 1: Epoch 1/300 | Discriminator Loss: -61.572319 | Generator Loss: 0.764629
[2024-02-08 01:28:16] GPU 0: Epoch 2/300 | Discriminator Loss: -55.914627 | Generator Loss: 60.866730
[2024-02-08 01:28:16] GPU 1: Epoch 2/300 | Discriminator Loss: -55.278103 | Generator Loss: 61.350060
[2024-02-08 01:42:29] GPU 0: Epoch 3/300 | Discriminator Loss: -51.807056 | Generator Loss: -0.949268
[2024-02-08 01:42:29] GPU 1: Epoch 3/300 | Discriminator Loss: -63.690079 | Generator Loss: -0.965797
[2024-02-08 01:56:42] GPU 1: Epoch 4/300 | Discriminator Loss: -62.462769 | Generator Loss: -12.060080
[2024-02-08 01:56:42] GPU 0: Epoch 4/300 | Discriminator Loss: -49.357765 | Generator Loss: -12.836475
[2024-02-08 02:10:56] GPU 1: Epoch 5/300 | Discriminator Loss: -57.164734 | Generator Loss: -20.524797
[2024-02-08 02:10:56] GPU 0: Epoch 5/300 | Discriminator Loss: -51.928757 | Generator Loss: -22.019329
[2024-02-08 02:25:10] GPU 0: Epoch 6/300 | Discriminator Loss: -47.322155 | Generator Loss: -21.621069
[2024-02-08 02:25:10] GPU 1: Epoch 6/300 | Discriminator Loss: -43.063095 | Generator Loss: -21.263617
[2024-02-08 02:39:23] GPU 0: Epoch 7/300 | Discriminator Loss: -49.967293 | Generator Loss: -32.048042
[2024-02-08 02:39:23] GPU 1: Epoch 7/300 | Discriminator Loss: -42.693840 | Generator Loss: -30.740417
[2024-02-08 02:53:34] GPU 0: Epoch 8/300 | Discriminator Loss: -48.441078 | Generator Loss: -26.902050
[2024-02-08 02:53:34] GPU 1: Epoch 8/300 | Discriminator Loss: -44.799858 | Generator Loss: -27.397343
[2024-02-08 03:07:49] GPU 1: Epoch 9/300 | Discriminator Loss: -40.034416 | Generator Loss: -23.338970
[2024-02-08 03:07:50] Saved checkpoint ml_mb_streak_9_diNYw.pth.tar with streak [5, 5]
[2024-02-08 03:07:50] GPU 0: Epoch 9/300 | Discriminator Loss: -44.280529 | Generator Loss: -25.083084
[2024-02-08 03:22:03] GPU 1: Epoch 10/300 | Discriminator Loss: -43.747986 | Generator Loss: -16.288279
[2024-02-08 03:22:04] Saved latest checkpoint ml_mb_latest.pth.tar
[2024-02-08 03:22:04] Saved Epoch 10/300 | Discriminator Loss: -44.849831 | Generator Loss: -15.059329
[2024-02-08 03:36:17] GPU 1: Epoch 11/300 | Discriminator Loss: -52.569527 | Generator Loss: -20.597214
[2024-02-08 03:36:17] GPU 0: Epoch 11/300 | Discriminator Loss: -46.675674 | Generator Loss: -21.811096
[2024-02-08 03:50:30] GPU 1: Epoch 12/300 | Discriminator Loss: -41.827335 | Generator Loss: -22.472836
[2024-02-08 03:50:30] GPU 0: Epoch 12/300 | Discriminator Loss: -56.946217 | Generator Loss: -24.018539
[2024-02-08 04:04:43] GPU 0: Epoch 13/300 | Discriminator Loss: -58.059250 | Generator Loss: -26.560545
[2024-02-08 04:04:43] GPU 1: Epoch 13/300 | Discriminator Loss: -50.343750 | Generator Loss: -25.832623
[2024-02-08 04:18:57] GPU 1: Epoch 14/300 | Discriminator Loss: -46.155605 | Generator Loss: -11.792721
[2024-02-08 04:18:57] GPU 0: Epoch 14/300 | Discriminator Loss: -49.879852 | Generator Loss: -14.381844
[2024-02-08 04:33:10] GPU 1: Epoch 15/300 | Discriminator Loss: -46.316540 | Generator Loss: -10.015501
[2024-02-08 04:33:10] Saved checkpoint ml_mb_streak_15_e0FaN.pth.tar with streak [5, 5]
[2024-02-08 04:33:11] GPU 0: Epoch 15/300 | Discriminator Loss: -48.902504 | Generator Loss: -10.695049
[2024-02-08 04:47:25] GPU 1: Epoch 16/300 | Discriminator Loss: -43.916809 | Generator Loss: -13.871780
[2024-02-08 04:47:25] GPU 0: Epoch 16/300 | Discriminator Loss: -56.114265 | Generator Loss: -12.864111
[2024-02-08 05:01:39] GPU 0: Epoch 17/300 | Discriminator Loss: -48.547646 | Generator Loss: -7.392159
[2024-02-08 05:01:39] GPU 1: Epoch 17/300 | Discriminator Loss: -43.481312 | Generator Loss: -6.431472
[2024-02-08 05:15:51] GPU 1: Epoch 18/300 | Discriminator Loss: -39.111256 | Generator Loss: -8.893708
[2024-02-08 05:15:51] GPU 0: Epoch 18/300 | Discriminator Loss: -42.820076 | Generator Loss: -8.926596
[2024-02-08 05:30:04] GPU 1: Epoch 19/300 | Discriminator Loss: -46.342800 | Generator Loss: -12.755912
[2024-02-08 05:30:04] GPU 0: Epoch 19/300 | Discriminator Loss: -34.705273 | Generator Loss: -10.822242
[2024-02-08 05:44:19] GPU 1: Epoch 20/300 | Discriminator Loss: -39.233994 | Generator Loss: -14.291878
[2024-02-08 05:44:20] Saved latest checkpoint ml_mb_latest.pth.tar
[2024-02-08 05:44:20] Saved Epoch 20/300 | Discriminator Loss: -46.121181 | Generator Loss: -10.267427
[2024-02-08 05:58:33] GPU 1: Epoch 21/300 | Discriminator Loss: -42.594273 | Generator Loss: -7.639861
[2024-02-08 05:58:33] GPU 0: Epoch 21/300 | Discriminator Loss: -49.510460 | Generator Loss: -10.617800
[2024-02-08 06:12:46] GPU 1: Epoch 22/300 | Discriminator Loss: -38.138931 | Generator Loss: -8.022441
[2024-02-08 06:12:46] GPU 0: Epoch 22/300 | Discriminator Loss: -43.946571 | Generator Loss: -7.172199
[2024-02-08 06:26:58] GPU 1: Epoch 23/300 | Discriminator Loss: -39.307617 | Generator Loss: -11.861255
[2024-02-08 06:26:58] GPU 0: Epoch 23/300 | Discriminator Loss: -43.724121 | Generator Loss: -9.001167
[2024-02-08 06:41:11] GPU 1: Epoch 24/300 | Discriminator Loss: -40.865005 | Generator Loss: -13.336475
[2024-02-08 06:41:11] GPU 0: Epoch 24/300 | Discriminator Loss: -48.713379 | Generator Loss: -9.885176
[2024-02-08 06:55:25] GPU 1: Epoch 25/300 | Discriminator Loss: -44.897957 | Generator Loss: -12.815234
[2024-02-08 06:55:25] GPU 0: Epoch 25/300 | Discriminator Loss: -41.029968 | Generator Loss: -16.828590
[2024-02-08 07:09:37] GPU 0: Epoch 26/300 | Discriminator Loss: -38.678314 | Generator Loss: 1.667952
[2024-02-08 07:09:37] GPU 1: Epoch 26/300 | Discriminator Loss: -38.224991 | Generator Loss: -1.712636
[2024-02-08 07:23:49] GPU 0: Epoch 27/300 | Discriminator Loss: -36.016983 | Generator Loss: -15.882464
[2024-02-08 07:23:49] GPU 1: Epoch 27/300 | Discriminator Loss: -43.681858 | Generator Loss: -12.565845
[2024-02-08 07:37:59] GPU 0: Epoch 28/300 | Discriminator Loss: -39.629585 | Generator Loss: -5.077753
[2024-02-08 07:37:59] GPU 1: Epoch 28/300 | Discriminator Loss: -39.336143 | Generator Loss: -4.122824
[2024-02-08 07:52:14] GPU 1: Epoch 29/300 | Discriminator Loss: -38.407337 | Generator Loss: -9.801375
[2024-02-08 07:52:14] GPU 0: Epoch 29/300 | Discriminator Loss: -41.938061 | Generator Loss: -12.084341
[2024-02-08 08:06:28] GPU 1: Epoch 30/300 | Discriminator Loss: -43.171593 | Generator Loss: -9.241743
[2024-02-08 08:06:29] Saved latest checkpoint ml_mb_latest.pth.tar
[2024-02-08 08:06:29] Saved Epoch 30/300 | Discriminator Loss: -43.713150 | Generator Loss: -14.096969
[2024-02-08 08:20:43] GPU 1: Epoch 31/300 | Discriminator Loss: -36.614349 | Generator Loss: -4.674610
[2024-02-08 08:20:43] GPU 0: Epoch 31/300 | Discriminator Loss: -41.759163 | Generator Loss: -9.881308
[2024-02-08 08:34:56] GPU 0: Epoch 32/300 | Discriminator Loss: -36.561161 | Generator Loss: -0.884958
[2024-02-08 08:34:56] GPU 1: Epoch 32/300 | Discriminator Loss: -35.492233 | Generator Loss: -1.858738
[2024-02-08 08:49:06] GPU 1: Epoch 33/300 | Discriminator Loss: -31.952942 | Generator Loss: -2.696935
[2024-02-08 08:49:07] Saved checkpoint ml_mb_streak_33_YwLLU.pth.tar with streak [5, 5]
[2024-02-08 08:49:07] GPU 0: Epoch 33/300 | Discriminator Loss: -35.770264 | Generator Loss: -4.468140
[2024-02-08 09:03:18] GPU 1: Epoch 34/300 | Discriminator Loss: -38.104858 | Generator Loss: -6.555843
[2024-02-08 09:03:18] GPU 0: Epoch 34/300 | Discriminator Loss: -38.098038 | Generator Loss: -16.627459
[2024-02-08 09:17:27] GPU 1: Epoch 35/300 | Discriminator Loss: -29.833475 | Generator Loss: -12.008127
[2024-02-08 09:17:27] GPU 0: Epoch 35/300 | Discriminator Loss: -38.386276 | Generator Loss: -16.738695
[2024-02-08 09:31:32] GPU 1: Epoch 36/300 | Discriminator Loss: -37.408318 | Generator Loss: -7.682008
[2024-02-08 09:31:32] GPU 0: Epoch 36/300 | Discriminator Loss: -39.167400 | Generator Loss: -9.271152
[2024-02-08 09:45:40] GPU 0: Epoch 37/300 | Discriminator Loss: -34.893589 | Generator Loss: -7.010890
[2024-02-08 09:45:40] GPU 1: Epoch 37/300 | Discriminator Loss: -37.229000 | Generator Loss: -3.146059
[2024-02-08 09:59:45] GPU 1: Epoch 38/300 | Discriminator Loss: -35.556767 | Generator Loss: -5.612056
[2024-02-08 09:59:46] Saved checkpoint ml_mb_streak_38_PBrVV.pth.tar with streak [5, 5]
[2024-02-08 09:59:46] GPU 0: Epoch 38/300 | Discriminator Loss: -38.672058 | Generator Loss: -4.163151
[2024-02-08 10:13:52] GPU 0: Epoch 39/300 | Discriminator Loss: -30.239315 | Generator Loss: 3.539848
[2024-02-08 10:13:52] GPU 1: Epoch 39/300 | Discriminator Loss: -34.264549 | Generator Loss: 5.428463
[2024-02-08 10:27:57] GPU 1: Epoch 40/300 | Discriminator Loss: -33.873943 | Generator Loss: 2.027957
[2024-02-08 10:27:58] Saved latest checkpoint ml_mb_latest.pth.tar
[2024-02-08 10:27:58] Saved Epoch 40/300 | Discriminator Loss: -32.448257 | Generator Loss: -3.193550
[2024-02-08 10:42:01] GPU 0: Epoch 41/300 | Discriminator Loss: -33.892311 | Generator Loss: -9.606934
[2024-02-08 10:42:01] GPU 1: Epoch 41/300 | Discriminator Loss: -27.245913 | Generator Loss: -10.087228
[2024-02-08 10:56:06] GPU 0: Epoch 42/300 | Discriminator Loss: -38.752155 | Generator Loss: -12.999878
[2024-02-08 10:56:06] GPU 1: Epoch 42/300 | Discriminator Loss: -32.474586 | Generator Loss: -5.852086
[2024-02-08 11:10:14] GPU 1: Epoch 43/300 | Discriminator Loss: -28.500616 | Generator Loss: -4.187805
[2024-02-08 11:10:15] Saved checkpoint ml_mb_streak_43_xAOTm.pth.tar with streak [5, 5]
[2024-02-08 11:10:15] GPU 0: Epoch 43/300 | Discriminator Loss: -38.681641 | Generator Loss: -5.170190
[2024-02-08 11:24:23] GPU 0: Epoch 44/300 | Discriminator Loss: -38.499676 | Generator Loss: -9.323462
[2024-02-08 11:24:23] GPU 1: Epoch 44/300 | Discriminator Loss: -34.787483 | Generator Loss: -4.876637
[2024-02-08 11:38:27] GPU 1: Epoch 45/300 | Discriminator Loss: -38.676239 | Generator Loss: -8.229293
[2024-02-08 11:38:27] GPU 0: Epoch 45/300 | Discriminator Loss: -35.488491 | Generator Loss: -7.045769
[2024-02-08 11:52:29] GPU 0: Epoch 46/300 | Discriminator Loss: -36.361229 | Generator Loss: -9.837832
[2024-02-08 11:52:29] GPU 1: Epoch 46/300 | Discriminator Loss: -30.216778 | Generator Loss: -12.449134
[2024-02-08 12:06:37] GPU 1: Epoch 47/300 | Discriminator Loss: -35.543373 | Generator Loss: -7.612132
[2024-02-08 12:06:37] GPU 0: Epoch 47/300 | Discriminator Loss: -35.441650 | Generator Loss: -13.194849
[2024-02-08 12:20:42] GPU 1: Epoch 48/300 | Discriminator Loss: -24.278603 | Generator Loss: -2.920304
[2024-02-08 12:20:43] Saved checkpoint ml_mb_streak_48_Ukc1w.pth.tar with streak [5, 5]
[2024-02-08 12:20:43] GPU 0: Epoch 48/300 | Discriminator Loss: -34.959419 | Generator Loss: -5.366088
[2024-02-08 12:34:49] GPU 0: Epoch 49/300 | Discriminator Loss: -37.549240 | Generator Loss: -14.898220
[2024-02-08 12:34:49] GPU 1: Epoch 49/300 | Discriminator Loss: -25.631233 | Generator Loss: -14.244499
[2024-02-08 12:48:55] GPU 1: Epoch 50/300 | Discriminator Loss: -31.174059 | Generator Loss: -9.131483
[2024-02-08 12:48:56] Saved latest checkpoint ml_mb_latest.pth.tar
[2024-02-08 12:48:56] Saved Epoch 50/300 | Discriminator Loss: -32.456177 | Generator Loss: -5.911426
[2024-02-08 13:03:02] GPU 1: Epoch 51/300 | Discriminator Loss: -29.424414 | Generator Loss: -5.789346
[2024-02-08 13:03:02] GPU 0: Epoch 51/300 | Discriminator Loss: -32.487534 | Generator Loss: -4.929818
[2024-02-08 13:17:05] GPU 0: Epoch 52/300 | Discriminator Loss: -36.518143 | Generator Loss: -5.478048
[2024-02-08 13:17:05] GPU 1: Epoch 52/300 | Discriminator Loss: -34.198143 | Generator Loss: -10.801109
[2024-02-08 13:31:13] GPU 1: Epoch 53/300 | Discriminator Loss: -34.782501 | Generator Loss: -3.995967
[2024-02-08 13:31:14] Saved checkpoint ml_mb_streak_53_ABied.pth.tar with streak [5, 5]
[2024-02-08 13:31:14] GPU 0: Epoch 53/300 | Discriminator Loss: -28.033787 | Generator Loss: -5.801685
[2024-02-08 13:45:20] GPU 0: Epoch 54/300 | Discriminator Loss: -33.454906 | Generator Loss: -6.084801
[2024-02-08 13:45:20] GPU 1: Epoch 54/300 | Discriminator Loss: -27.720541 | Generator Loss: -15.016851
[2024-02-08 13:59:28] GPU 1: Epoch 55/300 | Discriminator Loss: -38.141754 | Generator Loss: -14.126933
[2024-02-08 13:59:28] GPU 0: Epoch 55/300 | Discriminator Loss: -38.208344 | Generator Loss: -11.701396
[2024-02-08 14:13:35] GPU 0: Epoch 56/300 | Discriminator Loss: -30.644054 | Generator Loss: -13.889210
[2024-02-08 14:13:35] GPU 1: Epoch 56/300 | Discriminator Loss: -33.886932 | Generator Loss: -6.907916
[2024-02-08 14:27:42] GPU 0: Epoch 57/300 | Discriminator Loss: -34.530689 | Generator Loss: -17.023901
[2024-02-08 14:27:42] GPU 1: Epoch 57/300 | Discriminator Loss: -35.361668 | Generator Loss: -11.295019
[2024-02-08 14:41:48] GPU 1: Epoch 58/300 | Discriminator Loss: -26.835491 | Generator Loss: -12.377548
[2024-02-08 14:41:49] Saved checkpoint ml_mb_streak_58_Y07Mw.pth.tar with streak [5, 5]
[2024-02-08 14:41:49] GPU 0: Epoch 58/300 | Discriminator Loss: -38.363438 | Generator Loss: -17.922321
[2024-02-08 14:55:54] GPU 1: Epoch 59/300 | Discriminator Loss: -35.712597 | Generator Loss: -4.094387
[2024-02-08 14:55:54] GPU 0: Epoch 59/300 | Discriminator Loss: -39.089241 | Generator Loss: -7.022614
[2024-02-08 15:10:01] GPU 1: Epoch 60/300 | Discriminator Loss: -34.998737 | Generator Loss: -12.258402
[2024-02-08 15:10:02] Saved latest checkpoint ml_mb_latest.pth.tar
[2024-02-08 15:10:02] Saved Epoch 60/300 | Discriminator Loss: -22.903978 | Generator Loss: -10.852997
[2024-02-08 15:24:07] GPU 0: Epoch 61/300 | Discriminator Loss: -30.479910 | Generator Loss: -9.934671
[2024-02-08 15:24:07] GPU 1: Epoch 61/300 | Discriminator Loss: -29.891277 | Generator Loss: -10.607364
[2024-02-08 15:38:14] GPU 1: Epoch 62/300 | Discriminator Loss: -26.898445 | Generator Loss: -3.096141
[2024-02-08 15:38:14] GPU 0: Epoch 62/300 | Discriminator Loss: -32.089634 | Generator Loss: -2.273849
[2024-02-08 15:52:20] GPU 1: Epoch 63/300 | Discriminator Loss: -38.671455 | Generator Loss: -16.478609
[2024-02-08 15:52:20] GPU 0: Epoch 63/300 | Discriminator Loss: -32.489231 | Generator Loss: -14.070421
[2024-02-08 16:06:30] GPU 1: Epoch 64/300 | Discriminator Loss: -34.546169 | Generator Loss: -22.553493
[2024-02-08 16:06:30] GPU 0: Epoch 64/300 | Discriminator Loss: -33.456242 | Generator Loss: -18.466799
[2024-02-08 16:20:38] GPU 0: Epoch 65/300 | Discriminator Loss: -31.335709 | Generator Loss: -10.011284
[2024-02-08 16:20:38] GPU 1: Epoch 65/300 | Discriminator Loss: -29.506912 | Generator Loss: -12.959398
[2024-02-08 16:34:46] GPU 1: Epoch 66/300 | Discriminator Loss: -24.401241 | Generator Loss: -11.090576
[2024-02-08 16:34:46] GPU 0: Epoch 66/300 | Discriminator Loss: -34.937119 | Generator Loss: -10.036359
[2024-02-08 16:48:51] GPU 0: Epoch 67/300 | Discriminator Loss: -35.756969 | Generator Loss: -7.720245
[2024-02-08 16:48:51] GPU 1: Epoch 67/300 | Discriminator Loss: -25.182495 | Generator Loss: -7.945376
[2024-02-08 17:02:57] GPU 1: Epoch 68/300 | Discriminator Loss: -28.380737 | Generator Loss: -3.843471
[2024-02-08 17:02:57] Saved checkpoint ml_mb_streak_68_90O06.pth.tar with streak [5, 5]
[2024-02-08 17:02:58] GPU 0: Epoch 68/300 | Discriminator Loss: -29.259148 | Generator Loss: -3.037464
[2024-02-08 17:17:05] GPU 1: Epoch 69/300 | Discriminator Loss: -33.150558 | Generator Loss: -15.596188
[2024-02-08 17:17:05] GPU 0: Epoch 69/300 | Discriminator Loss: -30.648600 | Generator Loss: -14.307299
[2024-02-08 17:31:12] GPU 1: Epoch 70/300 | Discriminator Loss: -29.936811 | Generator Loss: -10.514576
[2024-02-08 17:31:13] Saved latest checkpoint ml_mb_latest.pth.tar
[2024-02-08 17:31:13] Saved Epoch 70/300 | Discriminator Loss: -35.362274 | Generator Loss: -9.093252
[2024-02-08 17:45:18] GPU 1: Epoch 71/300 | Discriminator Loss: -26.683430 | Generator Loss: -14.531963
[2024-02-08 17:45:18] GPU 0: Epoch 71/300 | Discriminator Loss: -21.320562 | Generator Loss: -15.229528
[2024-02-08 17:59:23] GPU 0: Epoch 72/300 | Discriminator Loss: -34.988823 | Generator Loss: -6.821469
[2024-02-08 17:59:23] GPU 1: Epoch 72/300 | Discriminator Loss: -29.744204 | Generator Loss: -13.617179
[2024-02-08 18:13:31] GPU 1: Epoch 73/300 | Discriminator Loss: -36.991112 | Generator Loss: -10.297921
[2024-02-08 18:13:31] GPU 0: Epoch 73/300 | Discriminator Loss: -33.255341 | Generator Loss: -14.810865
[2024-02-08 18:27:37] GPU 1: Epoch 74/300 | Discriminator Loss: -37.690811 | Generator Loss: -13.110725
[2024-02-08 18:27:37] GPU 0: Epoch 74/300 | Discriminator Loss: -35.095993 | Generator Loss: -18.668114
[2024-02-08 18:41:44] GPU 1: Epoch 75/300 | Discriminator Loss: -28.226730 | Generator Loss: -10.880291
[2024-02-08 18:41:44] GPU 0: Epoch 75/300 | Discriminator Loss: -32.314148 | Generator Loss: -6.845370
[2024-02-08 18:55:52] GPU 0: Epoch 76/300 | Discriminator Loss: -31.536158 | Generator Loss: -9.436208
[2024-02-08 18:55:52] GPU 1: Epoch 76/300 | Discriminator Loss: -30.834347 | Generator Loss: -7.047811
[2024-02-08 19:09:59] GPU 1: Epoch 77/300 | Discriminator Loss: -27.352896 | Generator Loss: -13.320773
[2024-02-08 19:10:00] Saved checkpoint ml_mb_streak_77_i5Wy0.pth.tar with streak [5, 5]
[2024-02-08 19:10:00] GPU 0: Epoch 77/300 | Discriminator Loss: -32.459480 | Generator Loss: -7.754539
[2024-02-08 19:24:06] GPU 0: Epoch 78/300 | Discriminator Loss: -28.743086 | Generator Loss: -8.142753
[2024-02-08 19:24:06] GPU 1: Epoch 78/300 | Discriminator Loss: -30.521738 | Generator Loss: -6.636323
[2024-02-08 19:38:14] GPU 1: Epoch 79/300 | Discriminator Loss: -27.644894 | Generator Loss: -14.411057
[2024-02-08 19:38:14] GPU 0: Epoch 79/300 | Discriminator Loss: -34.559002 | Generator Loss: -10.025888
[2024-02-08 19:52:22] GPU 1: Epoch 80/300 | Discriminator Loss: -29.942129 | Generator Loss: -7.769804
[2024-02-08 19:52:23] Saved latest checkpoint ml_mb_latest.pth.tar
[2024-02-08 19:52:23] Saved Epoch 80/300 | Discriminator Loss: -28.137852 | Generator Loss: -6.872648
[2024-02-08 20:06:27] GPU 1: Epoch 81/300 | Discriminator Loss: -28.141026 | Generator Loss: -4.172526
[2024-02-08 20:06:27] GPU 0: Epoch 81/300 | Discriminator Loss: -35.546188 | Generator Loss: -4.835571
[2024-02-08 20:20:35] GPU 1: Epoch 82/300 | Discriminator Loss: -30.504557 | Generator Loss: -5.499160
[2024-02-08 20:20:36] Saved checkpoint ml_mb_streak_82_98OXy.pth.tar with streak [5, 5]
[2024-02-08 20:20:36] GPU 0: Epoch 82/300 | Discriminator Loss: -30.780788 | Generator Loss: -4.078969
[2024-02-08 20:34:43] GPU 0: Epoch 83/300 | Discriminator Loss: -35.834900 | Generator Loss: -12.893833
[2024-02-08 20:34:43] GPU 1: Epoch 83/300 | Discriminator Loss: -22.387320 | Generator Loss: -10.607798
[2024-02-08 20:48:49] GPU 1: Epoch 84/300 | Discriminator Loss: -27.156193 | Generator Loss: -10.106321
[2024-02-08 20:48:49] GPU 0: Epoch 84/300 | Discriminator Loss: -28.894066 | Generator Loss: -9.656069
[2024-02-08 21:02:57] GPU 1: Epoch 85/300 | Discriminator Loss: -37.498543 | Generator Loss: -19.449734
[2024-02-08 21:02:57] GPU 0: Epoch 85/300 | Discriminator Loss: -38.303432 | Generator Loss: -19.236933
[2024-02-08 21:17:04] GPU 1: Epoch 86/300 | Discriminator Loss: -31.046509 | Generator Loss: -16.723026
[2024-02-08 21:17:04] GPU 0: Epoch 86/300 | Discriminator Loss: -32.812622 | Generator Loss: -6.313017
[2024-02-08 21:31:10] GPU 1: Epoch 87/300 | Discriminator Loss: -31.744951 | Generator Loss: -3.321076
[2024-02-08 21:31:11] Saved checkpoint ml_mb_streak_87_FzbjR.pth.tar with streak [5, 5]
[2024-02-08 21:31:11] GPU 0: Epoch 87/300 | Discriminator Loss: -28.873060 | Generator Loss: -8.231749
[2024-02-08 21:45:20] GPU 1: Epoch 88/300 | Discriminator Loss: -30.837139 | Generator Loss: -3.027947
[2024-02-08 21:45:20] GPU 0: Epoch 88/300 | Discriminator Loss: -33.116764 | Generator Loss: -7.077971
[2024-02-08 21:59:27] GPU 1: Epoch 89/300 | Discriminator Loss: -25.885519 | Generator Loss: -5.694157
[2024-02-08 21:59:27] GPU 0: Epoch 89/300 | Discriminator Loss: -34.946968 | Generator Loss: -6.327562
[2024-02-08 22:13:32] GPU 1: Epoch 90/300 | Discriminator Loss: -31.679258 | Generator Loss: -11.846205
[2024-02-08 22:13:33] Saved latest checkpoint ml_mb_latest.pth.tar
[2024-02-08 22:13:33] Saved Epoch 90/300 | Discriminator Loss: -39.906200 | Generator Loss: -11.901240
[2024-02-08 22:27:41] GPU 0: Epoch 91/300 | Discriminator Loss: -30.254524 | Generator Loss: -7.238346
[2024-02-08 22:27:41] GPU 1: Epoch 91/300 | Discriminator Loss: -28.519260 | Generator Loss: -5.533828
[2024-02-08 22:41:49] GPU 1: Epoch 92/300 | Discriminator Loss: -27.563797 | Generator Loss: -12.027731
[2024-02-08 22:41:49] Saved checkpoint ml_mb_streak_92_QO2rl.pth.tar with streak [5, 5]
[2024-02-08 22:41:49] GPU 0: Epoch 92/300 | Discriminator Loss: -37.452793 | Generator Loss: -7.131698
[2024-02-08 22:55:57] GPU 1: Epoch 93/300 | Discriminator Loss: -32.809528 | Generator Loss: -11.293089
[2024-02-08 22:55:57] GPU 0: Epoch 93/300 | Discriminator Loss: -32.838589 | Generator Loss: -8.255184
[2024-02-08 23:10:05] GPU 1: Epoch 94/300 | Discriminator Loss: -21.760284 | Generator Loss: -11.529517
[2024-02-08 23:10:05] GPU 0: Epoch 94/300 | Discriminator Loss: -29.367565 | Generator Loss: -5.220962
[2024-02-08 23:24:13] GPU 1: Epoch 95/300 | Discriminator Loss: -27.684406 | Generator Loss: -2.392603
[2024-02-08 23:24:13] GPU 0: Epoch 95/300 | Discriminator Loss: -34.272442 | Generator Loss: -2.468122
[2024-02-08 23:38:18] GPU 1: Epoch 96/300 | Discriminator Loss: -32.533054 | Generator Loss: -16.663900
[2024-02-08 23:38:18] GPU 0: Epoch 96/300 | Discriminator Loss: -34.231552 | Generator Loss: -18.261757
[2024-02-08 23:52:25] GPU 1: Epoch 97/300 | Discriminator Loss: -29.581861 | Generator Loss: -12.509384
[2024-02-08 23:52:25] GPU 0: Epoch 97/300 | Discriminator Loss: -32.688210 | Generator Loss: -17.176632
[2024-02-09 00:06:31] GPU 0: Epoch 98/300 | Discriminator Loss: -28.389982 | Generator Loss: -13.387609
[2024-02-09 00:06:31] GPU 1: Epoch 98/300 | Discriminator Loss: -30.926718 | Generator Loss: -11.626934
[2024-02-09 00:20:39] GPU 1: Epoch 99/300 | Discriminator Loss: -28.045525 | Generator Loss: -7.940353
[2024-02-09 00:20:39] GPU 0: Epoch 99/300 | Discriminator Loss: -34.123100 | Generator Loss: -2.418609
[2024-02-09 00:34:46] GPU 0: Epoch 100/300 | Discriminator Loss: -28.902424 | Generator Loss: -8.799101
[2024-02-09 00:34:46] GPU 1: Epoch 100/300 | Discriminator Loss: -30.613962 | Generator Loss: -7.584177
[2024-02-09 00:48:51] GPU 0: Epoch 101/300 | Discriminator Loss: -38.264511 | Generator Loss: -4.422731
[2024-02-09 00:48:51] GPU 1: Epoch 101/300 | Discriminator Loss: -29.633366 | Generator Loss: -8.059500
[2024-02-09 01:02:56] GPU 0: Epoch 102/300 | Discriminator Loss: -31.865070 | Generator Loss: -5.744829
[2024-02-09 01:02:56] GPU 1: Epoch 102/300 | Discriminator Loss: -30.442272 | Generator Loss: -2.740738
[2024-02-09 01:17:03] GPU 1: Epoch 103/300 | Discriminator Loss: -32.268642 | Generator Loss: -8.473679
[2024-02-09 01:17:03] GPU 0: Epoch 103/300 | Discriminator Loss: -27.895466 | Generator Loss: -15.236578
[2024-02-09 01:31:11] GPU 0: Epoch 104/300 | Discriminator Loss: -34.462204 | Generator Loss: -5.685934
[2024-02-09 01:31:11] GPU 1: Epoch 104/300 | Discriminator Loss: -23.329729 | Generator Loss: -7.929279
[2024-02-09 01:45:18] GPU 0: Epoch 105/300 | Discriminator Loss: -36.379341 | Generator Loss: 1.682182
[2024-02-09 01:45:18] GPU 1: Epoch 105/300 | Discriminator Loss: -27.885283 | Generator Loss: 4.638122
[2024-02-09 01:59:27] GPU 1: Epoch 106/300 | Discriminator Loss: -32.168781 | Generator Loss: -8.060963
[2024-02-09 01:59:27] GPU 0: Epoch 106/300 | Discriminator Loss: -31.168604 | Generator Loss: -9.733880
[2024-02-09 02:13:36] GPU 0: Epoch 107/300 | Discriminator Loss: -34.197624 | Generator Loss: -8.485172
[2024-02-09 02:13:36] GPU 1: Epoch 107/300 | Discriminator Loss: -25.696257 | Generator Loss: -3.748487
[2024-02-09 02:27:43] GPU 0: Epoch 108/300 | Discriminator Loss: -28.756744 | Generator Loss: -8.340861
[2024-02-09 02:27:43] GPU 1: Epoch 108/300 | Discriminator Loss: -24.699503 | Generator Loss: -7.099627
[2024-02-09 02:41:50] GPU 1: Epoch 109/300 | Discriminator Loss: -27.608728 | Generator Loss: -6.740475
[2024-02-09 02:41:50] GPU 0: Epoch 109/300 | Discriminator Loss: -33.151154 | Generator Loss: -8.067982
[2024-02-09 02:55:56] GPU 1: Epoch 110/300 | Discriminator Loss: -30.339460 | Generator Loss: -7.918166
[2024-02-09 02:55:57] Saved latest checkpoint ml_mb_latest.pth.tar
[2024-02-09 02:55:57] Saved Epoch 110/300 | Discriminator Loss: -28.039043 | Generator Loss: -5.473278
[2024-02-09 03:10:03] GPU 1: Epoch 111/300 | Discriminator Loss: -31.567055 | Generator Loss: -8.493420
[2024-02-09 03:10:04] Saved checkpoint ml_mb_streak_111_SPP99.pth.tar with streak [5, 5]
[2024-02-09 03:10:04] GPU 0: Epoch 111/300 | Discriminator Loss: -33.396011 | Generator Loss: -7.887943
[2024-02-09 03:24:12] GPU 0: Epoch 112/300 | Discriminator Loss: -33.600212 | Generator Loss: -15.193867
[2024-02-09 03:24:12] GPU 1: Epoch 112/300 | Discriminator Loss: -33.038315 | Generator Loss: -11.334547
[2024-02-09 03:38:16] GPU 0: Epoch 113/300 | Discriminator Loss: -33.166035 | Generator Loss: -7.483110
[2024-02-09 03:38:16] GPU 1: Epoch 113/300 | Discriminator Loss: -30.991447 | Generator Loss: -10.008983
[2024-02-09 03:52:24] GPU 0: Epoch 114/300 | Discriminator Loss: -33.654564 | Generator Loss: -6.471129
[2024-02-09 03:52:24] GPU 1: Epoch 114/300 | Discriminator Loss: -30.889078 | Generator Loss: -10.387487
[2024-02-09 04:06:30] GPU 0: Epoch 115/300 | Discriminator Loss: -26.944014 | Generator Loss: -12.294912
[2024-02-09 04:06:30] GPU 1: Epoch 115/300 | Discriminator Loss: -23.794937 | Generator Loss: -6.922884
[2024-02-09 04:20:34] GPU 0: Epoch 116/300 | Discriminator Loss: -40.205093 | Generator Loss: -5.763640
[2024-02-09 04:20:34] GPU 1: Epoch 116/300 | Discriminator Loss: -30.613108 | Generator Loss: -13.786129
[2024-02-09 04:34:42] GPU 0: Epoch 117/300 | Discriminator Loss: -35.635834 | Generator Loss: -12.060448
[2024-02-09 04:34:42] GPU 1: Epoch 117/300 | Discriminator Loss: -32.064430 | Generator Loss: -11.278308
[2024-02-09 04:48:47] GPU 1: Epoch 118/300 | Discriminator Loss: -34.760128 | Generator Loss: -7.640929
[2024-02-09 04:48:47] GPU 0: Epoch 118/300 | Discriminator Loss: -34.464840 | Generator Loss: -9.786657
[2024-02-09 05:02:50] GPU 0: Epoch 119/300 | Discriminator Loss: -37.014893 | Generator Loss: -6.565869
[2024-02-09 05:02:50] GPU 1: Epoch 119/300 | Discriminator Loss: -29.874113 | Generator Loss: -7.151983
[2024-02-09 05:16:58] GPU 1: Epoch 120/300 | Discriminator Loss: -27.951342 | Generator Loss: -3.961051
[2024-02-09 05:16:59] Saved latest checkpoint ml_mb_latest.pth.tar
[2024-02-09 05:16:59] Saved Epoch 120/300 | Discriminator Loss: -34.132126 | Generator Loss: -8.005343
[2024-02-09 05:31:08] GPU 0: Epoch 121/300 | Discriminator Loss: -31.317144 | Generator Loss: -6.403121
[2024-02-09 05:31:08] GPU 1: Epoch 121/300 | Discriminator Loss: -32.262665 | Generator Loss: -5.247957
[2024-02-09 05:45:15] GPU 1: Epoch 122/300 | Discriminator Loss: -33.945042 | Generator Loss: -2.608047
[2024-02-09 05:45:16] Saved checkpoint ml_mb_streak_122_pG1Ls.pth.tar with streak [5, 5]
[2024-02-09 05:45:16] GPU 0: Epoch 122/300 | Discriminator Loss: -30.840078 | Generator Loss: -2.386710
[2024-02-09 05:59:21] GPU 1: Epoch 123/300 | Discriminator Loss: -25.016901 | Generator Loss: -11.601334
[2024-02-09 05:59:21] GPU 0: Epoch 123/300 | Discriminator Loss: -30.877426 | Generator Loss: -15.110970
[2024-02-09 06:13:27] GPU 0: Epoch 124/300 | Discriminator Loss: -34.128643 | Generator Loss: -4.604147
[2024-02-09 06:13:27] GPU 1: Epoch 124/300 | Discriminator Loss: -28.505648 | Generator Loss: -6.444865
[2024-02-09 06:27:37] GPU 1: Epoch 125/300 | Discriminator Loss: -28.384649 | Generator Loss: -6.943615
[2024-02-09 06:27:37] GPU 0: Epoch 125/300 | Discriminator Loss: -34.409466 | Generator Loss: -5.735071
[2024-02-09 06:41:46] GPU 1: Epoch 126/300 | Discriminator Loss: -26.405533 | Generator Loss: -8.989154
[2024-02-09 06:41:46] GPU 0: Epoch 126/300 | Discriminator Loss: -32.592724 | Generator Loss: -9.974607
[2024-02-09 06:55:51] GPU 1: Epoch 127/300 | Discriminator Loss: -29.833332 | Generator Loss: -3.521611
[2024-02-09 06:55:51] GPU 0: Epoch 127/300 | Discriminator Loss: -32.204773 | Generator Loss: -12.405711
[2024-02-09 07:10:01] GPU 0: Epoch 128/300 | Discriminator Loss: -34.467293 | Generator Loss: -4.777406
[2024-02-09 07:10:01] GPU 1: Epoch 128/300 | Discriminator Loss: -31.673283 | Generator Loss: -5.952848
[2024-02-09 07:24:05] GPU 1: Epoch 129/300 | Discriminator Loss: -32.268814 | Generator Loss: -8.202029
[2024-02-09 07:24:05] Saved checkpoint ml_mb_streak_129_Q2qNW.pth.tar with streak [5, 5]
[2024-02-09 07:24:05] GPU 0: Epoch 129/300 | Discriminator Loss: -35.238705 | Generator Loss: -8.011203
[2024-02-09 07:38:13] GPU 1: Epoch 130/300 | Discriminator Loss: -30.893559 | Generator Loss: -9.202807
[2024-02-09 07:38:14] Saved latest checkpoint ml_mb_latest.pth.tar
[2024-02-09 07:38:14] Saved Epoch 130/300 | Discriminator Loss: -31.179249 | Generator Loss: -7.422582
[2024-02-09 07:52:24] GPU 1: Epoch 131/300 | Discriminator Loss: -32.986969 | Generator Loss: -4.056334
[2024-02-09 07:52:24] GPU 0: Epoch 131/300 | Discriminator Loss: -28.917994 | Generator Loss: -3.521287
[2024-02-09 08:06:34] GPU 1: Epoch 132/300 | Discriminator Loss: -26.511736 | Generator Loss: -2.753007
[2024-02-09 08:06:34] GPU 0: Epoch 132/300 | Discriminator Loss: -32.766804 | Generator Loss: -4.791554
[2024-02-09 08:20:37] GPU 1: Epoch 133/300 | Discriminator Loss: -26.426006 | Generator Loss: -5.111185
[2024-02-09 08:20:37] GPU 0: Epoch 133/300 | Discriminator Loss: -28.796333 | Generator Loss: -8.200588
[2024-02-09 08:34:44] GPU 1: Epoch 134/300 | Discriminator Loss: -26.764727 | Generator Loss: -3.662728
[2024-02-09 08:34:45] Saved checkpoint ml_mb_streak_134_He1pv.pth.tar with streak [5, 5]
[2024-02-09 08:34:45] GPU 0: Epoch 134/300 | Discriminator Loss: -27.382919 | Generator Loss: 2.323672
[2024-02-09 08:48:50] GPU 1: Epoch 135/300 | Discriminator Loss: -29.916615 | Generator Loss: -9.328865
[2024-02-09 08:48:50] GPU 0: Epoch 135/300 | Discriminator Loss: -38.117393 | Generator Loss: -4.594644
[2024-02-09 09:02:57] GPU 1: Epoch 136/300 | Discriminator Loss: -30.568264 | Generator Loss: -6.770012
[2024-02-09 09:02:57] GPU 0: Epoch 136/300 | Discriminator Loss: -29.148172 | Generator Loss: -7.941047
[2024-02-09 09:17:06] GPU 0: Epoch 137/300 | Discriminator Loss: -30.933859 | Generator Loss: -11.865156
[2024-02-09 09:17:06] GPU 1: Epoch 137/300 | Discriminator Loss: -23.188854 | Generator Loss: -8.896101
[2024-02-09 09:31:11] GPU 0: Epoch 138/300 | Discriminator Loss: -33.930458 | Generator Loss: -6.359725
[2024-02-09 09:31:11] GPU 1: Epoch 138/300 | Discriminator Loss: -29.828829 | Generator Loss: -7.170246
[2024-02-09 09:45:17] GPU 1: Epoch 139/300 | Discriminator Loss: -27.588482 | Generator Loss: -5.426420
[2024-02-09 09:45:17] GPU 0: Epoch 139/300 | Discriminator Loss: -37.409336 | Generator Loss: -3.728164
[2024-02-09 09:59:26] GPU 1: Epoch 140/300 | Discriminator Loss: -32.805138 | Generator Loss: -1.625045
[2024-02-09 09:59:27] Saved latest checkpoint ml_mb_latest.pth.tar
[2024-02-09 09:59:27] Saved Epoch 140/300 | Discriminator Loss: -34.495136 | Generator Loss: -8.075461
[2024-02-09 10:13:35] GPU 1: Epoch 141/300 | Discriminator Loss: -32.446877 | Generator Loss: -7.794409
[2024-02-09 10:13:35] Saved checkpoint ml_mb_streak_141_xuPEb.pth.tar with streak [5, 5]
[2024-02-09 10:13:36] GPU 0: Epoch 141/300 | Discriminator Loss: -42.871918 | Generator Loss: -7.774383
[2024-02-09 10:27:43] GPU 1: Epoch 142/300 | Discriminator Loss: -34.473209 | Generator Loss: -9.933657
[2024-02-09 10:27:43] GPU 0: Epoch 142/300 | Discriminator Loss: -27.508505 | Generator Loss: -14.098223
[2024-02-09 10:41:55] GPU 0: Epoch 143/300 | Discriminator Loss: -34.441582 | Generator Loss: -5.160940
[2024-02-09 10:41:55] GPU 1: Epoch 143/300 | Discriminator Loss: -28.487656 | Generator Loss: -1.067994
[2024-02-09 10:56:05] GPU 0: Epoch 144/300 | Discriminator Loss: -35.312328 | Generator Loss: -10.626013
[2024-02-09 10:56:05] GPU 1: Epoch 144/300 | Discriminator Loss: -29.750267 | Generator Loss: -8.068745
[2024-02-09 11:10:13] GPU 1: Epoch 145/300 | Discriminator Loss: -26.372217 | Generator Loss: -7.709735
[2024-02-09 11:10:13] GPU 0: Epoch 145/300 | Discriminator Loss: -30.640484 | Generator Loss: -10.494251
[2024-02-09 11:24:21] GPU 0: Epoch 146/300 | Discriminator Loss: -28.649254 | Generator Loss: -5.995550
[2024-02-09 11:24:21] GPU 1: Epoch 146/300 | Discriminator Loss: -33.000648 | Generator Loss: -4.617220
[2024-02-09 11:38:32] GPU 1: Epoch 147/300 | Discriminator Loss: -30.534214 | Generator Loss: -8.853857
[2024-02-09 11:38:32] GPU 0: Epoch 147/300 | Discriminator Loss: -26.050453 | Generator Loss: -6.271424
[2024-02-09 11:52:38] GPU 1: Epoch 148/300 | Discriminator Loss: -32.370087 | Generator Loss: -3.353544
[2024-02-09 11:52:39] Saved checkpoint ml_mb_streak_148_RpKY3.pth.tar with streak [5, 5]
[2024-02-09 11:52:39] GPU 0: Epoch 148/300 | Discriminator Loss: -30.733940 | Generator Loss: -8.005142
[2024-02-09 12:06:49] GPU 0: Epoch 149/300 | Discriminator Loss: -29.705202 | Generator Loss: -8.561088
[2024-02-09 12:06:49] GPU 1: Epoch 149/300 | Discriminator Loss: -19.490576 | Generator Loss: -5.792258
[2024-02-09 12:20:56] GPU 1: Epoch 150/300 | Discriminator Loss: -22.587692 | Generator Loss: -3.618745
[2024-02-09 12:20:57] Saved latest checkpoint ml_mb_latest.pth.tar
[2024-02-09 12:20:57] Saved Epoch 150/300 | Discriminator Loss: -27.175013 | Generator Loss: -4.893407
[2024-02-09 12:35:03] GPU 0: Epoch 151/300 | Discriminator Loss: -42.574127 | Generator Loss: -2.471370
[2024-02-09 12:35:03] GPU 1: Epoch 151/300 | Discriminator Loss: -28.995361 | Generator Loss: -7.841774
[2024-02-09 12:49:11] GPU 1: Epoch 152/300 | Discriminator Loss: -24.486946 | Generator Loss: -9.957910
[2024-02-09 12:49:11] GPU 0: Epoch 152/300 | Discriminator Loss: -36.868584 | Generator Loss: -10.148414
[2024-02-09 13:03:19] GPU 1: Epoch 153/300 | Discriminator Loss: -26.374920 | Generator Loss: 1.728255
[2024-02-09 13:03:19] GPU 0: Epoch 153/300 | Discriminator Loss: -34.121101 | Generator Loss: -5.448423
[2024-02-09 13:17:26] GPU 1: Epoch 154/300 | Discriminator Loss: -28.404005 | Generator Loss: -5.908666
[2024-02-09 13:17:26] GPU 0: Epoch 154/300 | Discriminator Loss: -32.478909 | Generator Loss: -2.425678
[2024-02-09 13:31:34] GPU 0: Epoch 155/300 | Discriminator Loss: -28.580549 | Generator Loss: -14.147095
[2024-02-09 13:31:34] GPU 1: Epoch 155/300 | Discriminator Loss: -22.026907 | Generator Loss: -7.261503
[2024-02-09 13:45:39] GPU 0: Epoch 156/300 | Discriminator Loss: -35.330147 | Generator Loss: -13.236681
[2024-02-09 13:45:39] GPU 1: Epoch 156/300 | Discriminator Loss: -32.354767 | Generator Loss: -13.245811
[2024-02-09 13:59:47] GPU 0: Epoch 157/300 | Discriminator Loss: -28.266199 | Generator Loss: -5.495821
[2024-02-09 13:59:47] GPU 1: Epoch 157/300 | Discriminator Loss: -17.503109 | Generator Loss: -5.717679
[2024-02-09 14:13:55] GPU 1: Epoch 158/300 | Discriminator Loss: -32.171001 | Generator Loss: -10.047392
[2024-02-09 14:13:55] GPU 0: Epoch 158/300 | Discriminator Loss: -42.561295 | Generator Loss: -12.220046
[2024-02-09 14:28:01] GPU 0: Epoch 159/300 | Discriminator Loss: -35.024826 | Generator Loss: -3.284978
[2024-02-09 14:28:01] GPU 1: Epoch 159/300 | Discriminator Loss: -23.652620 | Generator Loss: -3.255652
[2024-02-09 14:42:01] GPU 1: Epoch 160/300 | Discriminator Loss: -30.686543 | Generator Loss: -11.404498
[2024-02-09 14:42:02] Saved checkpoint ml_mb_streak_160_mjC1o.pth.tar with streak [5, 5]
[2024-02-09 14:42:03] Saved latest checkpoint ml_mb_latest.pth.tar
[2024-02-09 14:42:03] Saved Epoch 160/300 | Discriminator Loss: -29.846355 | Generator Loss: -5.020014
[2024-02-09 14:56:11] GPU 0: Epoch 161/300 | Discriminator Loss: -39.610149 | Generator Loss: -14.091085
[2024-02-09 14:56:11] GPU 1: Epoch 161/300 | Discriminator Loss: -30.118891 | Generator Loss: -13.920539
[2024-02-09 15:10:19] GPU 0: Epoch 162/300 | Discriminator Loss: -41.302052 | Generator Loss: -4.337879
[2024-02-09 15:10:19] GPU 1: Epoch 162/300 | Discriminator Loss: -27.467136 | Generator Loss: -3.944994
[2024-02-09 15:24:26] GPU 1: Epoch 163/300 | Discriminator Loss: -25.783741 | Generator Loss: -5.137343
[2024-02-09 15:24:26] GPU 0: Epoch 163/300 | Discriminator Loss: -33.579216 | Generator Loss: -4.308867
[2024-02-09 15:38:32] GPU 1: Epoch 164/300 | Discriminator Loss: -31.146049 | Generator Loss: -6.372835
[2024-02-09 15:38:32] GPU 0: Epoch 164/300 | Discriminator Loss: -35.546982 | Generator Loss: -8.205519
[2024-02-09 15:52:38] GPU 0: Epoch 165/300 | Discriminator Loss: -37.946152 | Generator Loss: -6.736670
[2024-02-09 15:52:38] GPU 1: Epoch 165/300 | Discriminator Loss: -31.445581 | Generator Loss: -9.840148
[2024-02-09 16:06:45] GPU 0: Epoch 166/300 | Discriminator Loss: -46.184242 | Generator Loss: -12.662968
[2024-02-09 16:06:45] GPU 1: Epoch 166/300 | Discriminator Loss: -28.259125 | Generator Loss: -7.042607
[2024-02-09 16:20:49] GPU 1: Epoch 167/300 | Discriminator Loss: -23.688614 | Generator Loss: -10.593517
[2024-02-09 16:20:50] Saved checkpoint ml_mb_streak_167_3C65g.pth.tar with streak [5, 5]
[2024-02-09 16:20:50] GPU 0: Epoch 167/300 | Discriminator Loss: -33.310810 | Generator Loss: -8.076865
[2024-02-09 16:34:54] GPU 1: Epoch 168/300 | Discriminator Loss: -27.092884 | Generator Loss: -5.630012
[2024-02-09 16:34:54] GPU 0: Epoch 168/300 | Discriminator Loss: -39.115143 | Generator Loss: -6.319056
[2024-02-09 16:49:01] GPU 0: Epoch 169/300 | Discriminator Loss: -41.010155 | Generator Loss: -8.004910
[2024-02-09 16:49:01] GPU 1: Epoch 169/300 | Discriminator Loss: -26.314260 | Generator Loss: -1.289779
[2024-02-09 17:03:07] GPU 1: Epoch 170/300 | Discriminator Loss: -25.260054 | Generator Loss: -5.982494
[2024-02-09 17:03:07] Saved latest checkpoint ml_mb_latest.pth.tar
[2024-02-09 17:03:08] Saved Epoch 170/300 | Discriminator Loss: -33.604424 | Generator Loss: -2.837224
[2024-02-09 17:17:12] GPU 1: Epoch 171/300 | Discriminator Loss: -23.703362 | Generator Loss: -0.740224
[2024-02-09 17:17:12] GPU 0: Epoch 171/300 | Discriminator Loss: -33.384830 | Generator Loss: 1.508717
[2024-02-09 17:31:17] GPU 1: Epoch 172/300 | Discriminator Loss: -33.276348 | Generator Loss: -6.094006
[2024-02-09 17:31:18] Saved checkpoint ml_mb_streak_172_UfYyQ.pth.tar with streak [5, 5]
[2024-02-09 17:31:18] GPU 0: Epoch 172/300 | Discriminator Loss: -37.604038 | Generator Loss: -7.043500
[2024-02-09 17:45:27] GPU 1: Epoch 173/300 | Discriminator Loss: -26.087021 | Generator Loss: -10.076221
[2024-02-09 17:45:27] GPU 0: Epoch 173/300 | Discriminator Loss: -36.887978 | Generator Loss: -9.604762
[2024-02-09 17:59:31] GPU 1: Epoch 174/300 | Discriminator Loss: -27.050728 | Generator Loss: -10.840385
[2024-02-09 17:59:31] GPU 0: Epoch 174/300 | Discriminator Loss: -36.226677 | Generator Loss: -8.934619
[2024-02-09 18:13:40] GPU 1: Epoch 175/300 | Discriminator Loss: -25.190899 | Generator Loss: -12.158247
[2024-02-09 18:13:40] GPU 0: Epoch 175/300 | Discriminator Loss: -38.938103 | Generator Loss: -11.572315
[2024-02-09 18:27:43] GPU 1: Epoch 176/300 | Discriminator Loss: -34.052345 | Generator Loss: -9.606361
[2024-02-09 18:27:43] GPU 0: Epoch 176/300 | Discriminator Loss: -35.196106 | Generator Loss: -5.335413
[2024-02-09 18:41:46] GPU 1: Epoch 177/300 | Discriminator Loss: -30.118553 | Generator Loss: -8.711268
[2024-02-09 18:41:47] Saved checkpoint ml_mb_streak_177_8YrYJ.pth.tar with streak [5, 5]
[2024-02-09 18:41:47] GPU 0: Epoch 177/300 | Discriminator Loss: -26.961647 | Generator Loss: -4.869699
[2024-02-09 18:55:52] GPU 0: Epoch 178/300 | Discriminator Loss: -40.245693 | Generator Loss: -8.876942
[2024-02-09 18:55:52] GPU 1: Epoch 178/300 | Discriminator Loss: -21.948475 | Generator Loss: -7.148938
[2024-02-09 19:09:59] GPU 0: Epoch 179/300 | Discriminator Loss: -30.297468 | Generator Loss: -5.848022
[2024-02-09 19:09:59] GPU 1: Epoch 179/300 | Discriminator Loss: -31.865381 | Generator Loss: -7.097684
[2024-02-09 19:24:06] GPU 1: Epoch 180/300 | Discriminator Loss: -39.163589 | Generator Loss: -7.133359
[2024-02-09 19:24:07] Saved latest checkpoint ml_mb_latest.pth.tar
[2024-02-09 19:24:07] Saved Epoch 180/300 | Discriminator Loss: -34.846405 | Generator Loss: -5.850080
[2024-02-09 19:38:12] GPU 1: Epoch 181/300 | Discriminator Loss: -30.074053 | Generator Loss: -3.991714
[2024-02-09 19:38:12] GPU 0: Epoch 181/300 | Discriminator Loss: -31.615211 | Generator Loss: -8.130028
[2024-02-09 19:52:20] GPU 1: Epoch 182/300 | Discriminator Loss: -28.613407 | Generator Loss: -7.670872
[2024-02-09 19:52:21] Saved checkpoint ml_mb_streak_182_XfBHv.pth.tar with streak [5, 5]
[2024-02-09 19:52:21] GPU 0: Epoch 182/300 | Discriminator Loss: -30.171787 | Generator Loss: -4.473769
[2024-02-09 20:06:25] GPU 1: Epoch 183/300 | Discriminator Loss: -37.315472 | Generator Loss: -7.717229
[2024-02-09 20:06:25] GPU 0: Epoch 183/300 | Discriminator Loss: -35.526966 | Generator Loss: -7.655887
[2024-02-09 20:20:30] GPU 0: Epoch 184/300 | Discriminator Loss: -38.025291 | Generator Loss: 0.860598
[2024-02-09 20:20:30] GPU 1: Epoch 184/300 | Discriminator Loss: -34.112194 | Generator Loss: -7.593364
[2024-02-09 20:34:37] GPU 0: Epoch 185/300 | Discriminator Loss: -30.225491 | Generator Loss: -4.179327
[2024-02-09 20:34:37] GPU 1: Epoch 185/300 | Discriminator Loss: -28.905006 | Generator Loss: -7.983802
[2024-02-09 20:48:45] GPU 1: Epoch 186/300 | Discriminator Loss: -33.254566 | Generator Loss: -8.866690
[2024-02-09 20:48:45] GPU 0: Epoch 186/300 | Discriminator Loss: -38.052670 | Generator Loss: -7.479742
[2024-02-09 21:02:50] GPU 1: Epoch 187/300 | Discriminator Loss: -20.777342 | Generator Loss: -4.917372
[2024-02-09 21:02:50] GPU 0: Epoch 187/300 | Discriminator Loss: -37.354019 | Generator Loss: -4.330956
[2024-02-09 21:16:52] GPU 0: Epoch 188/300 | Discriminator Loss: -30.539764 | Generator Loss: -6.609254
[2024-02-09 21:16:52] GPU 1: Epoch 188/300 | Discriminator Loss: -22.462227 | Generator Loss: -2.970626
[2024-02-09 21:30:59] GPU 1: Epoch 189/300 | Discriminator Loss: -30.426369 | Generator Loss: -7.594862
[2024-02-09 21:30:59] GPU 0: Epoch 189/300 | Discriminator Loss: -36.724449 | Generator Loss: -9.993116
[2024-02-09 21:45:05] GPU 1: Epoch 190/300 | Discriminator Loss: -34.823143 | Generator Loss: -3.724298
[2024-02-09 21:45:06] Saved latest checkpoint ml_mb_latest.pth.tar
[2024-02-09 21:45:06] Saved Epoch 190/300 | Discriminator Loss: -23.699903 | Generator Loss: -13.189978
[2024-02-09 21:59:11] GPU 0: Epoch 191/300 | Discriminator Loss: -38.800827 | Generator Loss: -8.714859
[2024-02-09 21:59:11] GPU 1: Epoch 191/300 | Discriminator Loss: -31.483044 | Generator Loss: -7.309650
[2024-02-09 22:13:16] GPU 0: Epoch 192/300 | Discriminator Loss: -42.110653 | Generator Loss: -9.358583
[2024-02-09 22:13:16] GPU 1: Epoch 192/300 | Discriminator Loss: -31.488106 | Generator Loss: -9.842103
[2024-02-09 22:27:24] GPU 1: Epoch 193/300 | Discriminator Loss: -29.906235 | Generator Loss: -6.185375
[2024-02-09 22:27:24] GPU 0: Epoch 193/300 | Discriminator Loss: -24.927214 | Generator Loss: -5.244101
[2024-02-09 22:41:32] GPU 0: Epoch 194/300 | Discriminator Loss: -24.403864 | Generator Loss: -2.071913
[2024-02-09 22:41:32] GPU 1: Epoch 194/300 | Discriminator Loss: -34.553261 | Generator Loss: -5.637813
[2024-02-09 22:55:40] GPU 0: Epoch 195/300 | Discriminator Loss: -36.869480 | Generator Loss: -8.051408
[2024-02-09 22:55:40] GPU 1: Epoch 195/300 | Discriminator Loss: -19.953068 | Generator Loss: -6.037136
[2024-02-09 23:09:48] GPU 0: Epoch 196/300 | Discriminator Loss: -36.651131 | Generator Loss: -7.267412
[2024-02-09 23:09:48] GPU 1: Epoch 196/300 | Discriminator Loss: -25.382053 | Generator Loss: -7.381141
[2024-02-09 23:23:55] GPU 1: Epoch 197/300 | Discriminator Loss: -29.680428 | Generator Loss: -8.098221
[2024-02-09 23:23:55] GPU 0: Epoch 197/300 | Discriminator Loss: -40.252113 | Generator Loss: -6.409607
[2024-02-09 23:38:03] GPU 1: Epoch 198/300 | Discriminator Loss: -30.361221 | Generator Loss: -6.826568
[2024-02-09 23:38:04] Saved checkpoint ml_mb_streak_198_UBftQ.pth.tar with streak [5, 5]
[2024-02-09 23:38:04] GPU 0: Epoch 198/300 | Discriminator Loss: -45.277435 | Generator Loss: -9.686480
[2024-02-09 23:52:10] GPU 1: Epoch 199/300 | Discriminator Loss: -31.981045 | Generator Loss: -8.038939
[2024-02-09 23:52:10] GPU 0: Epoch 199/300 | Discriminator Loss: -50.600922 | Generator Loss: -12.173377
[2024-02-10 00:06:21] GPU 0: Epoch 200/300 | Discriminator Loss: -27.904188 | Generator Loss: -7.754630
[2024-02-10 00:06:21] GPU 1: Epoch 200/300 | Discriminator Loss: -26.927307 | Generator Loss: -3.609087
